Se creo registro para posicion: 0
( Sucursal  1,   1, Cliente  1, 28381.550326418364 )
Total: 1

Se creo indice para posicion: 0
Total: 1

Se creo registro para posicion: 1
( Sucursal  1,   2, Cliente  2, 15194.583221847837 )
Total: 2

Claves: Sucursal  1 vs Sucursal  1
Se creo registro para posicion: 2
( Sucursal  1,   3, Cliente  3, 10139.053873115461 )
Total: 3

Claves: Sucursal  1 vs Sucursal  1
Se creo registro para posicion: 3
( Sucursal  1,   4, Cliente  4, 6040.541104172893 )
Total: 4

Claves: Sucursal  1 vs Sucursal  1
Se creo registro para posicion: 4
( Sucursal  1,   5, Cliente  5, 4797.067989688789 )
Total: 5

Claves: Sucursal  1 vs Sucursal  1
Se creo registro para posicion: 5
( Sucursal  1,   6, Cliente  6, 9029.115774405307 )
Total: 6

Claves: Sucursal  1 vs Sucursal  1
Se creo registro para posicion: 6
( Sucursal  1,   7, Cliente  7, 5980.98140181849 )
Total: 7

Claves: Sucursal  1 vs Sucursal  1
Se creo registro para posicion: 7
( Sucursal  1,   8, Cliente  8, 27855.264135601275 )
Total: 8

Claves: Sucursal  1 vs Sucursal  1
Se creo registro para posicion: 8
( Sucursal  1,   9, Cliente  9, 13522.03727681768 )
Total: 9

Claves: Sucursal  1 vs Sucursal  1
Se creo registro para posicion: 9
( Sucursal  1,  10, Cliente 10, 103.8029585535718 )
Total: 10

Claves: Sucursal  1 vs Sucursal  1
Se crearon 10 clientes en la Sucursal  1
Vuelta: 0.02955942 segundos;	Tiempo: 0.029561721

Se creo registro para posicion: 10
( Sucursal  2,  11, Cliente  1, 18556.0158257007 )
Total: 11

Claves: Sucursal  1 vs Sucursal  2
Se creo indice para posicion: 1
Total: 2

Se creo registro para posicion: 11
( Sucursal  2,  12, Cliente  2, 9964.40376853043 )
Total: 12

Claves: Sucursal  2 vs Sucursal  2
Se creo registro para posicion: 12
( Sucursal  2,  13, Cliente  3, 4853.149189732192 )
Total: 13

Claves: Sucursal  2 vs Sucursal  2
Se creo registro para posicion: 13
( Sucursal  2,  14, Cliente  4, 26612.09074238797 )
Total: 14

Claves: Sucursal  2 vs Sucursal  2
Se creo registro para posicion: 14
( Sucursal  2,  15, Cliente  5, 22723.63727129388 )
Total: 15

Claves: Sucursal  2 vs Sucursal  2
Se creo registro para posicion: 15
( Sucursal  2,  16, Cliente  6, 17344.07939869496 )
Total: 16

Claves: Sucursal  2 vs Sucursal  2
Se creo registro para posicion: 16
( Sucursal  2,  17, Cliente  7, 1106.5016700396345 )
Total: 17

Claves: Sucursal  2 vs Sucursal  2
Se creo registro para posicion: 17
( Sucursal  2,  18, Cliente  8, 4051.6314106336777 )
Total: 18

Claves: Sucursal  2 vs Sucursal  2
Se creo registro para posicion: 18
( Sucursal  2,  19, Cliente  9, 563.3016582963425 )
Total: 19

Claves: Sucursal  2 vs Sucursal  2
Se creo registro para posicion: 19
( Sucursal  2,  20, Cliente 10, 6716.90467398404 )
Total: 20

Claves: Sucursal  2 vs Sucursal  2
Se crearon 10 clientes en la Sucursal  2
Vuelta: 0.015073668 segundos;	Tiempo: 0.04477959

Se creo registro para posicion: 20
( Sucursal  3,  21, Cliente  1, 117.20215808747513 )
Total: 21

Claves: Sucursal  2 vs Sucursal  3
Se creo indice para posicion: 2
Total: 3

Se creo registro para posicion: 21
( Sucursal  3,  22, Cliente  2, 8917.846174747097 )
Total: 22

Claves: Sucursal  3 vs Sucursal  3
Se creo registro para posicion: 22
( Sucursal  3,  23, Cliente  3, 5969.093084997927 )
Total: 23

Claves: Sucursal  3 vs Sucursal  3
Se creo registro para posicion: 23
( Sucursal  3,  24, Cliente  4, 26041.360432040063 )
Total: 24

Claves: Sucursal  3 vs Sucursal  3
Se creo registro para posicion: 24
( Sucursal  3,  25, Cliente  5, 9793.773819350448 )
Total: 25

Claves: Sucursal  3 vs Sucursal  3
Se creo registro para posicion: 25
( Sucursal  3,  26, Cliente  6, 16312.688680553407 )
Total: 26

Claves: Sucursal  3 vs Sucursal  3
Se creo registro para posicion: 26
( Sucursal  3,  27, Cliente  7, 25963.698202086034 )
Total: 27

Claves: Sucursal  3 vs Sucursal  3
Se creo registro para posicion: 27
( Sucursal  3,  28, Cliente  8, 21338.083805977047 )
Total: 28

Claves: Sucursal  3 vs Sucursal  3
Se creo registro para posicion: 28
( Sucursal  3,  29, Cliente  9, 7033.7954948022025 )
Total: 29

Claves: Sucursal  3 vs Sucursal  3
Se creo registro para posicion: 29
( Sucursal  3,  30, Cliente 10, 8916.435577930723 )
Total: 30

Claves: Sucursal  3 vs Sucursal  3
Se crearon 10 clientes en la Sucursal  3
Vuelta: 0.013844833 segundos;	Tiempo: 0.058716331

Se creo registro para posicion: 30
( Sucursal  4,  31, Cliente  1, 23932.774195381142 )
Total: 31

Claves: Sucursal  3 vs Sucursal  4
Se creo indice para posicion: 3
Total: 4

Se creo registro para posicion: 31
( Sucursal  4,  32, Cliente  2, 11862.937347445528 )
Total: 32

Claves: Sucursal  4 vs Sucursal  4
Se creo registro para posicion: 32
( Sucursal  4,  33, Cliente  3, 23717.695902865948 )
Total: 33

Claves: Sucursal  4 vs Sucursal  4
Se creo registro para posicion: 33
( Sucursal  4,  34, Cliente  4, 5328.697549998864 )
Total: 34

Claves: Sucursal  4 vs Sucursal  4
Se creo registro para posicion: 34
( Sucursal  4,  35, Cliente  5, 27333.506962337444 )
Total: 35

Claves: Sucursal  4 vs Sucursal  4
Se creo registro para posicion: 35
( Sucursal  4,  36, Cliente  6, 23793.498129932228 )
Total: 36

Claves: Sucursal  4 vs Sucursal  4
Se creo registro para posicion: 36
( Sucursal  4,  37, Cliente  7, 12285.684515322633 )
Total: 37

Claves: Sucursal  4 vs Sucursal  4
Se creo registro para posicion: 37
( Sucursal  4,  38, Cliente  8, 14951.762373995418 )
Total: 38

Claves: Sucursal  4 vs Sucursal  4
Se creo registro para posicion: 38
( Sucursal  4,  39, Cliente  9, 638.7419847676471 )
Total: 39

Claves: Sucursal  4 vs Sucursal  4
Se creo registro para posicion: 39
( Sucursal  4,  40, Cliente 10, 4118.459024403237 )
Total: 40

Claves: Sucursal  4 vs Sucursal  4
Se crearon 10 clientes en la Sucursal  4
Vuelta: 0.012474529 segundos;	Tiempo: 0.071286981

Se creo registro para posicion: 40
( Sucursal  5,  41, Cliente  1, 25616.496334591626 )
Total: 41

Claves: Sucursal  4 vs Sucursal  5
Se creo indice para posicion: 4
Total: 5

Se creo registro para posicion: 41
( Sucursal  5,  42, Cliente  2, 1720.473425760346 )
Total: 42

Claves: Sucursal  5 vs Sucursal  5
Se creo registro para posicion: 42
( Sucursal  5,  43, Cliente  3, 1750.225986303264 )
Total: 43

Claves: Sucursal  5 vs Sucursal  5
Se creo registro para posicion: 43
( Sucursal  5,  44, Cliente  4, 10148.908326632223 )
Total: 44

Claves: Sucursal  5 vs Sucursal  5
Se creo registro para posicion: 44
( Sucursal  5,  45, Cliente  5, 2394.572446126565 )
Total: 45

Claves: Sucursal  5 vs Sucursal  5
Se creo registro para posicion: 45
( Sucursal  5,  46, Cliente  6, 18785.93927772237 )
Total: 46

Claves: Sucursal  5 vs Sucursal  5
Se creo registro para posicion: 46
( Sucursal  5,  47, Cliente  7, 5995.942517924954 )
Total: 47

Claves: Sucursal  5 vs Sucursal  5
Se creo registro para posicion: 47
( Sucursal  5,  48, Cliente  8, 16901.2690691814 )
Total: 48

Claves: Sucursal  5 vs Sucursal  5
Se creo registro para posicion: 48
( Sucursal  5,  49, Cliente  9, 13473.397358804898 )
Total: 49

Claves: Sucursal  5 vs Sucursal  5
Se creo registro para posicion: 49
( Sucursal  5,  50, Cliente 10, 13220.367773556143 )
Total: 50

Claves: Sucursal  5 vs Sucursal  5
Se crearon 10 clientes en la Sucursal  5
Vuelta: 0.011988458 segundos;	Tiempo: 0.083352751

Se creo registro para posicion: 50
( Sucursal  6,  51, Cliente  1, 12101.888099478485 )
Total: 51

Claves: Sucursal  5 vs Sucursal  6
Se creo indice para posicion: 5
Total: 6

Se creo registro para posicion: 51
( Sucursal  6,  52, Cliente  2, 23500.293984958516 )
Total: 52

Claves: Sucursal  6 vs Sucursal  6
Se creo registro para posicion: 52
( Sucursal  6,  53, Cliente  3, 7492.900107570588 )
Total: 53

Claves: Sucursal  6 vs Sucursal  6
Se creo registro para posicion: 53
( Sucursal  6,  54, Cliente  4, 25180.158867339716 )
Total: 54

Claves: Sucursal  6 vs Sucursal  6
Se creo registro para posicion: 54
( Sucursal  6,  55, Cliente  5, 14505.537063792532 )
Total: 55

Claves: Sucursal  6 vs Sucursal  6
Se creo registro para posicion: 55
( Sucursal  6,  56, Cliente  6, 16521.63759197319 )
Total: 56

Claves: Sucursal  6 vs Sucursal  6
Se creo registro para posicion: 56
( Sucursal  6,  57, Cliente  7, 11530.787933354084 )
Total: 57

Claves: Sucursal  6 vs Sucursal  6
Se creo registro para posicion: 57
( Sucursal  6,  58, Cliente  8, 15051.531568362334 )
Total: 58

Claves: Sucursal  6 vs Sucursal  6
Se creo registro para posicion: 58
( Sucursal  6,  59, Cliente  9, 23134.64047523684 )
Total: 59

Claves: Sucursal  6 vs Sucursal  6
Se creo registro para posicion: 59
( Sucursal  6,  60, Cliente 10, 8722.306655045388 )
Total: 60

Claves: Sucursal  6 vs Sucursal  6
Se crearon 10 clientes en la Sucursal  6
Vuelta: 0.012260203 segundos;	Tiempo: 0.095691451

Se creo registro para posicion: 60
( Sucursal  7,  61, Cliente  1, 9413.268531898591 )
Total: 61

Claves: Sucursal  6 vs Sucursal  7
Se creo indice para posicion: 6
Total: 7

Se creo registro para posicion: 61
( Sucursal  7,  62, Cliente  2, 26021.528071952445 )
Total: 62

Claves: Sucursal  7 vs Sucursal  7
Se creo registro para posicion: 62
( Sucursal  7,  63, Cliente  3, 23660.54777386665 )
Total: 63

Claves: Sucursal  7 vs Sucursal  7
Se creo registro para posicion: 63
( Sucursal  7,  64, Cliente  4, 5237.344845246534 )
Total: 64

Claves: Sucursal  7 vs Sucursal  7
Se creo registro para posicion: 64
( Sucursal  7,  65, Cliente  5, 4313.6382866394715 )
Total: 65

Claves: Sucursal  7 vs Sucursal  7
Se creo registro para posicion: 65
( Sucursal  7,  66, Cliente  6, 27550.720747846215 )
Total: 66

Claves: Sucursal  7 vs Sucursal  7
Se creo registro para posicion: 66
( Sucursal  7,  67, Cliente  7, 3578.0591777672976 )
Total: 67

Claves: Sucursal  7 vs Sucursal  7
Se creo registro para posicion: 67
( Sucursal  7,  68, Cliente  8, 585.4149296498509 )
Total: 68

Claves: Sucursal  7 vs Sucursal  7
Se creo registro para posicion: 68
( Sucursal  7,  69, Cliente  9, 20226.246402424676 )
Total: 69

Claves: Sucursal  7 vs Sucursal  7
Se creo registro para posicion: 69
( Sucursal  7,  70, Cliente 10, 29281.660499096088 )
Total: 70

Claves: Sucursal  7 vs Sucursal  7
Se crearon 10 clientes en la Sucursal  7
Vuelta: 0.011121697 segundos;	Tiempo: 0.10692666

Se creo registro para posicion: 70
( Sucursal  8,  71, Cliente  1, 25246.015282737273 )
Total: 71

Claves: Sucursal  7 vs Sucursal  8
Se creo indice para posicion: 7
Total: 8

Se creo registro para posicion: 71
( Sucursal  8,  72, Cliente  2, 21905.34550123639 )
Total: 72

Claves: Sucursal  8 vs Sucursal  8
Se creo registro para posicion: 72
( Sucursal  8,  73, Cliente  3, 28778.97462446438 )
Total: 73

Claves: Sucursal  8 vs Sucursal  8
Se creo registro para posicion: 73
( Sucursal  8,  74, Cliente  4, 1300.5122024603652 )
Total: 74

Claves: Sucursal  8 vs Sucursal  8
Se creo registro para posicion: 74
( Sucursal  8,  75, Cliente  5, 15548.478965020127 )
Total: 75

Claves: Sucursal  8 vs Sucursal  8
Se creo registro para posicion: 75
( Sucursal  8,  76, Cliente  6, 16044.355189553722 )
Total: 76

Claves: Sucursal  8 vs Sucursal  8
Se creo registro para posicion: 76
( Sucursal  8,  77, Cliente  7, 16919.86698461416 )
Total: 77

Claves: Sucursal  8 vs Sucursal  8
Se creo registro para posicion: 77
( Sucursal  8,  78, Cliente  8, 1363.1755383092923 )
Total: 78

Claves: Sucursal  8 vs Sucursal  8
Se creo registro para posicion: 78
( Sucursal  8,  79, Cliente  9, 17936.801741051324 )
Total: 79

Claves: Sucursal  8 vs Sucursal  8
Se creo registro para posicion: 79
( Sucursal  8,  80, Cliente 10, 17156.395131231566 )
Total: 80

Claves: Sucursal  8 vs Sucursal  8
Se crearon 10 clientes en la Sucursal  8
Vuelta: 0.009744433 segundos;	Tiempo: 0.116754773

Se creo registro para posicion: 80
( Sucursal  9,  81, Cliente  1, 9370.206634230157 )
Total: 81

Claves: Sucursal  8 vs Sucursal  9
Se creo indice para posicion: 8
Total: 9

Se creo registro para posicion: 81
( Sucursal  9,  82, Cliente  2, 14927.554739340185 )
Total: 82

Claves: Sucursal  9 vs Sucursal  9
Se creo registro para posicion: 82
( Sucursal  9,  83, Cliente  3, 19905.748699845746 )
Total: 83

Claves: Sucursal  9 vs Sucursal  9
Se creo registro para posicion: 83
( Sucursal  9,  84, Cliente  4, 15695.446413558606 )
Total: 84

Claves: Sucursal  9 vs Sucursal  9
Se creo registro para posicion: 84
( Sucursal  9,  85, Cliente  5, 23401.260865655087 )
Total: 85

Claves: Sucursal  9 vs Sucursal  9
Se creo registro para posicion: 85
( Sucursal  9,  86, Cliente  6, 7473.7925947208605 )
Total: 86

Claves: Sucursal  9 vs Sucursal  9
Se creo registro para posicion: 86
( Sucursal  9,  87, Cliente  7, 17860.538051389467 )
Total: 87

Claves: Sucursal  9 vs Sucursal  9
Se creo registro para posicion: 87
( Sucursal  9,  88, Cliente  8, 16678.675461786483 )
Total: 88

Claves: Sucursal  9 vs Sucursal  9
Se creo registro para posicion: 88
( Sucursal  9,  89, Cliente  9, 4651.822475456937 )
Total: 89

Claves: Sucursal  9 vs Sucursal  9
Se creo registro para posicion: 89
( Sucursal  9,  90, Cliente 10, 12472.824667445975 )
Total: 90

Claves: Sucursal  9 vs Sucursal  9
Se crearon 10 clientes en la Sucursal  9
Vuelta: 0.010469654 segundos;	Tiempo: 0.127304161

Se creo registro para posicion: 90
( Sucursal 10,  91, Cliente  1, 831.3728288978656 )
Total: 91

Claves: Sucursal  9 vs Sucursal 10
Se creo indice para posicion: 9
Total: 10

Se creo registro para posicion: 91
( Sucursal 10,  92, Cliente  2, 7869.470881717989 )
Total: 92

Claves: Sucursal 10 vs Sucursal 10
Se creo registro para posicion: 92
( Sucursal 10,  93, Cliente  3, 10563.433851557347 )
Total: 93

Claves: Sucursal 10 vs Sucursal 10
Se creo registro para posicion: 93
( Sucursal 10,  94, Cliente  4, 4926.077185735331 )
Total: 94

Claves: Sucursal 10 vs Sucursal 10
Se creo registro para posicion: 94
( Sucursal 10,  95, Cliente  5, 1367.7428023564148 )
Total: 95

Claves: Sucursal 10 vs Sucursal 10
Se creo registro para posicion: 95
( Sucursal 10,  96, Cliente  6, 6951.80152994764 )
Total: 96

Claves: Sucursal 10 vs Sucursal 10
Se creo registro para posicion: 96
( Sucursal 10,  97, Cliente  7, 16744.532542485704 )
Total: 97

Claves: Sucursal 10 vs Sucursal 10
Se creo registro para posicion: 97
( Sucursal 10,  98, Cliente  8, 19049.20888165464 )
Total: 98

Claves: Sucursal 10 vs Sucursal 10
Se creo registro para posicion: 98
( Sucursal 10,  99, Cliente  9, 3750.761530209886 )
Total: 99

Claves: Sucursal 10 vs Sucursal 10
Se creo registro para posicion: 99
( Sucursal 10, 100, Cliente 10, 17494.78964287819 )
Total: 100

Claves: Sucursal 10 vs Sucursal 10
Se crearon 10 clientes en la Sucursal 10
Vuelta: 0.00872522 segundos;	Tiempo: 0.136102657

Se creo registro para posicion: 100
( Sucursal 11, 101, Cliente  1, 10249.737006702306 )
Total: 101

Claves: Sucursal 10 vs Sucursal 11
Se creo indice para posicion: 10
Total: 11

Posicion indice: 10
Se creo registro para posicion: 101
( Sucursal 11, 102, Cliente  2, 7561.226140928542 )
Total: 102

Claves: Sucursal  6 vs Sucursal 11
Se creo indice para posicion: 11
Total: 7

Posicion indice: 11
Se creo registro para posicion: 102
( Sucursal 11, 103, Cliente  3, 20732.315013024363 )
Total: 103

Claves: Sucursal 11 vs Sucursal 11
Posicion indice: 11
Posicion indice: 12
