Se crearon 100 clientes en la Sucursal  1
Vuelta: 0.225812476 segundos;	Tiempo: 0.22581428

Se crearon 100 clientes en la Sucursal  2
Vuelta: 0.574561083 segundos;	Tiempo: 0.803518481

Se crearon 100 clientes en la Sucursal  3
Vuelta: 0.803879536 segundos;	Tiempo: 1.607526109

Se crearon 100 clientes en la Sucursal  4
Vuelta: 1.045909091 segundos;	Tiempo: 2.65350619

Se crearon 100 clientes en la Sucursal  5
Vuelta: 1.34154424 segundos;	Tiempo: 3.99512171

Se crearon 100 clientes en la Sucursal  6
Vuelta: 1.29610068 segundos;	Tiempo: 5.291331181

Se crearon 100 clientes en la Sucursal  7
Vuelta: 1.460181882 segundos;	Tiempo: 6.751584142

Se crearon 100 clientes en la Sucursal  8
Vuelta: 1.606026859 segundos;	Tiempo: 8.357681769

Se crearon 100 clientes en la Sucursal  9
Vuelta: 1.756636766 segundos;	Tiempo: 10.114407478

Se crearon 100 clientes en la Sucursal 10
Vuelta: 1.811579163 segundos;	Tiempo: 11.926049529

Tiempo Total: 11.926049529 segundos

Numero de entradas: 1
( Sucursal  1,    0 )
Numero de registros: 1000
( Sucursal  1,    1, Cliente   1, 8413.291374947292 )
( Sucursal  1,    2, Cliente   2, 18820.950290188623 )
( Sucursal  1,    3, Cliente   3, 29625.339893123604 )
( Sucursal  1,    4, Cliente   4, 13308.687263479624 )
( Sucursal  1,    5, Cliente   5, 4677.895477880686 )
( Sucursal  1,    6, Cliente   6, 21416.305413720056 )
( Sucursal  1,    7, Cliente   7, 23338.703796208265 )
( Sucursal  1,    8, Cliente   8, 10903.277738075225 )
( Sucursal  1,    9, Cliente   9, 1586.3647645537617 )
( Sucursal  1,   10, Cliente  10, 27798.819196012897 )
( Sucursal  1,   11, Cliente  11, 25661.773793484565 )
( Sucursal  1,   12, Cliente  12, 8393.305564431375 )
( Sucursal  1,   13, Cliente  13, 14771.76616774569 )
( Sucursal  1,   14, Cliente  14, 5707.56180681375 )
( Sucursal  1,   15, Cliente  15, 13814.726584091022 )
( Sucursal  1,   16, Cliente  16, 26471.06165018584 )
( Sucursal  1,   17, Cliente  17, 4856.403477492181 )
( Sucursal  1,   18, Cliente  18, 27359.005642246695 )
( Sucursal  1,   19, Cliente  19, 10043.374418266065 )
( Sucursal  1,   20, Cliente  20, 13228.801526222367 )
( Sucursal  1,   21, Cliente  21, 8770.060675805347 )
( Sucursal  1,   22, Cliente  22, 19933.392429382733 )
( Sucursal  1,   23, Cliente  23, 25546.484330829553 )
( Sucursal  1,   24, Cliente  24, 16246.329905422608 )
( Sucursal  1,   25, Cliente  25, 16289.604549779004 )
( Sucursal  1,   26, Cliente  26, 22101.832430219183 )
( Sucursal  1,   27, Cliente  27, 26119.67997754038 )
( Sucursal  1,   28, Cliente  28, 12908.929502023226 )
( Sucursal  1,   29, Cliente  29, 12026.195034450266 )
( Sucursal  1,   30, Cliente  30, 25563.876992999867 )
( Sucursal  1,   31, Cliente  31, 3783.82884189076 )
( Sucursal  1,   32, Cliente  32, 17412.06187297217 )
( Sucursal  1,   33, Cliente  33, 8957.916696428674 )
( Sucursal  1,   34, Cliente  34, 9613.045861019851 )
( Sucursal  1,   35, Cliente  35, 28106.021488424973 )
( Sucursal  1,   36, Cliente  36, 9203.240254395369 )
( Sucursal  1,   37, Cliente  37, 20288.46759020171 )
( Sucursal  1,   38, Cliente  38, 8121.356160510124 )
( Sucursal  1,   39, Cliente  39, 12309.774995831505 )
( Sucursal  1,   40, Cliente  40, 27364.94764456651 )
( Sucursal  1,   41, Cliente  41, 4391.521706053113 )
( Sucursal  1,   42, Cliente  42, 1993.7946102969445 )
( Sucursal  1,   43, Cliente  43, 28731.340154405996 )
( Sucursal  1,   44, Cliente  44, 10086.355945563648 )
( Sucursal  1,   45, Cliente  45, 22378.634671193326 )
( Sucursal  1,   46, Cliente  46, 16388.15703976078 )
( Sucursal  1,   47, Cliente  47, 10123.963685787056 )
( Sucursal  1,   48, Cliente  48, 6673.836396268816 )
( Sucursal  1,   49, Cliente  49, 3282.593915516459 )
( Sucursal  1,   50, Cliente  50, 17484.535064910244 )
( Sucursal  1,   51, Cliente  51, 22991.023677139514 )
( Sucursal  1,   52, Cliente  52, 5625.461370271042 )
( Sucursal  1,   53, Cliente  53, 26646.39635005815 )
( Sucursal  1,   54, Cliente  54, 8481.33157636372 )
( Sucursal  1,   55, Cliente  55, 26362.179212497897 )
( Sucursal  1,   56, Cliente  56, 8847.46064947922 )
( Sucursal  1,   57, Cliente  57, 16032.316154401798 )
( Sucursal  1,   58, Cliente  58, 9128.681766383514 )
( Sucursal  1,   59, Cliente  59, 14692.178532218426 )
( Sucursal  1,   60, Cliente  60, 26118.169386222402 )
( Sucursal  1,   61, Cliente  61, 23573.02747997184 )
( Sucursal  1,   62, Cliente  62, 28638.912239417212 )
( Sucursal  1,   63, Cliente  63, 2405.619899362173 )
( Sucursal  1,   64, Cliente  64, 13280.67033296907 )
( Sucursal  1,   65, Cliente  65, 24599.880660435272 )
( Sucursal  1,   66, Cliente  66, 3902.9766185806193 )
( Sucursal  1,   67, Cliente  67, 1544.3111439792835 )
( Sucursal  1,   68, Cliente  68, 27040.872172942003 )
( Sucursal  1,   69, Cliente  69, 3776.1655806574468 )
( Sucursal  1,   70, Cliente  70, 20112.72480223213 )
( Sucursal  1,   71, Cliente  71, 12837.560563655119 )
( Sucursal  1,   72, Cliente  72, 2042.7615502479953 )
( Sucursal  1,   73, Cliente  73, 13593.352687293775 )
( Sucursal  1,   74, Cliente  74, 15602.293945112788 )
( Sucursal  1,   75, Cliente  75, 21228.316500360113 )
( Sucursal  1,   76, Cliente  76, 10656.03159573858 )
( Sucursal  1,   77, Cliente  77, 8639.905232596724 )
( Sucursal  1,   78, Cliente  78, 22266.757042569265 )
( Sucursal  1,   79, Cliente  79, 29548.99380723074 )
( Sucursal  1,   80, Cliente  80, 21330.435959063878 )
( Sucursal  1,   81, Cliente  81, 6713.220182074493 )
( Sucursal  1,   82, Cliente  82, 19856.157949999837 )
( Sucursal  1,   83, Cliente  83, 9544.658058948069 )
( Sucursal  1,   84, Cliente  84, 24186.422310593996 )
( Sucursal  1,   85, Cliente  85, 18865.904095725175 )
( Sucursal  1,   86, Cliente  86, 12425.224723870522 )
( Sucursal  1,   87, Cliente  87, 15402.392548053263 )
( Sucursal  1,   88, Cliente  88, 5783.664751275311 )
( Sucursal  1,   89, Cliente  89, 22234.014159934333 )
( Sucursal  1,   90, Cliente  90, 18023.987662101365 )
( Sucursal  1,   91, Cliente  91, 6632.337708004887 )
( Sucursal  1,   92, Cliente  92, 10846.081554999751 )
( Sucursal  1,   93, Cliente  93, 2026.5441958813924 )
( Sucursal  1,   94, Cliente  94, 6016.64147917965 )
( Sucursal  1,   95, Cliente  95, 5115.085879740618 )
( Sucursal  1,   96, Cliente  96, 18455.30361040767 )
( Sucursal  1,   97, Cliente  97, 18187.521593739555 )
( Sucursal  1,   98, Cliente  98, 14887.046139617516 )
( Sucursal  1,   99, Cliente  99, 28800.830945312544 )
( Sucursal  1,  100, Cliente 100, 5803.081711102582 )
( Sucursal  2,  101, Cliente   1, 29067.964065798944 )
( Sucursal  2,  102, Cliente   2, 19414.92705315359 )
( Sucursal  2,  103, Cliente   3, 17902.47931884925 )
( Sucursal  2,  104, Cliente   4, 11869.232412355605 )
( Sucursal  2,  105, Cliente   5, 24988.666757937364 )
( Sucursal  2,  106, Cliente   6, 11635.611911274178 )
( Sucursal  2,  107, Cliente   7, 7413.898736906506 )
( Sucursal  2,  108, Cliente   8, 10500.972680101622 )
( Sucursal  2,  109, Cliente   9, 18378.702933366283 )
( Sucursal  2,  110, Cliente  10, 15663.957627761338 )
( Sucursal  2,  111, Cliente  11, 12703.72244314712 )
( Sucursal  2,  112, Cliente  12, 17112.958249353913 )
( Sucursal  2,  113, Cliente  13, 12907.095988322757 )
( Sucursal  2,  114, Cliente  14, 3522.6394055348205 )
( Sucursal  2,  115, Cliente  15, 24335.73673804488 )
( Sucursal  2,  116, Cliente  16, 22463.71483257187 )
( Sucursal  2,  117, Cliente  17, 19041.862073431763 )
( Sucursal  2,  118, Cliente  18, 20548.300038706722 )
( Sucursal  2,  119, Cliente  19, 14585.74852007612 )
( Sucursal  2,  120, Cliente  20, 952.1642309760839 )
( Sucursal  2,  121, Cliente  21, 6081.8326630623 )
( Sucursal  2,  122, Cliente  22, 8930.945726038068 )
( Sucursal  2,  123, Cliente  23, 4503.4864823139405 )
( Sucursal  2,  124, Cliente  24, 17470.252024201498 )
( Sucursal  2,  125, Cliente  25, 8824.84389746361 )
( Sucursal  2,  126, Cliente  26, 5936.027593197653 )
( Sucursal  2,  127, Cliente  27, 10185.99380696427 )
( Sucursal  2,  128, Cliente  28, 13857.435736200709 )
( Sucursal  2,  129, Cliente  29, 5432.342044961582 )
( Sucursal  2,  130, Cliente  30, 14573.066687482384 )
( Sucursal  2,  131, Cliente  31, 7104.864542904872 )
( Sucursal  2,  132, Cliente  32, 17366.638089982356 )
( Sucursal  2,  133, Cliente  33, 13872.454515757674 )
( Sucursal  2,  134, Cliente  34, 11912.067093287258 )
( Sucursal  2,  135, Cliente  35, 24845.415998321696 )
( Sucursal  2,  136, Cliente  36, 3483.3521397257305 )
( Sucursal  2,  137, Cliente  37, 7908.870785346579 )
( Sucursal  2,  138, Cliente  38, 28024.138851741187 )
( Sucursal  2,  139, Cliente  39, 21769.824247004824 )
( Sucursal  2,  140, Cliente  40, 25451.57544019129 )
( Sucursal  2,  141, Cliente  41, 19017.339925906406 )
( Sucursal  2,  142, Cliente  42, 29876.46385934478 )
( Sucursal  2,  143, Cliente  43, 24143.020170111402 )
( Sucursal  2,  144, Cliente  44, 21142.271453811074 )
( Sucursal  2,  145, Cliente  45, 28292.296942339497 )
( Sucursal  2,  146, Cliente  46, 17654.843126794403 )
( Sucursal  2,  147, Cliente  47, 7596.926220028702 )
( Sucursal  2,  148, Cliente  48, 7554.170928458864 )
( Sucursal  2,  149, Cliente  49, 12214.246686089149 )
( Sucursal  2,  150, Cliente  50, 13473.92349173175 )
( Sucursal  2,  151, Cliente  51, 7632.619939071429 )
( Sucursal  2,  152, Cliente  52, 1459.0996960356674 )
( Sucursal  2,  153, Cliente  53, 7328.267566625055 )
( Sucursal  2,  154, Cliente  54, 5916.255752195028 )
( Sucursal  2,  155, Cliente  55, 23292.21696903345 )
( Sucursal  2,  156, Cliente  56, 14696.069620254611 )
( Sucursal  2,  157, Cliente  57, 5769.561855295761 )
( Sucursal  2,  158, Cliente  58, 2988.311150266757 )
( Sucursal  2,  159, Cliente  59, 12244.530379807471 )
( Sucursal  2,  160, Cliente  60, 7202.667300382281 )
( Sucursal  2,  161, Cliente  61, 5765.742108118158 )
( Sucursal  2,  162, Cliente  62, 21292.173199636192 )
( Sucursal  2,  163, Cliente  63, 5167.591559264513 )
( Sucursal  2,  164, Cliente  64, 12494.477201506146 )
( Sucursal  2,  165, Cliente  65, 4115.138876198674 )
( Sucursal  2,  166, Cliente  66, 27404.37355008259 )
( Sucursal  2,  167, Cliente  67, 19395.427769367947 )
( Sucursal  2,  168, Cliente  68, 14827.90816924239 )
( Sucursal  2,  169, Cliente  69, 14923.634513783862 )
( Sucursal  2,  170, Cliente  70, 10417.418271945622 )
( Sucursal  2,  171, Cliente  71, 13045.950954794489 )
( Sucursal  2,  172, Cliente  72, 6558.12608626045 )
( Sucursal  2,  173, Cliente  73, 14952.952375613395 )
( Sucursal  2,  174, Cliente  74, 23925.461111806497 )
( Sucursal  2,  175, Cliente  75, 6529.569360368071 )
( Sucursal  2,  176, Cliente  76, 28072.368362067868 )
( Sucursal  2,  177, Cliente  77, 7610.166700599846 )
( Sucursal  2,  178, Cliente  78, 28640.015538425498 )
( Sucursal  2,  179, Cliente  79, 7460.218270031674 )
( Sucursal  2,  180, Cliente  80, 14082.393958113336 )
( Sucursal  2,  181, Cliente  81, 28668.699474327208 )
( Sucursal  2,  182, Cliente  82, 22211.205439709945 )
( Sucursal  2,  183, Cliente  83, 2581.9124851348124 )
( Sucursal  2,  184, Cliente  84, 28699.924646660405 )
( Sucursal  2,  185, Cliente  85, 23477.91758561589 )
( Sucursal  2,  186, Cliente  86, 18159.85252371471 )
( Sucursal  2,  187, Cliente  87, 23044.433191354932 )
( Sucursal  2,  188, Cliente  88, 7436.339829272618 )
( Sucursal  2,  189, Cliente  89, 17989.981001832424 )
( Sucursal  2,  190, Cliente  90, 10857.450729557637 )
( Sucursal  2,  191, Cliente  91, 14328.821068072091 )
( Sucursal  2,  192, Cliente  92, 28474.75884485609 )
( Sucursal  2,  193, Cliente  93, 670.8952831482211 )
( Sucursal  2,  194, Cliente  94, 15282.187832095029 )
( Sucursal  2,  195, Cliente  95, 25758.480572909826 )
( Sucursal  2,  196, Cliente  96, 22810.752762594384 )
( Sucursal  2,  197, Cliente  97, 17339.87909385976 )
( Sucursal  2,  198, Cliente  98, 17438.080690415416 )
( Sucursal  2,  199, Cliente  99, 26973.801744816938 )
( Sucursal  2,  200, Cliente 100, 15514.155500316709 )
( Sucursal  3,  201, Cliente   1, 29914.308853874147 )
( Sucursal  3,  202, Cliente   2, 21167.142451556007 )
( Sucursal  3,  203, Cliente   3, 4888.380708565183 )
( Sucursal  3,  204, Cliente   4, 6558.8883654153415 )
( Sucursal  3,  205, Cliente   5, 19905.28350427877 )
( Sucursal  3,  206, Cliente   6, 13984.932676065086 )
( Sucursal  3,  207, Cliente   7, 20685.456551501804 )
( Sucursal  3,  208, Cliente   8, 14252.271250730299 )
( Sucursal  3,  209, Cliente   9, 10338.666547534378 )
( Sucursal  3,  210, Cliente  10, 3856.0329689951245 )
( Sucursal  3,  211, Cliente  11, 21022.391714644273 )
( Sucursal  3,  212, Cliente  12, 25857.68753219001 )
( Sucursal  3,  213, Cliente  13, 6025.853034388831 )
( Sucursal  3,  214, Cliente  14, 14772.1617740847 )
( Sucursal  3,  215, Cliente  15, 12081.196387685231 )
( Sucursal  3,  216, Cliente  16, 7312.547664892301 )
( Sucursal  3,  217, Cliente  17, 26051.775364570618 )
( Sucursal  3,  218, Cliente  18, 28420.977817000832 )
( Sucursal  3,  219, Cliente  19, 28380.15353042124 )
( Sucursal  3,  220, Cliente  20, 12663.045638674128 )
( Sucursal  3,  221, Cliente  21, 5376.2886938420725 )
( Sucursal  3,  222, Cliente  22, 23132.12493888977 )
( Sucursal  3,  223, Cliente  23, 17523.000211274582 )
( Sucursal  3,  224, Cliente  24, 13272.409466441823 )
( Sucursal  3,  225, Cliente  25, 19092.177121148554 )
( Sucursal  3,  226, Cliente  26, 11249.135506371797 )
( Sucursal  3,  227, Cliente  27, 14961.623748220163 )
( Sucursal  3,  228, Cliente  28, 11443.83490740564 )
( Sucursal  3,  229, Cliente  29, 13187.898090140083 )
( Sucursal  3,  230, Cliente  30, 29715.861506180587 )
( Sucursal  3,  231, Cliente  31, 21970.262164011572 )
( Sucursal  3,  232, Cliente  32, 23767.029929681612 )
( Sucursal  3,  233, Cliente  33, 3026.089382365727 )
( Sucursal  3,  234, Cliente  34, 7276.310643133525 )
( Sucursal  3,  235, Cliente  35, 24737.935002884136 )
( Sucursal  3,  236, Cliente  36, 24916.74124114298 )
( Sucursal  3,  237, Cliente  37, 6839.020309310325 )
( Sucursal  3,  238, Cliente  38, 2980.93683343872 )
( Sucursal  3,  239, Cliente  39, 14709.318491926053 )
( Sucursal  3,  240, Cliente  40, 19164.289552101407 )
( Sucursal  3,  241, Cliente  41, 5783.68132422738 )
( Sucursal  3,  242, Cliente  42, 2920.786461428755 )
( Sucursal  3,  243, Cliente  43, 22289.224355228675 )
( Sucursal  3,  244, Cliente  44, 24608.524704540116 )
( Sucursal  3,  245, Cliente  45, 17613.00348298342 )
( Sucursal  3,  246, Cliente  46, 29468.820280050688 )
( Sucursal  3,  247, Cliente  47, 11251.389107693363 )
( Sucursal  3,  248, Cliente  48, 20412.82471508087 )
( Sucursal  3,  249, Cliente  49, 14227.269597451987 )
( Sucursal  3,  250, Cliente  50, 18880.011428300157 )
( Sucursal  3,  251, Cliente  51, 16278.659720933372 )
( Sucursal  3,  252, Cliente  52, 12833.65759908254 )
( Sucursal  3,  253, Cliente  53, 10593.391160644282 )
( Sucursal  3,  254, Cliente  54, 21394.074742212986 )
( Sucursal  3,  255, Cliente  55, 18066.42944650685 )
( Sucursal  3,  256, Cliente  56, 22537.78954129288 )
( Sucursal  3,  257, Cliente  57, 21015.54665431993 )
( Sucursal  3,  258, Cliente  58, 18801.507785591704 )
( Sucursal  3,  259, Cliente  59, 28410.22603221171 )
( Sucursal  3,  260, Cliente  60, 249.85710875286995 )
( Sucursal  3,  261, Cliente  61, 20854.91926168195 )
( Sucursal  3,  262, Cliente  62, 1274.6131390414362 )
( Sucursal  3,  263, Cliente  63, 23897.926348516692 )
( Sucursal  3,  264, Cliente  64, 21541.318526433497 )
( Sucursal  3,  265, Cliente  65, 12697.733517708844 )
( Sucursal  3,  266, Cliente  66, 24332.52757999577 )
( Sucursal  3,  267, Cliente  67, 10303.181703219068 )
( Sucursal  3,  268, Cliente  68, 9833.964010905038 )
( Sucursal  3,  269, Cliente  69, 14864.276829912262 )
( Sucursal  3,  270, Cliente  70, 7367.821565498947 )
( Sucursal  3,  271, Cliente  71, 19177.03428777714 )
( Sucursal  3,  272, Cliente  72, 25033.22184209565 )
( Sucursal  3,  273, Cliente  73, 14552.074577396188 )
( Sucursal  3,  274, Cliente  74, 7311.322041480967 )
( Sucursal  3,  275, Cliente  75, 27495.455883727856 )
( Sucursal  3,  276, Cliente  76, 16291.57485041209 )
( Sucursal  3,  277, Cliente  77, 29901.33080576048 )
( Sucursal  3,  278, Cliente  78, 16679.48067144385 )
( Sucursal  3,  279, Cliente  79, 22628.985012422785 )
( Sucursal  3,  280, Cliente  80, 4193.802001297048 )
( Sucursal  3,  281, Cliente  81, 16152.254585600465 )
( Sucursal  3,  282, Cliente  82, 4455.446519475164 )
( Sucursal  3,  283, Cliente  83, 20642.997740360322 )
( Sucursal  3,  284, Cliente  84, 6494.396670936057 )
( Sucursal  3,  285, Cliente  85, 15563.870934876775 )
( Sucursal  3,  286, Cliente  86, 20682.198126245745 )
( Sucursal  3,  287, Cliente  87, 11938.067138792816 )
( Sucursal  3,  288, Cliente  88, 21251.215986290354 )
( Sucursal  3,  289, Cliente  89, 27728.871699550375 )
( Sucursal  3,  290, Cliente  90, 10359.677753103466 )
( Sucursal  3,  291, Cliente  91, 16288.441343826176 )
( Sucursal  3,  292, Cliente  92, 25107.818557552047 )
( Sucursal  3,  293, Cliente  93, 4918.072132272839 )
( Sucursal  3,  294, Cliente  94, 7647.389297691939 )
( Sucursal  3,  295, Cliente  95, 21619.812105876405 )
( Sucursal  3,  296, Cliente  96, 26615.974871818427 )
( Sucursal  3,  297, Cliente  97, 16558.02914368367 )
( Sucursal  3,  298, Cliente  98, 19407.456996559256 )
( Sucursal  3,  299, Cliente  99, 22514.608317520313 )
( Sucursal  3,  300, Cliente 100, 17245.172426227447 )
( Sucursal  4,  301, Cliente   1, 24407.430197975784 )
( Sucursal  4,  302, Cliente   2, 1677.7982863861127 )
( Sucursal  4,  303, Cliente   3, 20910.971671179683 )
( Sucursal  4,  304, Cliente   4, 23314.3141772929 )
( Sucursal  4,  305, Cliente   5, 18295.088918668676 )
( Sucursal  4,  306, Cliente   6, 26563.529760933547 )
( Sucursal  4,  307, Cliente   7, 18396.904474292394 )
( Sucursal  4,  308, Cliente   8, 5074.677982718799 )
( Sucursal  4,  309, Cliente   9, 26225.47243604731 )
( Sucursal  4,  310, Cliente  10, 16996.72028148313 )
( Sucursal  4,  311, Cliente  11, 29179.83872598884 )
( Sucursal  4,  312, Cliente  12, 18111.51071835018 )
( Sucursal  4,  313, Cliente  13, 8032.353471502797 )
( Sucursal  4,  314, Cliente  14, 13794.816857379714 )
( Sucursal  4,  315, Cliente  15, 5134.829255091037 )
( Sucursal  4,  316, Cliente  16, 6557.445845825153 )
( Sucursal  4,  317, Cliente  17, 14730.296176865539 )
( Sucursal  4,  318, Cliente  18, 2829.4020073603815 )
( Sucursal  4,  319, Cliente  19, 6915.9897050480895 )
( Sucursal  4,  320, Cliente  20, 23408.187879559486 )
( Sucursal  4,  321, Cliente  21, 20352.60917447715 )
( Sucursal  4,  322, Cliente  22, 16142.865448032624 )
( Sucursal  4,  323, Cliente  23, 4516.16422125179 )
( Sucursal  4,  324, Cliente  24, 8988.030415907944 )
( Sucursal  4,  325, Cliente  25, 7743.33430397235 )
( Sucursal  4,  326, Cliente  26, 11190.282786507361 )
( Sucursal  4,  327, Cliente  27, 24652.894353652544 )
( Sucursal  4,  328, Cliente  28, 22660.59153926525 )
( Sucursal  4,  329, Cliente  29, 28405.806661111765 )
( Sucursal  4,  330, Cliente  30, 10139.222141194663 )
( Sucursal  4,  331, Cliente  31, 17444.949834727955 )
( Sucursal  4,  332, Cliente  32, 18478.206706393055 )
( Sucursal  4,  333, Cliente  33, 19260.70546369704 )
( Sucursal  4,  334, Cliente  34, 20048.664795405857 )
( Sucursal  4,  335, Cliente  35, 23627.981152132154 )
( Sucursal  4,  336, Cliente  36, 28855.163196736998 )
( Sucursal  4,  337, Cliente  37, 26429.90273300042 )
( Sucursal  4,  338, Cliente  38, 2642.7873077186387 )
( Sucursal  4,  339, Cliente  39, 22540.724575222474 )
( Sucursal  4,  340, Cliente  40, 4695.567843032194 )
( Sucursal  4,  341, Cliente  41, 18375.846944975026 )
( Sucursal  4,  342, Cliente  42, 17943.95565709827 )
( Sucursal  4,  343, Cliente  43, 14390.497700198639 )
( Sucursal  4,  344, Cliente  44, 14235.706121995818 )
( Sucursal  4,  345, Cliente  45, 20097.046682858654 )
( Sucursal  4,  346, Cliente  46, 17939.575946837835 )
( Sucursal  4,  347, Cliente  47, 12589.83228686744 )
( Sucursal  4,  348, Cliente  48, 16152.711879218494 )
( Sucursal  4,  349, Cliente  49, 6090.882338151654 )
( Sucursal  4,  350, Cliente  50, 6777.589546585974 )
( Sucursal  4,  351, Cliente  51, 12211.45725723041 )
( Sucursal  4,  352, Cliente  52, 5266.764172408819 )
( Sucursal  4,  353, Cliente  53, 25249.234188276147 )
( Sucursal  4,  354, Cliente  54, 17327.0502933476 )
( Sucursal  4,  355, Cliente  55, 14303.565342881471 )
( Sucursal  4,  356, Cliente  56, 1302.9161915712823 )
( Sucursal  4,  357, Cliente  57, 362.1319851471053 )
( Sucursal  4,  358, Cliente  58, 5592.259482244254 )
( Sucursal  4,  359, Cliente  59, 2344.9127459588344 )
( Sucursal  4,  360, Cliente  60, 16379.411546965666 )
( Sucursal  4,  361, Cliente  61, 3659.108725368234 )
( Sucursal  4,  362, Cliente  62, 2184.561301560765 )
( Sucursal  4,  363, Cliente  63, 14412.463555791723 )
( Sucursal  4,  364, Cliente  64, 14396.166990200749 )
( Sucursal  4,  365, Cliente  65, 26206.310978137186 )
( Sucursal  4,  366, Cliente  66, 26021.870321048187 )
( Sucursal  4,  367, Cliente  67, 26360.739390673498 )
( Sucursal  4,  368, Cliente  68, 11830.972453998265 )
( Sucursal  4,  369, Cliente  69, 833.3329884973275 )
( Sucursal  4,  370, Cliente  70, 20795.744816357033 )
( Sucursal  4,  371, Cliente  71, 21607.224614478815 )
( Sucursal  4,  372, Cliente  72, 27395.14465841266 )
( Sucursal  4,  373, Cliente  73, 5864.924278563791 )
( Sucursal  4,  374, Cliente  74, 27471.349363555728 )
( Sucursal  4,  375, Cliente  75, 9834.681777903792 )
( Sucursal  4,  376, Cliente  76, 2783.5633938368765 )
( Sucursal  4,  377, Cliente  77, 10836.116280233327 )
( Sucursal  4,  378, Cliente  78, 15968.120037259621 )
( Sucursal  4,  379, Cliente  79, 22902.249762837586 )
( Sucursal  4,  380, Cliente  80, 11954.735352362572 )
( Sucursal  4,  381, Cliente  81, 19610.900817530917 )
( Sucursal  4,  382, Cliente  82, 17063.614061485077 )
( Sucursal  4,  383, Cliente  83, 5677.536485737128 )
( Sucursal  4,  384, Cliente  84, 5473.694631533224 )
( Sucursal  4,  385, Cliente  85, 27504.21790717871 )
( Sucursal  4,  386, Cliente  86, 26081.638981958138 )
( Sucursal  4,  387, Cliente  87, 19081.380724088725 )
( Sucursal  4,  388, Cliente  88, 6124.5613326769535 )
( Sucursal  4,  389, Cliente  89, 9928.484837696511 )
( Sucursal  4,  390, Cliente  90, 18357.142867682556 )
( Sucursal  4,  391, Cliente  91, 9929.925846954231 )
( Sucursal  4,  392, Cliente  92, 12428.702397345187 )
( Sucursal  4,  393, Cliente  93, 1384.9029664236834 )
( Sucursal  4,  394, Cliente  94, 3847.9263124682584 )
( Sucursal  4,  395, Cliente  95, 2453.9544816330254 )
( Sucursal  4,  396, Cliente  96, 7511.600235773967 )
( Sucursal  4,  397, Cliente  97, 12612.72210495623 )
( Sucursal  4,  398, Cliente  98, 29020.54359745105 )
( Sucursal  4,  399, Cliente  99, 9354.244017099207 )
( Sucursal  4,  400, Cliente 100, 16558.556187302554 )
( Sucursal  5,  401, Cliente   1, 27215.48726651933 )
( Sucursal  5,  402, Cliente   2, 19567.067364197177 )
( Sucursal  5,  403, Cliente   3, 16729.82768772352 )
( Sucursal  5,  404, Cliente   4, 20524.701574056136 )
( Sucursal  5,  405, Cliente   5, 2469.848779518361 )
( Sucursal  5,  406, Cliente   6, 5423.868237133983 )
( Sucursal  5,  407, Cliente   7, 711.9168777245621 )
( Sucursal  5,  408, Cliente   8, 15824.319162076536 )
( Sucursal  5,  409, Cliente   9, 17816.635515008526 )
( Sucursal  5,  410, Cliente  10, 8511.570151718806 )
( Sucursal  5,  411, Cliente  11, 27688.791741426503 )
( Sucursal  5,  412, Cliente  12, 24686.553964445407 )
( Sucursal  5,  413, Cliente  13, 3606.239510696515 )
( Sucursal  5,  414, Cliente  14, 9283.371019470014 )
( Sucursal  5,  415, Cliente  15, 28095.26697088615 )
( Sucursal  5,  416, Cliente  16, 23361.498664837163 )
( Sucursal  5,  417, Cliente  17, 11484.556868037887 )
( Sucursal  5,  418, Cliente  18, 23578.277236450907 )
( Sucursal  5,  419, Cliente  19, 28508.748797623604 )
( Sucursal  5,  420, Cliente  20, 27181.60892388775 )
( Sucursal  5,  421, Cliente  21, 15446.506282310838 )
( Sucursal  5,  422, Cliente  22, 1158.3455577804657 )
( Sucursal  5,  423, Cliente  23, 23053.021653475866 )
( Sucursal  5,  424, Cliente  24, 25709.869089081003 )
( Sucursal  5,  425, Cliente  25, 24897.352840240503 )
( Sucursal  5,  426, Cliente  26, 18285.13741288318 )
( Sucursal  5,  427, Cliente  27, 3775.952149156307 )
( Sucursal  5,  428, Cliente  28, 11476.436786203965 )
( Sucursal  5,  429, Cliente  29, 810.3163801962487 )
( Sucursal  5,  430, Cliente  30, 28899.056794535252 )
( Sucursal  5,  431, Cliente  31, 17139.258118012094 )
( Sucursal  5,  432, Cliente  32, 18680.098102138898 )
( Sucursal  5,  433, Cliente  33, 15558.969022048183 )
( Sucursal  5,  434, Cliente  34, 16601.522677952275 )
( Sucursal  5,  435, Cliente  35, 11588.385031071193 )
( Sucursal  5,  436, Cliente  36, 19932.49807845398 )
( Sucursal  5,  437, Cliente  37, 10449.014548180394 )
( Sucursal  5,  438, Cliente  38, 11788.691749187272 )
( Sucursal  5,  439, Cliente  39, 18264.916562394075 )
( Sucursal  5,  440, Cliente  40, 18657.864470320616 )
( Sucursal  5,  441, Cliente  41, 16969.109835382627 )
( Sucursal  5,  442, Cliente  42, 8645.295761899155 )
( Sucursal  5,  443, Cliente  43, 22725.886858488127 )
( Sucursal  5,  444, Cliente  44, 17794.511480612087 )
( Sucursal  5,  445, Cliente  45, 17608.113471270124 )
( Sucursal  5,  446, Cliente  46, 3031.041924722252 )
( Sucursal  5,  447, Cliente  47, 15829.583397982919 )
( Sucursal  5,  448, Cliente  48, 14422.497377521922 )
( Sucursal  5,  449, Cliente  49, 8872.451066622074 )
( Sucursal  5,  450, Cliente  50, 25077.214799089114 )
( Sucursal  5,  451, Cliente  51, 552.5989420581107 )
( Sucursal  5,  452, Cliente  52, 728.914850553354 )
( Sucursal  5,  453, Cliente  53, 476.0494595811061 )
( Sucursal  5,  454, Cliente  54, 26674.754501647032 )
( Sucursal  5,  455, Cliente  55, 18974.97243686286 )
( Sucursal  5,  456, Cliente  56, 11435.923478259501 )
( Sucursal  5,  457, Cliente  57, 19334.230126038023 )
( Sucursal  5,  458, Cliente  58, 13281.582867674892 )
( Sucursal  5,  459, Cliente  59, 25078.63312311228 )
( Sucursal  5,  460, Cliente  60, 8245.87749213515 )
( Sucursal  5,  461, Cliente  61, 10538.560565667656 )
( Sucursal  5,  462, Cliente  62, 27768.95381724489 )
( Sucursal  5,  463, Cliente  63, 9876.10438820783 )
( Sucursal  5,  464, Cliente  64, 29026.852690843407 )
( Sucursal  5,  465, Cliente  65, 6045.233846550933 )
( Sucursal  5,  466, Cliente  66, 13014.622070501448 )
( Sucursal  5,  467, Cliente  67, 2977.638714121258 )
( Sucursal  5,  468, Cliente  68, 11819.48220328028 )
( Sucursal  5,  469, Cliente  69, 2233.78289490327 )
( Sucursal  5,  470, Cliente  70, 3610.572263812379 )
( Sucursal  5,  471, Cliente  71, 467.31282738367474 )
( Sucursal  5,  472, Cliente  72, 8072.087857768305 )
( Sucursal  5,  473, Cliente  73, 28553.568003759297 )
( Sucursal  5,  474, Cliente  74, 454.3930299659062 )
( Sucursal  5,  475, Cliente  75, 7862.08121152371 )
( Sucursal  5,  476, Cliente  76, 12803.023920227228 )
( Sucursal  5,  477, Cliente  77, 14094.523009899454 )
( Sucursal  5,  478, Cliente  78, 2711.0958909124074 )
( Sucursal  5,  479, Cliente  79, 29668.1829826855 )
( Sucursal  5,  480, Cliente  80, 12860.393066239323 )
( Sucursal  5,  481, Cliente  81, 4671.133048404435 )
( Sucursal  5,  482, Cliente  82, 2985.8232065225147 )
( Sucursal  5,  483, Cliente  83, 246.9910127272991 )
( Sucursal  5,  484, Cliente  84, 4997.739262094251 )
( Sucursal  5,  485, Cliente  85, 13313.503748051065 )
( Sucursal  5,  486, Cliente  86, 14492.162731473858 )
( Sucursal  5,  487, Cliente  87, 5450.841478383194 )
( Sucursal  5,  488, Cliente  88, 11977.303305368563 )
( Sucursal  5,  489, Cliente  89, 26211.481099375334 )
( Sucursal  5,  490, Cliente  90, 18107.973156288987 )
( Sucursal  5,  491, Cliente  91, 16354.899391547104 )
( Sucursal  5,  492, Cliente  92, 2419.2282724168886 )
( Sucursal  5,  493, Cliente  93, 8868.342467079996 )
( Sucursal  5,  494, Cliente  94, 19399.41267624442 )
( Sucursal  5,  495, Cliente  95, 21179.60850284162 )
( Sucursal  5,  496, Cliente  96, 25554.402010215475 )
( Sucursal  5,  497, Cliente  97, 4046.486485604957 )
( Sucursal  5,  498, Cliente  98, 24840.811489079333 )
( Sucursal  5,  499, Cliente  99, 8751.436672146914 )
( Sucursal  5,  500, Cliente 100, 11374.367290204198 )
( Sucursal  6,  501, Cliente   1, 29197.75926044219 )
( Sucursal  6,  502, Cliente   2, 28090.13916915259 )
( Sucursal  6,  503, Cliente   3, 18993.73967423862 )
( Sucursal  6,  504, Cliente   4, 28373.56721413036 )
( Sucursal  6,  505, Cliente   5, 21296.60510773917 )
( Sucursal  6,  506, Cliente   6, 24676.712716271963 )
( Sucursal  6,  507, Cliente   7, 24306.19002861057 )
( Sucursal  6,  508, Cliente   8, 12840.286054345363 )
( Sucursal  6,  509, Cliente   9, 16404.66591472715 )
( Sucursal  6,  510, Cliente  10, 5626.630632020804 )
( Sucursal  6,  511, Cliente  11, 12725.945235526451 )
( Sucursal  6,  512, Cliente  12, 22412.20060684847 )
( Sucursal  6,  513, Cliente  13, 188.84755629435165 )
( Sucursal  6,  514, Cliente  14, 26696.455655919977 )
( Sucursal  6,  515, Cliente  15, 7120.4000829685665 )
( Sucursal  6,  516, Cliente  16, 28612.103295598572 )
( Sucursal  6,  517, Cliente  17, 25343.544066979543 )
( Sucursal  6,  518, Cliente  18, 2690.6534506235353 )
( Sucursal  6,  519, Cliente  19, 27183.1394704953 )
( Sucursal  6,  520, Cliente  20, 12176.838214802616 )
( Sucursal  6,  521, Cliente  21, 16546.345489944524 )
( Sucursal  6,  522, Cliente  22, 18547.043045040424 )
( Sucursal  6,  523, Cliente  23, 16568.20375376441 )
( Sucursal  6,  524, Cliente  24, 23254.68835057299 )
( Sucursal  6,  525, Cliente  25, 17102.458210205044 )
( Sucursal  6,  526, Cliente  26, 15993.47445548961 )
( Sucursal  6,  527, Cliente  27, 24413.197056519828 )
( Sucursal  6,  528, Cliente  28, 12355.462124968757 )
( Sucursal  6,  529, Cliente  29, 1996.341780074906 )
( Sucursal  6,  530, Cliente  30, 2354.4077737637826 )
( Sucursal  6,  531, Cliente  31, 13540.292948582284 )
( Sucursal  6,  532, Cliente  32, 29281.452631339464 )
( Sucursal  6,  533, Cliente  33, 8994.612227766807 )
( Sucursal  6,  534, Cliente  34, 4548.962922270596 )
( Sucursal  6,  535, Cliente  35, 5354.862785319261 )
( Sucursal  6,  536, Cliente  36, 15489.813528150333 )
( Sucursal  6,  537, Cliente  37, 3407.17167251705 )
( Sucursal  6,  538, Cliente  38, 2715.635525130539 )
( Sucursal  6,  539, Cliente  39, 19986.99588429001 )
( Sucursal  6,  540, Cliente  40, 23340.934697874658 )
( Sucursal  6,  541, Cliente  41, 5122.495773265165 )
( Sucursal  6,  542, Cliente  42, 17542.869356744057 )
( Sucursal  6,  543, Cliente  43, 4333.501392269372 )
( Sucursal  6,  544, Cliente  44, 4347.125389131672 )
( Sucursal  6,  545, Cliente  45, 23696.778170881717 )
( Sucursal  6,  546, Cliente  46, 21191.666339117266 )
( Sucursal  6,  547, Cliente  47, 29104.15798005422 )
( Sucursal  6,  548, Cliente  48, 15585.68120753649 )
( Sucursal  6,  549, Cliente  49, 6170.2276171692365 )
( Sucursal  6,  550, Cliente  50, 8298.733341999165 )
( Sucursal  6,  551, Cliente  51, 346.53370282007836 )
( Sucursal  6,  552, Cliente  52, 11444.068559078101 )
( Sucursal  6,  553, Cliente  53, 561.0210952157124 )
( Sucursal  6,  554, Cliente  54, 8898.402434133983 )
( Sucursal  6,  555, Cliente  55, 7799.525319675687 )
( Sucursal  6,  556, Cliente  56, 14556.886820444975 )
( Sucursal  6,  557, Cliente  57, 15847.046509552716 )
( Sucursal  6,  558, Cliente  58, 22638.209024577045 )
( Sucursal  6,  559, Cliente  59, 15762.336702706874 )
( Sucursal  6,  560, Cliente  60, 26346.63654369492 )
( Sucursal  6,  561, Cliente  61, 8735.622797621896 )
( Sucursal  6,  562, Cliente  62, 25971.090819549598 )
( Sucursal  6,  563, Cliente  63, 11645.903395541904 )
( Sucursal  6,  564, Cliente  64, 15803.002241048178 )
( Sucursal  6,  565, Cliente  65, 28681.24843745985 )
( Sucursal  6,  566, Cliente  66, 22179.958957675615 )
( Sucursal  6,  567, Cliente  67, 22718.36287435993 )
( Sucursal  6,  568, Cliente  68, 7353.8634108532715 )
( Sucursal  6,  569, Cliente  69, 1465.1151124357486 )
( Sucursal  6,  570, Cliente  70, 16637.001126405485 )
( Sucursal  6,  571, Cliente  71, 21394.103710148534 )
( Sucursal  6,  572, Cliente  72, 20422.662558682674 )
( Sucursal  6,  573, Cliente  73, 21239.63174231855 )
( Sucursal  6,  574, Cliente  74, 15924.609556504698 )
( Sucursal  6,  575, Cliente  75, 2593.754846761261 )
( Sucursal  6,  576, Cliente  76, 22443.595818435326 )
( Sucursal  6,  577, Cliente  77, 28959.727180945225 )
( Sucursal  6,  578, Cliente  78, 11534.170531526443 )
( Sucursal  6,  579, Cliente  79, 14611.839585868585 )
( Sucursal  6,  580, Cliente  80, 7495.653755704587 )
( Sucursal  6,  581, Cliente  81, 6223.241624291259 )
( Sucursal  6,  582, Cliente  82, 14825.017770016937 )
( Sucursal  6,  583, Cliente  83, 3096.70201285736 )
( Sucursal  6,  584, Cliente  84, 13622.912977776354 )
( Sucursal  6,  585, Cliente  85, 25259.079396577803 )
( Sucursal  6,  586, Cliente  86, 21557.93954384154 )
( Sucursal  6,  587, Cliente  87, 16074.292001663503 )
( Sucursal  6,  588, Cliente  88, 1144.9684321164468 )
( Sucursal  6,  589, Cliente  89, 7061.173493989044 )
( Sucursal  6,  590, Cliente  90, 19230.03799134067 )
( Sucursal  6,  591, Cliente  91, 15081.332315593709 )
( Sucursal  6,  592, Cliente  92, 1927.323330645116 )
( Sucursal  6,  593, Cliente  93, 26532.11843222797 )
( Sucursal  6,  594, Cliente  94, 1314.3422853814066 )
( Sucursal  6,  595, Cliente  95, 27510.20658463832 )
( Sucursal  6,  596, Cliente  96, 21640.963491398856 )
( Sucursal  6,  597, Cliente  97, 27403.53494118222 )
( Sucursal  6,  598, Cliente  98, 17360.3479449902 )
( Sucursal  6,  599, Cliente  99, 6994.268257308909 )
( Sucursal  6,  600, Cliente 100, 2956.82173018279 )
( Sucursal  7,  601, Cliente   1, 16884.27263058939 )
( Sucursal  7,  602, Cliente   2, 28529.784169614435 )
( Sucursal  7,  603, Cliente   3, 13887.937005714277 )
( Sucursal  7,  604, Cliente   4, 16439.77551478565 )
( Sucursal  7,  605, Cliente   5, 7688.020657065922 )
( Sucursal  7,  606, Cliente   6, 10350.615667097964 )
( Sucursal  7,  607, Cliente   7, 13817.147239636617 )
( Sucursal  7,  608, Cliente   8, 6733.641473162662 )
( Sucursal  7,  609, Cliente   9, 10546.145119795441 )
( Sucursal  7,  610, Cliente  10, 16024.763703506833 )
( Sucursal  7,  611, Cliente  11, 11298.601031188116 )
( Sucursal  7,  612, Cliente  12, 24026.305900361025 )
( Sucursal  7,  613, Cliente  13, 7634.49941138345 )
( Sucursal  7,  614, Cliente  14, 27066.25985621589 )
( Sucursal  7,  615, Cliente  15, 5442.9417491810855 )
( Sucursal  7,  616, Cliente  16, 24334.485196767568 )
( Sucursal  7,  617, Cliente  17, 29974.031286867685 )
( Sucursal  7,  618, Cliente  18, 14569.371984299378 )
( Sucursal  7,  619, Cliente  19, 10360.261137799 )
( Sucursal  7,  620, Cliente  20, 23591.029934779508 )
( Sucursal  7,  621, Cliente  21, 23780.366752635255 )
( Sucursal  7,  622, Cliente  22, 9676.404646961066 )
( Sucursal  7,  623, Cliente  23, 14414.069471157145 )
( Sucursal  7,  624, Cliente  24, 1920.9678733632313 )
( Sucursal  7,  625, Cliente  25, 5674.88532291141 )
( Sucursal  7,  626, Cliente  26, 19570.235751235883 )
( Sucursal  7,  627, Cliente  27, 24057.19839361745 )
( Sucursal  7,  628, Cliente  28, 7466.645661193392 )
( Sucursal  7,  629, Cliente  29, 24767.96899320452 )
( Sucursal  7,  630, Cliente  30, 26551.16437579077 )
( Sucursal  7,  631, Cliente  31, 23705.63352457387 )
( Sucursal  7,  632, Cliente  32, 8279.154357026582 )
( Sucursal  7,  633, Cliente  33, 19751.311110939474 )
( Sucursal  7,  634, Cliente  34, 25950.321746081325 )
( Sucursal  7,  635, Cliente  35, 8888.491735154086 )
( Sucursal  7,  636, Cliente  36, 13409.508468445769 )
( Sucursal  7,  637, Cliente  37, 17154.944350438116 )
( Sucursal  7,  638, Cliente  38, 20701.364960602637 )
( Sucursal  7,  639, Cliente  39, 19730.28178726857 )
( Sucursal  7,  640, Cliente  40, 3132.026274745132 )
( Sucursal  7,  641, Cliente  41, 7010.908185237961 )
( Sucursal  7,  642, Cliente  42, 6636.582277604901 )
( Sucursal  7,  643, Cliente  43, 3389.0688924572937 )
( Sucursal  7,  644, Cliente  44, 10788.975953410138 )
( Sucursal  7,  645, Cliente  45, 21794.689701612708 )
( Sucursal  7,  646, Cliente  46, 13788.139022882928 )
( Sucursal  7,  647, Cliente  47, 25204.32528159358 )
( Sucursal  7,  648, Cliente  48, 25894.464057698846 )
( Sucursal  7,  649, Cliente  49, 8399.046473717097 )
( Sucursal  7,  650, Cliente  50, 5855.751055569566 )
( Sucursal  7,  651, Cliente  51, 18344.742206481937 )
( Sucursal  7,  652, Cliente  52, 20632.508313204267 )
( Sucursal  7,  653, Cliente  53, 27712.9035021382 )
( Sucursal  7,  654, Cliente  54, 18771.395359124184 )
( Sucursal  7,  655, Cliente  55, 23691.710604036878 )
( Sucursal  7,  656, Cliente  56, 7482.471108351523 )
( Sucursal  7,  657, Cliente  57, 15847.900329384127 )
( Sucursal  7,  658, Cliente  58, 7702.975649931469 )
( Sucursal  7,  659, Cliente  59, 27814.094476614016 )
( Sucursal  7,  660, Cliente  60, 19732.74146752387 )
( Sucursal  7,  661, Cliente  61, 27781.904191078254 )
( Sucursal  7,  662, Cliente  62, 28063.513925175626 )
( Sucursal  7,  663, Cliente  63, 24024.175899067966 )
( Sucursal  7,  664, Cliente  64, 29895.9305770767 )
( Sucursal  7,  665, Cliente  65, 9940.91712181936 )
( Sucursal  7,  666, Cliente  66, 25338.690962477343 )
( Sucursal  7,  667, Cliente  67, 28837.434097607736 )
( Sucursal  7,  668, Cliente  68, 23714.6832916909 )
( Sucursal  7,  669, Cliente  69, 8764.780648314532 )
( Sucursal  7,  670, Cliente  70, 3020.74622200227 )
( Sucursal  7,  671, Cliente  71, 11960.890038803509 )
( Sucursal  7,  672, Cliente  72, 11932.12642235832 )
( Sucursal  7,  673, Cliente  73, 21851.44710758599 )
( Sucursal  7,  674, Cliente  74, 26427.520734933754 )
( Sucursal  7,  675, Cliente  75, 25585.77638107727 )
( Sucursal  7,  676, Cliente  76, 3921.3543934217487 )
( Sucursal  7,  677, Cliente  77, 14981.3724679965 )
( Sucursal  7,  678, Cliente  78, 7384.189845885751 )
( Sucursal  7,  679, Cliente  79, 22335.60740488292 )
( Sucursal  7,  680, Cliente  80, 19506.80875778032 )
( Sucursal  7,  681, Cliente  81, 28588.817202090348 )
( Sucursal  7,  682, Cliente  82, 5621.911257999503 )
( Sucursal  7,  683, Cliente  83, 10482.171434683773 )
( Sucursal  7,  684, Cliente  84, 18065.714680060144 )
( Sucursal  7,  685, Cliente  85, 23615.44129091698 )
( Sucursal  7,  686, Cliente  86, 6844.712413229427 )
( Sucursal  7,  687, Cliente  87, 4303.136820264312 )
( Sucursal  7,  688, Cliente  88, 14486.742065927054 )
( Sucursal  7,  689, Cliente  89, 6370.468911295027 )
( Sucursal  7,  690, Cliente  90, 14058.187201433786 )
( Sucursal  7,  691, Cliente  91, 22302.843736902694 )
( Sucursal  7,  692, Cliente  92, 15153.300490932472 )
( Sucursal  7,  693, Cliente  93, 5070.120935497861 )
( Sucursal  7,  694, Cliente  94, 604.1822613823356 )
( Sucursal  7,  695, Cliente  95, 26889.453240124793 )
( Sucursal  7,  696, Cliente  96, 16256.016950739182 )
( Sucursal  7,  697, Cliente  97, 25904.941040810103 )
( Sucursal  7,  698, Cliente  98, 23109.036180196617 )
( Sucursal  7,  699, Cliente  99, 9933.553310000892 )
( Sucursal  7,  700, Cliente 100, 8579.723120974075 )
( Sucursal  8,  701, Cliente   1, 11043.11447610786 )
( Sucursal  8,  702, Cliente   2, 22057.702744997205 )
( Sucursal  8,  703, Cliente   3, 4097.3527545670495 )
( Sucursal  8,  704, Cliente   4, 13180.561112348203 )
( Sucursal  8,  705, Cliente   5, 11740.226129061344 )
( Sucursal  8,  706, Cliente   6, 15421.796159619129 )
( Sucursal  8,  707, Cliente   7, 15347.353208512253 )
( Sucursal  8,  708, Cliente   8, 3155.9327920389355 )
( Sucursal  8,  709, Cliente   9, 20865.82890449567 )
( Sucursal  8,  710, Cliente  10, 1705.6894844137446 )
( Sucursal  8,  711, Cliente  11, 10032.482853968691 )
( Sucursal  8,  712, Cliente  12, 15131.427319835406 )
( Sucursal  8,  713, Cliente  13, 21231.772979317775 )
( Sucursal  8,  714, Cliente  14, 16033.27392395278 )
( Sucursal  8,  715, Cliente  15, 821.0405275621268 )
( Sucursal  8,  716, Cliente  16, 26108.52228960852 )
( Sucursal  8,  717, Cliente  17, 1740.2059436565482 )
( Sucursal  8,  718, Cliente  18, 1189.9898361275907 )
( Sucursal  8,  719, Cliente  19, 19444.743831362743 )
( Sucursal  8,  720, Cliente  20, 17790.0054275568 )
( Sucursal  8,  721, Cliente  21, 22421.771588912987 )
( Sucursal  8,  722, Cliente  22, 23031.756904103127 )
( Sucursal  8,  723, Cliente  23, 28310.390128823103 )
( Sucursal  8,  724, Cliente  24, 21565.4567219427 )
( Sucursal  8,  725, Cliente  25, 18069.548338212113 )
( Sucursal  8,  726, Cliente  26, 19196.993966793547 )
( Sucursal  8,  727, Cliente  27, 9597.196614338332 )
( Sucursal  8,  728, Cliente  28, 15740.619056663847 )
( Sucursal  8,  729, Cliente  29, 11433.686389914468 )
( Sucursal  8,  730, Cliente  30, 14016.243247244725 )
( Sucursal  8,  731, Cliente  31, 11349.361382370784 )
( Sucursal  8,  732, Cliente  32, 3425.41097102373 )
( Sucursal  8,  733, Cliente  33, 23250.596403415315 )
( Sucursal  8,  734, Cliente  34, 12674.630340295313 )
( Sucursal  8,  735, Cliente  35, 21322.766885875506 )
( Sucursal  8,  736, Cliente  36, 29427.572923492167 )
( Sucursal  8,  737, Cliente  37, 1834.7716490301482 )
( Sucursal  8,  738, Cliente  38, 2773.8606668654766 )
( Sucursal  8,  739, Cliente  39, 1548.4615528013403 )
( Sucursal  8,  740, Cliente  40, 1866.6041884351528 )
( Sucursal  8,  741, Cliente  41, 21290.25527074446 )
( Sucursal  8,  742, Cliente  42, 6869.68720214137 )
( Sucursal  8,  743, Cliente  43, 23808.990811560547 )
( Sucursal  8,  744, Cliente  44, 28826.99695595403 )
( Sucursal  8,  745, Cliente  45, 23906.4507581615 )
( Sucursal  8,  746, Cliente  46, 8469.200069821194 )
( Sucursal  8,  747, Cliente  47, 5802.969271712382 )
( Sucursal  8,  748, Cliente  48, 4039.4037716765242 )
( Sucursal  8,  749, Cliente  49, 7359.724716099451 )
( Sucursal  8,  750, Cliente  50, 25664.0700245351 )
( Sucursal  8,  751, Cliente  51, 3237.586663175011 )
( Sucursal  8,  752, Cliente  52, 2966.254293490928 )
( Sucursal  8,  753, Cliente  53, 10132.175664022692 )
( Sucursal  8,  754, Cliente  54, 16418.621355115753 )
( Sucursal  8,  755, Cliente  55, 12230.48813552241 )
( Sucursal  8,  756, Cliente  56, 7260.298199013133 )
( Sucursal  8,  757, Cliente  57, 891.9375779849718 )
( Sucursal  8,  758, Cliente  58, 29672.721570331196 )
( Sucursal  8,  759, Cliente  59, 15166.994314452368 )
( Sucursal  8,  760, Cliente  60, 13290.375128877118 )
( Sucursal  8,  761, Cliente  61, 18798.950618780294 )
( Sucursal  8,  762, Cliente  62, 16997.771415927808 )
( Sucursal  8,  763, Cliente  63, 13314.443004580355 )
( Sucursal  8,  764, Cliente  64, 11494.004697833634 )
( Sucursal  8,  765, Cliente  65, 13893.752636719239 )
( Sucursal  8,  766, Cliente  66, 27140.52144530818 )
( Sucursal  8,  767, Cliente  67, 7822.3680128796705 )
( Sucursal  8,  768, Cliente  68, 16548.9592047558 )
( Sucursal  8,  769, Cliente  69, 29159.25231728801 )
( Sucursal  8,  770, Cliente  70, 7401.470180161687 )
( Sucursal  8,  771, Cliente  71, 1608.8883742099886 )
( Sucursal  8,  772, Cliente  72, 24590.409119623208 )
( Sucursal  8,  773, Cliente  73, 13923.71308592018 )
( Sucursal  8,  774, Cliente  74, 21840.39157419223 )
( Sucursal  8,  775, Cliente  75, 8348.274873849108 )
( Sucursal  8,  776, Cliente  76, 27767.727413675748 )
( Sucursal  8,  777, Cliente  77, 14204.608547964754 )
( Sucursal  8,  778, Cliente  78, 27853.890240549492 )
( Sucursal  8,  779, Cliente  79, 10536.933596451661 )
( Sucursal  8,  780, Cliente  80, 11715.21624925086 )
( Sucursal  8,  781, Cliente  81, 8462.513571208965 )
( Sucursal  8,  782, Cliente  82, 7860.8211282097445 )
( Sucursal  8,  783, Cliente  83, 15729.273584972181 )
( Sucursal  8,  784, Cliente  84, 5320.0597450894 )
( Sucursal  8,  785, Cliente  85, 17857.481457830756 )
( Sucursal  8,  786, Cliente  86, 12336.105736719892 )
( Sucursal  8,  787, Cliente  87, 11184.863456996169 )
( Sucursal  8,  788, Cliente  88, 26894.294777845516 )
( Sucursal  8,  789, Cliente  89, 26071.284922391133 )
( Sucursal  8,  790, Cliente  90, 19341.941126809877 )
( Sucursal  8,  791, Cliente  91, 27980.32108854796 )
( Sucursal  8,  792, Cliente  92, 13712.397577534957 )
( Sucursal  8,  793, Cliente  93, 763.8191181879419 )
( Sucursal  8,  794, Cliente  94, 18788.82824307156 )
( Sucursal  8,  795, Cliente  95, 21679.95732663545 )
( Sucursal  8,  796, Cliente  96, 24551.894944182677 )
( Sucursal  8,  797, Cliente  97, 16412.74601458341 )
( Sucursal  8,  798, Cliente  98, 11489.662018557676 )
( Sucursal  8,  799, Cliente  99, 10771.497547153102 )
( Sucursal  8,  800, Cliente 100, 1247.9500100087505 )
( Sucursal  9,  801, Cliente   1, 3759.404783196959 )
( Sucursal  9,  802, Cliente   2, 5895.093517694745 )
( Sucursal  9,  803, Cliente   3, 15799.577148982118 )
( Sucursal  9,  804, Cliente   4, 22521.437999903865 )
( Sucursal  9,  805, Cliente   5, 27592.026315125673 )
( Sucursal  9,  806, Cliente   6, 14485.700231079314 )
( Sucursal  9,  807, Cliente   7, 10834.487335387685 )
( Sucursal  9,  808, Cliente   8, 2337.6811168662 )
( Sucursal  9,  809, Cliente   9, 19434.89136495787 )
( Sucursal  9,  810, Cliente  10, 5456.4384755315195 )
( Sucursal  9,  811, Cliente  11, 2349.8379542936013 )
( Sucursal  9,  812, Cliente  12, 9756.938795228429 )
( Sucursal  9,  813, Cliente  13, 10128.709220076675 )
( Sucursal  9,  814, Cliente  14, 22666.708108944153 )
( Sucursal  9,  815, Cliente  15, 26961.408367736065 )
( Sucursal  9,  816, Cliente  16, 26871.519825249114 )
( Sucursal  9,  817, Cliente  17, 16220.532472423758 )
( Sucursal  9,  818, Cliente  18, 21920.616869416805 )
( Sucursal  9,  819, Cliente  19, 26414.727819500455 )
( Sucursal  9,  820, Cliente  20, 16068.66843766901 )
( Sucursal  9,  821, Cliente  21, 9675.00263323173 )
( Sucursal  9,  822, Cliente  22, 15739.44414542985 )
( Sucursal  9,  823, Cliente  23, 6396.721045048703 )
( Sucursal  9,  824, Cliente  24, 12860.066848832526 )
( Sucursal  9,  825, Cliente  25, 28676.001324960245 )
( Sucursal  9,  826, Cliente  26, 14714.494601628616 )
( Sucursal  9,  827, Cliente  27, 554.6880681757582 )
( Sucursal  9,  828, Cliente  28, 21166.819879847957 )
( Sucursal  9,  829, Cliente  29, 23040.084440915864 )
( Sucursal  9,  830, Cliente  30, 7963.878545470956 )
( Sucursal  9,  831, Cliente  31, 12991.521827883469 )
( Sucursal  9,  832, Cliente  32, 16728.041045219317 )
( Sucursal  9,  833, Cliente  33, 25841.614457301053 )
( Sucursal  9,  834, Cliente  34, 27504.882728993278 )
( Sucursal  9,  835, Cliente  35, 29023.822189983042 )
( Sucursal  9,  836, Cliente  36, 15684.677819505292 )
( Sucursal  9,  837, Cliente  37, 25480.42688494554 )
( Sucursal  9,  838, Cliente  38, 28711.28595178488 )
( Sucursal  9,  839, Cliente  39, 22952.648040899032 )
( Sucursal  9,  840, Cliente  40, 15799.642972428255 )
( Sucursal  9,  841, Cliente  41, 24497.448630613722 )
( Sucursal  9,  842, Cliente  42, 27675.034603680117 )
( Sucursal  9,  843, Cliente  43, 11812.244941670137 )
( Sucursal  9,  844, Cliente  44, 26017.75777278702 )
( Sucursal  9,  845, Cliente  45, 26877.856175308774 )
( Sucursal  9,  846, Cliente  46, 5080.7161387159595 )
( Sucursal  9,  847, Cliente  47, 7518.188446027699 )
( Sucursal  9,  848, Cliente  48, 20617.571105721974 )
( Sucursal  9,  849, Cliente  49, 24633.964524773164 )
( Sucursal  9,  850, Cliente  50, 13499.478802118028 )
( Sucursal  9,  851, Cliente  51, 13849.240777476814 )
( Sucursal  9,  852, Cliente  52, 11992.32127332508 )
( Sucursal  9,  853, Cliente  53, 21902.243993321375 )
( Sucursal  9,  854, Cliente  54, 3141.9929463535645 )
( Sucursal  9,  855, Cliente  55, 12546.940669114316 )
( Sucursal  9,  856, Cliente  56, 6188.573614087623 )
( Sucursal  9,  857, Cliente  57, 9726.12674044141 )
( Sucursal  9,  858, Cliente  58, 27056.406041425627 )
( Sucursal  9,  859, Cliente  59, 21720.443739354203 )
( Sucursal  9,  860, Cliente  60, 2360.8255976696882 )
( Sucursal  9,  861, Cliente  61, 5736.88254849572 )
( Sucursal  9,  862, Cliente  62, 6122.731145580896 )
( Sucursal  9,  863, Cliente  63, 12285.704448327928 )
( Sucursal  9,  864, Cliente  64, 15940.371825947179 )
( Sucursal  9,  865, Cliente  65, 22673.344602115805 )
( Sucursal  9,  866, Cliente  66, 17397.982849671676 )
( Sucursal  9,  867, Cliente  67, 20073.60238544304 )
( Sucursal  9,  868, Cliente  68, 3380.2125190402103 )
( Sucursal  9,  869, Cliente  69, 25115.555211481063 )
( Sucursal  9,  870, Cliente  70, 29964.429303799512 )
( Sucursal  9,  871, Cliente  71, 9767.249338487563 )
( Sucursal  9,  872, Cliente  72, 22234.33360509674 )
( Sucursal  9,  873, Cliente  73, 6836.099899176867 )
( Sucursal  9,  874, Cliente  74, 14284.314867670813 )
( Sucursal  9,  875, Cliente  75, 11736.246565522124 )
( Sucursal  9,  876, Cliente  76, 619.7045149127188 )
( Sucursal  9,  877, Cliente  77, 2690.6421335861096 )
( Sucursal  9,  878, Cliente  78, 8720.219208136128 )
( Sucursal  9,  879, Cliente  79, 26550.14606238568 )
( Sucursal  9,  880, Cliente  80, 1870.839226979865 )
( Sucursal  9,  881, Cliente  81, 6093.3107843262615 )
( Sucursal  9,  882, Cliente  82, 3840.325196995901 )
( Sucursal  9,  883, Cliente  83, 1751.5234090802812 )
( Sucursal  9,  884, Cliente  84, 22812.706024328596 )
( Sucursal  9,  885, Cliente  85, 7145.372206912376 )
( Sucursal  9,  886, Cliente  86, 25964.83058420719 )
( Sucursal  9,  887, Cliente  87, 20694.608385993455 )
( Sucursal  9,  888, Cliente  88, 4785.61240687351 )
( Sucursal  9,  889, Cliente  89, 9693.185713720404 )
( Sucursal  9,  890, Cliente  90, 11292.176241332827 )
( Sucursal  9,  891, Cliente  91, 2914.2088642120484 )
( Sucursal  9,  892, Cliente  92, 4837.774838789883 )
( Sucursal  9,  893, Cliente  93, 4405.470800566447 )
( Sucursal  9,  894, Cliente  94, 10733.061692205245 )
( Sucursal  9,  895, Cliente  95, 18548.421119244693 )
( Sucursal  9,  896, Cliente  96, 1610.4561739928324 )
( Sucursal  9,  897, Cliente  97, 20871.31330653767 )
( Sucursal  9,  898, Cliente  98, 6397.001124189502 )
( Sucursal  9,  899, Cliente  99, 8261.672177947828 )
( Sucursal  9,  900, Cliente 100, 1704.971247583148 )
( Sucursal 10,  901, Cliente   1, 16518.405047575943 )
( Sucursal 10,  902, Cliente   2, 27318.4009489959 )
( Sucursal 10,  903, Cliente   3, 5877.213372008281 )
( Sucursal 10,  904, Cliente   4, 20861.380723587434 )
( Sucursal 10,  905, Cliente   5, 8766.252033242154 )
( Sucursal 10,  906, Cliente   6, 2169.866224003184 )
( Sucursal 10,  907, Cliente   7, 3052.095423458938 )
( Sucursal 10,  908, Cliente   8, 27173.24266976209 )
( Sucursal 10,  909, Cliente   9, 7611.179459629711 )
( Sucursal 10,  910, Cliente  10, 23293.00018294668 )
( Sucursal 10,  911, Cliente  11, 28366.444869756866 )
( Sucursal 10,  912, Cliente  12, 17570.64801498758 )
( Sucursal 10,  913, Cliente  13, 8650.057367539155 )
( Sucursal 10,  914, Cliente  14, 7372.638706846956 )
( Sucursal 10,  915, Cliente  15, 6535.621677542122 )
( Sucursal 10,  916, Cliente  16, 24024.25339862223 )
( Sucursal 10,  917, Cliente  17, 19836.785649258607 )
( Sucursal 10,  918, Cliente  18, 627.3399918632765 )
( Sucursal 10,  919, Cliente  19, 2178.467354640474 )
( Sucursal 10,  920, Cliente  20, 28976.623589325496 )
( Sucursal 10,  921, Cliente  21, 15053.717217367137 )
( Sucursal 10,  922, Cliente  22, 9014.776810573292 )
( Sucursal 10,  923, Cliente  23, 21696.84397878143 )
( Sucursal 10,  924, Cliente  24, 2083.6138492453456 )
( Sucursal 10,  925, Cliente  25, 13272.955149371233 )
( Sucursal 10,  926, Cliente  26, 27431.888924638544 )
( Sucursal 10,  927, Cliente  27, 28448.933109232552 )
( Sucursal 10,  928, Cliente  28, 14237.06505320374 )
( Sucursal 10,  929, Cliente  29, 7556.42369051763 )
( Sucursal 10,  930, Cliente  30, 19088.216983372437 )
( Sucursal 10,  931, Cliente  31, 17826.99686261995 )
( Sucursal 10,  932, Cliente  32, 28748.428068797086 )
( Sucursal 10,  933, Cliente  33, 7434.821560306076 )
( Sucursal 10,  934, Cliente  34, 23628.396734212973 )
( Sucursal 10,  935, Cliente  35, 9741.800375931454 )
( Sucursal 10,  936, Cliente  36, 8531.235251490538 )
( Sucursal 10,  937, Cliente  37, 7973.762480738766 )
( Sucursal 10,  938, Cliente  38, 17929.475407806738 )
( Sucursal 10,  939, Cliente  39, 18458.1730742503 )
( Sucursal 10,  940, Cliente  40, 3460.0025385371487 )
( Sucursal 10,  941, Cliente  41, 23216.04480152062 )
( Sucursal 10,  942, Cliente  42, 8848.624536336112 )
( Sucursal 10,  943, Cliente  43, 5210.122635332507 )
( Sucursal 10,  944, Cliente  44, 3466.7706893982768 )
( Sucursal 10,  945, Cliente  45, 15353.844142707921 )
( Sucursal 10,  946, Cliente  46, 22785.03912718266 )
( Sucursal 10,  947, Cliente  47, 15859.819012813707 )
( Sucursal 10,  948, Cliente  48, 22153.142824414397 )
( Sucursal 10,  949, Cliente  49, 19261.88921758487 )
( Sucursal 10,  950, Cliente  50, 13303.451007843489 )
( Sucursal 10,  951, Cliente  51, 17829.758818274342 )
( Sucursal 10,  952, Cliente  52, 19703.38542983599 )
( Sucursal 10,  953, Cliente  53, 1572.1520812009887 )
( Sucursal 10,  954, Cliente  54, 9321.062745883975 )
( Sucursal 10,  955, Cliente  55, 8884.33618612999 )
( Sucursal 10,  956, Cliente  56, 22245.98043687585 )
( Sucursal 10,  957, Cliente  57, 24252.926806076754 )
( Sucursal 10,  958, Cliente  58, 25963.854562839806 )
( Sucursal 10,  959, Cliente  59, 7590.304113153929 )
( Sucursal 10,  960, Cliente  60, 7963.852387810348 )
( Sucursal 10,  961, Cliente  61, 8288.041993354811 )
( Sucursal 10,  962, Cliente  62, 19305.551044394877 )
( Sucursal 10,  963, Cliente  63, 19914.74423443975 )
( Sucursal 10,  964, Cliente  64, 7561.649996233902 )
( Sucursal 10,  965, Cliente  65, 16239.950856518746 )
( Sucursal 10,  966, Cliente  66, 3063.2202199065805 )
( Sucursal 10,  967, Cliente  67, 5084.0644082737435 )
( Sucursal 10,  968, Cliente  68, 29394.04024287456 )
( Sucursal 10,  969, Cliente  69, 4793.159792161254 )
( Sucursal 10,  970, Cliente  70, 17750.73523789375 )
( Sucursal 10,  971, Cliente  71, 13943.72233187003 )
( Sucursal 10,  972, Cliente  72, 7205.068198070675 )
( Sucursal 10,  973, Cliente  73, 4663.8603518885875 )
( Sucursal 10,  974, Cliente  74, 27206.760182660284 )
( Sucursal 10,  975, Cliente  75, 28005.485392433806 )
( Sucursal 10,  976, Cliente  76, 7585.539203103245 )
( Sucursal 10,  977, Cliente  77, 10974.020992832113 )
( Sucursal 10,  978, Cliente  78, 27097.724333030612 )
( Sucursal 10,  979, Cliente  79, 9095.699450152437 )
( Sucursal 10,  980, Cliente  80, 6314.828214495809 )
( Sucursal 10,  981, Cliente  81, 753.8166845519665 )
( Sucursal 10,  982, Cliente  82, 27135.198851770758 )
( Sucursal 10,  983, Cliente  83, 18858.750665235635 )
( Sucursal 10,  984, Cliente  84, 26483.158965459854 )
( Sucursal 10,  985, Cliente  85, 10366.306337447748 )
( Sucursal 10,  986, Cliente  86, 26979.650227833514 )
( Sucursal 10,  987, Cliente  87, 17565.60115945489 )
( Sucursal 10,  988, Cliente  88, 4383.564367389053 )
( Sucursal 10,  989, Cliente  89, 17981.123904300002 )
( Sucursal 10,  990, Cliente  90, 595.6195335085871 )
( Sucursal 10,  991, Cliente  91, 29646.46901416096 )
( Sucursal 10,  992, Cliente  92, 3031.540348777373 )
( Sucursal 10,  993, Cliente  93, 22970.425773378614 )
( Sucursal 10,  994, Cliente  94, 12592.676647738668 )
( Sucursal 10,  995, Cliente  95, 1633.81788143526 )
( Sucursal 10,  996, Cliente  96, 5508.096031130517 )
( Sucursal 10,  997, Cliente  97, 12516.632936455315 )
( Sucursal 10,  998, Cliente  98, 15813.916211295786 )
( Sucursal 10,  999, Cliente  99, 19670.06053157872 )
( Sucursal 10, 1000, Cliente 100, 22739.44723595662 )
