Se crearon 100 clientes en la Sucursal  1
Vuelta: 0.23270021 segundos;	Tiempo: 0.232702315

Se crearon 100 clientes en la Sucursal  2
Vuelta: 0.334676962 segundos;	Tiempo: 0.569922257

Se crearon 100 clientes en la Sucursal  3
Vuelta: 0.536718648 segundos;	Tiempo: 1.106701964

Se crearon 100 clientes en la Sucursal  4
Vuelta: 0.70974655 segundos;	Tiempo: 1.816508531

Se crearon 100 clientes en la Sucursal  5
Vuelta: 0.854859126 segundos;	Tiempo: 2.671430619

Se crearon 100 clientes en la Sucursal  6
Vuelta: 1.055794821 segundos;	Tiempo: 3.727322577

Se crearon 100 clientes en la Sucursal  7
Vuelta: 1.241706096 segundos;	Tiempo: 4.969090963

Se crearon 100 clientes en la Sucursal  8
Vuelta: 1.451754624 segundos;	Tiempo: 6.42097778

Se crearon 100 clientes en la Sucursal  9
Vuelta: 1.660926524 segundos;	Tiempo: 8.082004287

Se crearon 100 clientes en la Sucursal 10
Vuelta: 1.940187867 segundos;	Tiempo: 10.022254754

Tiempo Total: 10.022254754 segundos

Numero de entradas: 1
( Sucursal  1,    0 )
Numero de registros: 1000
( Sucursal  1,    1, Cliente   1, 4004.0655536482623 )
( Sucursal  1,    2, Cliente   2, 1463.5785960843714 )
( Sucursal  1,    3, Cliente   3, 27637.011021039936 )
( Sucursal  1,    4, Cliente   4, 23918.771167673636 )
( Sucursal  1,    5, Cliente   5, 577.673973917525 )
( Sucursal  1,    6, Cliente   6, 495.332336527583 )
( Sucursal  1,    7, Cliente   7, 14240.637468310977 )
( Sucursal  1,    8, Cliente   8, 24027.508555003835 )
( Sucursal  1,    9, Cliente   9, 23977.795358754764 )
( Sucursal  1,   10, Cliente  10, 23902.273505374156 )
( Sucursal  1,   11, Cliente  11, 4429.39460613056 )
( Sucursal  1,   12, Cliente  12, 9228.03429059149 )
( Sucursal  1,   13, Cliente  13, 16769.869514333273 )
( Sucursal  1,   14, Cliente  14, 21086.157634710522 )
( Sucursal  1,   15, Cliente  15, 26698.87995614774 )
( Sucursal  1,   16, Cliente  16, 16806.362767945582 )
( Sucursal  1,   17, Cliente  17, 9434.865669883915 )
( Sucursal  1,   18, Cliente  18, 26750.52290143846 )
( Sucursal  1,   19, Cliente  19, 25517.172834615674 )
( Sucursal  1,   20, Cliente  20, 2435.5418425491703 )
( Sucursal  1,   21, Cliente  21, 18194.988607045496 )
( Sucursal  1,   22, Cliente  22, 4841.867196554265 )
( Sucursal  1,   23, Cliente  23, 29543.882297636876 )
( Sucursal  1,   24, Cliente  24, 6820.828003635012 )
( Sucursal  1,   25, Cliente  25, 9015.405377898027 )
( Sucursal  1,   26, Cliente  26, 26765.085112738743 )
( Sucursal  1,   27, Cliente  27, 3269.159259688325 )
( Sucursal  1,   28, Cliente  28, 12878.853506314836 )
( Sucursal  1,   29, Cliente  29, 2559.962378025546 )
( Sucursal  1,   30, Cliente  30, 2228.1587885298973 )
( Sucursal  1,   31, Cliente  31, 11135.928504054124 )
( Sucursal  1,   32, Cliente  32, 18394.84332917728 )
( Sucursal  1,   33, Cliente  33, 7718.63665810561 )
( Sucursal  1,   34, Cliente  34, 3051.295985160726 )
( Sucursal  1,   35, Cliente  35, 26416.072625051816 )
( Sucursal  1,   36, Cliente  36, 1052.0042673572063 )
( Sucursal  1,   37, Cliente  37, 23229.99488538532 )
( Sucursal  1,   38, Cliente  38, 25297.217296485476 )
( Sucursal  1,   39, Cliente  39, 18867.7860046594 )
( Sucursal  1,   40, Cliente  40, 14677.45059096343 )
( Sucursal  1,   41, Cliente  41, 13956.530085353497 )
( Sucursal  1,   42, Cliente  42, 15906.412644821783 )
( Sucursal  1,   43, Cliente  43, 11609.635453568966 )
( Sucursal  1,   44, Cliente  44, 26147.241137006265 )
( Sucursal  1,   45, Cliente  45, 15663.926493461484 )
( Sucursal  1,   46, Cliente  46, 410.6341588313941 )
( Sucursal  1,   47, Cliente  47, 17375.386177823082 )
( Sucursal  1,   48, Cliente  48, 2593.8801229292594 )
( Sucursal  1,   49, Cliente  49, 4179.939098533539 )
( Sucursal  1,   50, Cliente  50, 15526.363013084097 )
( Sucursal  1,   51, Cliente  51, 11139.612911323187 )
( Sucursal  1,   52, Cliente  52, 18899.388619256035 )
( Sucursal  1,   53, Cliente  53, 4507.375033081538 )
( Sucursal  1,   54, Cliente  54, 5392.153566838211 )
( Sucursal  1,   55, Cliente  55, 11220.264697411747 )
( Sucursal  1,   56, Cliente  56, 18480.755645617006 )
( Sucursal  1,   57, Cliente  57, 3176.1562358514702 )
( Sucursal  1,   58, Cliente  58, 15792.176844227894 )
( Sucursal  1,   59, Cliente  59, 14072.564990204379 )
( Sucursal  1,   60, Cliente  60, 13796.07404165725 )
( Sucursal  1,   61, Cliente  61, 1410.6726706072145 )
( Sucursal  1,   62, Cliente  62, 19884.994921534406 )
( Sucursal  1,   63, Cliente  63, 5609.803555489139 )
( Sucursal  1,   64, Cliente  64, 9939.724086628104 )
( Sucursal  1,   65, Cliente  65, 17500.567188108424 )
( Sucursal  1,   66, Cliente  66, 201.13129648605815 )
( Sucursal  1,   67, Cliente  67, 29090.23338130628 )
( Sucursal  1,   68, Cliente  68, 7758.568140023765 )
( Sucursal  1,   69, Cliente  69, 17435.95716311208 )
( Sucursal  1,   70, Cliente  70, 9895.470306887422 )
( Sucursal  1,   71, Cliente  71, 14109.090793674473 )
( Sucursal  1,   72, Cliente  72, 25626.744777868134 )
( Sucursal  1,   73, Cliente  73, 25389.864027373198 )
( Sucursal  1,   74, Cliente  74, 10904.395940744362 )
( Sucursal  1,   75, Cliente  75, 18856.05769160075 )
( Sucursal  1,   76, Cliente  76, 25201.374022392065 )
( Sucursal  1,   77, Cliente  77, 23380.942328370555 )
( Sucursal  1,   78, Cliente  78, 8856.344463764015 )
( Sucursal  1,   79, Cliente  79, 866.7382447759472 )
( Sucursal  1,   80, Cliente  80, 25847.24487405645 )
( Sucursal  1,   81, Cliente  81, 24675.182296677533 )
( Sucursal  1,   82, Cliente  82, 12170.717123690396 )
( Sucursal  1,   83, Cliente  83, 10728.425667913338 )
( Sucursal  1,   84, Cliente  84, 20034.63304579072 )
( Sucursal  1,   85, Cliente  85, 27728.620837594484 )
( Sucursal  1,   86, Cliente  86, 14521.556247130056 )
( Sucursal  1,   87, Cliente  87, 11159.367747620818 )
( Sucursal  1,   88, Cliente  88, 9730.076561785654 )
( Sucursal  1,   89, Cliente  89, 28086.328441979487 )
( Sucursal  1,   90, Cliente  90, 24088.815228097126 )
( Sucursal  1,   91, Cliente  91, 28400.653194549825 )
( Sucursal  1,   92, Cliente  92, 163.5631318895096 )
( Sucursal  1,   93, Cliente  93, 898.3252734786569 )
( Sucursal  1,   94, Cliente  94, 6888.653283745642 )
( Sucursal  1,   95, Cliente  95, 4019.6143794427335 )
( Sucursal  1,   96, Cliente  96, 26005.587136363316 )
( Sucursal  1,   97, Cliente  97, 22415.76249480402 )
( Sucursal  1,   98, Cliente  98, 13175.93229647898 )
( Sucursal  1,   99, Cliente  99, 4833.010535770061 )
( Sucursal  1,  100, Cliente 100, 19999.313426686305 )
( Sucursal  2,  101, Cliente   1, 9861.303903143804 )
( Sucursal  2,  102, Cliente   2, 11112.651015626523 )
( Sucursal  2,  103, Cliente   3, 14509.845807129173 )
( Sucursal  2,  104, Cliente   4, 695.4257085490094 )
( Sucursal  2,  105, Cliente   5, 5187.995135170599 )
( Sucursal  2,  106, Cliente   6, 20754.91804130038 )
( Sucursal  2,  107, Cliente   7, 23720.88234671606 )
( Sucursal  2,  108, Cliente   8, 22877.33367648565 )
( Sucursal  2,  109, Cliente   9, 7740.527083581151 )
( Sucursal  2,  110, Cliente  10, 17247.775198163145 )
( Sucursal  2,  111, Cliente  11, 24853.76256439845 )
( Sucursal  2,  112, Cliente  12, 10210.709425591042 )
( Sucursal  2,  113, Cliente  13, 10650.977187049666 )
( Sucursal  2,  114, Cliente  14, 816.979455248945 )
( Sucursal  2,  115, Cliente  15, 18293.671909016262 )
( Sucursal  2,  116, Cliente  16, 1164.1602702502812 )
( Sucursal  2,  117, Cliente  17, 16215.399239663957 )
( Sucursal  2,  118, Cliente  18, 24637.694805408588 )
( Sucursal  2,  119, Cliente  19, 7534.764321268733 )
( Sucursal  2,  120, Cliente  20, 21197.8696270236 )
( Sucursal  2,  121, Cliente  21, 14480.626641017736 )
( Sucursal  2,  122, Cliente  22, 12685.788059727729 )
( Sucursal  2,  123, Cliente  23, 7253.248921844948 )
( Sucursal  2,  124, Cliente  24, 22390.009523390374 )
( Sucursal  2,  125, Cliente  25, 10798.37517851416 )
( Sucursal  2,  126, Cliente  26, 7840.404634203419 )
( Sucursal  2,  127, Cliente  27, 12933.147175665375 )
( Sucursal  2,  128, Cliente  28, 9684.495695761489 )
( Sucursal  2,  129, Cliente  29, 2772.580835756562 )
( Sucursal  2,  130, Cliente  30, 15945.566217872578 )
( Sucursal  2,  131, Cliente  31, 11596.847963006232 )
( Sucursal  2,  132, Cliente  32, 6126.372355882941 )
( Sucursal  2,  133, Cliente  33, 22549.655011959123 )
( Sucursal  2,  134, Cliente  34, 27057.467455747617 )
( Sucursal  2,  135, Cliente  35, 2145.7328506840076 )
( Sucursal  2,  136, Cliente  36, 4125.004376588657 )
( Sucursal  2,  137, Cliente  37, 19960.817333628213 )
( Sucursal  2,  138, Cliente  38, 17600.946773025767 )
( Sucursal  2,  139, Cliente  39, 29469.110490293566 )
( Sucursal  2,  140, Cliente  40, 10920.317202494572 )
( Sucursal  2,  141, Cliente  41, 20452.07761466542 )
( Sucursal  2,  142, Cliente  42, 25798.6721101888 )
( Sucursal  2,  143, Cliente  43, 224.07232689577444 )
( Sucursal  2,  144, Cliente  44, 23029.547198710545 )
( Sucursal  2,  145, Cliente  45, 17777.927334765627 )
( Sucursal  2,  146, Cliente  46, 13285.133453946522 )
( Sucursal  2,  147, Cliente  47, 5154.084403775927 )
( Sucursal  2,  148, Cliente  48, 4036.3794908450523 )
( Sucursal  2,  149, Cliente  49, 13260.861715902893 )
( Sucursal  2,  150, Cliente  50, 2211.1176156136407 )
( Sucursal  2,  151, Cliente  51, 16319.743283689113 )
( Sucursal  2,  152, Cliente  52, 4937.0871161189125 )
( Sucursal  2,  153, Cliente  53, 22560.78449657976 )
( Sucursal  2,  154, Cliente  54, 9024.847619393106 )
( Sucursal  2,  155, Cliente  55, 4898.572479823733 )
( Sucursal  2,  156, Cliente  56, 7870.4563322570875 )
( Sucursal  2,  157, Cliente  57, 9801.82680525151 )
( Sucursal  2,  158, Cliente  58, 22052.280800896006 )
( Sucursal  2,  159, Cliente  59, 21917.175190738046 )
( Sucursal  2,  160, Cliente  60, 15372.351878572132 )
( Sucursal  2,  161, Cliente  61, 9457.705255848703 )
( Sucursal  2,  162, Cliente  62, 28837.896580546134 )
( Sucursal  2,  163, Cliente  63, 12417.143029195291 )
( Sucursal  2,  164, Cliente  64, 29345.276963940578 )
( Sucursal  2,  165, Cliente  65, 22377.644955195807 )
( Sucursal  2,  166, Cliente  66, 27171.37909322642 )
( Sucursal  2,  167, Cliente  67, 16704.21719083165 )
( Sucursal  2,  168, Cliente  68, 6281.103935235896 )
( Sucursal  2,  169, Cliente  69, 15791.12502981294 )
( Sucursal  2,  170, Cliente  70, 20914.34172227253 )
( Sucursal  2,  171, Cliente  71, 20229.491193897928 )
( Sucursal  2,  172, Cliente  72, 23288.972265770106 )
( Sucursal  2,  173, Cliente  73, 6410.847498176665 )
( Sucursal  2,  174, Cliente  74, 28751.080845909237 )
( Sucursal  2,  175, Cliente  75, 9801.600660077882 )
( Sucursal  2,  176, Cliente  76, 25545.726141044666 )
( Sucursal  2,  177, Cliente  77, 16684.598200614055 )
( Sucursal  2,  178, Cliente  78, 1215.805894459373 )
( Sucursal  2,  179, Cliente  79, 24034.37158678005 )
( Sucursal  2,  180, Cliente  80, 28671.011439658956 )
( Sucursal  2,  181, Cliente  81, 25635.24724044894 )
( Sucursal  2,  182, Cliente  82, 26211.579961119383 )
( Sucursal  2,  183, Cliente  83, 20652.985076273668 )
( Sucursal  2,  184, Cliente  84, 17522.866855034958 )
( Sucursal  2,  185, Cliente  85, 20456.646927831698 )
( Sucursal  2,  186, Cliente  86, 3387.0029727306146 )
( Sucursal  2,  187, Cliente  87, 13209.08244582556 )
( Sucursal  2,  188, Cliente  88, 26032.9316253335 )
( Sucursal  2,  189, Cliente  89, 12703.991462018319 )
( Sucursal  2,  190, Cliente  90, 16774.585633767096 )
( Sucursal  2,  191, Cliente  91, 2048.2624730215757 )
( Sucursal  2,  192, Cliente  92, 7553.042141272878 )
( Sucursal  2,  193, Cliente  93, 11542.360232927875 )
( Sucursal  2,  194, Cliente  94, 9360.715915942912 )
( Sucursal  2,  195, Cliente  95, 28098.02891318861 )
( Sucursal  2,  196, Cliente  96, 28745.622079983073 )
( Sucursal  2,  197, Cliente  97, 27488.210172211962 )
( Sucursal  2,  198, Cliente  98, 19650.94152061746 )
( Sucursal  2,  199, Cliente  99, 13836.299085427598 )
( Sucursal  2,  200, Cliente 100, 5737.840221064894 )
( Sucursal  3,  201, Cliente   1, 4091.3704053449646 )
( Sucursal  3,  202, Cliente   2, 12612.02070026747 )
( Sucursal  3,  203, Cliente   3, 3421.840041519363 )
( Sucursal  3,  204, Cliente   4, 1281.4991661003571 )
( Sucursal  3,  205, Cliente   5, 9176.978211808897 )
( Sucursal  3,  206, Cliente   6, 16390.12894801927 )
( Sucursal  3,  207, Cliente   7, 26539.28478664703 )
( Sucursal  3,  208, Cliente   8, 19276.525664297435 )
( Sucursal  3,  209, Cliente   9, 28357.015525701878 )
( Sucursal  3,  210, Cliente  10, 14685.47421451148 )
( Sucursal  3,  211, Cliente  11, 21631.671815932146 )
( Sucursal  3,  212, Cliente  12, 12481.229096673842 )
( Sucursal  3,  213, Cliente  13, 29104.64921075651 )
( Sucursal  3,  214, Cliente  14, 15411.065566291172 )
( Sucursal  3,  215, Cliente  15, 27281.782064945837 )
( Sucursal  3,  216, Cliente  16, 2017.5878002637362 )
( Sucursal  3,  217, Cliente  17, 28969.601566448102 )
( Sucursal  3,  218, Cliente  18, 2298.9597092798717 )
( Sucursal  3,  219, Cliente  19, 22776.66567029968 )
( Sucursal  3,  220, Cliente  20, 22649.42153821441 )
( Sucursal  3,  221, Cliente  21, 25465.98333405163 )
( Sucursal  3,  222, Cliente  22, 7699.757405772195 )
( Sucursal  3,  223, Cliente  23, 1600.5293233895982 )
( Sucursal  3,  224, Cliente  24, 25864.932840815065 )
( Sucursal  3,  225, Cliente  25, 20469.081553716474 )
( Sucursal  3,  226, Cliente  26, 19604.224147339657 )
( Sucursal  3,  227, Cliente  27, 28267.899910091714 )
( Sucursal  3,  228, Cliente  28, 26415.279313435134 )
( Sucursal  3,  229, Cliente  29, 11894.82749314304 )
( Sucursal  3,  230, Cliente  30, 6742.9106187173675 )
( Sucursal  3,  231, Cliente  31, 29989.406068982382 )
( Sucursal  3,  232, Cliente  32, 9334.356844559346 )
( Sucursal  3,  233, Cliente  33, 15730.77304792343 )
( Sucursal  3,  234, Cliente  34, 9150.278992881304 )
( Sucursal  3,  235, Cliente  35, 29758.90196100402 )
( Sucursal  3,  236, Cliente  36, 24944.10435805272 )
( Sucursal  3,  237, Cliente  37, 25122.470178210675 )
( Sucursal  3,  238, Cliente  38, 14434.566877020072 )
( Sucursal  3,  239, Cliente  39, 27894.704302856604 )
( Sucursal  3,  240, Cliente  40, 20464.709485455278 )
( Sucursal  3,  241, Cliente  41, 27808.50758973678 )
( Sucursal  3,  242, Cliente  42, 29489.61950528467 )
( Sucursal  3,  243, Cliente  43, 17464.356850604643 )
( Sucursal  3,  244, Cliente  44, 26175.144059645598 )
( Sucursal  3,  245, Cliente  45, 11325.525355918666 )
( Sucursal  3,  246, Cliente  46, 1372.7622494137213 )
( Sucursal  3,  247, Cliente  47, 10878.010336683763 )
( Sucursal  3,  248, Cliente  48, 25920.0797395506 )
( Sucursal  3,  249, Cliente  49, 4685.761216063525 )
( Sucursal  3,  250, Cliente  50, 29613.51959459 )
( Sucursal  3,  251, Cliente  51, 1801.1796194664298 )
( Sucursal  3,  252, Cliente  52, 10131.001079050564 )
( Sucursal  3,  253, Cliente  53, 7751.371375203538 )
( Sucursal  3,  254, Cliente  54, 27338.978652001446 )
( Sucursal  3,  255, Cliente  55, 10003.758946276694 )
( Sucursal  3,  256, Cliente  56, 28735.916794865076 )
( Sucursal  3,  257, Cliente  57, 12409.438528878864 )
( Sucursal  3,  258, Cliente  58, 12410.859309272912 )
( Sucursal  3,  259, Cliente  59, 9313.693083987233 )
( Sucursal  3,  260, Cliente  60, 13123.164271790249 )
( Sucursal  3,  261, Cliente  61, 26865.10311290084 )
( Sucursal  3,  262, Cliente  62, 7315.687918543327 )
( Sucursal  3,  263, Cliente  63, 25808.845151522684 )
( Sucursal  3,  264, Cliente  64, 19706.509946531383 )
( Sucursal  3,  265, Cliente  65, 2836.371228720949 )
( Sucursal  3,  266, Cliente  66, 21491.856048464222 )
( Sucursal  3,  267, Cliente  67, 11419.169513516748 )
( Sucursal  3,  268, Cliente  68, 13743.798736060846 )
( Sucursal  3,  269, Cliente  69, 14556.312385706851 )
( Sucursal  3,  270, Cliente  70, 11300.051569375288 )
( Sucursal  3,  271, Cliente  71, 27979.06199414616 )
( Sucursal  3,  272, Cliente  72, 12103.247242722557 )
( Sucursal  3,  273, Cliente  73, 4727.699362912761 )
( Sucursal  3,  274, Cliente  74, 21105.833177646433 )
( Sucursal  3,  275, Cliente  75, 21090.584550073076 )
( Sucursal  3,  276, Cliente  76, 28623.452827549256 )
( Sucursal  3,  277, Cliente  77, 22214.363548575006 )
( Sucursal  3,  278, Cliente  78, 20207.384568132064 )
( Sucursal  3,  279, Cliente  79, 15332.255617414678 )
( Sucursal  3,  280, Cliente  80, 18279.780876239085 )
( Sucursal  3,  281, Cliente  81, 29570.294195344144 )
( Sucursal  3,  282, Cliente  82, 15462.71518489083 )
( Sucursal  3,  283, Cliente  83, 2056.5430471521886 )
( Sucursal  3,  284, Cliente  84, 26093.307914883473 )
( Sucursal  3,  285, Cliente  85, 22341.58175658883 )
( Sucursal  3,  286, Cliente  86, 11172.139239066522 )
( Sucursal  3,  287, Cliente  87, 8680.259113205217 )
( Sucursal  3,  288, Cliente  88, 13599.007725665768 )
( Sucursal  3,  289, Cliente  89, 7599.898745064494 )
( Sucursal  3,  290, Cliente  90, 13728.081051675636 )
( Sucursal  3,  291, Cliente  91, 19989.113794295008 )
( Sucursal  3,  292, Cliente  92, 20880.747652015787 )
( Sucursal  3,  293, Cliente  93, 872.9090032390345 )
( Sucursal  3,  294, Cliente  94, 27104.719193575573 )
( Sucursal  3,  295, Cliente  95, 6119.796217767699 )
( Sucursal  3,  296, Cliente  96, 393.09727373131557 )
( Sucursal  3,  297, Cliente  97, 17174.634430008045 )
( Sucursal  3,  298, Cliente  98, 22548.154504838178 )
( Sucursal  3,  299, Cliente  99, 26104.446838855587 )
( Sucursal  3,  300, Cliente 100, 2827.7540508658903 )
( Sucursal  4,  301, Cliente   1, 10026.553654889229 )
( Sucursal  4,  302, Cliente   2, 12439.98367148476 )
( Sucursal  4,  303, Cliente   3, 27479.52144546978 )
( Sucursal  4,  304, Cliente   4, 23037.584886184555 )
( Sucursal  4,  305, Cliente   5, 1701.0572147377616 )
( Sucursal  4,  306, Cliente   6, 16231.47195755146 )
( Sucursal  4,  307, Cliente   7, 16603.204356660695 )
( Sucursal  4,  308, Cliente   8, 17910.018492141713 )
( Sucursal  4,  309, Cliente   9, 22488.293272671384 )
( Sucursal  4,  310, Cliente  10, 11804.649249602913 )
( Sucursal  4,  311, Cliente  11, 23318.281281331798 )
( Sucursal  4,  312, Cliente  12, 22596.247752772437 )
( Sucursal  4,  313, Cliente  13, 29627.309247984504 )
( Sucursal  4,  314, Cliente  14, 21592.70836531598 )
( Sucursal  4,  315, Cliente  15, 3226.576778012791 )
( Sucursal  4,  316, Cliente  16, 9695.3725071199 )
( Sucursal  4,  317, Cliente  17, 3318.645525530848 )
( Sucursal  4,  318, Cliente  18, 20179.54820921489 )
( Sucursal  4,  319, Cliente  19, 29356.870373271264 )
( Sucursal  4,  320, Cliente  20, 24980.687488608277 )
( Sucursal  4,  321, Cliente  21, 7649.85139385904 )
( Sucursal  4,  322, Cliente  22, 13430.294453221764 )
( Sucursal  4,  323, Cliente  23, 15094.418016825544 )
( Sucursal  4,  324, Cliente  24, 23575.123126651437 )
( Sucursal  4,  325, Cliente  25, 25435.272109529025 )
( Sucursal  4,  326, Cliente  26, 6532.446727817611 )
( Sucursal  4,  327, Cliente  27, 27782.064003213436 )
( Sucursal  4,  328, Cliente  28, 27820.847613580016 )
( Sucursal  4,  329, Cliente  29, 7300.417964200142 )
( Sucursal  4,  330, Cliente  30, 11798.404426587305 )
( Sucursal  4,  331, Cliente  31, 659.9695043523518 )
( Sucursal  4,  332, Cliente  32, 8149.403199594977 )
( Sucursal  4,  333, Cliente  33, 22793.33203656148 )
( Sucursal  4,  334, Cliente  34, 12459.694439493056 )
( Sucursal  4,  335, Cliente  35, 957.2911985835713 )
( Sucursal  4,  336, Cliente  36, 5238.865179858832 )
( Sucursal  4,  337, Cliente  37, 10407.584179803356 )
( Sucursal  4,  338, Cliente  38, 2293.462101724337 )
( Sucursal  4,  339, Cliente  39, 14401.009325842173 )
( Sucursal  4,  340, Cliente  40, 10454.017244183608 )
( Sucursal  4,  341, Cliente  41, 8786.24853926901 )
( Sucursal  4,  342, Cliente  42, 25545.89805871248 )
( Sucursal  4,  343, Cliente  43, 12736.254046011853 )
( Sucursal  4,  344, Cliente  44, 8684.810384493327 )
( Sucursal  4,  345, Cliente  45, 9345.084326341335 )
( Sucursal  4,  346, Cliente  46, 25664.83142510215 )
( Sucursal  4,  347, Cliente  47, 3920.7959388063023 )
( Sucursal  4,  348, Cliente  48, 14360.192566197195 )
( Sucursal  4,  349, Cliente  49, 10132.699940324987 )
( Sucursal  4,  350, Cliente  50, 22339.79350806427 )
( Sucursal  4,  351, Cliente  51, 10547.92793944834 )
( Sucursal  4,  352, Cliente  52, 20561.40296663861 )
( Sucursal  4,  353, Cliente  53, 125.9731377117093 )
( Sucursal  4,  354, Cliente  54, 13118.935976007968 )
( Sucursal  4,  355, Cliente  55, 15637.338092916947 )
( Sucursal  4,  356, Cliente  56, 24480.819103544793 )
( Sucursal  4,  357, Cliente  57, 20511.812322263268 )
( Sucursal  4,  358, Cliente  58, 15208.206348600881 )
( Sucursal  4,  359, Cliente  59, 5715.768597210299 )
( Sucursal  4,  360, Cliente  60, 2255.546973679839 )
( Sucursal  4,  361, Cliente  61, 11888.868595400254 )
( Sucursal  4,  362, Cliente  62, 27582.78745591731 )
( Sucursal  4,  363, Cliente  63, 181.66733630299598 )
( Sucursal  4,  364, Cliente  64, 18672.09151833534 )
( Sucursal  4,  365, Cliente  65, 16578.249419982265 )
( Sucursal  4,  366, Cliente  66, 4606.381413825404 )
( Sucursal  4,  367, Cliente  67, 11223.26080293619 )
( Sucursal  4,  368, Cliente  68, 17558.29786958137 )
( Sucursal  4,  369, Cliente  69, 24791.662216067256 )
( Sucursal  4,  370, Cliente  70, 23836.857734713565 )
( Sucursal  4,  371, Cliente  71, 20733.341386611373 )
( Sucursal  4,  372, Cliente  72, 27607.22296110085 )
( Sucursal  4,  373, Cliente  73, 26662.881359295603 )
( Sucursal  4,  374, Cliente  74, 14883.472114343653 )
( Sucursal  4,  375, Cliente  75, 20631.114877830787 )
( Sucursal  4,  376, Cliente  76, 20923.98597035149 )
( Sucursal  4,  377, Cliente  77, 24511.049496438787 )
( Sucursal  4,  378, Cliente  78, 12037.77913528415 )
( Sucursal  4,  379, Cliente  79, 562.9496277322546 )
( Sucursal  4,  380, Cliente  80, 9362.061627619958 )
( Sucursal  4,  381, Cliente  81, 10735.041253051633 )
( Sucursal  4,  382, Cliente  82, 10509.35360594008 )
( Sucursal  4,  383, Cliente  83, 20320.57056740378 )
( Sucursal  4,  384, Cliente  84, 13816.608620516019 )
( Sucursal  4,  385, Cliente  85, 512.3512161094952 )
( Sucursal  4,  386, Cliente  86, 21596.50195721164 )
( Sucursal  4,  387, Cliente  87, 7363.762599943237 )
( Sucursal  4,  388, Cliente  88, 1743.7668347266015 )
( Sucursal  4,  389, Cliente  89, 5391.331005500641 )
( Sucursal  4,  390, Cliente  90, 5394.275016331548 )
( Sucursal  4,  391, Cliente  91, 4811.802988468109 )
( Sucursal  4,  392, Cliente  92, 24041.52957598482 )
( Sucursal  4,  393, Cliente  93, 1735.2820545447578 )
( Sucursal  4,  394, Cliente  94, 17367.697708293435 )
( Sucursal  4,  395, Cliente  95, 16288.382709430358 )
( Sucursal  4,  396, Cliente  96, 25948.4795227579 )
( Sucursal  4,  397, Cliente  97, 8391.294470282064 )
( Sucursal  4,  398, Cliente  98, 27634.796878434023 )
( Sucursal  4,  399, Cliente  99, 2282.1829679648868 )
( Sucursal  4,  400, Cliente 100, 28248.883081156764 )
( Sucursal  5,  401, Cliente   1, 12009.249030060813 )
( Sucursal  5,  402, Cliente   2, 17283.141722921777 )
( Sucursal  5,  403, Cliente   3, 14719.84270325457 )
( Sucursal  5,  404, Cliente   4, 29925.25081710775 )
( Sucursal  5,  405, Cliente   5, 11654.026218792327 )
( Sucursal  5,  406, Cliente   6, 28103.035871477965 )
( Sucursal  5,  407, Cliente   7, 5281.901790982481 )
( Sucursal  5,  408, Cliente   8, 5071.431576158289 )
( Sucursal  5,  409, Cliente   9, 12998.91906325475 )
( Sucursal  5,  410, Cliente  10, 10223.751383331963 )
( Sucursal  5,  411, Cliente  11, 3655.3138140349324 )
( Sucursal  5,  412, Cliente  12, 17795.646848277825 )
( Sucursal  5,  413, Cliente  13, 1092.922257133568 )
( Sucursal  5,  414, Cliente  14, 8174.962795030627 )
( Sucursal  5,  415, Cliente  15, 8125.599991257311 )
( Sucursal  5,  416, Cliente  16, 14828.76583376471 )
( Sucursal  5,  417, Cliente  17, 11943.948643174022 )
( Sucursal  5,  418, Cliente  18, 27915.128103244584 )
( Sucursal  5,  419, Cliente  19, 26167.16544210373 )
( Sucursal  5,  420, Cliente  20, 10843.411062262214 )
( Sucursal  5,  421, Cliente  21, 18246.34696337829 )
( Sucursal  5,  422, Cliente  22, 21456.07342671594 )
( Sucursal  5,  423, Cliente  23, 1106.6193353739218 )
( Sucursal  5,  424, Cliente  24, 29801.305150195767 )
( Sucursal  5,  425, Cliente  25, 28236.111557044896 )
( Sucursal  5,  426, Cliente  26, 14492.165700523019 )
( Sucursal  5,  427, Cliente  27, 2074.035383306014 )
( Sucursal  5,  428, Cliente  28, 1373.8975423438967 )
( Sucursal  5,  429, Cliente  29, 27329.922360573393 )
( Sucursal  5,  430, Cliente  30, 10843.88197589626 )
( Sucursal  5,  431, Cliente  31, 18360.41206453116 )
( Sucursal  5,  432, Cliente  32, 23968.279928806533 )
( Sucursal  5,  433, Cliente  33, 10451.620112394674 )
( Sucursal  5,  434, Cliente  34, 11970.884679990244 )
( Sucursal  5,  435, Cliente  35, 22547.162940709684 )
( Sucursal  5,  436, Cliente  36, 8416.943875859959 )
( Sucursal  5,  437, Cliente  37, 26525.110655566164 )
( Sucursal  5,  438, Cliente  38, 17853.251660239617 )
( Sucursal  5,  439, Cliente  39, 14772.222757885937 )
( Sucursal  5,  440, Cliente  40, 1362.2558403029084 )
( Sucursal  5,  441, Cliente  41, 21738.773361841908 )
( Sucursal  5,  442, Cliente  42, 21217.348146944572 )
( Sucursal  5,  443, Cliente  43, 1716.9325667804144 )
( Sucursal  5,  444, Cliente  44, 22815.414686383356 )
( Sucursal  5,  445, Cliente  45, 12577.104847372058 )
( Sucursal  5,  446, Cliente  46, 22879.917241303818 )
( Sucursal  5,  447, Cliente  47, 12612.493589603602 )
( Sucursal  5,  448, Cliente  48, 8475.08702237001 )
( Sucursal  5,  449, Cliente  49, 22315.827536612644 )
( Sucursal  5,  450, Cliente  50, 11800.919095295156 )
( Sucursal  5,  451, Cliente  51, 11768.383270386246 )
( Sucursal  5,  452, Cliente  52, 25424.57879545734 )
( Sucursal  5,  453, Cliente  53, 13262.1878646558 )
( Sucursal  5,  454, Cliente  54, 28079.712041069488 )
( Sucursal  5,  455, Cliente  55, 9239.386288720249 )
( Sucursal  5,  456, Cliente  56, 4221.745249616989 )
( Sucursal  5,  457, Cliente  57, 20537.923312941082 )
( Sucursal  5,  458, Cliente  58, 23383.420360277607 )
( Sucursal  5,  459, Cliente  59, 4236.74012348252 )
( Sucursal  5,  460, Cliente  60, 517.2433371413433 )
( Sucursal  5,  461, Cliente  61, 21052.076595483493 )
( Sucursal  5,  462, Cliente  62, 15296.354498330407 )
( Sucursal  5,  463, Cliente  63, 11800.386054439961 )
( Sucursal  5,  464, Cliente  64, 6654.427462774154 )
( Sucursal  5,  465, Cliente  65, 25940.06534018948 )
( Sucursal  5,  466, Cliente  66, 9764.94740026691 )
( Sucursal  5,  467, Cliente  67, 19737.209512455367 )
( Sucursal  5,  468, Cliente  68, 23467.713804478823 )
( Sucursal  5,  469, Cliente  69, 27585.119511660003 )
( Sucursal  5,  470, Cliente  70, 16957.802554113296 )
( Sucursal  5,  471, Cliente  71, 4228.6782854271705 )
( Sucursal  5,  472, Cliente  72, 16175.87811753498 )
( Sucursal  5,  473, Cliente  73, 22553.890214283572 )
( Sucursal  5,  474, Cliente  74, 11100.809678141924 )
( Sucursal  5,  475, Cliente  75, 22398.806721700086 )
( Sucursal  5,  476, Cliente  76, 952.6089205666243 )
( Sucursal  5,  477, Cliente  77, 7222.160018049404 )
( Sucursal  5,  478, Cliente  78, 7125.539167778174 )
( Sucursal  5,  479, Cliente  79, 18112.359588511008 )
( Sucursal  5,  480, Cliente  80, 29792.232083631312 )
( Sucursal  5,  481, Cliente  81, 8867.515429199411 )
( Sucursal  5,  482, Cliente  82, 21354.632761795383 )
( Sucursal  5,  483, Cliente  83, 27677.74568724062 )
( Sucursal  5,  484, Cliente  84, 24809.29062503996 )
( Sucursal  5,  485, Cliente  85, 4446.025540896543 )
( Sucursal  5,  486, Cliente  86, 15070.091237997074 )
( Sucursal  5,  487, Cliente  87, 8080.078603675297 )
( Sucursal  5,  488, Cliente  88, 19911.817896186807 )
( Sucursal  5,  489, Cliente  89, 8769.90125733825 )
( Sucursal  5,  490, Cliente  90, 1949.411394737708 )
( Sucursal  5,  491, Cliente  91, 3677.070869584784 )
( Sucursal  5,  492, Cliente  92, 5821.637845875811 )
( Sucursal  5,  493, Cliente  93, 8929.16762938039 )
( Sucursal  5,  494, Cliente  94, 4103.845453038992 )
( Sucursal  5,  495, Cliente  95, 17237.462986883897 )
( Sucursal  5,  496, Cliente  96, 27776.917064979523 )
( Sucursal  5,  497, Cliente  97, 25097.529898697358 )
( Sucursal  5,  498, Cliente  98, 21643.840086967746 )
( Sucursal  5,  499, Cliente  99, 20294.154177539727 )
( Sucursal  5,  500, Cliente 100, 12033.232144517784 )
( Sucursal  6,  501, Cliente   1, 27183.510188318436 )
( Sucursal  6,  502, Cliente   2, 22696.569359533318 )
( Sucursal  6,  503, Cliente   3, 19341.632320374913 )
( Sucursal  6,  504, Cliente   4, 20780.433278599037 )
( Sucursal  6,  505, Cliente   5, 4578.127389145222 )
( Sucursal  6,  506, Cliente   6, 1826.210363174573 )
( Sucursal  6,  507, Cliente   7, 21670.638451620136 )
( Sucursal  6,  508, Cliente   8, 22708.578334804584 )
( Sucursal  6,  509, Cliente   9, 19666.718417973556 )
( Sucursal  6,  510, Cliente  10, 6151.390258074966 )
( Sucursal  6,  511, Cliente  11, 27900.252623642955 )
( Sucursal  6,  512, Cliente  12, 7611.353174188748 )
( Sucursal  6,  513, Cliente  13, 10043.72703828837 )
( Sucursal  6,  514, Cliente  14, 19022.705451203314 )
( Sucursal  6,  515, Cliente  15, 10222.753780426052 )
( Sucursal  6,  516, Cliente  16, 29182.526604267307 )
( Sucursal  6,  517, Cliente  17, 7606.864960466721 )
( Sucursal  6,  518, Cliente  18, 19922.349794247086 )
( Sucursal  6,  519, Cliente  19, 23335.731566412403 )
( Sucursal  6,  520, Cliente  20, 15630.066099145231 )
( Sucursal  6,  521, Cliente  21, 25844.909021088275 )
( Sucursal  6,  522, Cliente  22, 949.474196213693 )
( Sucursal  6,  523, Cliente  23, 2776.279024772794 )
( Sucursal  6,  524, Cliente  24, 15985.025253252032 )
( Sucursal  6,  525, Cliente  25, 3469.397140450709 )
( Sucursal  6,  526, Cliente  26, 8894.98529398677 )
( Sucursal  6,  527, Cliente  27, 4345.307160722182 )
( Sucursal  6,  528, Cliente  28, 20759.31228273983 )
( Sucursal  6,  529, Cliente  29, 25897.213779831403 )
( Sucursal  6,  530, Cliente  30, 22060.422335099618 )
( Sucursal  6,  531, Cliente  31, 23823.58262013893 )
( Sucursal  6,  532, Cliente  32, 20916.666793226934 )
( Sucursal  6,  533, Cliente  33, 24477.4704379298 )
( Sucursal  6,  534, Cliente  34, 8164.350142448996 )
( Sucursal  6,  535, Cliente  35, 28553.93683061399 )
( Sucursal  6,  536, Cliente  36, 17353.532859008632 )
( Sucursal  6,  537, Cliente  37, 14347.252498992537 )
( Sucursal  6,  538, Cliente  38, 19969.802693821766 )
( Sucursal  6,  539, Cliente  39, 19687.520156081897 )
( Sucursal  6,  540, Cliente  40, 1816.050950309572 )
( Sucursal  6,  541, Cliente  41, 7562.8696802501645 )
( Sucursal  6,  542, Cliente  42, 14184.629379161146 )
( Sucursal  6,  543, Cliente  43, 25330.228720479827 )
( Sucursal  6,  544, Cliente  44, 4376.093163867555 )
( Sucursal  6,  545, Cliente  45, 25426.629908964045 )
( Sucursal  6,  546, Cliente  46, 4148.835981693352 )
( Sucursal  6,  547, Cliente  47, 3460.507877139522 )
( Sucursal  6,  548, Cliente  48, 22650.74135031388 )
( Sucursal  6,  549, Cliente  49, 19711.283759476482 )
( Sucursal  6,  550, Cliente  50, 8365.465704722235 )
( Sucursal  6,  551, Cliente  51, 8327.631274410765 )
( Sucursal  6,  552, Cliente  52, 595.6471783779014 )
( Sucursal  6,  553, Cliente  53, 16735.692656233856 )
( Sucursal  6,  554, Cliente  54, 11834.149760245416 )
( Sucursal  6,  555, Cliente  55, 547.2591832708093 )
( Sucursal  6,  556, Cliente  56, 23213.527624180522 )
( Sucursal  6,  557, Cliente  57, 28918.03330727328 )
( Sucursal  6,  558, Cliente  58, 4752.640264667202 )
( Sucursal  6,  559, Cliente  59, 7161.821388165085 )
( Sucursal  6,  560, Cliente  60, 29584.420556093504 )
( Sucursal  6,  561, Cliente  61, 16282.71069879572 )
( Sucursal  6,  562, Cliente  62, 479.5621368448367 )
( Sucursal  6,  563, Cliente  63, 29928.003942684736 )
( Sucursal  6,  564, Cliente  64, 28912.674833957233 )
( Sucursal  6,  565, Cliente  65, 3475.536515090751 )
( Sucursal  6,  566, Cliente  66, 905.9369951369666 )
( Sucursal  6,  567, Cliente  67, 1929.6024877841905 )
( Sucursal  6,  568, Cliente  68, 22776.37409144053 )
( Sucursal  6,  569, Cliente  69, 23961.828801495394 )
( Sucursal  6,  570, Cliente  70, 23060.906448987665 )
( Sucursal  6,  571, Cliente  71, 4926.976581226211 )
( Sucursal  6,  572, Cliente  72, 20086.96594321842 )
( Sucursal  6,  573, Cliente  73, 8466.717210086985 )
( Sucursal  6,  574, Cliente  74, 17568.127098785608 )
( Sucursal  6,  575, Cliente  75, 2246.758405895223 )
( Sucursal  6,  576, Cliente  76, 14926.727963159643 )
( Sucursal  6,  577, Cliente  77, 12845.069525207187 )
( Sucursal  6,  578, Cliente  78, 23398.313018930032 )
( Sucursal  6,  579, Cliente  79, 12857.485855086275 )
( Sucursal  6,  580, Cliente  80, 3377.9274748332928 )
( Sucursal  6,  581, Cliente  81, 5714.316983019205 )
( Sucursal  6,  582, Cliente  82, 1585.8017672348494 )
( Sucursal  6,  583, Cliente  83, 1349.0675036470811 )
( Sucursal  6,  584, Cliente  84, 27069.71106030691 )
( Sucursal  6,  585, Cliente  85, 24331.636591716477 )
( Sucursal  6,  586, Cliente  86, 1463.7493684463002 )
( Sucursal  6,  587, Cliente  87, 5161.264078177623 )
( Sucursal  6,  588, Cliente  88, 27850.543857195025 )
( Sucursal  6,  589, Cliente  89, 27730.435305673807 )
( Sucursal  6,  590, Cliente  90, 1930.499743464574 )
( Sucursal  6,  591, Cliente  91, 21685.432934276047 )
( Sucursal  6,  592, Cliente  92, 26266.31238319065 )
( Sucursal  6,  593, Cliente  93, 29766.30647873074 )
( Sucursal  6,  594, Cliente  94, 20390.940542797463 )
( Sucursal  6,  595, Cliente  95, 276.30002264622794 )
( Sucursal  6,  596, Cliente  96, 15631.339240201905 )
( Sucursal  6,  597, Cliente  97, 28258.1547557544 )
( Sucursal  6,  598, Cliente  98, 19523.340686633634 )
( Sucursal  6,  599, Cliente  99, 27398.222580183134 )
( Sucursal  6,  600, Cliente 100, 101.79593064175849 )
( Sucursal  7,  601, Cliente   1, 16029.442646400754 )
( Sucursal  7,  602, Cliente   2, 12789.55556209821 )
( Sucursal  7,  603, Cliente   3, 25204.755714405237 )
( Sucursal  7,  604, Cliente   4, 1922.2463170431474 )
( Sucursal  7,  605, Cliente   5, 5198.073281806138 )
( Sucursal  7,  606, Cliente   6, 15463.124967659964 )
( Sucursal  7,  607, Cliente   7, 24771.885921137633 )
( Sucursal  7,  608, Cliente   8, 11964.266982059455 )
( Sucursal  7,  609, Cliente   9, 12561.332502500112 )
( Sucursal  7,  610, Cliente  10, 9253.897466320555 )
( Sucursal  7,  611, Cliente  11, 15947.474238260702 )
( Sucursal  7,  612, Cliente  12, 11296.232244784122 )
( Sucursal  7,  613, Cliente  13, 12467.898621104063 )
( Sucursal  7,  614, Cliente  14, 1621.6092986164806 )
( Sucursal  7,  615, Cliente  15, 21392.830894977982 )
( Sucursal  7,  616, Cliente  16, 20908.938932904282 )
( Sucursal  7,  617, Cliente  17, 23963.475492670357 )
( Sucursal  7,  618, Cliente  18, 14103.27784825538 )
( Sucursal  7,  619, Cliente  19, 24049.17186843357 )
( Sucursal  7,  620, Cliente  20, 679.8032047950106 )
( Sucursal  7,  621, Cliente  21, 13725.032372504564 )
( Sucursal  7,  622, Cliente  22, 25442.41191818999 )
( Sucursal  7,  623, Cliente  23, 648.3286767549178 )
( Sucursal  7,  624, Cliente  24, 4902.8937159474235 )
( Sucursal  7,  625, Cliente  25, 19198.220417888395 )
( Sucursal  7,  626, Cliente  26, 16691.60688014171 )
( Sucursal  7,  627, Cliente  27, 7551.929881790289 )
( Sucursal  7,  628, Cliente  28, 7896.661483223803 )
( Sucursal  7,  629, Cliente  29, 16766.79326776686 )
( Sucursal  7,  630, Cliente  30, 17758.16275123407 )
( Sucursal  7,  631, Cliente  31, 15866.144363735657 )
( Sucursal  7,  632, Cliente  32, 6801.688308600628 )
( Sucursal  7,  633, Cliente  33, 16280.887271645192 )
( Sucursal  7,  634, Cliente  34, 6186.289307688809 )
( Sucursal  7,  635, Cliente  35, 17060.37023573634 )
( Sucursal  7,  636, Cliente  36, 24209.329260922277 )
( Sucursal  7,  637, Cliente  37, 7979.512712764373 )
( Sucursal  7,  638, Cliente  38, 18126.448477456986 )
( Sucursal  7,  639, Cliente  39, 7561.538546200574 )
( Sucursal  7,  640, Cliente  40, 28890.293007000364 )
( Sucursal  7,  641, Cliente  41, 9827.67013955466 )
( Sucursal  7,  642, Cliente  42, 14694.652738887382 )
( Sucursal  7,  643, Cliente  43, 10365.244503025358 )
( Sucursal  7,  644, Cliente  44, 13788.720344661231 )
( Sucursal  7,  645, Cliente  45, 20999.048354886792 )
( Sucursal  7,  646, Cliente  46, 13934.471268928044 )
( Sucursal  7,  647, Cliente  47, 1254.4566874816685 )
( Sucursal  7,  648, Cliente  48, 8302.01998214499 )
( Sucursal  7,  649, Cliente  49, 4607.945983370651 )
( Sucursal  7,  650, Cliente  50, 11787.09402302164 )
( Sucursal  7,  651, Cliente  51, 1676.70353717593 )
( Sucursal  7,  652, Cliente  52, 2206.568905176519 )
( Sucursal  7,  653, Cliente  53, 23407.246297507587 )
( Sucursal  7,  654, Cliente  54, 12425.070017559367 )
( Sucursal  7,  655, Cliente  55, 5267.842604877892 )
( Sucursal  7,  656, Cliente  56, 23402.42713042797 )
( Sucursal  7,  657, Cliente  57, 7116.4021148396205 )
( Sucursal  7,  658, Cliente  58, 19152.08230000415 )
( Sucursal  7,  659, Cliente  59, 3168.4841668304243 )
( Sucursal  7,  660, Cliente  60, 14017.798013319984 )
( Sucursal  7,  661, Cliente  61, 477.806851667788 )
( Sucursal  7,  662, Cliente  62, 15452.72080725496 )
( Sucursal  7,  663, Cliente  63, 11814.79141545886 )
( Sucursal  7,  664, Cliente  64, 21582.95194665988 )
( Sucursal  7,  665, Cliente  65, 14059.096710855854 )
( Sucursal  7,  666, Cliente  66, 14277.094936041443 )
( Sucursal  7,  667, Cliente  67, 1424.9890810443653 )
( Sucursal  7,  668, Cliente  68, 5782.241272616651 )
( Sucursal  7,  669, Cliente  69, 24448.17397533974 )
( Sucursal  7,  670, Cliente  70, 22762.269684643816 )
( Sucursal  7,  671, Cliente  71, 3847.1869266884064 )
( Sucursal  7,  672, Cliente  72, 10917.165110235688 )
( Sucursal  7,  673, Cliente  73, 14222.165843677287 )
( Sucursal  7,  674, Cliente  74, 6840.92336631462 )
( Sucursal  7,  675, Cliente  75, 9554.183505561348 )
( Sucursal  7,  676, Cliente  76, 8151.489423437494 )
( Sucursal  7,  677, Cliente  77, 15567.408414288839 )
( Sucursal  7,  678, Cliente  78, 17654.70757700725 )
( Sucursal  7,  679, Cliente  79, 27116.62480093912 )
( Sucursal  7,  680, Cliente  80, 21074.691606458215 )
( Sucursal  7,  681, Cliente  81, 27666.996947089563 )
( Sucursal  7,  682, Cliente  82, 21164.734640086554 )
( Sucursal  7,  683, Cliente  83, 3999.585945946147 )
( Sucursal  7,  684, Cliente  84, 10407.988360922216 )
( Sucursal  7,  685, Cliente  85, 14967.36848210292 )
( Sucursal  7,  686, Cliente  86, 15981.84999072086 )
( Sucursal  7,  687, Cliente  87, 5665.784964306316 )
( Sucursal  7,  688, Cliente  88, 13480.401771953686 )
( Sucursal  7,  689, Cliente  89, 4366.673949533689 )
( Sucursal  7,  690, Cliente  90, 24550.417446177205 )
( Sucursal  7,  691, Cliente  91, 11068.789741464048 )
( Sucursal  7,  692, Cliente  92, 25336.653535779587 )
( Sucursal  7,  693, Cliente  93, 2843.648468450111 )
( Sucursal  7,  694, Cliente  94, 27682.12175941763 )
( Sucursal  7,  695, Cliente  95, 3063.9383260839395 )
( Sucursal  7,  696, Cliente  96, 17883.404714588945 )
( Sucursal  7,  697, Cliente  97, 9885.622683381269 )
( Sucursal  7,  698, Cliente  98, 28213.498636995526 )
( Sucursal  7,  699, Cliente  99, 17659.077779531395 )
( Sucursal  7,  700, Cliente 100, 2368.826066215604 )
( Sucursal  8,  701, Cliente   1, 7242.10685587745 )
( Sucursal  8,  702, Cliente   2, 26749.614153506016 )
( Sucursal  8,  703, Cliente   3, 24543.054620963296 )
( Sucursal  8,  704, Cliente   4, 2559.9578584445885 )
( Sucursal  8,  705, Cliente   5, 26857.354449737253 )
( Sucursal  8,  706, Cliente   6, 26881.666826258443 )
( Sucursal  8,  707, Cliente   7, 16048.46911961685 )
( Sucursal  8,  708, Cliente   8, 11928.533970679258 )
( Sucursal  8,  709, Cliente   9, 396.73411143420657 )
( Sucursal  8,  710, Cliente  10, 3103.1192985629077 )
( Sucursal  8,  711, Cliente  11, 17497.308247489156 )
( Sucursal  8,  712, Cliente  12, 9469.918158171851 )
( Sucursal  8,  713, Cliente  13, 24116.743254036024 )
( Sucursal  8,  714, Cliente  14, 18716.479499181813 )
( Sucursal  8,  715, Cliente  15, 21686.070792483057 )
( Sucursal  8,  716, Cliente  16, 25063.995211294456 )
( Sucursal  8,  717, Cliente  17, 13958.384436243268 )
( Sucursal  8,  718, Cliente  18, 27793.996070402394 )
( Sucursal  8,  719, Cliente  19, 17669.532652125436 )
( Sucursal  8,  720, Cliente  20, 16739.95385715462 )
( Sucursal  8,  721, Cliente  21, 25899.826349067913 )
( Sucursal  8,  722, Cliente  22, 25784.396670801852 )
( Sucursal  8,  723, Cliente  23, 29993.162162029857 )
( Sucursal  8,  724, Cliente  24, 25250.61771492521 )
( Sucursal  8,  725, Cliente  25, 14911.03393758376 )
( Sucursal  8,  726, Cliente  26, 1361.486449280524 )
( Sucursal  8,  727, Cliente  27, 7115.529266315136 )
( Sucursal  8,  728, Cliente  28, 14942.241665473888 )
( Sucursal  8,  729, Cliente  29, 10701.07095233742 )
( Sucursal  8,  730, Cliente  30, 12877.812852898425 )
( Sucursal  8,  731, Cliente  31, 5263.99068504952 )
( Sucursal  8,  732, Cliente  32, 702.9208090169556 )
( Sucursal  8,  733, Cliente  33, 18365.976908328972 )
( Sucursal  8,  734, Cliente  34, 18444.429594955185 )
( Sucursal  8,  735, Cliente  35, 14331.47954089522 )
( Sucursal  8,  736, Cliente  36, 13696.962662675269 )
( Sucursal  8,  737, Cliente  37, 15063.99387829152 )
( Sucursal  8,  738, Cliente  38, 28570.332815723978 )
( Sucursal  8,  739, Cliente  39, 2230.404896717277 )
( Sucursal  8,  740, Cliente  40, 920.5601951575787 )
( Sucursal  8,  741, Cliente  41, 23881.52913883081 )
( Sucursal  8,  742, Cliente  42, 16787.890620069873 )
( Sucursal  8,  743, Cliente  43, 7685.067644688913 )
( Sucursal  8,  744, Cliente  44, 1608.0264796503395 )
( Sucursal  8,  745, Cliente  45, 17739.97672954231 )
( Sucursal  8,  746, Cliente  46, 2847.669365537506 )
( Sucursal  8,  747, Cliente  47, 20019.399224367906 )
( Sucursal  8,  748, Cliente  48, 159.7641892387372 )
( Sucursal  8,  749, Cliente  49, 27244.150614425405 )
( Sucursal  8,  750, Cliente  50, 17511.159120769567 )
( Sucursal  8,  751, Cliente  51, 7883.4617033056475 )
( Sucursal  8,  752, Cliente  52, 9619.039515177577 )
( Sucursal  8,  753, Cliente  53, 24342.06316484573 )
( Sucursal  8,  754, Cliente  54, 18558.292806992344 )
( Sucursal  8,  755, Cliente  55, 3024.0082645536245 )
( Sucursal  8,  756, Cliente  56, 5710.454662864679 )
( Sucursal  8,  757, Cliente  57, 8314.854073105877 )
( Sucursal  8,  758, Cliente  58, 28433.723971506366 )
( Sucursal  8,  759, Cliente  59, 15469.654238889356 )
( Sucursal  8,  760, Cliente  60, 16743.242508673837 )
( Sucursal  8,  761, Cliente  61, 2680.0815562910216 )
( Sucursal  8,  762, Cliente  62, 27565.92345521022 )
( Sucursal  8,  763, Cliente  63, 21975.310645440077 )
( Sucursal  8,  764, Cliente  64, 19117.686034224644 )
( Sucursal  8,  765, Cliente  65, 12324.11333597474 )
( Sucursal  8,  766, Cliente  66, 5357.389913454198 )
( Sucursal  8,  767, Cliente  67, 14627.022385124737 )
( Sucursal  8,  768, Cliente  68, 12707.729883049686 )
( Sucursal  8,  769, Cliente  69, 14152.380667346773 )
( Sucursal  8,  770, Cliente  70, 23201.89441604522 )
( Sucursal  8,  771, Cliente  71, 18165.291916707694 )
( Sucursal  8,  772, Cliente  72, 4171.95324261614 )
( Sucursal  8,  773, Cliente  73, 964.6367711378334 )
( Sucursal  8,  774, Cliente  74, 4572.435982962176 )
( Sucursal  8,  775, Cliente  75, 23041.10252326768 )
( Sucursal  8,  776, Cliente  76, 1316.588431945273 )
( Sucursal  8,  777, Cliente  77, 26927.217877012234 )
( Sucursal  8,  778, Cliente  78, 13656.973548824948 )
( Sucursal  8,  779, Cliente  79, 26176.020128487096 )
( Sucursal  8,  780, Cliente  80, 22968.108515363336 )
( Sucursal  8,  781, Cliente  81, 24223.918689768012 )
( Sucursal  8,  782, Cliente  82, 9517.678413367077 )
( Sucursal  8,  783, Cliente  83, 15539.733007427798 )
( Sucursal  8,  784, Cliente  84, 4918.153284746007 )
( Sucursal  8,  785, Cliente  85, 10444.192260033016 )
( Sucursal  8,  786, Cliente  86, 15544.774280617683 )
( Sucursal  8,  787, Cliente  87, 3909.7819820580335 )
( Sucursal  8,  788, Cliente  88, 21093.945658506855 )
( Sucursal  8,  789, Cliente  89, 15548.4369310994 )
( Sucursal  8,  790, Cliente  90, 28321.654319303172 )
( Sucursal  8,  791, Cliente  91, 5216.869649826617 )
( Sucursal  8,  792, Cliente  92, 18234.32874861212 )
( Sucursal  8,  793, Cliente  93, 21223.260043438484 )
( Sucursal  8,  794, Cliente  94, 25238.638171338385 )
( Sucursal  8,  795, Cliente  95, 20822.341902136937 )
( Sucursal  8,  796, Cliente  96, 6309.87942728356 )
( Sucursal  8,  797, Cliente  97, 15436.509657857165 )
( Sucursal  8,  798, Cliente  98, 19906.262286387046 )
( Sucursal  8,  799, Cliente  99, 5109.12741148251 )
( Sucursal  8,  800, Cliente 100, 16788.06639150061 )
( Sucursal  9,  801, Cliente   1, 27344.622298814837 )
( Sucursal  9,  802, Cliente   2, 22760.827141485093 )
( Sucursal  9,  803, Cliente   3, 7905.462334078826 )
( Sucursal  9,  804, Cliente   4, 27029.28650496172 )
( Sucursal  9,  805, Cliente   5, 21399.57538612387 )
( Sucursal  9,  806, Cliente   6, 21125.599121429157 )
( Sucursal  9,  807, Cliente   7, 19577.643835195915 )
( Sucursal  9,  808, Cliente   8, 13037.854425941756 )
( Sucursal  9,  809, Cliente   9, 3853.5279599919163 )
( Sucursal  9,  810, Cliente  10, 10676.808930148998 )
( Sucursal  9,  811, Cliente  11, 14674.75363079306 )
( Sucursal  9,  812, Cliente  12, 22197.43765104156 )
( Sucursal  9,  813, Cliente  13, 15233.812167246246 )
( Sucursal  9,  814, Cliente  14, 17671.02598995104 )
( Sucursal  9,  815, Cliente  15, 12718.82546347495 )
( Sucursal  9,  816, Cliente  16, 11300.201623698618 )
( Sucursal  9,  817, Cliente  17, 1602.3751194759234 )
( Sucursal  9,  818, Cliente  18, 8220.757432381217 )
( Sucursal  9,  819, Cliente  19, 12255.688045492638 )
( Sucursal  9,  820, Cliente  20, 10349.876185768253 )
( Sucursal  9,  821, Cliente  21, 8404.763287435737 )
( Sucursal  9,  822, Cliente  22, 5966.6838145755855 )
( Sucursal  9,  823, Cliente  23, 17906.870327729877 )
( Sucursal  9,  824, Cliente  24, 19022.275836046145 )
( Sucursal  9,  825, Cliente  25, 19120.06015383432 )
( Sucursal  9,  826, Cliente  26, 18055.374429573025 )
( Sucursal  9,  827, Cliente  27, 23370.55042783623 )
( Sucursal  9,  828, Cliente  28, 16684.684624693076 )
( Sucursal  9,  829, Cliente  29, 13623.97493215573 )
( Sucursal  9,  830, Cliente  30, 13041.01544374383 )
( Sucursal  9,  831, Cliente  31, 21835.331093028926 )
( Sucursal  9,  832, Cliente  32, 10336.58280034346 )
( Sucursal  9,  833, Cliente  33, 22883.85562637351 )
( Sucursal  9,  834, Cliente  34, 20444.84166365318 )
( Sucursal  9,  835, Cliente  35, 21977.255906822895 )
( Sucursal  9,  836, Cliente  36, 11575.59217968459 )
( Sucursal  9,  837, Cliente  37, 7674.827215889177 )
( Sucursal  9,  838, Cliente  38, 28238.604884922028 )
( Sucursal  9,  839, Cliente  39, 11415.10637532322 )
( Sucursal  9,  840, Cliente  40, 14410.13751044685 )
( Sucursal  9,  841, Cliente  41, 20335.260947894796 )
( Sucursal  9,  842, Cliente  42, 27194.305535999458 )
( Sucursal  9,  843, Cliente  43, 9605.308271882837 )
( Sucursal  9,  844, Cliente  44, 21825.654915168216 )
( Sucursal  9,  845, Cliente  45, 17821.05266276105 )
( Sucursal  9,  846, Cliente  46, 17415.984205670622 )
( Sucursal  9,  847, Cliente  47, 11250.023701549151 )
( Sucursal  9,  848, Cliente  48, 265.52073771878815 )
( Sucursal  9,  849, Cliente  49, 7754.615877719373 )
( Sucursal  9,  850, Cliente  50, 25880.214297932605 )
( Sucursal  9,  851, Cliente  51, 25096.1335682839 )
( Sucursal  9,  852, Cliente  52, 15324.976202043725 )
( Sucursal  9,  853, Cliente  53, 23097.62821692286 )
( Sucursal  9,  854, Cliente  54, 18336.627976142663 )
( Sucursal  9,  855, Cliente  55, 6687.513882241604 )
( Sucursal  9,  856, Cliente  56, 14641.967410759744 )
( Sucursal  9,  857, Cliente  57, 11292.214830793315 )
( Sucursal  9,  858, Cliente  58, 11178.205335376404 )
( Sucursal  9,  859, Cliente  59, 1433.1552666618081 )
( Sucursal  9,  860, Cliente  60, 4467.888787547962 )
( Sucursal  9,  861, Cliente  61, 27072.035982057878 )
( Sucursal  9,  862, Cliente  62, 24449.483851391804 )
( Sucursal  9,  863, Cliente  63, 13724.224895465073 )
( Sucursal  9,  864, Cliente  64, 20319.38501003891 )
( Sucursal  9,  865, Cliente  65, 28320.415414715826 )
( Sucursal  9,  866, Cliente  66, 8564.360409560646 )
( Sucursal  9,  867, Cliente  67, 18734.74886444621 )
( Sucursal  9,  868, Cliente  68, 13843.970356272124 )
( Sucursal  9,  869, Cliente  69, 8325.877209476275 )
( Sucursal  9,  870, Cliente  70, 29523.754934297573 )
( Sucursal  9,  871, Cliente  71, 26310.783294438832 )
( Sucursal  9,  872, Cliente  72, 26026.145789451737 )
( Sucursal  9,  873, Cliente  73, 12652.974484188291 )
( Sucursal  9,  874, Cliente  74, 3140.8266791275205 )
( Sucursal  9,  875, Cliente  75, 14928.34918507239 )
( Sucursal  9,  876, Cliente  76, 13701.411450055748 )
( Sucursal  9,  877, Cliente  77, 592.7327291675986 )
( Sucursal  9,  878, Cliente  78, 15075.789869123559 )
( Sucursal  9,  879, Cliente  79, 27584.05279710098 )
( Sucursal  9,  880, Cliente  80, 204.45031264997078 )
( Sucursal  9,  881, Cliente  81, 24752.409815040766 )
( Sucursal  9,  882, Cliente  82, 22718.527826046226 )
( Sucursal  9,  883, Cliente  83, 26439.33419781029 )
( Sucursal  9,  884, Cliente  84, 17858.208735850898 )
( Sucursal  9,  885, Cliente  85, 23752.552783841875 )
( Sucursal  9,  886, Cliente  86, 28806.287618219758 )
( Sucursal  9,  887, Cliente  87, 19825.591163905778 )
( Sucursal  9,  888, Cliente  88, 25201.407230056204 )
( Sucursal  9,  889, Cliente  89, 17708.11957144937 )
( Sucursal  9,  890, Cliente  90, 3852.2513035243364 )
( Sucursal  9,  891, Cliente  91, 5462.6695401654615 )
( Sucursal  9,  892, Cliente  92, 14001.008504253125 )
( Sucursal  9,  893, Cliente  93, 12966.384831927959 )
( Sucursal  9,  894, Cliente  94, 1430.9753224298893 )
( Sucursal  9,  895, Cliente  95, 5519.560591519917 )
( Sucursal  9,  896, Cliente  96, 19706.325224970864 )
( Sucursal  9,  897, Cliente  97, 22968.955217956045 )
( Sucursal  9,  898, Cliente  98, 3917.150954368464 )
( Sucursal  9,  899, Cliente  99, 2095.2342240311273 )
( Sucursal  9,  900, Cliente 100, 29699.158461745054 )
( Sucursal 10,  901, Cliente   1, 20312.801561315347 )
( Sucursal 10,  902, Cliente   2, 3284.0775593332232 )
( Sucursal 10,  903, Cliente   3, 8861.492951488864 )
( Sucursal 10,  904, Cliente   4, 9262.866287443374 )
( Sucursal 10,  905, Cliente   5, 12259.084728217565 )
( Sucursal 10,  906, Cliente   6, 14164.436091934958 )
( Sucursal 10,  907, Cliente   7, 12051.911039215413 )
( Sucursal 10,  908, Cliente   8, 17024.108516504133 )
( Sucursal 10,  909, Cliente   9, 13943.343694782452 )
( Sucursal 10,  910, Cliente  10, 5016.016018297549 )
( Sucursal 10,  911, Cliente  11, 25240.259086564616 )
( Sucursal 10,  912, Cliente  12, 18521.452902662957 )
( Sucursal 10,  913, Cliente  13, 5306.9357271209155 )
( Sucursal 10,  914, Cliente  14, 11596.794089312334 )
( Sucursal 10,  915, Cliente  15, 24088.266368282824 )
( Sucursal 10,  916, Cliente  16, 23555.0134969533 )
( Sucursal 10,  917, Cliente  17, 12577.650299408531 )
( Sucursal 10,  918, Cliente  18, 8217.969268091154 )
( Sucursal 10,  919, Cliente  19, 2994.949063186673 )
( Sucursal 10,  920, Cliente  20, 11899.47452533479 )
( Sucursal 10,  921, Cliente  21, 13772.361878719896 )
( Sucursal 10,  922, Cliente  22, 27861.822692743255 )
( Sucursal 10,  923, Cliente  23, 1411.5920102692355 )
( Sucursal 10,  924, Cliente  24, 18704.36714128771 )
( Sucursal 10,  925, Cliente  25, 14908.280710401279 )
( Sucursal 10,  926, Cliente  26, 13952.838096558491 )
( Sucursal 10,  927, Cliente  27, 29024.71638001371 )
( Sucursal 10,  928, Cliente  28, 17785.99416953956 )
( Sucursal 10,  929, Cliente  29, 17244.31480499476 )
( Sucursal 10,  930, Cliente  30, 20836.904624433802 )
( Sucursal 10,  931, Cliente  31, 17246.84731659615 )
( Sucursal 10,  932, Cliente  32, 7597.843243169886 )
( Sucursal 10,  933, Cliente  33, 28177.202341075084 )
( Sucursal 10,  934, Cliente  34, 22261.728498737848 )
( Sucursal 10,  935, Cliente  35, 286.780778272167 )
( Sucursal 10,  936, Cliente  36, 10791.398926104444 )
( Sucursal 10,  937, Cliente  37, 25153.471753971426 )
( Sucursal 10,  938, Cliente  38, 29767.914280144483 )
( Sucursal 10,  939, Cliente  39, 24684.166439554476 )
( Sucursal 10,  940, Cliente  40, 25696.650791366537 )
( Sucursal 10,  941, Cliente  41, 29251.45138551076 )
( Sucursal 10,  942, Cliente  42, 23985.410045651344 )
( Sucursal 10,  943, Cliente  43, 14231.95089656179 )
( Sucursal 10,  944, Cliente  44, 1134.984766472474 )
( Sucursal 10,  945, Cliente  45, 16814.001079425303 )
( Sucursal 10,  946, Cliente  46, 25877.68307173627 )
( Sucursal 10,  947, Cliente  47, 4234.97055612136 )
( Sucursal 10,  948, Cliente  48, 3533.6907956913637 )
( Sucursal 10,  949, Cliente  49, 27907.236898425635 )
( Sucursal 10,  950, Cliente  50, 13516.563715137061 )
( Sucursal 10,  951, Cliente  51, 27648.165203090615 )
( Sucursal 10,  952, Cliente  52, 10323.034371145926 )
( Sucursal 10,  953, Cliente  53, 7792.805725748815 )
( Sucursal 10,  954, Cliente  54, 14058.11344284305 )
( Sucursal 10,  955, Cliente  55, 14074.248753596115 )
( Sucursal 10,  956, Cliente  56, 6720.124087572272 )
( Sucursal 10,  957, Cliente  57, 20799.101273759203 )
( Sucursal 10,  958, Cliente  58, 28673.16689199623 )
( Sucursal 10,  959, Cliente  59, 2011.101086361056 )
( Sucursal 10,  960, Cliente  60, 8452.869653394384 )
( Sucursal 10,  961, Cliente  61, 19870.14215180904 )
( Sucursal 10,  962, Cliente  62, 21816.367885066793 )
( Sucursal 10,  963, Cliente  63, 4328.348108149389 )
( Sucursal 10,  964, Cliente  64, 18327.125534881707 )
( Sucursal 10,  965, Cliente  65, 20773.700254867857 )
( Sucursal 10,  966, Cliente  66, 22054.337416014383 )
( Sucursal 10,  967, Cliente  67, 26681.26056223681 )
( Sucursal 10,  968, Cliente  68, 15555.937939079882 )
( Sucursal 10,  969, Cliente  69, 8436.040406880553 )
( Sucursal 10,  970, Cliente  70, 7828.527661180415 )
( Sucursal 10,  971, Cliente  71, 11757.742657745945 )
( Sucursal 10,  972, Cliente  72, 22954.544429859434 )
( Sucursal 10,  973, Cliente  73, 24756.320621700976 )
( Sucursal 10,  974, Cliente  74, 3627.681043476917 )
( Sucursal 10,  975, Cliente  75, 8463.88002786733 )
( Sucursal 10,  976, Cliente  76, 8756.717706049565 )
( Sucursal 10,  977, Cliente  77, 17946.334599651833 )
( Sucursal 10,  978, Cliente  78, 28935.237537777182 )
( Sucursal 10,  979, Cliente  79, 13132.407320041246 )
( Sucursal 10,  980, Cliente  80, 23050.54537588238 )
( Sucursal 10,  981, Cliente  81, 217.59623730678837 )
( Sucursal 10,  982, Cliente  82, 4754.365760175784 )
( Sucursal 10,  983, Cliente  83, 18553.16695097866 )
( Sucursal 10,  984, Cliente  84, 2113.7950467592254 )
( Sucursal 10,  985, Cliente  85, 6320.422121755069 )
( Sucursal 10,  986, Cliente  86, 25169.241258809012 )
( Sucursal 10,  987, Cliente  87, 8798.383164974533 )
( Sucursal 10,  988, Cliente  88, 14229.248763580448 )
( Sucursal 10,  989, Cliente  89, 7603.643049585351 )
( Sucursal 10,  990, Cliente  90, 19345.26753430461 )
( Sucursal 10,  991, Cliente  91, 3309.5169399818315 )
( Sucursal 10,  992, Cliente  92, 15671.409901411149 )
( Sucursal 10,  993, Cliente  93, 12562.659307379727 )
( Sucursal 10,  994, Cliente  94, 25108.622057461056 )
( Sucursal 10,  995, Cliente  95, 18391.24828548648 )
( Sucursal 10,  996, Cliente  96, 13609.736028202715 )
( Sucursal 10,  997, Cliente  97, 15476.569943431037 )
( Sucursal 10,  998, Cliente  98, 25515.508496693805 )
( Sucursal 10,  999, Cliente  99, 24642.717425060124 )
( Sucursal 10, 1000, Cliente 100, 16532.108299221978 )
