Se crearon 100 clientes en la Sucursal  1
Vuelta: 0.277015336 segundos;	Tiempo: 0.277017202

Se crearon 100 clientes en la Sucursal  2
Vuelta: 0.49883852 segundos;	Tiempo: 0.780290142

Se crearon 100 clientes en la Sucursal  3
Vuelta: 0.769871837 segundos;	Tiempo: 1.550253483

Se crearon 100 clientes en la Sucursal  4
Vuelta: 0.758878625 segundos;	Tiempo: 2.309249681

Se crearon 100 clientes en la Sucursal  5
Vuelta: 0.880763491 segundos;	Tiempo: 3.190089381

Se crearon 100 clientes en la Sucursal  6
Vuelta: 1.055990698 segundos;	Tiempo: 4.246168263

Se crearon 100 clientes en la Sucursal  7
Vuelta: 1.287315141 segundos;	Tiempo: 5.533604954

Se crearon 100 clientes en la Sucursal  8
Vuelta: 1.4424381 segundos;	Tiempo: 6.976114526

Se crearon 100 clientes en la Sucursal  9
Vuelta: 1.660782695 segundos;	Tiempo: 8.637004179

Se crearon 100 clientes en la Sucursal 10
Vuelta: 1.799174256 segundos;	Tiempo: 10.436267851

Tiempo Total: 10.436267851 segundos

Numero de entradas: 1
( Sucursal  1,    0 )
Numero de registros: 1000
( Sucursal  1,    1, Cliente   1, 13916.692067751119 )
( Sucursal  1,    2, Cliente   2, 9045.650919411935 )
( Sucursal  1,    3, Cliente   3, 21976.534913797997 )
( Sucursal  1,    4, Cliente   4, 3782.0522030655397 )
( Sucursal  1,    5, Cliente   5, 19992.811358071573 )
( Sucursal  1,    6, Cliente   6, 20081.600351769404 )
( Sucursal  1,    7, Cliente   7, 3058.852975777361 )
( Sucursal  1,    8, Cliente   8, 9333.14198999216 )
( Sucursal  1,    9, Cliente   9, 29120.70255138634 )
( Sucursal  1,   10, Cliente  10, 29132.991048631906 )
( Sucursal  1,   11, Cliente  11, 27494.228184406405 )
( Sucursal  1,   12, Cliente  12, 15210.768152721963 )
( Sucursal  1,   13, Cliente  13, 14540.645168072782 )
( Sucursal  1,   14, Cliente  14, 22677.894865228518 )
( Sucursal  1,   15, Cliente  15, 12173.757001401033 )
( Sucursal  1,   16, Cliente  16, 4179.202735667055 )
( Sucursal  1,   17, Cliente  17, 4361.202721429889 )
( Sucursal  1,   18, Cliente  18, 23807.225129605264 )
( Sucursal  1,   19, Cliente  19, 10436.595754434513 )
( Sucursal  1,   20, Cliente  20, 19947.152159841586 )
( Sucursal  1,   21, Cliente  21, 16951.036798783207 )
( Sucursal  1,   22, Cliente  22, 17396.852952330068 )
( Sucursal  1,   23, Cliente  23, 6645.105572896094 )
( Sucursal  1,   24, Cliente  24, 8639.963202177345 )
( Sucursal  1,   25, Cliente  25, 3221.7902610140814 )
( Sucursal  1,   26, Cliente  26, 610.9057788232583 )
( Sucursal  1,   27, Cliente  27, 27656.719005839557 )
( Sucursal  1,   28, Cliente  28, 6406.909772796641 )
( Sucursal  1,   29, Cliente  29, 14702.93908098434 )
( Sucursal  1,   30, Cliente  30, 19421.239084990586 )
( Sucursal  1,   31, Cliente  31, 4341.292230169595 )
( Sucursal  1,   32, Cliente  32, 24793.76351612817 )
( Sucursal  1,   33, Cliente  33, 19651.234526035445 )
( Sucursal  1,   34, Cliente  34, 19737.491005429816 )
( Sucursal  1,   35, Cliente  35, 6622.728243131887 )
( Sucursal  1,   36, Cliente  36, 17227.54784900273 )
( Sucursal  1,   37, Cliente  37, 791.2657149648516 )
( Sucursal  1,   38, Cliente  38, 9512.460318529416 )
( Sucursal  1,   39, Cliente  39, 24322.567846912934 )
( Sucursal  1,   40, Cliente  40, 23247.48538756138 )
( Sucursal  1,   41, Cliente  41, 1565.7309557763183 )
( Sucursal  1,   42, Cliente  42, 3770.807079764445 )
( Sucursal  1,   43, Cliente  43, 24564.430980240322 )
( Sucursal  1,   44, Cliente  44, 28494.70132038386 )
( Sucursal  1,   45, Cliente  45, 21752.04321249863 )
( Sucursal  1,   46, Cliente  46, 6275.43600575384 )
( Sucursal  1,   47, Cliente  47, 23150.021625761467 )
( Sucursal  1,   48, Cliente  48, 12078.578225740328 )
( Sucursal  1,   49, Cliente  49, 21554.29719085937 )
( Sucursal  1,   50, Cliente  50, 28938.41843814647 )
( Sucursal  1,   51, Cliente  51, 10013.12566805201 )
( Sucursal  1,   52, Cliente  52, 28908.653979266095 )
( Sucursal  1,   53, Cliente  53, 28291.408467965037 )
( Sucursal  1,   54, Cliente  54, 29225.32242711078 )
( Sucursal  1,   55, Cliente  55, 20082.626012058998 )
( Sucursal  1,   56, Cliente  56, 26158.335782766255 )
( Sucursal  1,   57, Cliente  57, 19684.75248279465 )
( Sucursal  1,   58, Cliente  58, 15500.533010308005 )
( Sucursal  1,   59, Cliente  59, 5410.186212484769 )
( Sucursal  1,   60, Cliente  60, 18222.51318397977 )
( Sucursal  1,   61, Cliente  61, 18724.773499655523 )
( Sucursal  1,   62, Cliente  62, 25188.40602674079 )
( Sucursal  1,   63, Cliente  63, 13694.59746625992 )
( Sucursal  1,   64, Cliente  64, 14080.587686542025 )
( Sucursal  1,   65, Cliente  65, 16012.282338501369 )
( Sucursal  1,   66, Cliente  66, 14816.850428259111 )
( Sucursal  1,   67, Cliente  67, 13992.554972106582 )
( Sucursal  1,   68, Cliente  68, 10565.888594668033 )
( Sucursal  1,   69, Cliente  69, 16088.427231484367 )
( Sucursal  1,   70, Cliente  70, 17448.233065641252 )
( Sucursal  1,   71, Cliente  71, 17534.890295214405 )
( Sucursal  1,   72, Cliente  72, 26003.501177179933 )
( Sucursal  1,   73, Cliente  73, 23434.134662377553 )
( Sucursal  1,   74, Cliente  74, 25663.278606893637 )
( Sucursal  1,   75, Cliente  75, 16469.623124632166 )
( Sucursal  1,   76, Cliente  76, 16140.633724697582 )
( Sucursal  1,   77, Cliente  77, 25272.99652447828 )
( Sucursal  1,   78, Cliente  78, 26908.788713443995 )
( Sucursal  1,   79, Cliente  79, 11714.97169516325 )
( Sucursal  1,   80, Cliente  80, 6865.145601197321 )
( Sucursal  1,   81, Cliente  81, 5331.3388687887145 )
( Sucursal  1,   82, Cliente  82, 14080.414347947344 )
( Sucursal  1,   83, Cliente  83, 2966.1354229808235 )
( Sucursal  1,   84, Cliente  84, 12150.984601014246 )
( Sucursal  1,   85, Cliente  85, 4400.934768824821 )
( Sucursal  1,   86, Cliente  86, 9735.492276130133 )
( Sucursal  1,   87, Cliente  87, 3494.0007761086003 )
( Sucursal  1,   88, Cliente  88, 1938.6272303223593 )
( Sucursal  1,   89, Cliente  89, 20609.29578698646 )
( Sucursal  1,   90, Cliente  90, 11194.631056986318 )
( Sucursal  1,   91, Cliente  91, 22683.90068077062 )
( Sucursal  1,   92, Cliente  92, 11007.375928191917 )
( Sucursal  1,   93, Cliente  93, 11747.7662608287 )
( Sucursal  1,   94, Cliente  94, 3608.7191306421646 )
( Sucursal  1,   95, Cliente  95, 8697.855933180968 )
( Sucursal  1,   96, Cliente  96, 4435.942280940361 )
( Sucursal  1,   97, Cliente  97, 18510.43851962461 )
( Sucursal  1,   98, Cliente  98, 21424.755190096934 )
( Sucursal  1,   99, Cliente  99, 22005.439438512327 )
( Sucursal  1,  100, Cliente 100, 12411.756351238224 )
( Sucursal  2,  101, Cliente   1, 9268.144650598644 )
( Sucursal  2,  102, Cliente   2, 24386.52029647595 )
( Sucursal  2,  103, Cliente   3, 12488.426874140783 )
( Sucursal  2,  104, Cliente   4, 27871.848794921214 )
( Sucursal  2,  105, Cliente   5, 8872.501606372696 )
( Sucursal  2,  106, Cliente   6, 19173.27786160794 )
( Sucursal  2,  107, Cliente   7, 26653.463294211153 )
( Sucursal  2,  108, Cliente   8, 22115.185662450425 )
( Sucursal  2,  109, Cliente   9, 7286.963709771235 )
( Sucursal  2,  110, Cliente  10, 9963.34776466741 )
( Sucursal  2,  111, Cliente  11, 5375.330594682418 )
( Sucursal  2,  112, Cliente  12, 6654.417065030277 )
( Sucursal  2,  113, Cliente  13, 25354.708678751806 )
( Sucursal  2,  114, Cliente  14, 20570.191026704866 )
( Sucursal  2,  115, Cliente  15, 5070.60108693114 )
( Sucursal  2,  116, Cliente  16, 28607.632651286258 )
( Sucursal  2,  117, Cliente  17, 16466.27491788825 )
( Sucursal  2,  118, Cliente  18, 25884.959410355426 )
( Sucursal  2,  119, Cliente  19, 18433.75313018504 )
( Sucursal  2,  120, Cliente  20, 2961.453696242624 )
( Sucursal  2,  121, Cliente  21, 24243.704150520607 )
( Sucursal  2,  122, Cliente  22, 15008.48286309537 )
( Sucursal  2,  123, Cliente  23, 13484.173768665587 )
( Sucursal  2,  124, Cliente  24, 15878.66513083952 )
( Sucursal  2,  125, Cliente  25, 28148.9423195449 )
( Sucursal  2,  126, Cliente  26, 27836.20782212966 )
( Sucursal  2,  127, Cliente  27, 29366.08640053557 )
( Sucursal  2,  128, Cliente  28, 9413.153416742156 )
( Sucursal  2,  129, Cliente  29, 18429.24960024752 )
( Sucursal  2,  130, Cliente  30, 27095.089117221178 )
( Sucursal  2,  131, Cliente  31, 4671.341841364785 )
( Sucursal  2,  132, Cliente  32, 8161.041260481445 )
( Sucursal  2,  133, Cliente  33, 12450.304968080394 )
( Sucursal  2,  134, Cliente  34, 8524.183978245923 )
( Sucursal  2,  135, Cliente  35, 7227.955961693637 )
( Sucursal  2,  136, Cliente  36, 19954.085091543882 )
( Sucursal  2,  137, Cliente  37, 6099.806603190838 )
( Sucursal  2,  138, Cliente  38, 19004.83615305928 )
( Sucursal  2,  139, Cliente  39, 5541.508258433862 )
( Sucursal  2,  140, Cliente  40, 541.3992676784401 )
( Sucursal  2,  141, Cliente  41, 20646.065600756272 )
( Sucursal  2,  142, Cliente  42, 18427.331464536182 )
( Sucursal  2,  143, Cliente  43, 12307.210540061697 )
( Sucursal  2,  144, Cliente  44, 2311.756473117153 )
( Sucursal  2,  145, Cliente  45, 8698.32421857756 )
( Sucursal  2,  146, Cliente  46, 8513.263780711732 )
( Sucursal  2,  147, Cliente  47, 700.415593599636 )
( Sucursal  2,  148, Cliente  48, 25505.154911324014 )
( Sucursal  2,  149, Cliente  49, 7470.179202846395 )
( Sucursal  2,  150, Cliente  50, 5865.293475799533 )
( Sucursal  2,  151, Cliente  51, 6014.170722767955 )
( Sucursal  2,  152, Cliente  52, 10886.17104802985 )
( Sucursal  2,  153, Cliente  53, 1942.8571221625123 )
( Sucursal  2,  154, Cliente  54, 8043.774518891395 )
( Sucursal  2,  155, Cliente  55, 2858.3174803605007 )
( Sucursal  2,  156, Cliente  56, 14945.895992406422 )
( Sucursal  2,  157, Cliente  57, 13032.058991699796 )
( Sucursal  2,  158, Cliente  58, 27331.4067360633 )
( Sucursal  2,  159, Cliente  59, 19836.408348255805 )
( Sucursal  2,  160, Cliente  60, 28586.714162355987 )
( Sucursal  2,  161, Cliente  61, 9601.427911845132 )
( Sucursal  2,  162, Cliente  62, 25452.292244635817 )
( Sucursal  2,  163, Cliente  63, 21004.159783265743 )
( Sucursal  2,  164, Cliente  64, 21662.69595262923 )
( Sucursal  2,  165, Cliente  65, 6010.573255423537 )
( Sucursal  2,  166, Cliente  66, 11077.311040028724 )
( Sucursal  2,  167, Cliente  67, 24260.048400866603 )
( Sucursal  2,  168, Cliente  68, 725.2895820557508 )
( Sucursal  2,  169, Cliente  69, 9273.067818968193 )
( Sucursal  2,  170, Cliente  70, 15940.572651596915 )
( Sucursal  2,  171, Cliente  71, 3550.053063676169 )
( Sucursal  2,  172, Cliente  72, 26316.9294062782 )
( Sucursal  2,  173, Cliente  73, 12883.857037774842 )
( Sucursal  2,  174, Cliente  74, 28549.68520943792 )
( Sucursal  2,  175, Cliente  75, 12158.170968783943 )
( Sucursal  2,  176, Cliente  76, 23239.541666078927 )
( Sucursal  2,  177, Cliente  77, 24516.535318135488 )
( Sucursal  2,  178, Cliente  78, 10871.05671298127 )
( Sucursal  2,  179, Cliente  79, 20529.070687368294 )
( Sucursal  2,  180, Cliente  80, 28424.70206654797 )
( Sucursal  2,  181, Cliente  81, 29206.302078952263 )
( Sucursal  2,  182, Cliente  82, 2513.4748250241682 )
( Sucursal  2,  183, Cliente  83, 11305.803064034822 )
( Sucursal  2,  184, Cliente  84, 27082.572946782475 )
( Sucursal  2,  185, Cliente  85, 7727.763576435106 )
( Sucursal  2,  186, Cliente  86, 28818.704892175316 )
( Sucursal  2,  187, Cliente  87, 29485.95836939371 )
( Sucursal  2,  188, Cliente  88, 21113.997293206256 )
( Sucursal  2,  189, Cliente  89, 23735.45457329589 )
( Sucursal  2,  190, Cliente  90, 815.5321071858859 )
( Sucursal  2,  191, Cliente  91, 17261.57585892431 )
( Sucursal  2,  192, Cliente  92, 12424.913459212034 )
( Sucursal  2,  193, Cliente  93, 22660.223536625926 )
( Sucursal  2,  194, Cliente  94, 9583.002628799777 )
( Sucursal  2,  195, Cliente  95, 12404.285716349807 )
( Sucursal  2,  196, Cliente  96, 24962.141697851603 )
( Sucursal  2,  197, Cliente  97, 24780.08571302424 )
( Sucursal  2,  198, Cliente  98, 29672.72417219624 )
( Sucursal  2,  199, Cliente  99, 24734.844934788176 )
( Sucursal  2,  200, Cliente 100, 10051.834905575803 )
( Sucursal  3,  201, Cliente   1, 17032.95647127279 )
( Sucursal  3,  202, Cliente   2, 19358.479075987314 )
( Sucursal  3,  203, Cliente   3, 22663.52444758927 )
( Sucursal  3,  204, Cliente   4, 4897.183345346065 )
( Sucursal  3,  205, Cliente   5, 16510.459900704333 )
( Sucursal  3,  206, Cliente   6, 11979.128032097407 )
( Sucursal  3,  207, Cliente   7, 14125.632834731574 )
( Sucursal  3,  208, Cliente   8, 1335.272011435075 )
( Sucursal  3,  209, Cliente   9, 8076.771490684356 )
( Sucursal  3,  210, Cliente  10, 25918.0213738851 )
( Sucursal  3,  211, Cliente  11, 17401.286751623367 )
( Sucursal  3,  212, Cliente  12, 9932.101250387452 )
( Sucursal  3,  213, Cliente  13, 8359.568050127771 )
( Sucursal  3,  214, Cliente  14, 15689.484382246286 )
( Sucursal  3,  215, Cliente  15, 26505.310006715048 )
( Sucursal  3,  216, Cliente  16, 5734.141263841057 )
( Sucursal  3,  217, Cliente  17, 16314.247361145059 )
( Sucursal  3,  218, Cliente  18, 15267.840024562898 )
( Sucursal  3,  219, Cliente  19, 15944.309573130595 )
( Sucursal  3,  220, Cliente  20, 15858.529682845148 )
( Sucursal  3,  221, Cliente  21, 20206.65108106611 )
( Sucursal  3,  222, Cliente  22, 27395.609163076468 )
( Sucursal  3,  223, Cliente  23, 19272.065631466943 )
( Sucursal  3,  224, Cliente  24, 14041.225402916629 )
( Sucursal  3,  225, Cliente  25, 17262.942359038083 )
( Sucursal  3,  226, Cliente  26, 2783.452281727077 )
( Sucursal  3,  227, Cliente  27, 26124.712717404884 )
( Sucursal  3,  228, Cliente  28, 5022.818876922948 )
( Sucursal  3,  229, Cliente  29, 2614.8843692308383 )
( Sucursal  3,  230, Cliente  30, 8916.445856107948 )
( Sucursal  3,  231, Cliente  31, 9506.575733287105 )
( Sucursal  3,  232, Cliente  32, 21181.308733245613 )
( Sucursal  3,  233, Cliente  33, 8822.755750110317 )
( Sucursal  3,  234, Cliente  34, 7621.447363163839 )
( Sucursal  3,  235, Cliente  35, 24990.02436484407 )
( Sucursal  3,  236, Cliente  36, 17466.214989442426 )
( Sucursal  3,  237, Cliente  37, 17876.23600418559 )
( Sucursal  3,  238, Cliente  38, 25378.35906020722 )
( Sucursal  3,  239, Cliente  39, 2908.0376675904945 )
( Sucursal  3,  240, Cliente  40, 1232.0287304694177 )
( Sucursal  3,  241, Cliente  41, 577.5350400726265 )
( Sucursal  3,  242, Cliente  42, 6875.705968732905 )
( Sucursal  3,  243, Cliente  43, 18785.19274846274 )
( Sucursal  3,  244, Cliente  44, 4887.883352855399 )
( Sucursal  3,  245, Cliente  45, 28371.885433690797 )
( Sucursal  3,  246, Cliente  46, 1532.6405009572197 )
( Sucursal  3,  247, Cliente  47, 20982.064348315405 )
( Sucursal  3,  248, Cliente  48, 3720.63903441096 )
( Sucursal  3,  249, Cliente  49, 7821.577264099873 )
( Sucursal  3,  250, Cliente  50, 13024.320758018928 )
( Sucursal  3,  251, Cliente  51, 5255.784047558239 )
( Sucursal  3,  252, Cliente  52, 14078.448734428961 )
( Sucursal  3,  253, Cliente  53, 21659.308886700397 )
( Sucursal  3,  254, Cliente  54, 16059.345172955647 )
( Sucursal  3,  255, Cliente  55, 8416.312878465562 )
( Sucursal  3,  256, Cliente  56, 19514.243289151356 )
( Sucursal  3,  257, Cliente  57, 20994.420020861726 )
( Sucursal  3,  258, Cliente  58, 7080.210097599849 )
( Sucursal  3,  259, Cliente  59, 27603.888146612782 )
( Sucursal  3,  260, Cliente  60, 8022.292018812979 )
( Sucursal  3,  261, Cliente  61, 13148.309910748041 )
( Sucursal  3,  262, Cliente  62, 17840.91339629991 )
( Sucursal  3,  263, Cliente  63, 8066.84116968763 )
( Sucursal  3,  264, Cliente  64, 19611.187569743837 )
( Sucursal  3,  265, Cliente  65, 18384.267622549993 )
( Sucursal  3,  266, Cliente  66, 5544.3572515454225 )
( Sucursal  3,  267, Cliente  67, 8593.221396495734 )
( Sucursal  3,  268, Cliente  68, 15769.563881600461 )
( Sucursal  3,  269, Cliente  69, 12914.217233097386 )
( Sucursal  3,  270, Cliente  70, 8507.401610944287 )
( Sucursal  3,  271, Cliente  71, 11733.560753625392 )
( Sucursal  3,  272, Cliente  72, 9505.0862275917 )
( Sucursal  3,  273, Cliente  73, 7733.748734863957 )
( Sucursal  3,  274, Cliente  74, 8524.973785633269 )
( Sucursal  3,  275, Cliente  75, 17594.255824238047 )
( Sucursal  3,  276, Cliente  76, 23928.26133161885 )
( Sucursal  3,  277, Cliente  77, 20771.012909792636 )
( Sucursal  3,  278, Cliente  78, 8795.48816069856 )
( Sucursal  3,  279, Cliente  79, 8700.496524768023 )
( Sucursal  3,  280, Cliente  80, 9069.261988093022 )
( Sucursal  3,  281, Cliente  81, 155.05332896458157 )
( Sucursal  3,  282, Cliente  82, 2469.420918333473 )
( Sucursal  3,  283, Cliente  83, 16202.966824541765 )
( Sucursal  3,  284, Cliente  84, 16821.625684571143 )
( Sucursal  3,  285, Cliente  85, 1599.924333602212 )
( Sucursal  3,  286, Cliente  86, 855.9575089695187 )
( Sucursal  3,  287, Cliente  87, 13976.698225966526 )
( Sucursal  3,  288, Cliente  88, 24887.561988745892 )
( Sucursal  3,  289, Cliente  89, 6640.241532152996 )
( Sucursal  3,  290, Cliente  90, 19027.27711853802 )
( Sucursal  3,  291, Cliente  91, 19279.71964544651 )
( Sucursal  3,  292, Cliente  92, 11719.90361300507 )
( Sucursal  3,  293, Cliente  93, 9708.34150555396 )
( Sucursal  3,  294, Cliente  94, 16218.937380757261 )
( Sucursal  3,  295, Cliente  95, 15151.827560168738 )
( Sucursal  3,  296, Cliente  96, 29631.4584384208 )
( Sucursal  3,  297, Cliente  97, 5424.672422060907 )
( Sucursal  3,  298, Cliente  98, 19833.302391348447 )
( Sucursal  3,  299, Cliente  99, 1097.594052951249 )
( Sucursal  3,  300, Cliente 100, 2831.84565238428 )
( Sucursal  4,  301, Cliente   1, 10556.479997221775 )
( Sucursal  4,  302, Cliente   2, 8390.50898126999 )
( Sucursal  4,  303, Cliente   3, 23460.372200075122 )
( Sucursal  4,  304, Cliente   4, 459.07219442662773 )
( Sucursal  4,  305, Cliente   5, 15340.25225719009 )
( Sucursal  4,  306, Cliente   6, 12386.774853618575 )
( Sucursal  4,  307, Cliente   7, 19987.363254253523 )
( Sucursal  4,  308, Cliente   8, 4321.858634457885 )
( Sucursal  4,  309, Cliente   9, 2185.3703900462633 )
( Sucursal  4,  310, Cliente  10, 23646.835601904473 )
( Sucursal  4,  311, Cliente  11, 3515.19609877167 )
( Sucursal  4,  312, Cliente  12, 16085.731725283047 )
( Sucursal  4,  313, Cliente  13, 29062.539272523984 )
( Sucursal  4,  314, Cliente  14, 2362.650708896272 )
( Sucursal  4,  315, Cliente  15, 25721.12891494952 )
( Sucursal  4,  316, Cliente  16, 1386.1071459474977 )
( Sucursal  4,  317, Cliente  17, 29534.4863761066 )
( Sucursal  4,  318, Cliente  18, 24943.74513555713 )
( Sucursal  4,  319, Cliente  19, 1857.0838335703093 )
( Sucursal  4,  320, Cliente  20, 1042.4171174441772 )
( Sucursal  4,  321, Cliente  21, 16139.911439130183 )
( Sucursal  4,  322, Cliente  22, 23077.730575096455 )
( Sucursal  4,  323, Cliente  23, 17375.731245956 )
( Sucursal  4,  324, Cliente  24, 14603.780260971356 )
( Sucursal  4,  325, Cliente  25, 21219.08317277623 )
( Sucursal  4,  326, Cliente  26, 17060.62050030931 )
( Sucursal  4,  327, Cliente  27, 24526.489054443602 )
( Sucursal  4,  328, Cliente  28, 28739.992460036137 )
( Sucursal  4,  329, Cliente  29, 3863.937212575722 )
( Sucursal  4,  330, Cliente  30, 11900.575477360277 )
( Sucursal  4,  331, Cliente  31, 967.62418832543 )
( Sucursal  4,  332, Cliente  32, 11845.296144764761 )
( Sucursal  4,  333, Cliente  33, 13725.074252834402 )
( Sucursal  4,  334, Cliente  34, 22250.411438545532 )
( Sucursal  4,  335, Cliente  35, 28655.04811093653 )
( Sucursal  4,  336, Cliente  36, 9390.275151969297 )
( Sucursal  4,  337, Cliente  37, 12310.446089670233 )
( Sucursal  4,  338, Cliente  38, 28483.46281106805 )
( Sucursal  4,  339, Cliente  39, 10942.251379977608 )
( Sucursal  4,  340, Cliente  40, 7506.389069773883 )
( Sucursal  4,  341, Cliente  41, 19828.008463062568 )
( Sucursal  4,  342, Cliente  42, 1353.542854347102 )
( Sucursal  4,  343, Cliente  43, 11841.760686199503 )
( Sucursal  4,  344, Cliente  44, 18258.748361586633 )
( Sucursal  4,  345, Cliente  45, 16063.743676672257 )
( Sucursal  4,  346, Cliente  46, 1543.418681379127 )
( Sucursal  4,  347, Cliente  47, 18567.098452025242 )
( Sucursal  4,  348, Cliente  48, 8598.339188956501 )
( Sucursal  4,  349, Cliente  49, 1541.8762012281697 )
( Sucursal  4,  350, Cliente  50, 2212.221349047893 )
( Sucursal  4,  351, Cliente  51, 11150.300071463185 )
( Sucursal  4,  352, Cliente  52, 15548.467633754091 )
( Sucursal  4,  353, Cliente  53, 22909.77588566291 )
( Sucursal  4,  354, Cliente  54, 22331.118483704155 )
( Sucursal  4,  355, Cliente  55, 6261.766918120307 )
( Sucursal  4,  356, Cliente  56, 12910.579582409347 )
( Sucursal  4,  357, Cliente  57, 26670.80828392247 )
( Sucursal  4,  358, Cliente  58, 17380.61578612521 )
( Sucursal  4,  359, Cliente  59, 10442.666716771242 )
( Sucursal  4,  360, Cliente  60, 19036.06631511658 )
( Sucursal  4,  361, Cliente  61, 8451.973372835517 )
( Sucursal  4,  362, Cliente  62, 27657.799928671895 )
( Sucursal  4,  363, Cliente  63, 15963.93963507801 )
( Sucursal  4,  364, Cliente  64, 2831.6589670789126 )
( Sucursal  4,  365, Cliente  65, 7798.101299022292 )
( Sucursal  4,  366, Cliente  66, 27321.318669179593 )
( Sucursal  4,  367, Cliente  67, 1444.3323196903348 )
( Sucursal  4,  368, Cliente  68, 4019.9070052194015 )
( Sucursal  4,  369, Cliente  69, 21190.089078148103 )
( Sucursal  4,  370, Cliente  70, 25171.66544994847 )
( Sucursal  4,  371, Cliente  71, 17005.885994303997 )
( Sucursal  4,  372, Cliente  72, 5492.085451825307 )
( Sucursal  4,  373, Cliente  73, 14753.91993140914 )
( Sucursal  4,  374, Cliente  74, 25039.85948586303 )
( Sucursal  4,  375, Cliente  75, 2902.1923205732774 )
( Sucursal  4,  376, Cliente  76, 8639.583035888183 )
( Sucursal  4,  377, Cliente  77, 2661.8579750959316 )
( Sucursal  4,  378, Cliente  78, 17710.232678965167 )
( Sucursal  4,  379, Cliente  79, 14562.675708397377 )
( Sucursal  4,  380, Cliente  80, 28262.326385943572 )
( Sucursal  4,  381, Cliente  81, 6235.0191895657 )
( Sucursal  4,  382, Cliente  82, 4987.781034269273 )
( Sucursal  4,  383, Cliente  83, 29075.382308837317 )
( Sucursal  4,  384, Cliente  84, 3182.5294392928663 )
( Sucursal  4,  385, Cliente  85, 10945.292558381463 )
( Sucursal  4,  386, Cliente  86, 16954.804355491888 )
( Sucursal  4,  387, Cliente  87, 19892.246901910123 )
( Sucursal  4,  388, Cliente  88, 15021.002381691429 )
( Sucursal  4,  389, Cliente  89, 16468.74570997959 )
( Sucursal  4,  390, Cliente  90, 26142.342087456607 )
( Sucursal  4,  391, Cliente  91, 6274.163956107902 )
( Sucursal  4,  392, Cliente  92, 16387.234263255777 )
( Sucursal  4,  393, Cliente  93, 18363.946074337666 )
( Sucursal  4,  394, Cliente  94, 5877.6098975843515 )
( Sucursal  4,  395, Cliente  95, 19372.806058931837 )
( Sucursal  4,  396, Cliente  96, 5984.031177343525 )
( Sucursal  4,  397, Cliente  97, 16352.137675407092 )
( Sucursal  4,  398, Cliente  98, 18137.070110896126 )
( Sucursal  4,  399, Cliente  99, 2444.4482334154486 )
( Sucursal  4,  400, Cliente 100, 2607.3108081134774 )
( Sucursal  5,  401, Cliente   1, 16543.84387804912 )
( Sucursal  5,  402, Cliente   2, 15953.304925889694 )
( Sucursal  5,  403, Cliente   3, 27016.99417486206 )
( Sucursal  5,  404, Cliente   4, 3646.8761295835293 )
( Sucursal  5,  405, Cliente   5, 21499.10324217206 )
( Sucursal  5,  406, Cliente   6, 23412.915135790143 )
( Sucursal  5,  407, Cliente   7, 6047.852394445496 )
( Sucursal  5,  408, Cliente   8, 17597.429440881555 )
( Sucursal  5,  409, Cliente   9, 3322.535640272052 )
( Sucursal  5,  410, Cliente  10, 14172.0624753617 )
( Sucursal  5,  411, Cliente  11, 13611.402234459809 )
( Sucursal  5,  412, Cliente  12, 11686.352996762618 )
( Sucursal  5,  413, Cliente  13, 10483.389215363579 )
( Sucursal  5,  414, Cliente  14, 21003.732290260024 )
( Sucursal  5,  415, Cliente  15, 22892.956477038297 )
( Sucursal  5,  416, Cliente  16, 22332.063546057518 )
( Sucursal  5,  417, Cliente  17, 1597.2534164964509 )
( Sucursal  5,  418, Cliente  18, 19981.059343186265 )
( Sucursal  5,  419, Cliente  19, 21415.373705185124 )
( Sucursal  5,  420, Cliente  20, 3529.239776878311 )
( Sucursal  5,  421, Cliente  21, 1455.8191987771277 )
( Sucursal  5,  422, Cliente  22, 9975.547878554058 )
( Sucursal  5,  423, Cliente  23, 11223.370285432165 )
( Sucursal  5,  424, Cliente  24, 17170.751610463518 )
( Sucursal  5,  425, Cliente  25, 28469.5307517965 )
( Sucursal  5,  426, Cliente  26, 12638.884845440189 )
( Sucursal  5,  427, Cliente  27, 3412.570261840443 )
( Sucursal  5,  428, Cliente  28, 3378.4501678840265 )
( Sucursal  5,  429, Cliente  29, 14876.815854561642 )
( Sucursal  5,  430, Cliente  30, 21393.836287497867 )
( Sucursal  5,  431, Cliente  31, 20060.159897184356 )
( Sucursal  5,  432, Cliente  32, 20134.723095382258 )
( Sucursal  5,  433, Cliente  33, 319.9729576796361 )
( Sucursal  5,  434, Cliente  34, 4258.763624111941 )
( Sucursal  5,  435, Cliente  35, 10005.541773179044 )
( Sucursal  5,  436, Cliente  36, 21453.716973621034 )
( Sucursal  5,  437, Cliente  37, 16387.581375550086 )
( Sucursal  5,  438, Cliente  38, 4273.554367595311 )
( Sucursal  5,  439, Cliente  39, 6253.353791113846 )
( Sucursal  5,  440, Cliente  40, 8546.897890576902 )
( Sucursal  5,  441, Cliente  41, 15431.027719605989 )
( Sucursal  5,  442, Cliente  42, 3478.440940806339 )
( Sucursal  5,  443, Cliente  43, 7991.678771479965 )
( Sucursal  5,  444, Cliente  44, 11287.246245760047 )
( Sucursal  5,  445, Cliente  45, 1119.6586024249455 )
( Sucursal  5,  446, Cliente  46, 16851.46881074498 )
( Sucursal  5,  447, Cliente  47, 9196.378308530368 )
( Sucursal  5,  448, Cliente  48, 10563.609008439784 )
( Sucursal  5,  449, Cliente  49, 28021.9530774703 )
( Sucursal  5,  450, Cliente  50, 20778.11029158982 )
( Sucursal  5,  451, Cliente  51, 29462.285985211376 )
( Sucursal  5,  452, Cliente  52, 24389.97935119412 )
( Sucursal  5,  453, Cliente  53, 29410.539982614646 )
( Sucursal  5,  454, Cliente  54, 25772.621612542578 )
( Sucursal  5,  455, Cliente  55, 24105.43652911948 )
( Sucursal  5,  456, Cliente  56, 2390.7465056887786 )
( Sucursal  5,  457, Cliente  57, 28077.32458608268 )
( Sucursal  5,  458, Cliente  58, 4837.528883199388 )
( Sucursal  5,  459, Cliente  59, 10214.652705236722 )
( Sucursal  5,  460, Cliente  60, 27464.836899103015 )
( Sucursal  5,  461, Cliente  61, 1467.5488080637024 )
( Sucursal  5,  462, Cliente  62, 28586.166245035365 )
( Sucursal  5,  463, Cliente  63, 28563.18316984693 )
( Sucursal  5,  464, Cliente  64, 21967.181424706145 )
( Sucursal  5,  465, Cliente  65, 24888.9838218073 )
( Sucursal  5,  466, Cliente  66, 25407.009493368376 )
( Sucursal  5,  467, Cliente  67, 368.5654707673795 )
( Sucursal  5,  468, Cliente  68, 20941.867236636775 )
( Sucursal  5,  469, Cliente  69, 12518.363270424974 )
( Sucursal  5,  470, Cliente  70, 26396.926533980746 )
( Sucursal  5,  471, Cliente  71, 26489.214266565552 )
( Sucursal  5,  472, Cliente  72, 20355.464845839855 )
( Sucursal  5,  473, Cliente  73, 6823.865364082079 )
( Sucursal  5,  474, Cliente  74, 9021.726458303014 )
( Sucursal  5,  475, Cliente  75, 2125.0319394343937 )
( Sucursal  5,  476, Cliente  76, 28663.793720130212 )
( Sucursal  5,  477, Cliente  77, 14519.101310288941 )
( Sucursal  5,  478, Cliente  78, 8906.797722642188 )
( Sucursal  5,  479, Cliente  79, 11075.616003945157 )
( Sucursal  5,  480, Cliente  80, 26075.968194397738 )
( Sucursal  5,  481, Cliente  81, 27404.710432952827 )
( Sucursal  5,  482, Cliente  82, 15797.529879483596 )
( Sucursal  5,  483, Cliente  83, 12706.563878228151 )
( Sucursal  5,  484, Cliente  84, 14435.16141588988 )
( Sucursal  5,  485, Cliente  85, 29616.443705079964 )
( Sucursal  5,  486, Cliente  86, 1952.8570877758837 )
( Sucursal  5,  487, Cliente  87, 24806.396577275802 )
( Sucursal  5,  488, Cliente  88, 9071.74407649941 )
( Sucursal  5,  489, Cliente  89, 7154.402306353371 )
( Sucursal  5,  490, Cliente  90, 19780.803787832992 )
( Sucursal  5,  491, Cliente  91, 20776.691926884672 )
( Sucursal  5,  492, Cliente  92, 27828.28701686889 )
( Sucursal  5,  493, Cliente  93, 15192.210030582028 )
( Sucursal  5,  494, Cliente  94, 25819.992673776593 )
( Sucursal  5,  495, Cliente  95, 23745.148793417316 )
( Sucursal  5,  496, Cliente  96, 4589.986040242008 )
( Sucursal  5,  497, Cliente  97, 14253.225683290786 )
( Sucursal  5,  498, Cliente  98, 16637.25901577365 )
( Sucursal  5,  499, Cliente  99, 11117.55405549298 )
( Sucursal  5,  500, Cliente 100, 21996.92131756754 )
( Sucursal  6,  501, Cliente   1, 12724.558925749563 )
( Sucursal  6,  502, Cliente   2, 29385.223080056836 )
( Sucursal  6,  503, Cliente   3, 8265.45370505888 )
( Sucursal  6,  504, Cliente   4, 18220.071214658135 )
( Sucursal  6,  505, Cliente   5, 497.4942505172851 )
( Sucursal  6,  506, Cliente   6, 4213.905649065886 )
( Sucursal  6,  507, Cliente   7, 9918.933264001033 )
( Sucursal  6,  508, Cliente   8, 19648.30954299824 )
( Sucursal  6,  509, Cliente   9, 24151.144895135363 )
( Sucursal  6,  510, Cliente  10, 22129.013971529173 )
( Sucursal  6,  511, Cliente  11, 22756.288357162768 )
( Sucursal  6,  512, Cliente  12, 18218.94127690855 )
( Sucursal  6,  513, Cliente  13, 9763.941712766107 )
( Sucursal  6,  514, Cliente  14, 16896.18444733043 )
( Sucursal  6,  515, Cliente  15, 1203.084885956829 )
( Sucursal  6,  516, Cliente  16, 25073.67736452954 )
( Sucursal  6,  517, Cliente  17, 23713.88236034602 )
( Sucursal  6,  518, Cliente  18, 5611.465806703412 )
( Sucursal  6,  519, Cliente  19, 23017.64504365726 )
( Sucursal  6,  520, Cliente  20, 29723.734883952715 )
( Sucursal  6,  521, Cliente  21, 29822.22566800012 )
( Sucursal  6,  522, Cliente  22, 13449.609456783204 )
( Sucursal  6,  523, Cliente  23, 893.8341680292756 )
( Sucursal  6,  524, Cliente  24, 14530.912972400221 )
( Sucursal  6,  525, Cliente  25, 12429.956546492307 )
( Sucursal  6,  526, Cliente  26, 1200.1786760454493 )
( Sucursal  6,  527, Cliente  27, 6244.513346080916 )
( Sucursal  6,  528, Cliente  28, 24020.110310877473 )
( Sucursal  6,  529, Cliente  29, 11340.035354990636 )
( Sucursal  6,  530, Cliente  30, 23522.400090201296 )
( Sucursal  6,  531, Cliente  31, 14402.176244902745 )
( Sucursal  6,  532, Cliente  32, 15841.78350822917 )
( Sucursal  6,  533, Cliente  33, 29808.845949985185 )
( Sucursal  6,  534, Cliente  34, 29802.76540345703 )
( Sucursal  6,  535, Cliente  35, 28556.945050522387 )
( Sucursal  6,  536, Cliente  36, 21124.265417152652 )
( Sucursal  6,  537, Cliente  37, 17289.05688743499 )
( Sucursal  6,  538, Cliente  38, 8641.550664888304 )
( Sucursal  6,  539, Cliente  39, 29684.16653272527 )
( Sucursal  6,  540, Cliente  40, 26435.75110344494 )
( Sucursal  6,  541, Cliente  41, 15009.673027631396 )
( Sucursal  6,  542, Cliente  42, 26434.524818497594 )
( Sucursal  6,  543, Cliente  43, 11614.454328442242 )
( Sucursal  6,  544, Cliente  44, 24095.61261902427 )
( Sucursal  6,  545, Cliente  45, 24926.177868080285 )
( Sucursal  6,  546, Cliente  46, 7332.1265897226485 )
( Sucursal  6,  547, Cliente  47, 25798.430764605513 )
( Sucursal  6,  548, Cliente  48, 4957.227049737624 )
( Sucursal  6,  549, Cliente  49, 15120.360551658634 )
( Sucursal  6,  550, Cliente  50, 8833.540337233086 )
( Sucursal  6,  551, Cliente  51, 24743.75612390502 )
( Sucursal  6,  552, Cliente  52, 8984.202845481275 )
( Sucursal  6,  553, Cliente  53, 16321.700368663198 )
( Sucursal  6,  554, Cliente  54, 5241.919374902149 )
( Sucursal  6,  555, Cliente  55, 14366.379349686042 )
( Sucursal  6,  556, Cliente  56, 29525.232689109256 )
( Sucursal  6,  557, Cliente  57, 19790.610047847375 )
( Sucursal  6,  558, Cliente  58, 19494.420883199942 )
( Sucursal  6,  559, Cliente  59, 2249.2176332678 )
( Sucursal  6,  560, Cliente  60, 22388.558160997985 )
( Sucursal  6,  561, Cliente  61, 14161.632807514838 )
( Sucursal  6,  562, Cliente  62, 25149.76101708672 )
( Sucursal  6,  563, Cliente  63, 19210.962630923394 )
( Sucursal  6,  564, Cliente  64, 5595.199980204731 )
( Sucursal  6,  565, Cliente  65, 24552.280429729955 )
( Sucursal  6,  566, Cliente  66, 25780.24505360944 )
( Sucursal  6,  567, Cliente  67, 15893.71044825226 )
( Sucursal  6,  568, Cliente  68, 27466.307255264866 )
( Sucursal  6,  569, Cliente  69, 26032.32592343451 )
( Sucursal  6,  570, Cliente  70, 12292.329265222092 )
( Sucursal  6,  571, Cliente  71, 26527.34481702076 )
( Sucursal  6,  572, Cliente  72, 18181.98367015187 )
( Sucursal  6,  573, Cliente  73, 5717.2758943984745 )
( Sucursal  6,  574, Cliente  74, 148.02712171832314 )
( Sucursal  6,  575, Cliente  75, 17368.342481206266 )
( Sucursal  6,  576, Cliente  76, 13832.584596994051 )
( Sucursal  6,  577, Cliente  77, 17373.838749282637 )
( Sucursal  6,  578, Cliente  78, 24838.04008698655 )
( Sucursal  6,  579, Cliente  79, 5215.238733064519 )
( Sucursal  6,  580, Cliente  80, 8729.722706905997 )
( Sucursal  6,  581, Cliente  81, 5528.428544517523 )
( Sucursal  6,  582, Cliente  82, 21290.366448821504 )
( Sucursal  6,  583, Cliente  83, 6285.462812902727 )
( Sucursal  6,  584, Cliente  84, 27138.893466986683 )
( Sucursal  6,  585, Cliente  85, 10862.988422278271 )
( Sucursal  6,  586, Cliente  86, 20887.158172813157 )
( Sucursal  6,  587, Cliente  87, 14775.971813675049 )
( Sucursal  6,  588, Cliente  88, 5940.314133031422 )
( Sucursal  6,  589, Cliente  89, 25403.78235153828 )
( Sucursal  6,  590, Cliente  90, 5266.298228462176 )
( Sucursal  6,  591, Cliente  91, 1972.7036556341277 )
( Sucursal  6,  592, Cliente  92, 20805.076068178856 )
( Sucursal  6,  593, Cliente  93, 28754.366392799184 )
( Sucursal  6,  594, Cliente  94, 5981.829594618508 )
( Sucursal  6,  595, Cliente  95, 7044.135508180409 )
( Sucursal  6,  596, Cliente  96, 24404.83598203088 )
( Sucursal  6,  597, Cliente  97, 701.2659297013538 )
( Sucursal  6,  598, Cliente  98, 28696.50958686027 )
( Sucursal  6,  599, Cliente  99, 12137.172844642051 )
( Sucursal  6,  600, Cliente 100, 7963.608972776435 )
( Sucursal  7,  601, Cliente   1, 20791.189349163695 )
( Sucursal  7,  602, Cliente   2, 26859.05743123307 )
( Sucursal  7,  603, Cliente   3, 11920.380278880593 )
( Sucursal  7,  604, Cliente   4, 8182.598680864013 )
( Sucursal  7,  605, Cliente   5, 18303.456057511452 )
( Sucursal  7,  606, Cliente   6, 928.8333927339138 )
( Sucursal  7,  607, Cliente   7, 19540.446570146065 )
( Sucursal  7,  608, Cliente   8, 12430.763316989489 )
( Sucursal  7,  609, Cliente   9, 17474.75249414478 )
( Sucursal  7,  610, Cliente  10, 12965.03272040696 )
( Sucursal  7,  611, Cliente  11, 29319.509921348777 )
( Sucursal  7,  612, Cliente  12, 24544.040761520773 )
( Sucursal  7,  613, Cliente  13, 18878.72097570918 )
( Sucursal  7,  614, Cliente  14, 21006.688033274506 )
( Sucursal  7,  615, Cliente  15, 15300.177322449206 )
( Sucursal  7,  616, Cliente  16, 12708.137532965613 )
( Sucursal  7,  617, Cliente  17, 8441.461287884638 )
( Sucursal  7,  618, Cliente  18, 12935.135979965398 )
( Sucursal  7,  619, Cliente  19, 3544.143848365348 )
( Sucursal  7,  620, Cliente  20, 23550.86197467736 )
( Sucursal  7,  621, Cliente  21, 27186.15275005838 )
( Sucursal  7,  622, Cliente  22, 11893.073950012322 )
( Sucursal  7,  623, Cliente  23, 25207.47188625144 )
( Sucursal  7,  624, Cliente  24, 20692.012498943808 )
( Sucursal  7,  625, Cliente  25, 9990.71085239798 )
( Sucursal  7,  626, Cliente  26, 5291.520989657193 )
( Sucursal  7,  627, Cliente  27, 24564.58836815175 )
( Sucursal  7,  628, Cliente  28, 11552.50537554091 )
( Sucursal  7,  629, Cliente  29, 17727.865029694953 )
( Sucursal  7,  630, Cliente  30, 12633.701206307613 )
( Sucursal  7,  631, Cliente  31, 23123.152797210514 )
( Sucursal  7,  632, Cliente  32, 25634.738456666073 )
( Sucursal  7,  633, Cliente  33, 15866.480909589643 )
( Sucursal  7,  634, Cliente  34, 24916.50966565718 )
( Sucursal  7,  635, Cliente  35, 11142.69785122567 )
( Sucursal  7,  636, Cliente  36, 29023.876796597055 )
( Sucursal  7,  637, Cliente  37, 25557.37551431301 )
( Sucursal  7,  638, Cliente  38, 4967.545736371206 )
( Sucursal  7,  639, Cliente  39, 21698.95341856828 )
( Sucursal  7,  640, Cliente  40, 19787.092215450004 )
( Sucursal  7,  641, Cliente  41, 11280.225027378367 )
( Sucursal  7,  642, Cliente  42, 8808.184099930479 )
( Sucursal  7,  643, Cliente  43, 21950.464365999447 )
( Sucursal  7,  644, Cliente  44, 18358.12642119956 )
( Sucursal  7,  645, Cliente  45, 13205.745228174492 )
( Sucursal  7,  646, Cliente  46, 12205.517681399582 )
( Sucursal  7,  647, Cliente  47, 10232.266956963458 )
( Sucursal  7,  648, Cliente  48, 719.123125809636 )
( Sucursal  7,  649, Cliente  49, 28333.61157534138 )
( Sucursal  7,  650, Cliente  50, 27924.92843354028 )
( Sucursal  7,  651, Cliente  51, 16062.408434700481 )
( Sucursal  7,  652, Cliente  52, 3610.0641644538973 )
( Sucursal  7,  653, Cliente  53, 28782.693691441258 )
( Sucursal  7,  654, Cliente  54, 19649.04592325646 )
( Sucursal  7,  655, Cliente  55, 14950.195788042887 )
( Sucursal  7,  656, Cliente  56, 2295.128347019235 )
( Sucursal  7,  657, Cliente  57, 19170.610536072934 )
( Sucursal  7,  658, Cliente  58, 24569.600621132733 )
( Sucursal  7,  659, Cliente  59, 14618.618178031933 )
( Sucursal  7,  660, Cliente  60, 24941.14850138159 )
( Sucursal  7,  661, Cliente  61, 1761.0654284682655 )
( Sucursal  7,  662, Cliente  62, 20810.544621916346 )
( Sucursal  7,  663, Cliente  63, 26283.020297108174 )
( Sucursal  7,  664, Cliente  64, 4449.361856567003 )
( Sucursal  7,  665, Cliente  65, 18377.367310962756 )
( Sucursal  7,  666, Cliente  66, 6175.7718296328385 )
( Sucursal  7,  667, Cliente  67, 8298.008831821988 )
( Sucursal  7,  668, Cliente  68, 25507.10908719887 )
( Sucursal  7,  669, Cliente  69, 25458.162225243344 )
( Sucursal  7,  670, Cliente  70, 22763.280793149665 )
( Sucursal  7,  671, Cliente  71, 23571.93605595473 )
( Sucursal  7,  672, Cliente  72, 27893.238444138653 )
( Sucursal  7,  673, Cliente  73, 27102.46368156204 )
( Sucursal  7,  674, Cliente  74, 9300.635137737592 )
( Sucursal  7,  675, Cliente  75, 9237.545225766544 )
( Sucursal  7,  676, Cliente  76, 15606.846596902526 )
( Sucursal  7,  677, Cliente  77, 9263.022145033045 )
( Sucursal  7,  678, Cliente  78, 926.301826583242 )
( Sucursal  7,  679, Cliente  79, 6224.477427256119 )
( Sucursal  7,  680, Cliente  80, 9745.521320922788 )
( Sucursal  7,  681, Cliente  81, 15664.51218911003 )
( Sucursal  7,  682, Cliente  82, 22221.711699836596 )
( Sucursal  7,  683, Cliente  83, 25595.701658058726 )
( Sucursal  7,  684, Cliente  84, 9169.57970840023 )
( Sucursal  7,  685, Cliente  85, 13082.450135016275 )
( Sucursal  7,  686, Cliente  86, 10369.444876714455 )
( Sucursal  7,  687, Cliente  87, 7607.380204856724 )
( Sucursal  7,  688, Cliente  88, 20371.355255208575 )
( Sucursal  7,  689, Cliente  89, 380.1776328606855 )
( Sucursal  7,  690, Cliente  90, 2208.4491348644797 )
( Sucursal  7,  691, Cliente  91, 13539.003761001582 )
( Sucursal  7,  692, Cliente  92, 12547.961492579398 )
( Sucursal  7,  693, Cliente  93, 12502.19304013725 )
( Sucursal  7,  694, Cliente  94, 10385.386358682423 )
( Sucursal  7,  695, Cliente  95, 15640.590465261012 )
( Sucursal  7,  696, Cliente  96, 13763.54389002504 )
( Sucursal  7,  697, Cliente  97, 8317.877964756983 )
( Sucursal  7,  698, Cliente  98, 11412.553001994871 )
( Sucursal  7,  699, Cliente  99, 18408.623449744853 )
( Sucursal  7,  700, Cliente 100, 24153.457635011615 )
( Sucursal  8,  701, Cliente   1, 3477.96140641432 )
( Sucursal  8,  702, Cliente   2, 13071.84880306109 )
( Sucursal  8,  703, Cliente   3, 636.6858280690926 )
( Sucursal  8,  704, Cliente   4, 15608.827138818016 )
( Sucursal  8,  705, Cliente   5, 20262.94647392029 )
( Sucursal  8,  706, Cliente   6, 24386.437435383752 )
( Sucursal  8,  707, Cliente   7, 6684.773999787375 )
( Sucursal  8,  708, Cliente   8, 10945.39649996111 )
( Sucursal  8,  709, Cliente   9, 17319.17640944223 )
( Sucursal  8,  710, Cliente  10, 8018.83377198855 )
( Sucursal  8,  711, Cliente  11, 19200.307612350345 )
( Sucursal  8,  712, Cliente  12, 16124.053527707945 )
( Sucursal  8,  713, Cliente  13, 19555.82023678169 )
( Sucursal  8,  714, Cliente  14, 14235.34003263176 )
( Sucursal  8,  715, Cliente  15, 4163.975677055456 )
( Sucursal  8,  716, Cliente  16, 14663.87922863449 )
( Sucursal  8,  717, Cliente  17, 12911.266790784292 )
( Sucursal  8,  718, Cliente  18, 19688.88984815483 )
( Sucursal  8,  719, Cliente  19, 11670.175210572028 )
( Sucursal  8,  720, Cliente  20, 8345.70805863805 )
( Sucursal  8,  721, Cliente  21, 12834.536503545853 )
( Sucursal  8,  722, Cliente  22, 4965.185064181802 )
( Sucursal  8,  723, Cliente  23, 27016.63607010004 )
( Sucursal  8,  724, Cliente  24, 9961.07436283417 )
( Sucursal  8,  725, Cliente  25, 9305.280548605278 )
( Sucursal  8,  726, Cliente  26, 3740.380611756274 )
( Sucursal  8,  727, Cliente  27, 24383.575597653846 )
( Sucursal  8,  728, Cliente  28, 22019.395585823124 )
( Sucursal  8,  729, Cliente  29, 15790.3901896424 )
( Sucursal  8,  730, Cliente  30, 24268.238093330016 )
( Sucursal  8,  731, Cliente  31, 17481.921117643727 )
( Sucursal  8,  732, Cliente  32, 11177.976943210102 )
( Sucursal  8,  733, Cliente  33, 21962.534260250093 )
( Sucursal  8,  734, Cliente  34, 13633.275206325452 )
( Sucursal  8,  735, Cliente  35, 10786.600856203184 )
( Sucursal  8,  736, Cliente  36, 10711.02669042185 )
( Sucursal  8,  737, Cliente  37, 4520.743722258957 )
( Sucursal  8,  738, Cliente  38, 18066.144316809263 )
( Sucursal  8,  739, Cliente  39, 3432.057193814321 )
( Sucursal  8,  740, Cliente  40, 5070.249667190312 )
( Sucursal  8,  741, Cliente  41, 1329.773471415456 )
( Sucursal  8,  742, Cliente  42, 29811.115492480076 )
( Sucursal  8,  743, Cliente  43, 17421.531759369096 )
( Sucursal  8,  744, Cliente  44, 25348.0165163539 )
( Sucursal  8,  745, Cliente  45, 19941.741296726745 )
( Sucursal  8,  746, Cliente  46, 4909.281908451119 )
( Sucursal  8,  747, Cliente  47, 20799.542249287537 )
( Sucursal  8,  748, Cliente  48, 11876.340090725316 )
( Sucursal  8,  749, Cliente  49, 9796.062351306151 )
( Sucursal  8,  750, Cliente  50, 17351.383949937564 )
( Sucursal  8,  751, Cliente  51, 13466.736950717304 )
( Sucursal  8,  752, Cliente  52, 8551.742883854216 )
( Sucursal  8,  753, Cliente  53, 22186.819906737102 )
( Sucursal  8,  754, Cliente  54, 8291.533146396523 )
( Sucursal  8,  755, Cliente  55, 3149.1003557010536 )
( Sucursal  8,  756, Cliente  56, 16484.78098841585 )
( Sucursal  8,  757, Cliente  57, 13440.376271199912 )
( Sucursal  8,  758, Cliente  58, 8036.0310051522565 )
( Sucursal  8,  759, Cliente  59, 5407.182420911857 )
( Sucursal  8,  760, Cliente  60, 16727.069465372315 )
( Sucursal  8,  761, Cliente  61, 26310.661851524237 )
( Sucursal  8,  762, Cliente  62, 128.49814583307887 )
( Sucursal  8,  763, Cliente  63, 29554.96812207352 )
( Sucursal  8,  764, Cliente  64, 27242.975207794338 )
( Sucursal  8,  765, Cliente  65, 17981.01483748206 )
( Sucursal  8,  766, Cliente  66, 10269.079484393817 )
( Sucursal  8,  767, Cliente  67, 9467.223271150762 )
( Sucursal  8,  768, Cliente  68, 9916.283682061483 )
( Sucursal  8,  769, Cliente  69, 11572.38709896723 )
( Sucursal  8,  770, Cliente  70, 6420.555537166947 )
( Sucursal  8,  771, Cliente  71, 13792.840870062759 )
( Sucursal  8,  772, Cliente  72, 19114.66388958689 )
( Sucursal  8,  773, Cliente  73, 29987.913269333687 )
( Sucursal  8,  774, Cliente  74, 6252.370884598227 )
( Sucursal  8,  775, Cliente  75, 123.27580479383101 )
( Sucursal  8,  776, Cliente  76, 1432.9562193498107 )
( Sucursal  8,  777, Cliente  77, 1064.9335493988624 )
( Sucursal  8,  778, Cliente  78, 25287.098253259705 )
( Sucursal  8,  779, Cliente  79, 18372.964140697863 )
( Sucursal  8,  780, Cliente  80, 3778.0827313786413 )
( Sucursal  8,  781, Cliente  81, 19607.860072730822 )
( Sucursal  8,  782, Cliente  82, 4299.667374603823 )
( Sucursal  8,  783, Cliente  83, 20290.339041031122 )
( Sucursal  8,  784, Cliente  84, 21239.36758707821 )
( Sucursal  8,  785, Cliente  85, 28218.916227438956 )
( Sucursal  8,  786, Cliente  86, 13045.442305110117 )
( Sucursal  8,  787, Cliente  87, 22268.604434393874 )
( Sucursal  8,  788, Cliente  88, 28222.91652812763 )
( Sucursal  8,  789, Cliente  89, 8726.61338143231 )
( Sucursal  8,  790, Cliente  90, 2042.07355077327 )
( Sucursal  8,  791, Cliente  91, 18338.86124148515 )
( Sucursal  8,  792, Cliente  92, 12319.50795436681 )
( Sucursal  8,  793, Cliente  93, 13190.417233845968 )
( Sucursal  8,  794, Cliente  94, 22079.44317013926 )
( Sucursal  8,  795, Cliente  95, 11910.08542521432 )
( Sucursal  8,  796, Cliente  96, 581.1346120437786 )
( Sucursal  8,  797, Cliente  97, 27259.210327227254 )
( Sucursal  8,  798, Cliente  98, 22758.89787458834 )
( Sucursal  8,  799, Cliente  99, 1194.0238852477175 )
( Sucursal  8,  800, Cliente 100, 25979.60749186695 )
( Sucursal  9,  801, Cliente   1, 28126.294588605637 )
( Sucursal  9,  802, Cliente   2, 13606.612994145471 )
( Sucursal  9,  803, Cliente   3, 16664.51486289372 )
( Sucursal  9,  804, Cliente   4, 26817.532796879463 )
( Sucursal  9,  805, Cliente   5, 16641.565597325847 )
( Sucursal  9,  806, Cliente   6, 5835.410464583002 )
( Sucursal  9,  807, Cliente   7, 23823.0402426823 )
( Sucursal  9,  808, Cliente   8, 13061.688525512496 )
( Sucursal  9,  809, Cliente   9, 2546.967366671238 )
( Sucursal  9,  810, Cliente  10, 12150.476127186363 )
( Sucursal  9,  811, Cliente  11, 16502.498428542916 )
( Sucursal  9,  812, Cliente  12, 5841.9660085861115 )
( Sucursal  9,  813, Cliente  13, 6276.363566121716 )
( Sucursal  9,  814, Cliente  14, 27537.91783853216 )
( Sucursal  9,  815, Cliente  15, 21300.834077411164 )
( Sucursal  9,  816, Cliente  16, 10560.801858294784 )
( Sucursal  9,  817, Cliente  17, 20603.762807029096 )
( Sucursal  9,  818, Cliente  18, 20174.856862784927 )
( Sucursal  9,  819, Cliente  19, 15835.460188128485 )
( Sucursal  9,  820, Cliente  20, 18836.18584576488 )
( Sucursal  9,  821, Cliente  21, 29044.023005393814 )
( Sucursal  9,  822, Cliente  22, 20145.320412111636 )
( Sucursal  9,  823, Cliente  23, 5429.805651775431 )
( Sucursal  9,  824, Cliente  24, 5681.142796934725 )
( Sucursal  9,  825, Cliente  25, 7295.675890422203 )
( Sucursal  9,  826, Cliente  26, 15829.9317768498 )
( Sucursal  9,  827, Cliente  27, 16870.964795764856 )
( Sucursal  9,  828, Cliente  28, 6202.175049054991 )
( Sucursal  9,  829, Cliente  29, 26880.25101290157 )
( Sucursal  9,  830, Cliente  30, 18788.66243388197 )
( Sucursal  9,  831, Cliente  31, 19141.740094676312 )
( Sucursal  9,  832, Cliente  32, 22666.605007216585 )
( Sucursal  9,  833, Cliente  33, 253.53620025557336 )
( Sucursal  9,  834, Cliente  34, 5427.842540698195 )
( Sucursal  9,  835, Cliente  35, 22016.369779206947 )
( Sucursal  9,  836, Cliente  36, 13769.793791218219 )
( Sucursal  9,  837, Cliente  37, 4896.863158449864 )
( Sucursal  9,  838, Cliente  38, 29286.34261335686 )
( Sucursal  9,  839, Cliente  39, 26800.67354982843 )
( Sucursal  9,  840, Cliente  40, 28397.271076509434 )
( Sucursal  9,  841, Cliente  41, 28430.935012561346 )
( Sucursal  9,  842, Cliente  42, 20039.01073842166 )
( Sucursal  9,  843, Cliente  43, 22932.69036130247 )
( Sucursal  9,  844, Cliente  44, 24931.12642541065 )
( Sucursal  9,  845, Cliente  45, 12283.882700171402 )
( Sucursal  9,  846, Cliente  46, 23066.000245875846 )
( Sucursal  9,  847, Cliente  47, 15702.465702805372 )
( Sucursal  9,  848, Cliente  48, 7733.486545622409 )
( Sucursal  9,  849, Cliente  49, 1943.9947312679903 )
( Sucursal  9,  850, Cliente  50, 12876.636528042834 )
( Sucursal  9,  851, Cliente  51, 1116.9125014271863 )
( Sucursal  9,  852, Cliente  52, 17476.444271730776 )
( Sucursal  9,  853, Cliente  53, 14115.698320648255 )
( Sucursal  9,  854, Cliente  54, 4627.842640496922 )
( Sucursal  9,  855, Cliente  55, 23430.601010990074 )
( Sucursal  9,  856, Cliente  56, 28853.53923453332 )
( Sucursal  9,  857, Cliente  57, 24777.240075179594 )
( Sucursal  9,  858, Cliente  58, 10319.829137231412 )
( Sucursal  9,  859, Cliente  59, 2266.7390612073814 )
( Sucursal  9,  860, Cliente  60, 24264.47107454344 )
( Sucursal  9,  861, Cliente  61, 24665.1965772726 )
( Sucursal  9,  862, Cliente  62, 14777.52174854703 )
( Sucursal  9,  863, Cliente  63, 22507.062110943218 )
( Sucursal  9,  864, Cliente  64, 6703.667678123275 )
( Sucursal  9,  865, Cliente  65, 24617.359593437777 )
( Sucursal  9,  866, Cliente  66, 9783.553038018987 )
( Sucursal  9,  867, Cliente  67, 25250.30143690038 )
( Sucursal  9,  868, Cliente  68, 14235.376290072507 )
( Sucursal  9,  869, Cliente  69, 13187.539382618212 )
( Sucursal  9,  870, Cliente  70, 133.03716066431974 )
( Sucursal  9,  871, Cliente  71, 19860.697504525262 )
( Sucursal  9,  872, Cliente  72, 16377.12651143117 )
( Sucursal  9,  873, Cliente  73, 23500.407336468437 )
( Sucursal  9,  874, Cliente  74, 22136.736231843213 )
( Sucursal  9,  875, Cliente  75, 12189.314211101993 )
( Sucursal  9,  876, Cliente  76, 15762.06880182145 )
( Sucursal  9,  877, Cliente  77, 27529.012288626676 )
( Sucursal  9,  878, Cliente  78, 25096.06958276416 )
( Sucursal  9,  879, Cliente  79, 18496.22900327684 )
( Sucursal  9,  880, Cliente  80, 12373.945764393766 )
( Sucursal  9,  881, Cliente  81, 18285.73838305299 )
( Sucursal  9,  882, Cliente  82, 6031.821593262066 )
( Sucursal  9,  883, Cliente  83, 24335.120983306624 )
( Sucursal  9,  884, Cliente  84, 14792.523574950053 )
( Sucursal  9,  885, Cliente  85, 1671.7109942809827 )
( Sucursal  9,  886, Cliente  86, 24227.51237935901 )
( Sucursal  9,  887, Cliente  87, 4532.423928491962 )
( Sucursal  9,  888, Cliente  88, 29812.59653398395 )
( Sucursal  9,  889, Cliente  89, 2276.326491088533 )
( Sucursal  9,  890, Cliente  90, 17095.608817552868 )
( Sucursal  9,  891, Cliente  91, 8178.398907031608 )
( Sucursal  9,  892, Cliente  92, 4927.819416587279 )
( Sucursal  9,  893, Cliente  93, 6525.784498934988 )
( Sucursal  9,  894, Cliente  94, 4776.321557372682 )
( Sucursal  9,  895, Cliente  95, 10650.668858192283 )
( Sucursal  9,  896, Cliente  96, 7600.903335365249 )
( Sucursal  9,  897, Cliente  97, 8967.056904346007 )
( Sucursal  9,  898, Cliente  98, 5388.374826618589 )
( Sucursal  9,  899, Cliente  99, 28837.86496916441 )
( Sucursal  9,  900, Cliente 100, 5944.310328251071 )
( Sucursal 10,  901, Cliente   1, 6421.91858368017 )
( Sucursal 10,  902, Cliente   2, 1953.5395261536057 )
( Sucursal 10,  903, Cliente   3, 15464.380834501653 )
( Sucursal 10,  904, Cliente   4, 25581.71626830579 )
( Sucursal 10,  905, Cliente   5, 6576.5414689067575 )
( Sucursal 10,  906, Cliente   6, 17639.80881679772 )
( Sucursal 10,  907, Cliente   7, 1411.267356399161 )
( Sucursal 10,  908, Cliente   8, 24246.507949024664 )
( Sucursal 10,  909, Cliente   9, 15168.459552441136 )
( Sucursal 10,  910, Cliente  10, 23937.116794033616 )
( Sucursal 10,  911, Cliente  11, 13906.184579886449 )
( Sucursal 10,  912, Cliente  12, 20909.19421653439 )
( Sucursal 10,  913, Cliente  13, 17703.958670990174 )
( Sucursal 10,  914, Cliente  14, 13414.257600189287 )
( Sucursal 10,  915, Cliente  15, 21588.48957281991 )
( Sucursal 10,  916, Cliente  16, 25914.212947261498 )
( Sucursal 10,  917, Cliente  17, 28082.17238569237 )
( Sucursal 10,  918, Cliente  18, 21764.088496574677 )
( Sucursal 10,  919, Cliente  19, 3192.9900763230626 )
( Sucursal 10,  920, Cliente  20, 29826.29328025143 )
( Sucursal 10,  921, Cliente  21, 8710.75082380525 )
( Sucursal 10,  922, Cliente  22, 6862.916309205195 )
( Sucursal 10,  923, Cliente  23, 12253.758450686166 )
( Sucursal 10,  924, Cliente  24, 482.5530323303375 )
( Sucursal 10,  925, Cliente  25, 10894.734797925508 )
( Sucursal 10,  926, Cliente  26, 16443.627020751344 )
( Sucursal 10,  927, Cliente  27, 25112.014873013042 )
( Sucursal 10,  928, Cliente  28, 5149.022129988206 )
( Sucursal 10,  929, Cliente  29, 27820.789257881395 )
( Sucursal 10,  930, Cliente  30, 27271.15811096995 )
( Sucursal 10,  931, Cliente  31, 11631.283050147505 )
( Sucursal 10,  932, Cliente  32, 21665.17591468379 )
( Sucursal 10,  933, Cliente  33, 24608.05533678516 )
( Sucursal 10,  934, Cliente  34, 14789.43274407845 )
( Sucursal 10,  935, Cliente  35, 24138.16208514009 )
( Sucursal 10,  936, Cliente  36, 1472.9609325725448 )
( Sucursal 10,  937, Cliente  37, 1986.143529717497 )
( Sucursal 10,  938, Cliente  38, 26996.936441842165 )
( Sucursal 10,  939, Cliente  39, 14055.213139397776 )
( Sucursal 10,  940, Cliente  40, 9401.763128504517 )
( Sucursal 10,  941, Cliente  41, 4735.219911101441 )
( Sucursal 10,  942, Cliente  42, 10758.275019081722 )
( Sucursal 10,  943, Cliente  43, 5982.714711997972 )
( Sucursal 10,  944, Cliente  44, 2662.0972946516868 )
( Sucursal 10,  945, Cliente  45, 15368.95414158626 )
( Sucursal 10,  946, Cliente  46, 22374.360314759597 )
( Sucursal 10,  947, Cliente  47, 16154.74759264814 )
( Sucursal 10,  948, Cliente  48, 11408.387425876828 )
( Sucursal 10,  949, Cliente  49, 6564.851989638345 )
( Sucursal 10,  950, Cliente  50, 17749.455892631904 )
( Sucursal 10,  951, Cliente  51, 1928.6552319920816 )
( Sucursal 10,  952, Cliente  52, 19182.18545393385 )
( Sucursal 10,  953, Cliente  53, 16027.257931165705 )
( Sucursal 10,  954, Cliente  54, 13116.670194707767 )
( Sucursal 10,  955, Cliente  55, 1801.7776102232992 )
( Sucursal 10,  956, Cliente  56, 5947.807949395438 )
( Sucursal 10,  957, Cliente  57, 1326.9999916362246 )
( Sucursal 10,  958, Cliente  58, 24993.900002243736 )
( Sucursal 10,  959, Cliente  59, 9596.267315637651 )
( Sucursal 10,  960, Cliente  60, 13894.374811964153 )
( Sucursal 10,  961, Cliente  61, 27810.354707770235 )
( Sucursal 10,  962, Cliente  62, 10643.615663344379 )
( Sucursal 10,  963, Cliente  63, 25251.998885366287 )
( Sucursal 10,  964, Cliente  64, 29047.911411665078 )
( Sucursal 10,  965, Cliente  65, 19948.024412688184 )
( Sucursal 10,  966, Cliente  66, 17841.550044941938 )
( Sucursal 10,  967, Cliente  67, 28456.625717958526 )
( Sucursal 10,  968, Cliente  68, 29716.21426137315 )
( Sucursal 10,  969, Cliente  69, 8405.470308827598 )
( Sucursal 10,  970, Cliente  70, 4923.163481963666 )
( Sucursal 10,  971, Cliente  71, 21174.77294374278 )
( Sucursal 10,  972, Cliente  72, 1642.891929164944 )
( Sucursal 10,  973, Cliente  73, 13328.304222003026 )
( Sucursal 10,  974, Cliente  74, 29827.26702803599 )
( Sucursal 10,  975, Cliente  75, 16879.74210747412 )
( Sucursal 10,  976, Cliente  76, 3014.283525280659 )
( Sucursal 10,  977, Cliente  77, 26883.203539489936 )
( Sucursal 10,  978, Cliente  78, 5898.637942163477 )
( Sucursal 10,  979, Cliente  79, 24263.178240758352 )
( Sucursal 10,  980, Cliente  80, 15014.48419945973 )
( Sucursal 10,  981, Cliente  81, 1575.7410895690055 )
( Sucursal 10,  982, Cliente  82, 22467.013137967933 )
( Sucursal 10,  983, Cliente  83, 23587.663313774876 )
( Sucursal 10,  984, Cliente  84, 9893.054174587087 )
( Sucursal 10,  985, Cliente  85, 6335.6088273728255 )
( Sucursal 10,  986, Cliente  86, 4041.5218906223845 )
( Sucursal 10,  987, Cliente  87, 23461.425673258826 )
( Sucursal 10,  988, Cliente  88, 16449.140218686145 )
( Sucursal 10,  989, Cliente  89, 15681.57006320637 )
( Sucursal 10,  990, Cliente  90, 24123.824233764008 )
( Sucursal 10,  991, Cliente  91, 6342.991755865248 )
( Sucursal 10,  992, Cliente  92, 25586.13220916548 )
( Sucursal 10,  993, Cliente  93, 18910.711634714207 )
( Sucursal 10,  994, Cliente  94, 1051.317866804401 )
( Sucursal 10,  995, Cliente  95, 28848.980650165053 )
( Sucursal 10,  996, Cliente  96, 27245.963114412454 )
( Sucursal 10,  997, Cliente  97, 413.36037788999334 )
( Sucursal 10,  998, Cliente  98, 9939.039776297075 )
( Sucursal 10,  999, Cliente  99, 24301.824310497697 )
( Sucursal 10, 1000, Cliente 100, 18865.984200355895 )
