Numero de entradas: 10
( Sucursal   1,    0 )
( Sucursal  11,  100 )
( Sucursal  21,  200 )
( Sucursal  31,  300 )
( Sucursal  41,  400 )
( Sucursal  51,  500 )
( Sucursal  61,  600 )
( Sucursal  71,  700 )
( Sucursal  81,  800 )
( Sucursal  91,  900 )
Numero de registros: 1000
( Sucursal   1,    1, Cliente  1, 28140.079334221093 )
( Sucursal   1,    2, Cliente  2, 27096.889390216675 )
( Sucursal   1,    3, Cliente  3, 12221.577064104076 )
( Sucursal   1,    4, Cliente  4, 2674.2287014137682 )
( Sucursal   1,    5, Cliente  5, 28188.937137508372 )
( Sucursal   1,    6, Cliente  6, 10907.346573283701 )
( Sucursal   1,    7, Cliente  7, 16461.575028937972 )
( Sucursal   1,    8, Cliente  8, 5608.541494381818 )
( Sucursal   1,    9, Cliente  9, 18844.335001667594 )
( Sucursal   1,   10, Cliente 10, 24180.841057373644 )
( Sucursal   2,   11, Cliente  1, 1570.7582283336842 )
( Sucursal   2,   12, Cliente  2, 13765.219926536158 )
( Sucursal   2,   13, Cliente  3, 10655.313352466383 )
( Sucursal   2,   14, Cliente  4, 26411.812369303807 )
( Sucursal   2,   15, Cliente  5, 11890.268139880409 )
( Sucursal   2,   16, Cliente  6, 7527.514912320289 )
( Sucursal   2,   17, Cliente  7, 18450.624918871195 )
( Sucursal   2,   18, Cliente  8, 9255.187674523411 )
( Sucursal   2,   19, Cliente  9, 21817.769539143243 )
( Sucursal   2,   20, Cliente 10, 4868.3535585652535 )
( Sucursal   3,   21, Cliente  1, 24203.387246314218 )
( Sucursal   3,   22, Cliente  2, 22380.980885910405 )
( Sucursal   3,   23, Cliente  3, 12749.483198983766 )
( Sucursal   3,   24, Cliente  4, 14314.719915713264 )
( Sucursal   3,   25, Cliente  5, 5916.986336927139 )
( Sucursal   3,   26, Cliente  6, 1507.3225272138118 )
( Sucursal   3,   27, Cliente  7, 3099.0801704647793 )
( Sucursal   3,   28, Cliente  8, 11940.077265925163 )
( Sucursal   3,   29, Cliente  9, 13969.354937882836 )
( Sucursal   3,   30, Cliente 10, 12086.116690024384 )
( Sucursal   4,   31, Cliente  1, 5253.209679087904 )
( Sucursal   4,   32, Cliente  2, 6917.313266653737 )
( Sucursal   4,   33, Cliente  3, 16620.50932496144 )
( Sucursal   4,   34, Cliente  4, 9594.861913513083 )
( Sucursal   4,   35, Cliente  5, 5291.047201837833 )
( Sucursal   4,   36, Cliente  6, 15149.14164347305 )
( Sucursal   4,   37, Cliente  7, 16636.190692005923 )
( Sucursal   4,   38, Cliente  8, 24768.460454405787 )
( Sucursal   4,   39, Cliente  9, 12268.754398187679 )
( Sucursal   4,   40, Cliente 10, 9771.592535150274 )
( Sucursal   5,   41, Cliente  1, 10353.495419962765 )
( Sucursal   5,   42, Cliente  2, 21949.972331461002 )
( Sucursal   5,   43, Cliente  3, 3849.2211248367944 )
( Sucursal   5,   44, Cliente  4, 3086.0856632963605 )
( Sucursal   5,   45, Cliente  5, 8078.446669687528 )
( Sucursal   5,   46, Cliente  6, 9578.738900099794 )
( Sucursal   5,   47, Cliente  7, 11359.08102630266 )
( Sucursal   5,   48, Cliente  8, 7809.88058230396 )
( Sucursal   5,   49, Cliente  9, 18909.559257295146 )
( Sucursal   5,   50, Cliente 10, 11262.020937201838 )
( Sucursal   6,   51, Cliente  1, 25346.342349409122 )
( Sucursal   6,   52, Cliente  2, 12169.312106796877 )
( Sucursal   6,   53, Cliente  3, 29253.818947164385 )
( Sucursal   6,   54, Cliente  4, 1367.7551227980935 )
( Sucursal   6,   55, Cliente  5, 15236.282749084468 )
( Sucursal   6,   56, Cliente  6, 27469.939039063083 )
( Sucursal   6,   57, Cliente  7, 4330.697818151087 )
( Sucursal   6,   58, Cliente  8, 16794.138218445598 )
( Sucursal   6,   59, Cliente  9, 20797.909796863416 )
( Sucursal   6,   60, Cliente 10, 27368.52042809364 )
( Sucursal   7,   61, Cliente  1, 25150.05387648128 )
( Sucursal   7,   62, Cliente  2, 17709.199911889275 )
( Sucursal   7,   63, Cliente  3, 5458.663166625402 )
( Sucursal   7,   64, Cliente  4, 2459.843261324493 )
( Sucursal   7,   65, Cliente  5, 2584.2748628197987 )
( Sucursal   7,   66, Cliente  6, 16857.205206073035 )
( Sucursal   7,   67, Cliente  7, 8562.181738622623 )
( Sucursal   7,   68, Cliente  8, 26549.199906894406 )
( Sucursal   7,   69, Cliente  9, 5194.334120410695 )
( Sucursal   7,   70, Cliente 10, 1227.7845845407073 )
( Sucursal   8,   71, Cliente  1, 15691.043488461872 )
( Sucursal   8,   72, Cliente  2, 9325.610710165784 )
( Sucursal   8,   73, Cliente  3, 28591.82268557044 )
( Sucursal   8,   74, Cliente  4, 28854.343252466202 )
( Sucursal   8,   75, Cliente  5, 9456.179051416499 )
( Sucursal   8,   76, Cliente  6, 9708.049872537187 )
( Sucursal   8,   77, Cliente  7, 4784.6168748972395 )
( Sucursal   8,   78, Cliente  8, 9178.54552298929 )
( Sucursal   8,   79, Cliente  9, 10509.861078279037 )
( Sucursal   8,   80, Cliente 10, 214.61590630773395 )
( Sucursal   9,   81, Cliente  1, 3422.3263593945626 )
( Sucursal   9,   82, Cliente  2, 14666.729615444676 )
( Sucursal   9,   83, Cliente  3, 21818.85528078848 )
( Sucursal   9,   84, Cliente  4, 11347.33810009428 )
( Sucursal   9,   85, Cliente  5, 22791.357596883714 )
( Sucursal   9,   86, Cliente  6, 22481.516259070093 )
( Sucursal   9,   87, Cliente  7, 20525.9785231942 )
( Sucursal   9,   88, Cliente  8, 21540.18279370694 )
( Sucursal   9,   89, Cliente  9, 1838.3834725575239 )
( Sucursal   9,   90, Cliente 10, 13843.522891363655 )
( Sucursal  10,   91, Cliente  1, 22622.31549076309 )
( Sucursal  10,   92, Cliente  2, 12009.559481926904 )
( Sucursal  10,   93, Cliente  3, 27651.402666763992 )
( Sucursal  10,   94, Cliente  4, 9716.325982456683 )
( Sucursal  10,   95, Cliente  5, 15353.470286116919 )
( Sucursal  10,   96, Cliente  6, 1089.4865474939943 )
( Sucursal  10,   97, Cliente  7, 19536.608757963073 )
( Sucursal  10,   98, Cliente  8, 7615.200372455203 )
( Sucursal  10,   99, Cliente  9, 18107.724899981793 )
( Sucursal  10,  100, Cliente 10, 1375.503625037648 )
( Sucursal  11,  101, Cliente  1, 12548.574278362175 )
( Sucursal  11,  102, Cliente  2, 21939.009400577434 )
( Sucursal  11,  103, Cliente  3, 20048.20633884016 )
( Sucursal  11,  104, Cliente  4, 17528.654992826632 )
( Sucursal  11,  105, Cliente  5, 21729.97416673557 )
( Sucursal  11,  106, Cliente  6, 10944.604070248188 )
( Sucursal  11,  107, Cliente  7, 25394.711337059674 )
( Sucursal  11,  108, Cliente  8, 4294.997710368709 )
( Sucursal  11,  109, Cliente  9, 27849.439673979647 )
( Sucursal  11,  110, Cliente 10, 11956.687940565776 )
( Sucursal  12,  111, Cliente  1, 1395.40317601292 )
( Sucursal  12,  112, Cliente  2, 294.5023382036635 )
( Sucursal  12,  113, Cliente  3, 25574.557574230133 )
( Sucursal  12,  114, Cliente  4, 287.1115150883959 )
( Sucursal  12,  115, Cliente  5, 23491.18937163786 )
( Sucursal  12,  116, Cliente  6, 8197.132150508949 )
( Sucursal  12,  117, Cliente  7, 6835.477101344725 )
( Sucursal  12,  118, Cliente  8, 6089.521256149019 )
( Sucursal  12,  119, Cliente  9, 14719.653364906007 )
( Sucursal  12,  120, Cliente 10, 27981.890068122568 )
( Sucursal  13,  121, Cliente  1, 6318.883318239908 )
( Sucursal  13,  122, Cliente  2, 9820.898889829712 )
( Sucursal  13,  123, Cliente  3, 9307.513495536501 )
( Sucursal  13,  124, Cliente  4, 6907.334268073564 )
( Sucursal  13,  125, Cliente  5, 15564.243308285937 )
( Sucursal  13,  126, Cliente  6, 8099.266974927443 )
( Sucursal  13,  127, Cliente  7, 3043.9055905590453 )
( Sucursal  13,  128, Cliente  8, 8762.840792544876 )
( Sucursal  13,  129, Cliente  9, 22541.23199037045 )
( Sucursal  13,  130, Cliente 10, 18769.030207087417 )
( Sucursal  14,  131, Cliente  1, 2747.9933343502935 )
( Sucursal  14,  132, Cliente  2, 24566.599536210884 )
( Sucursal  14,  133, Cliente  3, 10336.045372559847 )
( Sucursal  14,  134, Cliente  4, 9158.766139425292 )
( Sucursal  14,  135, Cliente  5, 23326.61548507057 )
( Sucursal  14,  136, Cliente  6, 15598.5005663826 )
( Sucursal  14,  137, Cliente  7, 6496.212705307761 )
( Sucursal  14,  138, Cliente  8, 7425.243429776865 )
( Sucursal  14,  139, Cliente  9, 1930.9695755951193 )
( Sucursal  14,  140, Cliente 10, 20723.942707401326 )
( Sucursal  15,  141, Cliente  1, 17654.424133199638 )
( Sucursal  15,  142, Cliente  2, 6802.185816837213 )
( Sucursal  15,  143, Cliente  3, 7547.831403430221 )
( Sucursal  15,  144, Cliente  4, 14929.181491444342 )
( Sucursal  15,  145, Cliente  5, 18594.052322936484 )
( Sucursal  15,  146, Cliente  6, 28759.65365494207 )
( Sucursal  15,  147, Cliente  7, 16666.188272061034 )
( Sucursal  15,  148, Cliente  8, 3756.6768125651934 )
( Sucursal  15,  149, Cliente  9, 14510.858481343463 )
( Sucursal  15,  150, Cliente 10, 3072.230315877379 )
( Sucursal  16,  151, Cliente  1, 27727.335657431642 )
( Sucursal  16,  152, Cliente  2, 7448.474099079945 )
( Sucursal  16,  153, Cliente  3, 8375.816011833685 )
( Sucursal  16,  154, Cliente  4, 452.75740443038285 )
( Sucursal  16,  155, Cliente  5, 16787.376439240037 )
( Sucursal  16,  156, Cliente  6, 29435.094163816335 )
( Sucursal  16,  157, Cliente  7, 20223.88463307571 )
( Sucursal  16,  158, Cliente  8, 19356.862065058558 )
( Sucursal  16,  159, Cliente  9, 8192.304701734662 )
( Sucursal  16,  160, Cliente 10, 22310.764667614636 )
( Sucursal  17,  161, Cliente  1, 15560.704049690983 )
( Sucursal  17,  162, Cliente  2, 6102.849899674983 )
( Sucursal  17,  163, Cliente  3, 28120.843461650922 )
( Sucursal  17,  164, Cliente  4, 8128.043753491721 )
( Sucursal  17,  165, Cliente  5, 21519.951894965976 )
( Sucursal  17,  166, Cliente  6, 23380.24024915591 )
( Sucursal  17,  167, Cliente  7, 18630.914798589816 )
( Sucursal  17,  168, Cliente  8, 11608.6440767129 )
( Sucursal  17,  169, Cliente  9, 17981.941699735627 )
( Sucursal  17,  170, Cliente 10, 18089.339141364755 )
( Sucursal  18,  171, Cliente  1, 18334.127935191835 )
( Sucursal  18,  172, Cliente  2, 29036.676732248812 )
( Sucursal  18,  173, Cliente  3, 17831.703475418017 )
( Sucursal  18,  174, Cliente  4, 194.31625319127863 )
( Sucursal  18,  175, Cliente  5, 16497.84930365828 )
( Sucursal  18,  176, Cliente  6, 28338.447139969026 )
( Sucursal  18,  177, Cliente  7, 16130.5028259435 )
( Sucursal  18,  178, Cliente  8, 25190.97914177411 )
( Sucursal  18,  179, Cliente  9, 29700.003098724534 )
( Sucursal  18,  180, Cliente 10, 3680.3773048743174 )
( Sucursal  19,  181, Cliente  1, 2854.904075290382 )
( Sucursal  19,  182, Cliente  2, 17784.891560147626 )
( Sucursal  19,  183, Cliente  3, 7854.838332200145 )
( Sucursal  19,  184, Cliente  4, 2125.7043395511864 )
( Sucursal  19,  185, Cliente  5, 24582.491883303654 )
( Sucursal  19,  186, Cliente  6, 701.9889767164161 )
( Sucursal  19,  187, Cliente  7, 6665.960259244111 )
( Sucursal  19,  188, Cliente  8, 9785.624216153383 )
( Sucursal  19,  189, Cliente  9, 4886.4039247851415 )
( Sucursal  19,  190, Cliente 10, 25778.688958921426 )
( Sucursal  20,  191, Cliente  1, 18472.691180823866 )
( Sucursal  20,  192, Cliente  2, 19189.248691402077 )
( Sucursal  20,  193, Cliente  3, 6868.31893095306 )
( Sucursal  20,  194, Cliente  4, 21381.595822048628 )
( Sucursal  20,  195, Cliente  5, 29419.594279902885 )
( Sucursal  20,  196, Cliente  6, 3249.1097448465234 )
( Sucursal  20,  197, Cliente  7, 16934.66255950417 )
( Sucursal  20,  198, Cliente  8, 330.52733712133 )
( Sucursal  20,  199, Cliente  9, 22011.434219146515 )
( Sucursal  20,  200, Cliente 10, 17157.661224260835 )
( Sucursal  21,  201, Cliente  1, 7121.192081664209 )
( Sucursal  21,  202, Cliente  2, 17830.863072269953 )
( Sucursal  21,  203, Cliente  3, 27582.49650030194 )
( Sucursal  21,  204, Cliente  4, 25170.77095752704 )
( Sucursal  21,  205, Cliente  5, 13876.713759926759 )
( Sucursal  21,  206, Cliente  6, 9223.861831285609 )
( Sucursal  21,  207, Cliente  7, 9470.94158255416 )
( Sucursal  21,  208, Cliente  8, 25471.29044937381 )
( Sucursal  21,  209, Cliente  9, 21703.16715937142 )
( Sucursal  21,  210, Cliente 10, 19793.432572292142 )
( Sucursal  22,  211, Cliente  1, 29079.986509954353 )
( Sucursal  22,  212, Cliente  2, 5186.746105385943 )
( Sucursal  22,  213, Cliente  3, 22205.807199933595 )
( Sucursal  22,  214, Cliente  4, 17897.875821920603 )
( Sucursal  22,  215, Cliente  5, 2871.74887995216 )
( Sucursal  22,  216, Cliente  6, 26436.83710134798 )
( Sucursal  22,  217, Cliente  7, 28599.572072136772 )
( Sucursal  22,  218, Cliente  8, 3216.5592137401322 )
( Sucursal  22,  219, Cliente  9, 3368.991485986081 )
( Sucursal  22,  220, Cliente 10, 4042.217821838858 )
( Sucursal  23,  221, Cliente  1, 6084.903995871184 )
( Sucursal  23,  222, Cliente  2, 12104.485432048506 )
( Sucursal  23,  223, Cliente  3, 3004.548163759383 )
( Sucursal  23,  224, Cliente  4, 14506.632620932898 )
( Sucursal  23,  225, Cliente  5, 1835.7539149841657 )
( Sucursal  23,  226, Cliente  6, 8215.157793010625 )
( Sucursal  23,  227, Cliente  7, 10214.495827682187 )
( Sucursal  23,  228, Cliente  8, 11584.457117926022 )
( Sucursal  23,  229, Cliente  9, 28610.149894609727 )
( Sucursal  23,  230, Cliente 10, 3753.3432394435117 )
( Sucursal  24,  231, Cliente  1, 18064.95281659827 )
( Sucursal  24,  232, Cliente  2, 1613.1100118202444 )
( Sucursal  24,  233, Cliente  3, 14750.657621706096 )
( Sucursal  24,  234, Cliente  4, 8532.732139704609 )
( Sucursal  24,  235, Cliente  5, 27153.17581391873 )
( Sucursal  24,  236, Cliente  6, 8563.323372811872 )
( Sucursal  24,  237, Cliente  7, 18440.823119226374 )
( Sucursal  24,  238, Cliente  8, 2288.307876219163 )
( Sucursal  24,  239, Cliente  9, 28459.32503251405 )
( Sucursal  24,  240, Cliente 10, 22870.093537255554 )
( Sucursal  25,  241, Cliente  1, 5226.09108615338 )
( Sucursal  25,  242, Cliente  2, 7288.023566477301 )
( Sucursal  25,  243, Cliente  3, 2381.3417933112623 )
( Sucursal  25,  244, Cliente  4, 21381.839440242387 )
( Sucursal  25,  245, Cliente  5, 4357.968358041258 )
( Sucursal  25,  246, Cliente  6, 11513.35931986411 )
( Sucursal  25,  247, Cliente  7, 19647.966799900685 )
( Sucursal  25,  248, Cliente  8, 25024.098091362022 )
( Sucursal  25,  249, Cliente  9, 9370.278666030692 )
( Sucursal  25,  250, Cliente 10, 4054.5381784105225 )
( Sucursal  26,  251, Cliente  1, 29466.2979548067 )
( Sucursal  26,  252, Cliente  2, 26017.003974348387 )
( Sucursal  26,  253, Cliente  3, 13355.512801754085 )
( Sucursal  26,  254, Cliente  4, 29559.320088861037 )
( Sucursal  26,  255, Cliente  5, 13062.952137919217 )
( Sucursal  26,  256, Cliente  6, 5923.575627035655 )
( Sucursal  26,  257, Cliente  7, 3195.8675691118065 )
( Sucursal  26,  258, Cliente  8, 24006.08719685222 )
( Sucursal  26,  259, Cliente  9, 9544.55087684603 )
( Sucursal  26,  260, Cliente 10, 13315.139822961426 )
( Sucursal  27,  261, Cliente  1, 1466.1830660440248 )
( Sucursal  27,  262, Cliente  2, 7257.282865231245 )
( Sucursal  27,  263, Cliente  3, 2712.413300758093 )
( Sucursal  27,  264, Cliente  4, 3333.589895907988 )
( Sucursal  27,  265, Cliente  5, 24238.281237708372 )
( Sucursal  27,  266, Cliente  6, 18628.812534107386 )
( Sucursal  27,  267, Cliente  7, 27982.666432313472 )
( Sucursal  27,  268, Cliente  8, 27031.060864522064 )
( Sucursal  27,  269, Cliente  9, 14596.111552745302 )
( Sucursal  27,  270, Cliente 10, 26665.789831091966 )
( Sucursal  28,  271, Cliente  1, 11564.252240993028 )
( Sucursal  28,  272, Cliente  2, 17308.170917175954 )
( Sucursal  28,  273, Cliente  3, 26610.88356297565 )
( Sucursal  28,  274, Cliente  4, 23086.7164023239 )
( Sucursal  28,  275, Cliente  5, 18798.313153481377 )
( Sucursal  28,  276, Cliente  6, 23356.049230665383 )
( Sucursal  28,  277, Cliente  7, 6701.561557472339 )
( Sucursal  28,  278, Cliente  8, 12154.758226594506 )
( Sucursal  28,  279, Cliente  9, 10867.792942494896 )
( Sucursal  28,  280, Cliente 10, 17608.91238587189 )
( Sucursal  29,  281, Cliente  1, 6890.157624292698 )
( Sucursal  29,  282, Cliente  2, 5983.676772361168 )
( Sucursal  29,  283, Cliente  3, 18568.791411389637 )
( Sucursal  29,  284, Cliente  4, 6166.8192755891105 )
( Sucursal  29,  285, Cliente  5, 5941.544750759048 )
( Sucursal  29,  286, Cliente  6, 28159.1167979145 )
( Sucursal  29,  287, Cliente  7, 21158.443018044272 )
( Sucursal  29,  288, Cliente  8, 15729.971680115868 )
( Sucursal  29,  289, Cliente  9, 18780.649195913786 )
( Sucursal  29,  290, Cliente 10, 20863.46991653027 )
( Sucursal  30,  291, Cliente  1, 16683.283172216383 )
( Sucursal  30,  292, Cliente  2, 2684.768477031931 )
( Sucursal  30,  293, Cliente  3, 11288.870365543668 )
( Sucursal  30,  294, Cliente  4, 12545.830488846472 )
( Sucursal  30,  295, Cliente  5, 3551.1848604146235 )
( Sucursal  30,  296, Cliente  6, 9161.146148434533 )
( Sucursal  30,  297, Cliente  7, 990.5878499786486 )
( Sucursal  30,  298, Cliente  8, 20439.273162697085 )
( Sucursal  30,  299, Cliente  9, 1002.0250267312772 )
( Sucursal  30,  300, Cliente 10, 19821.387842761294 )
( Sucursal  31,  301, Cliente  1, 26177.701723055114 )
( Sucursal  31,  302, Cliente  2, 14657.585396309374 )
( Sucursal  31,  303, Cliente  3, 24521.259618215678 )
( Sucursal  31,  304, Cliente  4, 1703.6646184432975 )
( Sucursal  31,  305, Cliente  5, 8037.43923973067 )
( Sucursal  31,  306, Cliente  6, 17645.66887086026 )
( Sucursal  31,  307, Cliente  7, 28045.134577074663 )
( Sucursal  31,  308, Cliente  8, 9358.434457943378 )
( Sucursal  31,  309, Cliente  9, 15328.252078296811 )
( Sucursal  31,  310, Cliente 10, 11231.314239414089 )
( Sucursal  32,  311, Cliente  1, 18722.16940912604 )
( Sucursal  32,  312, Cliente  2, 12122.483625131037 )
( Sucursal  32,  313, Cliente  3, 5948.988248197758 )
( Sucursal  32,  314, Cliente  4, 29256.135903528517 )
( Sucursal  32,  315, Cliente  5, 4806.000228589371 )
( Sucursal  32,  316, Cliente  6, 27089.634960088362 )
( Sucursal  32,  317, Cliente  7, 26873.399649943887 )
( Sucursal  32,  318, Cliente  8, 25397.923446334877 )
( Sucursal  32,  319, Cliente  9, 6796.8550268322015 )
( Sucursal  32,  320, Cliente 10, 20794.622621730785 )
( Sucursal  33,  321, Cliente  1, 16933.11616558863 )
( Sucursal  33,  322, Cliente  2, 22699.736011622477 )
( Sucursal  33,  323, Cliente  3, 12982.059792634893 )
( Sucursal  33,  324, Cliente  4, 1110.2236908279417 )
( Sucursal  33,  325, Cliente  5, 11772.75047419708 )
( Sucursal  33,  326, Cliente  6, 25619.517925790715 )
( Sucursal  33,  327, Cliente  7, 17980.67834150907 )
( Sucursal  33,  328, Cliente  8, 20792.426557531307 )
( Sucursal  33,  329, Cliente  9, 29136.97492231172 )
( Sucursal  33,  330, Cliente 10, 4484.086085538991 )
( Sucursal  34,  331, Cliente  1, 10550.771933136417 )
( Sucursal  34,  332, Cliente  2, 26945.785870655927 )
( Sucursal  34,  333, Cliente  3, 16197.63496238376 )
( Sucursal  34,  334, Cliente  4, 15814.16791911624 )
( Sucursal  34,  335, Cliente  5, 21290.970882919013 )
( Sucursal  34,  336, Cliente  6, 18409.188526175294 )
( Sucursal  34,  337, Cliente  7, 22010.009733697505 )
( Sucursal  34,  338, Cliente  8, 7399.025698094522 )
( Sucursal  34,  339, Cliente  9, 25539.322571060624 )
( Sucursal  34,  340, Cliente 10, 21645.0128875414 )
( Sucursal  35,  341, Cliente  1, 24717.46256908962 )
( Sucursal  35,  342, Cliente  2, 17779.026252453903 )
( Sucursal  35,  343, Cliente  3, 27070.06644434612 )
( Sucursal  35,  344, Cliente  4, 15013.329111541807 )
( Sucursal  35,  345, Cliente  5, 16751.44187162768 )
( Sucursal  35,  346, Cliente  6, 10255.963537350286 )
( Sucursal  35,  347, Cliente  7, 20772.75268020119 )
( Sucursal  35,  348, Cliente  8, 28285.331802802488 )
( Sucursal  35,  349, Cliente  9, 25318.81889117362 )
( Sucursal  35,  350, Cliente 10, 13304.936152287259 )
( Sucursal  36,  351, Cliente  1, 19813.688330292818 )
( Sucursal  36,  352, Cliente  2, 9592.452436479334 )
( Sucursal  36,  353, Cliente  3, 8996.761805268045 )
( Sucursal  36,  354, Cliente  4, 10796.627527636947 )
( Sucursal  36,  355, Cliente  5, 21188.5578312086 )
( Sucursal  36,  356, Cliente  6, 17966.3186156954 )
( Sucursal  36,  357, Cliente  7, 7646.434728316807 )
( Sucursal  36,  358, Cliente  8, 10552.634156640905 )
( Sucursal  36,  359, Cliente  9, 18604.308863378585 )
( Sucursal  36,  360, Cliente 10, 9022.585566444463 )
( Sucursal  37,  361, Cliente  1, 7180.14375777783 )
( Sucursal  37,  362, Cliente  2, 1470.4833007509344 )
( Sucursal  37,  363, Cliente  3, 26359.35059556066 )
( Sucursal  37,  364, Cliente  4, 17280.56429618853 )
( Sucursal  37,  365, Cliente  5, 2038.104073822243 )
( Sucursal  37,  366, Cliente  6, 18027.999201231665 )
( Sucursal  37,  367, Cliente  7, 832.8470950545603 )
( Sucursal  37,  368, Cliente  8, 10672.420604982062 )
( Sucursal  37,  369, Cliente  9, 18777.029916200976 )
( Sucursal  37,  370, Cliente 10, 23863.655395043974 )
( Sucursal  38,  371, Cliente  1, 15755.922131468014 )
( Sucursal  38,  372, Cliente  2, 21299.196666848147 )
( Sucursal  38,  373, Cliente  3, 5295.391036827685 )
( Sucursal  38,  374, Cliente  4, 15974.937932402583 )
( Sucursal  38,  375, Cliente  5, 478.6230039043066 )
( Sucursal  38,  376, Cliente  6, 19129.35744480559 )
( Sucursal  38,  377, Cliente  7, 13509.896900849935 )
( Sucursal  38,  378, Cliente  8, 6627.724532674237 )
( Sucursal  38,  379, Cliente  9, 2951.007652797655 )
( Sucursal  38,  380, Cliente 10, 26701.82291054575 )
( Sucursal  39,  381, Cliente  1, 5414.292639690817 )
( Sucursal  39,  382, Cliente  2, 22479.667351081644 )
( Sucursal  39,  383, Cliente  3, 11978.841032226142 )
( Sucursal  39,  384, Cliente  4, 16806.277873031755 )
( Sucursal  39,  385, Cliente  5, 19677.755181932473 )
( Sucursal  39,  386, Cliente  6, 26150.5141889418 )
( Sucursal  39,  387, Cliente  7, 12737.389206910002 )
( Sucursal  39,  388, Cliente  8, 18845.612047622188 )
( Sucursal  39,  389, Cliente  9, 25969.199942253912 )
( Sucursal  39,  390, Cliente 10, 248.08372571264778 )
( Sucursal  40,  391, Cliente  1, 25907.811665263693 )
( Sucursal  40,  392, Cliente  2, 24967.343870461013 )
( Sucursal  40,  393, Cliente  3, 8934.887589204176 )
( Sucursal  40,  394, Cliente  4, 22053.754730024528 )
( Sucursal  40,  395, Cliente  5, 12112.133110857112 )
( Sucursal  40,  396, Cliente  6, 23148.76054986612 )
( Sucursal  40,  397, Cliente  7, 28616.833570597686 )
( Sucursal  40,  398, Cliente  8, 15306.274200086798 )
( Sucursal  40,  399, Cliente  9, 21851.08902764715 )
( Sucursal  40,  400, Cliente 10, 10478.446125144812 )
( Sucursal  41,  401, Cliente  1, 9735.089409568982 )
( Sucursal  41,  402, Cliente  2, 10417.84434801138 )
( Sucursal  41,  403, Cliente  3, 12957.501932365654 )
( Sucursal  41,  404, Cliente  4, 9732.17847986511 )
( Sucursal  41,  405, Cliente  5, 27972.178057068013 )
( Sucursal  41,  406, Cliente  6, 19828.368276765024 )
( Sucursal  41,  407, Cliente  7, 20440.235206403384 )
( Sucursal  41,  408, Cliente  8, 28975.700723998034 )
( Sucursal  41,  409, Cliente  9, 114.79683682627827 )
( Sucursal  41,  410, Cliente 10, 21172.4756879651 )
( Sucursal  42,  411, Cliente  1, 3612.8403700437048 )
( Sucursal  42,  412, Cliente  2, 15849.730634790618 )
( Sucursal  42,  413, Cliente  3, 3168.008668554825 )
( Sucursal  42,  414, Cliente  4, 14198.67156707933 )
( Sucursal  42,  415, Cliente  5, 4983.079695693624 )
( Sucursal  42,  416, Cliente  6, 15900.72739433298 )
( Sucursal  42,  417, Cliente  7, 5081.086541178444 )
( Sucursal  42,  418, Cliente  8, 10187.456975314986 )
( Sucursal  42,  419, Cliente  9, 1919.4666764922915 )
( Sucursal  42,  420, Cliente 10, 20895.765850415355 )
( Sucursal  43,  421, Cliente  1, 5200.928669278831 )
( Sucursal  43,  422, Cliente  2, 5363.197478880196 )
( Sucursal  43,  423, Cliente  3, 9009.102717560201 )
( Sucursal  43,  424, Cliente  4, 19754.192333025774 )
( Sucursal  43,  425, Cliente  5, 24029.427998830273 )
( Sucursal  43,  426, Cliente  6, 4073.206563269019 )
( Sucursal  43,  427, Cliente  7, 21485.578558164398 )
( Sucursal  43,  428, Cliente  8, 13271.787434901216 )
( Sucursal  43,  429, Cliente  9, 29425.20378898358 )
( Sucursal  43,  430, Cliente 10, 23217.623861416927 )
( Sucursal  44,  431, Cliente  1, 15711.489204488471 )
( Sucursal  44,  432, Cliente  2, 4960.652336843935 )
( Sucursal  44,  433, Cliente  3, 19103.25464103185 )
( Sucursal  44,  434, Cliente  4, 25561.1352280521 )
( Sucursal  44,  435, Cliente  5, 19498.700071785326 )
( Sucursal  44,  436, Cliente  6, 8155.471823267062 )
( Sucursal  44,  437, Cliente  7, 7446.42186774592 )
( Sucursal  44,  438, Cliente  8, 15744.89807570704 )
( Sucursal  44,  439, Cliente  9, 10456.394005237384 )
( Sucursal  44,  440, Cliente 10, 3745.896861032636 )
( Sucursal  45,  441, Cliente  1, 23478.96019112451 )
( Sucursal  45,  442, Cliente  2, 12622.495799990174 )
( Sucursal  45,  443, Cliente  3, 21490.771099541646 )
( Sucursal  45,  444, Cliente  4, 21895.209140319843 )
( Sucursal  45,  445, Cliente  5, 11036.762888864552 )
( Sucursal  45,  446, Cliente  6, 19202.215059236532 )
( Sucursal  45,  447, Cliente  7, 26694.872451380335 )
( Sucursal  45,  448, Cliente  8, 28475.508902533482 )
( Sucursal  45,  449, Cliente  9, 17426.66864957191 )
( Sucursal  45,  450, Cliente 10, 11760.627156526354 )
( Sucursal  46,  451, Cliente  1, 27924.12530443694 )
( Sucursal  46,  452, Cliente  2, 16228.465411322917 )
( Sucursal  46,  453, Cliente  3, 20653.80313827989 )
( Sucursal  46,  454, Cliente  4, 20412.48895724824 )
( Sucursal  46,  455, Cliente  5, 3187.4970188717584 )
( Sucursal  46,  456, Cliente  6, 595.3473499077215 )
( Sucursal  46,  457, Cliente  7, 4887.89743936871 )
( Sucursal  46,  458, Cliente  8, 6468.060358016691 )
( Sucursal  46,  459, Cliente  9, 2655.541885312958 )
( Sucursal  46,  460, Cliente 10, 12401.034984317917 )
( Sucursal  47,  461, Cliente  1, 23948.136696993613 )
( Sucursal  47,  462, Cliente  2, 12112.15558773951 )
( Sucursal  47,  463, Cliente  3, 25441.83137589704 )
( Sucursal  47,  464, Cliente  4, 19590.97281022186 )
( Sucursal  47,  465, Cliente  5, 13171.946354654037 )
( Sucursal  47,  466, Cliente  6, 5140.315957383332 )
( Sucursal  47,  467, Cliente  7, 11605.917255711105 )
( Sucursal  47,  468, Cliente  8, 14627.996047207052 )
( Sucursal  47,  469, Cliente  9, 21096.24713879096 )
( Sucursal  47,  470, Cliente 10, 2267.3038119665352 )
( Sucursal  48,  471, Cliente  1, 6807.476981900532 )
( Sucursal  48,  472, Cliente  2, 17132.41844108352 )
( Sucursal  48,  473, Cliente  3, 14953.443632094219 )
( Sucursal  48,  474, Cliente  4, 3592.962269464091 )
( Sucursal  48,  475, Cliente  5, 19326.851991030417 )
( Sucursal  48,  476, Cliente  6, 17724.921986357243 )
( Sucursal  48,  477, Cliente  7, 29580.409743635486 )
( Sucursal  48,  478, Cliente  8, 14850.696914697362 )
( Sucursal  48,  479, Cliente  9, 24991.7570685211 )
( Sucursal  48,  480, Cliente 10, 1889.0275753085145 )
( Sucursal  49,  481, Cliente  1, 18433.38423840708 )
( Sucursal  49,  482, Cliente  2, 12915.066972788642 )
( Sucursal  49,  483, Cliente  3, 24753.994044289728 )
( Sucursal  49,  484, Cliente  4, 22405.873277004972 )
( Sucursal  49,  485, Cliente  5, 9108.944846313709 )
( Sucursal  49,  486, Cliente  6, 7444.968922178001 )
( Sucursal  49,  487, Cliente  7, 25583.86675671663 )
( Sucursal  49,  488, Cliente  8, 14932.25766141573 )
( Sucursal  49,  489, Cliente  9, 10889.778104205632 )
( Sucursal  49,  490, Cliente 10, 21960.707151306942 )
( Sucursal  50,  491, Cliente  1, 28888.128896636783 )
( Sucursal  50,  492, Cliente  2, 19120.42020167808 )
( Sucursal  50,  493, Cliente  3, 23553.121121176096 )
( Sucursal  50,  494, Cliente  4, 27220.252729293825 )
( Sucursal  50,  495, Cliente  5, 3698.4432247422724 )
( Sucursal  50,  496, Cliente  6, 29441.67787685139 )
( Sucursal  50,  497, Cliente  7, 16430.5578780274 )
( Sucursal  50,  498, Cliente  8, 10460.163242718338 )
( Sucursal  50,  499, Cliente  9, 22333.963657886427 )
( Sucursal  50,  500, Cliente 10, 28379.51284417079 )
( Sucursal  51,  501, Cliente  1, 7432.922962023931 )
( Sucursal  51,  502, Cliente  2, 7391.04122659934 )
( Sucursal  51,  503, Cliente  3, 18189.28267627237 )
( Sucursal  51,  504, Cliente  4, 6003.954813272178 )
( Sucursal  51,  505, Cliente  5, 27926.351232447993 )
( Sucursal  51,  506, Cliente  6, 16605.18049140389 )
( Sucursal  51,  507, Cliente  7, 8698.09689711472 )
( Sucursal  51,  508, Cliente  8, 23889.764472442956 )
( Sucursal  51,  509, Cliente  9, 6989.067614155433 )
( Sucursal  51,  510, Cliente 10, 19060.422035989868 )
( Sucursal  52,  511, Cliente  1, 28271.6751771468 )
( Sucursal  52,  512, Cliente  2, 23263.755595780396 )
( Sucursal  52,  513, Cliente  3, 29084.88133108535 )
( Sucursal  52,  514, Cliente  4, 1332.4102287773944 )
( Sucursal  52,  515, Cliente  5, 27521.61386695583 )
( Sucursal  52,  516, Cliente  6, 20799.849386378657 )
( Sucursal  52,  517, Cliente  7, 9218.408718080507 )
( Sucursal  52,  518, Cliente  8, 6798.997070645585 )
( Sucursal  52,  519, Cliente  9, 28276.561609571727 )
( Sucursal  52,  520, Cliente 10, 22452.86127600273 )
( Sucursal  53,  521, Cliente  1, 1197.286899006642 )
( Sucursal  53,  522, Cliente  2, 6519.310346297789 )
( Sucursal  53,  523, Cliente  3, 28295.50625326384 )
( Sucursal  53,  524, Cliente  4, 20825.88602208861 )
( Sucursal  53,  525, Cliente  5, 4655.594768101653 )
( Sucursal  53,  526, Cliente  6, 17220.521958600733 )
( Sucursal  53,  527, Cliente  7, 6915.696064981284 )
( Sucursal  53,  528, Cliente  8, 27425.320974789982 )
( Sucursal  53,  529, Cliente  9, 25866.03107476509 )
( Sucursal  53,  530, Cliente 10, 5459.731764452492 )
( Sucursal  54,  531, Cliente  1, 22693.654108794857 )
( Sucursal  54,  532, Cliente  2, 21808.0177503097 )
( Sucursal  54,  533, Cliente  3, 10240.425605798375 )
( Sucursal  54,  534, Cliente  4, 23653.079441667207 )
( Sucursal  54,  535, Cliente  5, 12427.124384918205 )
( Sucursal  54,  536, Cliente  6, 4967.443401635394 )
( Sucursal  54,  537, Cliente  7, 4487.19694710671 )
( Sucursal  54,  538, Cliente  8, 17584.960683550624 )
( Sucursal  54,  539, Cliente  9, 22714.663978704524 )
( Sucursal  54,  540, Cliente 10, 7719.540551233709 )
( Sucursal  55,  541, Cliente  1, 25290.275228835904 )
( Sucursal  55,  542, Cliente  2, 12310.922902949518 )
( Sucursal  55,  543, Cliente  3, 14433.443680662971 )
( Sucursal  55,  544, Cliente  4, 2755.9519938292547 )
( Sucursal  55,  545, Cliente  5, 17765.126701848538 )
( Sucursal  55,  546, Cliente  6, 20350.141860197775 )
( Sucursal  55,  547, Cliente  7, 27414.00822815172 )
( Sucursal  55,  548, Cliente  8, 22028.706266027104 )
( Sucursal  55,  549, Cliente  9, 20674.525149019653 )
( Sucursal  55,  550, Cliente 10, 16127.498119705893 )
( Sucursal  56,  551, Cliente  1, 8335.466684802566 )
( Sucursal  56,  552, Cliente  2, 13788.790277490003 )
( Sucursal  56,  553, Cliente  3, 23765.710524711165 )
( Sucursal  56,  554, Cliente  4, 5997.358264712137 )
( Sucursal  56,  555, Cliente  5, 29377.058465919312 )
( Sucursal  56,  556, Cliente  6, 16180.053057919082 )
( Sucursal  56,  557, Cliente  7, 8961.87234725644 )
( Sucursal  56,  558, Cliente  8, 29090.088974196206 )
( Sucursal  56,  559, Cliente  9, 8222.859998228078 )
( Sucursal  56,  560, Cliente 10, 10308.031540593234 )
( Sucursal  57,  561, Cliente  1, 22438.3797350619 )
( Sucursal  57,  562, Cliente  2, 170.9943683450736 )
( Sucursal  57,  563, Cliente  3, 19558.752059368388 )
( Sucursal  57,  564, Cliente  4, 9654.072401535524 )
( Sucursal  57,  565, Cliente  5, 11581.759400996407 )
( Sucursal  57,  566, Cliente  6, 10497.086085421482 )
( Sucursal  57,  567, Cliente  7, 366.8660508120242 )
( Sucursal  57,  568, Cliente  8, 29598.051573035158 )
( Sucursal  57,  569, Cliente  9, 27976.0114102356 )
( Sucursal  57,  570, Cliente 10, 16339.146162840292 )
( Sucursal  58,  571, Cliente  1, 6491.389312950316 )
( Sucursal  58,  572, Cliente  2, 29117.58495160126 )
( Sucursal  58,  573, Cliente  3, 15621.692836808093 )
( Sucursal  58,  574, Cliente  4, 16630.428772709125 )
( Sucursal  58,  575, Cliente  5, 26537.182963121704 )
( Sucursal  58,  576, Cliente  6, 22113.72636104089 )
( Sucursal  58,  577, Cliente  7, 5173.299198166353 )
( Sucursal  58,  578, Cliente  8, 17151.818750581322 )
( Sucursal  58,  579, Cliente  9, 13536.004092799067 )
( Sucursal  58,  580, Cliente 10, 19266.727703606575 )
( Sucursal  59,  581, Cliente  1, 20357.3890409179 )
( Sucursal  59,  582, Cliente  2, 26401.315526842434 )
( Sucursal  59,  583, Cliente  3, 5748.821261269473 )
( Sucursal  59,  584, Cliente  4, 17085.32886255545 )
( Sucursal  59,  585, Cliente  5, 23121.090671915175 )
( Sucursal  59,  586, Cliente  6, 21142.969483994428 )
( Sucursal  59,  587, Cliente  7, 25327.89410800988 )
( Sucursal  59,  588, Cliente  8, 15141.415663710271 )
( Sucursal  59,  589, Cliente  9, 11982.424696431062 )
( Sucursal  59,  590, Cliente 10, 21722.24387019962 )
( Sucursal  60,  591, Cliente  1, 16842.10116174523 )
( Sucursal  60,  592, Cliente  2, 2098.558012716744 )
( Sucursal  60,  593, Cliente  3, 19931.961295428373 )
( Sucursal  60,  594, Cliente  4, 22249.031923035796 )
( Sucursal  60,  595, Cliente  5, 11545.064992745052 )
( Sucursal  60,  596, Cliente  6, 6047.894475415587 )
( Sucursal  60,  597, Cliente  7, 11485.224173983624 )
( Sucursal  60,  598, Cliente  8, 23716.16119221425 )
( Sucursal  60,  599, Cliente  9, 7638.710492216198 )
( Sucursal  60,  600, Cliente 10, 26945.50416092045 )
( Sucursal  61,  601, Cliente  1, 14896.207754742 )
( Sucursal  61,  602, Cliente  2, 25004.291287709577 )
( Sucursal  61,  603, Cliente  3, 14100.470612566722 )
( Sucursal  61,  604, Cliente  4, 5122.741205316818 )
( Sucursal  61,  605, Cliente  5, 19189.76062176576 )
( Sucursal  61,  606, Cliente  6, 2652.8907832747877 )
( Sucursal  61,  607, Cliente  7, 26834.493425667315 )
( Sucursal  61,  608, Cliente  8, 2996.464706991924 )
( Sucursal  61,  609, Cliente  9, 27210.840303370824 )
( Sucursal  61,  610, Cliente 10, 27339.03219395157 )
( Sucursal  62,  611, Cliente  1, 22228.702179699758 )
( Sucursal  62,  612, Cliente  2, 8830.025948246855 )
( Sucursal  62,  613, Cliente  3, 15858.106968872 )
( Sucursal  62,  614, Cliente  4, 5586.526014993432 )
( Sucursal  62,  615, Cliente  5, 19123.37873224901 )
( Sucursal  62,  616, Cliente  6, 22344.71480630546 )
( Sucursal  62,  617, Cliente  7, 14420.262891071687 )
( Sucursal  62,  618, Cliente  8, 29586.3402658898 )
( Sucursal  62,  619, Cliente  9, 25226.10615007944 )
( Sucursal  62,  620, Cliente 10, 16568.095241329585 )
( Sucursal  63,  621, Cliente  1, 8324.51024626623 )
( Sucursal  63,  622, Cliente  2, 15925.841072807067 )
( Sucursal  63,  623, Cliente  3, 25558.033988914274 )
( Sucursal  63,  624, Cliente  4, 25111.261837413702 )
( Sucursal  63,  625, Cliente  5, 1679.5013431353382 )
( Sucursal  63,  626, Cliente  6, 6275.575071164417 )
( Sucursal  63,  627, Cliente  7, 12165.889947414991 )
( Sucursal  63,  628, Cliente  8, 18932.195071134487 )
( Sucursal  63,  629, Cliente  9, 25404.028335415882 )
( Sucursal  63,  630, Cliente 10, 23464.1198771369 )
( Sucursal  64,  631, Cliente  1, 23995.542198486153 )
( Sucursal  64,  632, Cliente  2, 12919.169120443295 )
( Sucursal  64,  633, Cliente  3, 12314.58774098093 )
( Sucursal  64,  634, Cliente  4, 23970.488620682667 )
( Sucursal  64,  635, Cliente  5, 24291.49704656166 )
( Sucursal  64,  636, Cliente  6, 20157.283547372645 )
( Sucursal  64,  637, Cliente  7, 7194.499207230674 )
( Sucursal  64,  638, Cliente  8, 13454.352267399963 )
( Sucursal  64,  639, Cliente  9, 27379.180352155807 )
( Sucursal  64,  640, Cliente 10, 10681.99072365253 )
( Sucursal  65,  641, Cliente  1, 15641.8534740182 )
( Sucursal  65,  642, Cliente  2, 8171.324478861006 )
( Sucursal  65,  643, Cliente  3, 14459.494644277394 )
( Sucursal  65,  644, Cliente  4, 18237.555705644987 )
( Sucursal  65,  645, Cliente  5, 16775.38332079815 )
( Sucursal  65,  646, Cliente  6, 9399.293515678464 )
( Sucursal  65,  647, Cliente  7, 18561.523343048713 )
( Sucursal  65,  648, Cliente  8, 2946.402623630272 )
( Sucursal  65,  649, Cliente  9, 25781.237999667355 )
( Sucursal  65,  650, Cliente 10, 15302.355463021508 )
( Sucursal  66,  651, Cliente  1, 22993.37616790189 )
( Sucursal  66,  652, Cliente  2, 23197.338755424695 )
( Sucursal  66,  653, Cliente  3, 14758.152586203874 )
( Sucursal  66,  654, Cliente  4, 12695.04270486817 )
( Sucursal  66,  655, Cliente  5, 25463.62536330912 )
( Sucursal  66,  656, Cliente  6, 18703.061140467264 )
( Sucursal  66,  657, Cliente  7, 14264.26644983215 )
( Sucursal  66,  658, Cliente  8, 19444.293418556772 )
( Sucursal  66,  659, Cliente  9, 20661.409151754924 )
( Sucursal  66,  660, Cliente 10, 22059.56530973689 )
( Sucursal  67,  661, Cliente  1, 29349.859209293027 )
( Sucursal  67,  662, Cliente  2, 18648.528686476355 )
( Sucursal  67,  663, Cliente  3, 19927.609989529283 )
( Sucursal  67,  664, Cliente  4, 7844.084829443707 )
( Sucursal  67,  665, Cliente  5, 24326.906016815017 )
( Sucursal  67,  666, Cliente  6, 24982.148875668412 )
( Sucursal  67,  667, Cliente  7, 2891.432736783173 )
( Sucursal  67,  668, Cliente  8, 15837.393383228671 )
( Sucursal  67,  669, Cliente  9, 7235.46695651139 )
( Sucursal  67,  670, Cliente 10, 26759.06962340163 )
( Sucursal  68,  671, Cliente  1, 18808.932896145674 )
( Sucursal  68,  672, Cliente  2, 27038.088745572804 )
( Sucursal  68,  673, Cliente  3, 15135.24957865629 )
( Sucursal  68,  674, Cliente  4, 8187.8538016018265 )
( Sucursal  68,  675, Cliente  5, 29792.638664904738 )
( Sucursal  68,  676, Cliente  6, 22144.879581208403 )
( Sucursal  68,  677, Cliente  7, 13487.266350510474 )
( Sucursal  68,  678, Cliente  8, 529.8825801404321 )
( Sucursal  68,  679, Cliente  9, 25814.732584473666 )
( Sucursal  68,  680, Cliente 10, 4443.661693123383 )
( Sucursal  69,  681, Cliente  1, 18188.14028409247 )
( Sucursal  69,  682, Cliente  2, 5548.332605817613 )
( Sucursal  69,  683, Cliente  3, 3731.335345267342 )
( Sucursal  69,  684, Cliente  4, 4298.968696926556 )
( Sucursal  69,  685, Cliente  5, 20956.06947848765 )
( Sucursal  69,  686, Cliente  6, 8656.016517387916 )
( Sucursal  69,  687, Cliente  7, 28181.242200853 )
( Sucursal  69,  688, Cliente  8, 4690.323619203992 )
( Sucursal  69,  689, Cliente  9, 29492.588007660717 )
( Sucursal  69,  690, Cliente 10, 16311.637062567544 )
( Sucursal  70,  691, Cliente  1, 303.23354218276154 )
( Sucursal  70,  692, Cliente  2, 24166.81438241974 )
( Sucursal  70,  693, Cliente  3, 2203.399463418066 )
( Sucursal  70,  694, Cliente  4, 9494.688940684175 )
( Sucursal  70,  695, Cliente  5, 652.9727077084309 )
( Sucursal  70,  696, Cliente  6, 9392.744629681594 )
( Sucursal  70,  697, Cliente  7, 25402.179142418878 )
( Sucursal  70,  698, Cliente  8, 22111.526075555706 )
( Sucursal  70,  699, Cliente  9, 2580.3517025156116 )
( Sucursal  70,  700, Cliente 10, 26469.584530786546 )
( Sucursal  71,  701, Cliente  1, 27888.662928513797 )
( Sucursal  71,  702, Cliente  2, 4024.383742918522 )
( Sucursal  71,  703, Cliente  3, 26204.5478326332 )
( Sucursal  71,  704, Cliente  4, 29975.17147481357 )
( Sucursal  71,  705, Cliente  5, 19074.24690351682 )
( Sucursal  71,  706, Cliente  6, 15397.60884525144 )
( Sucursal  71,  707, Cliente  7, 18928.374348422043 )
( Sucursal  71,  708, Cliente  8, 15256.07516906687 )
( Sucursal  71,  709, Cliente  9, 23199.238995543892 )
( Sucursal  71,  710, Cliente 10, 4248.413881909998 )
( Sucursal  72,  711, Cliente  1, 22508.591479896095 )
( Sucursal  72,  712, Cliente  2, 1630.5396412137457 )
( Sucursal  72,  713, Cliente  3, 22175.493585131015 )
( Sucursal  72,  714, Cliente  4, 25575.13214075791 )
( Sucursal  72,  715, Cliente  5, 17334.269795959095 )
( Sucursal  72,  716, Cliente  6, 15306.98271238715 )
( Sucursal  72,  717, Cliente  7, 7509.955993534828 )
( Sucursal  72,  718, Cliente  8, 18988.784377970573 )
( Sucursal  72,  719, Cliente  9, 5857.054935561429 )
( Sucursal  72,  720, Cliente 10, 21036.110437003048 )
( Sucursal  73,  721, Cliente  1, 23145.733057882302 )
( Sucursal  73,  722, Cliente  2, 19631.226895150478 )
( Sucursal  73,  723, Cliente  3, 13677.100402683507 )
( Sucursal  73,  724, Cliente  4, 26022.05503689088 )
( Sucursal  73,  725, Cliente  5, 5400.592314583846 )
( Sucursal  73,  726, Cliente  6, 27286.56929762666 )
( Sucursal  73,  727, Cliente  7, 7781.883436738614 )
( Sucursal  73,  728, Cliente  8, 2892.6239050448626 )
( Sucursal  73,  729, Cliente  9, 11102.746508686589 )
( Sucursal  73,  730, Cliente 10, 10008.598167841137 )
( Sucursal  74,  731, Cliente  1, 1036.9171242667176 )
( Sucursal  74,  732, Cliente  2, 3413.8754548764987 )
( Sucursal  74,  733, Cliente  3, 20659.183063815744 )
( Sucursal  74,  734, Cliente  4, 6801.9446689333945 )
( Sucursal  74,  735, Cliente  5, 22921.306985605464 )
( Sucursal  74,  736, Cliente  6, 20572.89781726564 )
( Sucursal  74,  737, Cliente  7, 22145.2194873816 )
( Sucursal  74,  738, Cliente  8, 22248.976588982005 )
( Sucursal  74,  739, Cliente  9, 12623.794529258395 )
( Sucursal  74,  740, Cliente 10, 3008.9998268851523 )
( Sucursal  75,  741, Cliente  1, 23865.061143026476 )
( Sucursal  75,  742, Cliente  2, 2380.3769596170496 )
( Sucursal  75,  743, Cliente  3, 15345.955647052411 )
( Sucursal  75,  744, Cliente  4, 2288.7620255229754 )
( Sucursal  75,  745, Cliente  5, 12882.256603731856 )
( Sucursal  75,  746, Cliente  6, 1012.2057500604236 )
( Sucursal  75,  747, Cliente  7, 20372.179561548328 )
( Sucursal  75,  748, Cliente  8, 25920.302899152044 )
( Sucursal  75,  749, Cliente  9, 1322.509291177023 )
( Sucursal  75,  750, Cliente 10, 18122.415524008095 )
( Sucursal  76,  751, Cliente  1, 18034.18888890523 )
( Sucursal  76,  752, Cliente  2, 3211.3706747474603 )
( Sucursal  76,  753, Cliente  3, 1405.7314686439834 )
( Sucursal  76,  754, Cliente  4, 9657.393235102343 )
( Sucursal  76,  755, Cliente  5, 6633.513986865094 )
( Sucursal  76,  756, Cliente  6, 14847.543630652743 )
( Sucursal  76,  757, Cliente  7, 988.660409577366 )
( Sucursal  76,  758, Cliente  8, 2179.293328313706 )
( Sucursal  76,  759, Cliente  9, 8853.929624169748 )
( Sucursal  76,  760, Cliente 10, 9009.464845558174 )
( Sucursal  77,  761, Cliente  1, 26378.881367027534 )
( Sucursal  77,  762, Cliente  2, 9626.09285055484 )
( Sucursal  77,  763, Cliente  3, 15664.416956694316 )
( Sucursal  77,  764, Cliente  4, 5729.317405330142 )
( Sucursal  77,  765, Cliente  5, 28812.622917700774 )
( Sucursal  77,  766, Cliente  6, 21568.079681878808 )
( Sucursal  77,  767, Cliente  7, 1398.503430320765 )
( Sucursal  77,  768, Cliente  8, 27781.34172146477 )
( Sucursal  77,  769, Cliente  9, 20600.49467672973 )
( Sucursal  77,  770, Cliente 10, 8372.655327668124 )
( Sucursal  78,  771, Cliente  1, 28983.467798817124 )
( Sucursal  78,  772, Cliente  2, 29636.305116510375 )
( Sucursal  78,  773, Cliente  3, 15185.16022472551 )
( Sucursal  78,  774, Cliente  4, 14160.886387885666 )
( Sucursal  78,  775, Cliente  5, 19083.467590104312 )
( Sucursal  78,  776, Cliente  6, 8906.794159559759 )
( Sucursal  78,  777, Cliente  7, 1885.2065359536562 )
( Sucursal  78,  778, Cliente  8, 26535.002802722178 )
( Sucursal  78,  779, Cliente  9, 24454.984601701588 )
( Sucursal  78,  780, Cliente 10, 24784.076994135943 )
( Sucursal  79,  781, Cliente  1, 18872.211533255242 )
( Sucursal  79,  782, Cliente  2, 7507.775719454522 )
( Sucursal  79,  783, Cliente  3, 17094.424859454717 )
( Sucursal  79,  784, Cliente  4, 1937.8832203418372 )
( Sucursal  79,  785, Cliente  5, 4855.746095274955 )
( Sucursal  79,  786, Cliente  6, 327.4681361245904 )
( Sucursal  79,  787, Cliente  7, 18321.946944690422 )
( Sucursal  79,  788, Cliente  8, 26018.864949030478 )
( Sucursal  79,  789, Cliente  9, 6063.873035357898 )
( Sucursal  79,  790, Cliente 10, 27194.570520711128 )
( Sucursal  80,  791, Cliente  1, 3654.5228697041325 )
( Sucursal  80,  792, Cliente  2, 19303.30597613616 )
( Sucursal  80,  793, Cliente  3, 21934.95063388973 )
( Sucursal  80,  794, Cliente  4, 11717.867074004014 )
( Sucursal  80,  795, Cliente  5, 16487.744306277527 )
( Sucursal  80,  796, Cliente  6, 9586.866874244193 )
( Sucursal  80,  797, Cliente  7, 14775.031841241263 )
( Sucursal  80,  798, Cliente  8, 1333.5168437752484 )
( Sucursal  80,  799, Cliente  9, 21543.51958919211 )
( Sucursal  80,  800, Cliente 10, 994.910683241443 )
( Sucursal  81,  801, Cliente  1, 19996.302128934258 )
( Sucursal  81,  802, Cliente  2, 20501.521367312223 )
( Sucursal  81,  803, Cliente  3, 18125.804071837392 )
( Sucursal  81,  804, Cliente  4, 4397.395118256589 )
( Sucursal  81,  805, Cliente  5, 27278.975042357644 )
( Sucursal  81,  806, Cliente  6, 5160.4934062614075 )
( Sucursal  81,  807, Cliente  7, 17082.61686533701 )
( Sucursal  81,  808, Cliente  8, 17774.641909961196 )
( Sucursal  81,  809, Cliente  9, 16905.07905704951 )
( Sucursal  81,  810, Cliente 10, 14094.918896982545 )
( Sucursal  82,  811, Cliente  1, 12867.084014752301 )
( Sucursal  82,  812, Cliente  2, 12043.727446218394 )
( Sucursal  82,  813, Cliente  3, 16953.257560959428 )
( Sucursal  82,  814, Cliente  4, 1163.6234041131668 )
( Sucursal  82,  815, Cliente  5, 19982.250715019534 )
( Sucursal  82,  816, Cliente  6, 19698.551888494112 )
( Sucursal  82,  817, Cliente  7, 353.1961708469112 )
( Sucursal  82,  818, Cliente  8, 3316.8273607198084 )
( Sucursal  82,  819, Cliente  9, 9992.379385095355 )
( Sucursal  82,  820, Cliente 10, 2935.0711445714915 )
( Sucursal  83,  821, Cliente  1, 15479.661658408852 )
( Sucursal  83,  822, Cliente  2, 1778.6822960316874 )
( Sucursal  83,  823, Cliente  3, 18404.136151580366 )
( Sucursal  83,  824, Cliente  4, 28961.46135117143 )
( Sucursal  83,  825, Cliente  5, 17076.728816654464 )
( Sucursal  83,  826, Cliente  6, 17514.234426136565 )
( Sucursal  83,  827, Cliente  7, 25929.130593698348 )
( Sucursal  83,  828, Cliente  8, 24163.411283508158 )
( Sucursal  83,  829, Cliente  9, 23914.620392645596 )
( Sucursal  83,  830, Cliente 10, 4430.05598043569 )
( Sucursal  84,  831, Cliente  1, 27386.249646861546 )
( Sucursal  84,  832, Cliente  2, 9107.41525286628 )
( Sucursal  84,  833, Cliente  3, 20505.270699078923 )
( Sucursal  84,  834, Cliente  4, 20660.84404964372 )
( Sucursal  84,  835, Cliente  5, 23628.778729663733 )
( Sucursal  84,  836, Cliente  6, 13695.140648775308 )
( Sucursal  84,  837, Cliente  7, 17230.046139858143 )
( Sucursal  84,  838, Cliente  8, 12990.343203990422 )
( Sucursal  84,  839, Cliente  9, 19037.757487104504 )
( Sucursal  84,  840, Cliente 10, 25553.81240730305 )
( Sucursal  85,  841, Cliente  1, 29186.64950586674 )
( Sucursal  85,  842, Cliente  2, 6437.603870801843 )
( Sucursal  85,  843, Cliente  3, 14180.063141892424 )
( Sucursal  85,  844, Cliente  4, 29274.749708920568 )
( Sucursal  85,  845, Cliente  5, 393.6353568783453 )
( Sucursal  85,  846, Cliente  6, 18697.85550875858 )
( Sucursal  85,  847, Cliente  7, 18298.663987284326 )
( Sucursal  85,  848, Cliente  8, 4225.847533010109 )
( Sucursal  85,  849, Cliente  9, 19582.833926998384 )
( Sucursal  85,  850, Cliente 10, 29469.675782171642 )
( Sucursal  86,  851, Cliente  1, 277.9982977292947 )
( Sucursal  86,  852, Cliente  2, 23171.168560065064 )
( Sucursal  86,  853, Cliente  3, 21731.687357692732 )
( Sucursal  86,  854, Cliente  4, 450.0150175388911 )
( Sucursal  86,  855, Cliente  5, 17720.89383766768 )
( Sucursal  86,  856, Cliente  6, 17205.45476160124 )
( Sucursal  86,  857, Cliente  7, 928.4526942925316 )
( Sucursal  86,  858, Cliente  8, 27071.240847078538 )
( Sucursal  86,  859, Cliente  9, 16754.82838205797 )
( Sucursal  86,  860, Cliente 10, 5706.743001505817 )
( Sucursal  87,  861, Cliente  1, 26892.012067796175 )
( Sucursal  87,  862, Cliente  2, 11865.791111719587 )
( Sucursal  87,  863, Cliente  3, 115.28009662876642 )
( Sucursal  87,  864, Cliente  4, 28433.885980262014 )
( Sucursal  87,  865, Cliente  5, 9704.078111485256 )
( Sucursal  87,  866, Cliente  6, 10939.052224767596 )
( Sucursal  87,  867, Cliente  7, 22544.201082706448 )
( Sucursal  87,  868, Cliente  8, 12755.142253653501 )
( Sucursal  87,  869, Cliente  9, 12311.059851467839 )
( Sucursal  87,  870, Cliente 10, 11377.08409840163 )
( Sucursal  88,  871, Cliente  1, 6576.868761858269 )
( Sucursal  88,  872, Cliente  2, 13421.816402778917 )
( Sucursal  88,  873, Cliente  3, 7956.372646154678 )
( Sucursal  88,  874, Cliente  4, 19686.811012655144 )
( Sucursal  88,  875, Cliente  5, 3936.9512283061417 )
( Sucursal  88,  876, Cliente  6, 17484.065100007076 )
( Sucursal  88,  877, Cliente  7, 17645.954836223285 )
( Sucursal  88,  878, Cliente  8, 26002.706500522538 )
( Sucursal  88,  879, Cliente  9, 15472.520567849799 )
( Sucursal  88,  880, Cliente 10, 28869.002943798452 )
( Sucursal  89,  881, Cliente  1, 6078.961969520733 )
( Sucursal  89,  882, Cliente  2, 8003.192700093672 )
( Sucursal  89,  883, Cliente  3, 28549.440402779288 )
( Sucursal  89,  884, Cliente  4, 23795.553771843053 )
( Sucursal  89,  885, Cliente  5, 12417.45881454816 )
( Sucursal  89,  886, Cliente  6, 21009.14622961483 )
( Sucursal  89,  887, Cliente  7, 3461.910471287668 )
( Sucursal  89,  888, Cliente  8, 24874.8991522723 )
( Sucursal  89,  889, Cliente  9, 20528.639030464976 )
( Sucursal  89,  890, Cliente 10, 5194.497583918498 )
( Sucursal  90,  891, Cliente  1, 26801.145207588856 )
( Sucursal  90,  892, Cliente  2, 18280.486144527098 )
( Sucursal  90,  893, Cliente  3, 8690.448261051448 )
( Sucursal  90,  894, Cliente  4, 21260.881210960582 )
( Sucursal  90,  895, Cliente  5, 28887.413269409582 )
( Sucursal  90,  896, Cliente  6, 7212.943590479424 )
( Sucursal  90,  897, Cliente  7, 22637.448960413512 )
( Sucursal  90,  898, Cliente  8, 16230.647270772057 )
( Sucursal  90,  899, Cliente  9, 12091.933835397711 )
( Sucursal  90,  900, Cliente 10, 3189.741529185356 )
( Sucursal  91,  901, Cliente  1, 21479.23889677923 )
( Sucursal  91,  902, Cliente  2, 20917.729943552906 )
( Sucursal  91,  903, Cliente  3, 5939.872916869374 )
( Sucursal  91,  904, Cliente  4, 28393.625637358033 )
( Sucursal  91,  905, Cliente  5, 12255.76496484862 )
( Sucursal  91,  906, Cliente  6, 13005.80039369745 )
( Sucursal  91,  907, Cliente  7, 23115.827413477356 )
( Sucursal  91,  908, Cliente  8, 11493.117980278594 )
( Sucursal  91,  909, Cliente  9, 14350.428086101141 )
( Sucursal  91,  910, Cliente 10, 3027.4908563635217 )
( Sucursal  92,  911, Cliente  1, 11605.838862306167 )
( Sucursal  92,  912, Cliente  2, 2026.7560730492644 )
( Sucursal  92,  913, Cliente  3, 28530.012349727607 )
( Sucursal  92,  914, Cliente  4, 12192.819692954485 )
( Sucursal  92,  915, Cliente  5, 6141.787785504513 )
( Sucursal  92,  916, Cliente  6, 12572.204200005672 )
( Sucursal  92,  917, Cliente  7, 5071.696849545986 )
( Sucursal  92,  918, Cliente  8, 9329.474770465224 )
( Sucursal  92,  919, Cliente  9, 1437.3796684244394 )
( Sucursal  92,  920, Cliente 10, 281.72837846231585 )
( Sucursal  93,  921, Cliente  1, 7295.640813617136 )
( Sucursal  93,  922, Cliente  2, 4341.1544546998275 )
( Sucursal  93,  923, Cliente  3, 12070.224402879607 )
( Sucursal  93,  924, Cliente  4, 13276.369479585414 )
( Sucursal  93,  925, Cliente  5, 5319.942891882733 )
( Sucursal  93,  926, Cliente  6, 28656.073303551013 )
( Sucursal  93,  927, Cliente  7, 404.54587517308573 )
( Sucursal  93,  928, Cliente  8, 27286.11526057878 )
( Sucursal  93,  929, Cliente  9, 29953.701485490965 )
( Sucursal  93,  930, Cliente 10, 14653.07068026127 )
( Sucursal  94,  931, Cliente  1, 14127.46533585806 )
( Sucursal  94,  932, Cliente  2, 8732.983446639762 )
( Sucursal  94,  933, Cliente  3, 14148.083087170979 )
( Sucursal  94,  934, Cliente  4, 18005.463739192503 )
( Sucursal  94,  935, Cliente  5, 18629.09482037304 )
( Sucursal  94,  936, Cliente  6, 3012.880767885166 )
( Sucursal  94,  937, Cliente  7, 21144.542873939794 )
( Sucursal  94,  938, Cliente  8, 15236.893647978253 )
( Sucursal  94,  939, Cliente  9, 5062.582179529518 )
( Sucursal  94,  940, Cliente 10, 12889.527499289525 )
( Sucursal  95,  941, Cliente  1, 23279.59793396127 )
( Sucursal  95,  942, Cliente  2, 19026.504558997844 )
( Sucursal  95,  943, Cliente  3, 25694.849600158384 )
( Sucursal  95,  944, Cliente  4, 11967.841590586646 )
( Sucursal  95,  945, Cliente  5, 23148.66683613973 )
( Sucursal  95,  946, Cliente  6, 14123.101700866777 )
( Sucursal  95,  947, Cliente  7, 23565.712751051808 )
( Sucursal  95,  948, Cliente  8, 17532.611255623386 )
( Sucursal  95,  949, Cliente  9, 29675.655308485133 )
( Sucursal  95,  950, Cliente 10, 11225.410352839684 )
( Sucursal  96,  951, Cliente  1, 25699.212235215884 )
( Sucursal  96,  952, Cliente  2, 11346.776846021647 )
( Sucursal  96,  953, Cliente  3, 29576.75806399767 )
( Sucursal  96,  954, Cliente  4, 25891.630352659977 )
( Sucursal  96,  955, Cliente  5, 6306.977368149218 )
( Sucursal  96,  956, Cliente  6, 5109.451220838036 )
( Sucursal  96,  957, Cliente  7, 28394.188479560387 )
( Sucursal  96,  958, Cliente  8, 17796.37255803911 )
( Sucursal  96,  959, Cliente  9, 13580.093645784256 )
( Sucursal  96,  960, Cliente 10, 24743.30680009727 )
( Sucursal  97,  961, Cliente  1, 12919.048468511633 )
( Sucursal  97,  962, Cliente  2, 24941.719530508162 )
( Sucursal  97,  963, Cliente  3, 27283.427035861056 )
( Sucursal  97,  964, Cliente  4, 28550.12878791623 )
( Sucursal  97,  965, Cliente  5, 26036.664599167445 )
( Sucursal  97,  966, Cliente  6, 733.6029355040644 )
( Sucursal  97,  967, Cliente  7, 19336.077159745597 )
( Sucursal  97,  968, Cliente  8, 1126.6440579250066 )
( Sucursal  97,  969, Cliente  9, 10583.707904858113 )
( Sucursal  97,  970, Cliente 10, 19811.376190722578 )
( Sucursal  98,  971, Cliente  1, 28507.220890987963 )
( Sucursal  98,  972, Cliente  2, 19956.88588802478 )
( Sucursal  98,  973, Cliente  3, 2951.0188551990514 )
( Sucursal  98,  974, Cliente  4, 16276.06734759234 )
( Sucursal  98,  975, Cliente  5, 5723.796647247137 )
( Sucursal  98,  976, Cliente  6, 21313.438788360807 )
( Sucursal  98,  977, Cliente  7, 21926.729079772635 )
( Sucursal  98,  978, Cliente  8, 5720.878219764885 )
( Sucursal  98,  979, Cliente  9, 7380.575018428009 )
( Sucursal  98,  980, Cliente 10, 14122.270282632162 )
( Sucursal  99,  981, Cliente  1, 28939.784039810915 )
( Sucursal  99,  982, Cliente  2, 2889.103453959934 )
( Sucursal  99,  983, Cliente  3, 20404.22528794066 )
( Sucursal  99,  984, Cliente  4, 16702.511490671666 )
( Sucursal  99,  985, Cliente  5, 14461.700979834319 )
( Sucursal  99,  986, Cliente  6, 8498.888515214247 )
( Sucursal  99,  987, Cliente  7, 18945.7686272317 )
( Sucursal  99,  988, Cliente  8, 15183.694828502228 )
( Sucursal  99,  989, Cliente  9, 27083.207873691823 )
( Sucursal  99,  990, Cliente 10, 16691.065161936665 )
( Sucursal 100,  991, Cliente  1, 24264.966534788662 )
( Sucursal 100,  992, Cliente  2, 26353.61647738531 )
( Sucursal 100,  993, Cliente  3, 16006.442894980426 )
( Sucursal 100,  994, Cliente  4, 21916.50939167373 )
( Sucursal 100,  995, Cliente  5, 16486.865072169265 )
( Sucursal 100,  996, Cliente  6, 27922.917138142875 )
( Sucursal 100,  997, Cliente  7, 3388.6675669890487 )
( Sucursal 100,  998, Cliente  8, 2473.50281929117 )
( Sucursal 100,  999, Cliente  9, 21144.74751328444 )
( Sucursal 100, 1000, Cliente 10, 22626.30841774621 )

Tiempo Indice Disperso: 10.415606139 segundos
