Se crearon 10 clientes en la Sucursal   1
Vuelta: 0.0238783 segundos;	Tiempo: 0.023880279

Se crearon 10 clientes en la Sucursal   2
Vuelta: 0.020973449 segundos;	Tiempo: 0.047476907

Se crearon 10 clientes en la Sucursal   3
Vuelta: 0.021891834 segundos;	Tiempo: 0.06948713

Se crearon 10 clientes en la Sucursal   4
Vuelta: 0.024537323 segundos;	Tiempo: 0.094117052

Se crearon 10 clientes en la Sucursal   5
Vuelta: 0.015843304 segundos;	Tiempo: 0.11006563

Se crearon 10 clientes en la Sucursal   6
Vuelta: 0.017256841 segundos;	Tiempo: 0.127395448

Se crearon 10 clientes en la Sucursal   7
Vuelta: 0.018395913 segundos;	Tiempo: 0.145872152

Se crearon 10 clientes en la Sucursal   8
Vuelta: 0.021559623 segundos;	Tiempo: 0.167491298

Se crearon 10 clientes en la Sucursal   9
Vuelta: 0.022846308 segundos;	Tiempo: 0.190426917

Se crearon 10 clientes en la Sucursal  10
Vuelta: 0.02939488 segundos;	Tiempo: 0.219914519

Se crearon 10 clientes en la Sucursal  11
Vuelta: 0.024097115 segundos;	Tiempo: 0.244074067

Se crearon 10 clientes en la Sucursal  12
Vuelta: 0.027373397 segundos;	Tiempo: 0.271509747

Se crearon 10 clientes en la Sucursal  13
Vuelta: 0.032042145 segundos;	Tiempo: 0.303620926

Se crearon 10 clientes en la Sucursal  14
Vuelta: 0.039000401 segundos;	Tiempo: 0.342695178

Se crearon 10 clientes en la Sucursal  15
Vuelta: 0.04160838 segundos;	Tiempo: 0.38448161

Se crearon 10 clientes en la Sucursal  16
Vuelta: 0.04514327 segundos;	Tiempo: 0.429692231

Se crearon 10 clientes en la Sucursal  17
Vuelta: 0.0342418 segundos;	Tiempo: 0.464047151

Se crearon 10 clientes en la Sucursal  18
Vuelta: 0.029925893 segundos;	Tiempo: 0.494049649

Se crearon 10 clientes en la Sucursal  19
Vuelta: 0.041329426 segundos;	Tiempo: 0.535436193

Se crearon 10 clientes en la Sucursal  20
Vuelta: 0.038210227 segundos;	Tiempo: 0.573751041

Se crearon 10 clientes en la Sucursal  21
Vuelta: 0.04887096 segundos;	Tiempo: 0.622688536

Se crearon 10 clientes en la Sucursal  22
Vuelta: 0.047003001 segundos;	Tiempo: 0.669757578

Se crearon 10 clientes en la Sucursal  23
Vuelta: 0.045910148 segundos;	Tiempo: 0.715769399

Se crearon 10 clientes en la Sucursal  24
Vuelta: 0.055281514 segundos;	Tiempo: 0.771117069

Se crearon 10 clientes en la Sucursal  25
Vuelta: 0.055037118 segundos;	Tiempo: 0.826251777

Se crearon 10 clientes en la Sucursal  26
Vuelta: 0.063229154 segundos;	Tiempo: 0.889539917

Se crearon 10 clientes en la Sucursal  27
Vuelta: 0.075648551 segundos;	Tiempo: 0.965292589

Se crearon 10 clientes en la Sucursal  28
Vuelta: 0.05415756 segundos;	Tiempo: 1.019516795

Se crearon 10 clientes en la Sucursal  29
Vuelta: 0.056547559 segundos;	Tiempo: 1.076131429

Se crearon 10 clientes en la Sucursal  30
Vuelta: 0.062835739 segundos;	Tiempo: 1.139047271

Se crearon 10 clientes en la Sucursal  31
Vuelta: 0.08705129 segundos;	Tiempo: 1.226223481

Se crearon 10 clientes en la Sucursal  32
Vuelta: 0.064396523 segundos;	Tiempo: 1.290686181

Se crearon 10 clientes en la Sucursal  33
Vuelta: 0.086300521 segundos;	Tiempo: 1.377245039

Se crearon 10 clientes en la Sucursal  34
Vuelta: 0.13858907 segundos;	Tiempo: 1.51597054

Se crearon 10 clientes en la Sucursal  35
Vuelta: 0.074286362 segundos;	Tiempo: 1.590318858

Se crearon 10 clientes en la Sucursal  36
Vuelta: 0.079006623 segundos;	Tiempo: 1.66938163

Se crearon 10 clientes en la Sucursal  37
Vuelta: 0.078347765 segundos;	Tiempo: 1.747793285

Se crearon 10 clientes en la Sucursal  38
Vuelta: 0.083173365 segundos;	Tiempo: 1.83106721

Se crearon 10 clientes en la Sucursal  39
Vuelta: 0.085472666 segundos;	Tiempo: 1.916637481

Se crearon 10 clientes en la Sucursal  40
Vuelta: 0.103897212 segundos;	Tiempo: 2.020591365

Se crearon 10 clientes en la Sucursal  41
Vuelta: 0.086136981 segundos;	Tiempo: 2.106822119

Se crearon 10 clientes en la Sucursal  42
Vuelta: 0.099378964 segundos;	Tiempo: 2.206300369

Se crearon 10 clientes en la Sucursal  43
Vuelta: 0.081942998 segundos;	Tiempo: 2.288439727

Se crearon 10 clientes en la Sucursal  44
Vuelta: 0.085529085 segundos;	Tiempo: 2.374061392

Se crearon 10 clientes en la Sucursal  45
Vuelta: 0.085320637 segundos;	Tiempo: 2.459439327

Se crearon 10 clientes en la Sucursal  46
Vuelta: 0.083768102 segundos;	Tiempo: 2.543264261

Se crearon 10 clientes en la Sucursal  47
Vuelta: 0.097268328 segundos;	Tiempo: 2.6405891

Se crearon 10 clientes en la Sucursal  48
Vuelta: 0.091402043 segundos;	Tiempo: 2.732048567

Se crearon 10 clientes en la Sucursal  49
Vuelta: 0.095768707 segundos;	Tiempo: 2.82790127

Se crearon 10 clientes en la Sucursal  50
Vuelta: 0.09218805 segundos;	Tiempo: 2.92018509

Se crearon 10 clientes en la Sucursal  51
Vuelta: 0.093759727 segundos;	Tiempo: 3.014002421

Se crearon 10 clientes en la Sucursal  52
Vuelta: 0.104487225 segundos;	Tiempo: 3.118546723

Se crearon 10 clientes en la Sucursal  53
Vuelta: 0.100951393 segundos;	Tiempo: 3.21955338

Se crearon 10 clientes en la Sucursal  54
Vuelta: 0.091557854 segundos;	Tiempo: 3.311174675

Se crearon 10 clientes en la Sucursal  55
Vuelta: 0.098555189 segundos;	Tiempo: 3.409786255

Se crearon 10 clientes en la Sucursal  56
Vuelta: 0.107279812 segundos;	Tiempo: 3.517160755

Se crearon 10 clientes en la Sucursal  57
Vuelta: 0.100609013 segundos;	Tiempo: 3.617831381

Se crearon 10 clientes en la Sucursal  58
Vuelta: 0.110613473 segundos;	Tiempo: 3.728535301

Se crearon 10 clientes en la Sucursal  59
Vuelta: 0.106622862 segundos;	Tiempo: 3.835212639

Se crearon 10 clientes en la Sucursal  60
Vuelta: 0.117435791 segundos;	Tiempo: 3.952710107

Se crearon 10 clientes en la Sucursal  61
Vuelta: 0.113430302 segundos;	Tiempo: 4.066204817

Se crearon 10 clientes en la Sucursal  62
Vuelta: 0.115592666 segundos;	Tiempo: 4.181881391

Se crearon 10 clientes en la Sucursal  63
Vuelta: 0.108652753 segundos;	Tiempo: 4.29061416

Se crearon 10 clientes en la Sucursal  64
Vuelta: 0.126586624 segundos;	Tiempo: 4.417255726

Se crearon 10 clientes en la Sucursal  65
Vuelta: 0.123023094 segundos;	Tiempo: 4.54056516

Se crearon 10 clientes en la Sucursal  66
Vuelta: 0.123645002 segundos;	Tiempo: 4.66430557

Se crearon 10 clientes en la Sucursal  67
Vuelta: 0.1218031 segundos;	Tiempo: 4.786226215

Se crearon 10 clientes en la Sucursal  68
Vuelta: 0.131574867 segundos;	Tiempo: 4.91787181

Se crearon 10 clientes en la Sucursal  69
Vuelta: 0.123487981 segundos;	Tiempo: 5.041417599

Se crearon 10 clientes en la Sucursal  70
Vuelta: 0.122254821 segundos;	Tiempo: 5.163786028

Se crearon 10 clientes en la Sucursal  71
Vuelta: 0.147835195 segundos;	Tiempo: 5.311694894

Se crearon 10 clientes en la Sucursal  72
Vuelta: 0.137442323 segundos;	Tiempo: 5.449224337

Se crearon 10 clientes en la Sucursal  73
Vuelta: 0.148226302 segundos;	Tiempo: 5.597503554

Se crearon 10 clientes en la Sucursal  74
Vuelta: 0.143855089 segundos;	Tiempo: 5.741465283

Se crearon 10 clientes en la Sucursal  75
Vuelta: 0.146167409 segundos;	Tiempo: 5.887684725

Se crearon 10 clientes en la Sucursal  76
Vuelta: 0.142469017 segundos;	Tiempo: 6.030206315

Se crearon 10 clientes en la Sucursal  77
Vuelta: 0.13883684 segundos;	Tiempo: 6.169095708

Se crearon 10 clientes en la Sucursal  78
Vuelta: 0.153474313 segundos;	Tiempo: 6.322643304

Se crearon 10 clientes en la Sucursal  79
Vuelta: 0.165688366 segundos;	Tiempo: 6.488401745

Se crearon 10 clientes en la Sucursal  80
Vuelta: 0.135640111 segundos;	Tiempo: 6.62409402

Se crearon 10 clientes en la Sucursal  81
Vuelta: 0.149080895 segundos;	Tiempo: 6.77323489

Se crearon 10 clientes en la Sucursal  82
Vuelta: 0.146779876 segundos;	Tiempo: 6.920076328

Se crearon 10 clientes en la Sucursal  83
Vuelta: 0.15753167 segundos;	Tiempo: 7.077694643

Se crearon 10 clientes en la Sucursal  84
Vuelta: 0.163071428 segundos;	Tiempo: 7.240817033

Se crearon 10 clientes en la Sucursal  85
Vuelta: 0.172355077 segundos;	Tiempo: 7.413251106

Se crearon 10 clientes en la Sucursal  86
Vuelta: 0.149117759 segundos;	Tiempo: 7.562431483

Se crearon 10 clientes en la Sucursal  87
Vuelta: 0.155184564 segundos;	Tiempo: 7.717669183

Se crearon 10 clientes en la Sucursal  88
Vuelta: 0.162930849 segundos;	Tiempo: 7.880653254

Se crearon 10 clientes en la Sucursal  89
Vuelta: 0.172090195 segundos;	Tiempo: 8.052795214

Se crearon 10 clientes en la Sucursal  90
Vuelta: 0.165547899 segundos;	Tiempo: 8.218396096

Se crearon 10 clientes en la Sucursal  91
Vuelta: 0.175962046 segundos;	Tiempo: 8.394436923

Se crearon 10 clientes en la Sucursal  92
Vuelta: 0.166435244 segundos;	Tiempo: 8.560924594

Se crearon 10 clientes en la Sucursal  93
Vuelta: 0.175793452 segundos;	Tiempo: 8.736822046

Se crearon 10 clientes en la Sucursal  94
Vuelta: 0.163756518 segundos;	Tiempo: 8.900684528

Se crearon 10 clientes en la Sucursal  95
Vuelta: 0.166904353 segundos;	Tiempo: 9.067692989

Se crearon 10 clientes en la Sucursal  96
Vuelta: 0.186131743 segundos;	Tiempo: 9.253932212

Se crearon 10 clientes en la Sucursal  97
Vuelta: 0.171290729 segundos;	Tiempo: 9.425331368

Se crearon 10 clientes en la Sucursal  98
Vuelta: 0.198191449 segundos;	Tiempo: 9.623608956

Se crearon 10 clientes en la Sucursal  99
Vuelta: 0.19808609 segundos;	Tiempo: 9.821750337

Se crearon 10 clientes en la Sucursal 100
Vuelta: 0.187899805 segundos;	Tiempo: 10.009710462

Tiempo Total: 10.009710462 segundos

Numero de entradas: 10
( Sucursal   1,    0 )
( Sucursal  11,  100 )
( Sucursal  21,  200 )
( Sucursal  31,  300 )
( Sucursal  41,  400 )
( Sucursal  51,  500 )
( Sucursal  61,  600 )
( Sucursal  71,  700 )
( Sucursal  81,  800 )
( Sucursal  91,  900 )
Numero de registros: 1000
( Sucursal   1,    1, Cliente  1, 5835.1715280951485 )
( Sucursal   1,    2, Cliente  2, 21491.210824404305 )
( Sucursal   1,    3, Cliente  3, 24138.701778423714 )
( Sucursal   1,    4, Cliente  4, 13789.575110812879 )
( Sucursal   1,    5, Cliente  5, 6766.402385046465 )
( Sucursal   1,    6, Cliente  6, 17141.603773078114 )
( Sucursal   1,    7, Cliente  7, 23281.300897647234 )
( Sucursal   1,    8, Cliente  8, 2320.2729210397642 )
( Sucursal   1,    9, Cliente  9, 29843.85971146555 )
( Sucursal   1,   10, Cliente 10, 14734.15372521634 )
( Sucursal   2,   11, Cliente  1, 19045.90126207091 )
( Sucursal   2,   12, Cliente  2, 6475.205257197186 )
( Sucursal   2,   13, Cliente  3, 18640.176326362434 )
( Sucursal   2,   14, Cliente  4, 26972.049682579596 )
( Sucursal   2,   15, Cliente  5, 15221.835418642231 )
( Sucursal   2,   16, Cliente  6, 3471.175701949713 )
( Sucursal   2,   17, Cliente  7, 24044.343130473295 )
( Sucursal   2,   18, Cliente  8, 14429.454349791407 )
( Sucursal   2,   19, Cliente  9, 8934.117900393041 )
( Sucursal   2,   20, Cliente 10, 16331.98694191798 )
( Sucursal   3,   21, Cliente  1, 26717.21846874671 )
( Sucursal   3,   22, Cliente  2, 24216.83703881434 )
( Sucursal   3,   23, Cliente  3, 5329.553670637867 )
( Sucursal   3,   24, Cliente  4, 20912.82276175262 )
( Sucursal   3,   25, Cliente  5, 16227.383767913785 )
( Sucursal   3,   26, Cliente  6, 16823.10920398226 )
( Sucursal   3,   27, Cliente  7, 20902.210705771544 )
( Sucursal   3,   28, Cliente  8, 15644.334278264509 )
( Sucursal   3,   29, Cliente  9, 9995.614464870907 )
( Sucursal   3,   30, Cliente 10, 28564.483647031622 )
( Sucursal   4,   31, Cliente  1, 2302.715693767848 )
( Sucursal   4,   32, Cliente  2, 7167.748060783152 )
( Sucursal   4,   33, Cliente  3, 26798.445770935625 )
( Sucursal   4,   34, Cliente  4, 2523.993678059987 )
( Sucursal   4,   35, Cliente  5, 14873.352336012813 )
( Sucursal   4,   36, Cliente  6, 4830.425428912772 )
( Sucursal   4,   37, Cliente  7, 22018.5370844152 )
( Sucursal   4,   38, Cliente  8, 24470.99429756526 )
( Sucursal   4,   39, Cliente  9, 22091.077797696074 )
( Sucursal   4,   40, Cliente 10, 20447.573730101776 )
( Sucursal   5,   41, Cliente  1, 13193.269990067267 )
( Sucursal   5,   42, Cliente  2, 21290.428036240475 )
( Sucursal   5,   43, Cliente  3, 561.8340092381093 )
( Sucursal   5,   44, Cliente  4, 15219.74910177512 )
( Sucursal   5,   45, Cliente  5, 28182.206431353196 )
( Sucursal   5,   46, Cliente  6, 5363.258945726279 )
( Sucursal   5,   47, Cliente  7, 21791.780937877873 )
( Sucursal   5,   48, Cliente  8, 22233.490573575986 )
( Sucursal   5,   49, Cliente  9, 8087.08090879626 )
( Sucursal   5,   50, Cliente 10, 24568.758287968485 )
( Sucursal   6,   51, Cliente  1, 19239.30124799084 )
( Sucursal   6,   52, Cliente  2, 14838.023650350298 )
( Sucursal   6,   53, Cliente  3, 17487.333297354136 )
( Sucursal   6,   54, Cliente  4, 11164.824623362383 )
( Sucursal   6,   55, Cliente  5, 7921.00346546706 )
( Sucursal   6,   56, Cliente  6, 29935.486894691698 )
( Sucursal   6,   57, Cliente  7, 9078.780354278846 )
( Sucursal   6,   58, Cliente  8, 6069.795138675987 )
( Sucursal   6,   59, Cliente  9, 5834.710588771395 )
( Sucursal   6,   60, Cliente 10, 2773.581311309903 )
( Sucursal   7,   61, Cliente  1, 24904.486681969513 )
( Sucursal   7,   62, Cliente  2, 20503.36156326356 )
( Sucursal   7,   63, Cliente  3, 24376.937205022154 )
( Sucursal   7,   64, Cliente  4, 1973.6981376153544 )
( Sucursal   7,   65, Cliente  5, 22223.432936699843 )
( Sucursal   7,   66, Cliente  6, 1523.727052356883 )
( Sucursal   7,   67, Cliente  7, 2886.458643439731 )
( Sucursal   7,   68, Cliente  8, 17063.0548768017 )
( Sucursal   7,   69, Cliente  9, 7004.967710586552 )
( Sucursal   7,   70, Cliente 10, 14943.303931162178 )
( Sucursal   8,   71, Cliente  1, 1990.2190943435724 )
( Sucursal   8,   72, Cliente  2, 6223.77722017884 )
( Sucursal   8,   73, Cliente  3, 11448.313870569067 )
( Sucursal   8,   74, Cliente  4, 14539.44772757607 )
( Sucursal   8,   75, Cliente  5, 9316.282336992293 )
( Sucursal   8,   76, Cliente  6, 27714.155101445976 )
( Sucursal   8,   77, Cliente  7, 29294.126302502154 )
( Sucursal   8,   78, Cliente  8, 1851.4925525886629 )
( Sucursal   8,   79, Cliente  9, 27144.484692230468 )
( Sucursal   8,   80, Cliente 10, 4318.767627711397 )
( Sucursal   9,   81, Cliente  1, 21673.11231830228 )
( Sucursal   9,   82, Cliente  2, 2770.6080042804106 )
( Sucursal   9,   83, Cliente  3, 10294.869009874144 )
( Sucursal   9,   84, Cliente  4, 22865.0883942311 )
( Sucursal   9,   85, Cliente  5, 5234.597250679037 )
( Sucursal   9,   86, Cliente  6, 29183.596687678575 )
( Sucursal   9,   87, Cliente  7, 9693.059525780609 )
( Sucursal   9,   88, Cliente  8, 27003.882932596756 )
( Sucursal   9,   89, Cliente  9, 3415.061577703416 )
( Sucursal   9,   90, Cliente 10, 6264.638963557765 )
( Sucursal  10,   91, Cliente  1, 24329.87988764632 )
( Sucursal  10,   92, Cliente  2, 5543.28772368306 )
( Sucursal  10,   93, Cliente  3, 28458.097189404765 )
( Sucursal  10,   94, Cliente  4, 23650.042018415406 )
( Sucursal  10,   95, Cliente  5, 10318.572627944983 )
( Sucursal  10,   96, Cliente  6, 28185.757209110063 )
( Sucursal  10,   97, Cliente  7, 10357.696605331399 )
( Sucursal  10,   98, Cliente  8, 28936.55467827378 )
( Sucursal  10,   99, Cliente  9, 11182.223155624106 )
( Sucursal  10,  100, Cliente 10, 14669.11764813357 )
( Sucursal  11,  101, Cliente  1, 14892.760225299515 )
( Sucursal  11,  102, Cliente  2, 8809.723906396368 )
( Sucursal  11,  103, Cliente  3, 13207.596875342317 )
( Sucursal  11,  104, Cliente  4, 28419.28938999708 )
( Sucursal  11,  105, Cliente  5, 13608.30195462568 )
( Sucursal  11,  106, Cliente  6, 9198.881599509421 )
( Sucursal  11,  107, Cliente  7, 29902.38704738812 )
( Sucursal  11,  108, Cliente  8, 22319.919938933486 )
( Sucursal  11,  109, Cliente  9, 10260.948138472588 )
( Sucursal  11,  110, Cliente 10, 11289.727961738407 )
( Sucursal  12,  111, Cliente  1, 529.0038186976878 )
( Sucursal  12,  112, Cliente  2, 29827.537791607556 )
( Sucursal  12,  113, Cliente  3, 19073.05574464084 )
( Sucursal  12,  114, Cliente  4, 13950.016576200867 )
( Sucursal  12,  115, Cliente  5, 27133.366734238596 )
( Sucursal  12,  116, Cliente  6, 15253.960931212847 )
( Sucursal  12,  117, Cliente  7, 14227.221172016134 )
( Sucursal  12,  118, Cliente  8, 17325.44522395444 )
( Sucursal  12,  119, Cliente  9, 26556.43739313343 )
( Sucursal  12,  120, Cliente 10, 29142.086294607332 )
( Sucursal  13,  121, Cliente  1, 15730.633406594883 )
( Sucursal  13,  122, Cliente  2, 20182.874973398757 )
( Sucursal  13,  123, Cliente  3, 18729.483617322847 )
( Sucursal  13,  124, Cliente  4, 8057.5588772063165 )
( Sucursal  13,  125, Cliente  5, 3887.8966283398204 )
( Sucursal  13,  126, Cliente  6, 20383.99441601331 )
( Sucursal  13,  127, Cliente  7, 26651.093977899847 )
( Sucursal  13,  128, Cliente  8, 14517.442639840947 )
( Sucursal  13,  129, Cliente  9, 7674.569917999885 )
( Sucursal  13,  130, Cliente 10, 1477.817297161702 )
( Sucursal  14,  131, Cliente  1, 29887.348854429583 )
( Sucursal  14,  132, Cliente  2, 11859.229490731881 )
( Sucursal  14,  133, Cliente  3, 9551.98418663364 )
( Sucursal  14,  134, Cliente  4, 28705.445924048887 )
( Sucursal  14,  135, Cliente  5, 814.1160888726147 )
( Sucursal  14,  136, Cliente  6, 18651.782083626542 )
( Sucursal  14,  137, Cliente  7, 1562.0507321076016 )
( Sucursal  14,  138, Cliente  8, 27498.619133153545 )
( Sucursal  14,  139, Cliente  9, 3677.161925990896 )
( Sucursal  14,  140, Cliente 10, 19930.44956719408 )
( Sucursal  15,  141, Cliente  1, 13536.63206604432 )
( Sucursal  15,  142, Cliente  2, 28673.861968923313 )
( Sucursal  15,  143, Cliente  3, 22969.080712876363 )
( Sucursal  15,  144, Cliente  4, 9215.512243656116 )
( Sucursal  15,  145, Cliente  5, 7985.53300853756 )
( Sucursal  15,  146, Cliente  6, 2383.575703058097 )
( Sucursal  15,  147, Cliente  7, 14940.090057311267 )
( Sucursal  15,  148, Cliente  8, 19166.56862495684 )
( Sucursal  15,  149, Cliente  9, 18286.76381500256 )
( Sucursal  15,  150, Cliente 10, 27007.733141615747 )
( Sucursal  16,  151, Cliente  1, 13019.796918796714 )
( Sucursal  16,  152, Cliente  2, 3076.2561170743575 )
( Sucursal  16,  153, Cliente  3, 3156.3564367555828 )
( Sucursal  16,  154, Cliente  4, 20926.00695976489 )
( Sucursal  16,  155, Cliente  5, 27670.426653199764 )
( Sucursal  16,  156, Cliente  6, 14015.963328590222 )
( Sucursal  16,  157, Cliente  7, 9691.140074063322 )
( Sucursal  16,  158, Cliente  8, 3228.542922457668 )
( Sucursal  16,  159, Cliente  9, 23519.986848458502 )
( Sucursal  16,  160, Cliente 10, 20868.436453544466 )
( Sucursal  17,  161, Cliente  1, 14068.853946566554 )
( Sucursal  17,  162, Cliente  2, 26567.350738233687 )
( Sucursal  17,  163, Cliente  3, 26208.17745812358 )
( Sucursal  17,  164, Cliente  4, 27000.072882578766 )
( Sucursal  17,  165, Cliente  5, 27351.83244433178 )
( Sucursal  17,  166, Cliente  6, 29949.736568979904 )
( Sucursal  17,  167, Cliente  7, 6230.572073867883 )
( Sucursal  17,  168, Cliente  8, 14240.9635887413 )
( Sucursal  17,  169, Cliente  9, 19379.017810083365 )
( Sucursal  17,  170, Cliente 10, 4252.206095785069 )
( Sucursal  18,  171, Cliente  1, 12515.864355316373 )
( Sucursal  18,  172, Cliente  2, 17541.50681434332 )
( Sucursal  18,  173, Cliente  3, 22828.436902755526 )
( Sucursal  18,  174, Cliente  4, 18687.313294113083 )
( Sucursal  18,  175, Cliente  5, 4755.033854375252 )
( Sucursal  18,  176, Cliente  6, 25194.09365837165 )
( Sucursal  18,  177, Cliente  7, 23520.138335417494 )
( Sucursal  18,  178, Cliente  8, 5130.826611450583 )
( Sucursal  18,  179, Cliente  9, 27101.694404075377 )
( Sucursal  18,  180, Cliente 10, 27099.765785709198 )
( Sucursal  19,  181, Cliente  1, 1669.7203568836087 )
( Sucursal  19,  182, Cliente  2, 21497.830817786133 )
( Sucursal  19,  183, Cliente  3, 22584.26861202627 )
( Sucursal  19,  184, Cliente  4, 7174.882244175502 )
( Sucursal  19,  185, Cliente  5, 11239.758403827562 )
( Sucursal  19,  186, Cliente  6, 25184.117980940653 )
( Sucursal  19,  187, Cliente  7, 29719.798063621107 )
( Sucursal  19,  188, Cliente  8, 28872.455490054177 )
( Sucursal  19,  189, Cliente  9, 25601.9195376303 )
( Sucursal  19,  190, Cliente 10, 22884.541881994854 )
( Sucursal  20,  191, Cliente  1, 19381.511836971276 )
( Sucursal  20,  192, Cliente  2, 900.980544870168 )
( Sucursal  20,  193, Cliente  3, 5527.668402206718 )
( Sucursal  20,  194, Cliente  4, 6526.131434121019 )
( Sucursal  20,  195, Cliente  5, 21664.168831152307 )
( Sucursal  20,  196, Cliente  6, 14316.05588362174 )
( Sucursal  20,  197, Cliente  7, 17525.289164296664 )
( Sucursal  20,  198, Cliente  8, 17724.746688518208 )
( Sucursal  20,  199, Cliente  9, 17403.451072869928 )
( Sucursal  20,  200, Cliente 10, 19830.706475126615 )
( Sucursal  21,  201, Cliente  1, 10870.791263173187 )
( Sucursal  21,  202, Cliente  2, 28310.026693140222 )
( Sucursal  21,  203, Cliente  3, 21532.513811890654 )
( Sucursal  21,  204, Cliente  4, 18998.60419888047 )
( Sucursal  21,  205, Cliente  5, 7159.42949645249 )
( Sucursal  21,  206, Cliente  6, 12323.178844362857 )
( Sucursal  21,  207, Cliente  7, 8422.795624740584 )
( Sucursal  21,  208, Cliente  8, 24292.843354960536 )
( Sucursal  21,  209, Cliente  9, 19953.765901936345 )
( Sucursal  21,  210, Cliente 10, 14123.58285426579 )
( Sucursal  22,  211, Cliente  1, 22121.553018168775 )
( Sucursal  22,  212, Cliente  2, 7076.063122265174 )
( Sucursal  22,  213, Cliente  3, 27424.266815364455 )
( Sucursal  22,  214, Cliente  4, 11779.811224658682 )
( Sucursal  22,  215, Cliente  5, 16805.930990826666 )
( Sucursal  22,  216, Cliente  6, 11957.588122116515 )
( Sucursal  22,  217, Cliente  7, 293.7936882501996 )
( Sucursal  22,  218, Cliente  8, 24470.327569919293 )
( Sucursal  22,  219, Cliente  9, 3789.266890398605 )
( Sucursal  22,  220, Cliente 10, 19568.841718030562 )
( Sucursal  23,  221, Cliente  1, 15341.538113371964 )
( Sucursal  23,  222, Cliente  2, 4534.404461952941 )
( Sucursal  23,  223, Cliente  3, 24061.219645955116 )
( Sucursal  23,  224, Cliente  4, 20600.406853694945 )
( Sucursal  23,  225, Cliente  5, 23978.24978209858 )
( Sucursal  23,  226, Cliente  6, 27663.676503354505 )
( Sucursal  23,  227, Cliente  7, 27293.534069733432 )
( Sucursal  23,  228, Cliente  8, 12370.315752324936 )
( Sucursal  23,  229, Cliente  9, 18915.546627814863 )
( Sucursal  23,  230, Cliente 10, 22226.480238866043 )
( Sucursal  24,  231, Cliente  1, 5859.479519611645 )
( Sucursal  24,  232, Cliente  2, 25989.322425698843 )
( Sucursal  24,  233, Cliente  3, 23434.92107532515 )
( Sucursal  24,  234, Cliente  4, 23376.240734189563 )
( Sucursal  24,  235, Cliente  5, 17983.365375788795 )
( Sucursal  24,  236, Cliente  6, 13418.345965194161 )
( Sucursal  24,  237, Cliente  7, 2306.7361562618967 )
( Sucursal  24,  238, Cliente  8, 1677.3351869748242 )
( Sucursal  24,  239, Cliente  9, 11096.701573430979 )
( Sucursal  24,  240, Cliente 10, 24207.290537312343 )
( Sucursal  25,  241, Cliente  1, 9166.880810595232 )
( Sucursal  25,  242, Cliente  2, 25134.0014388727 )
( Sucursal  25,  243, Cliente  3, 26817.464657617187 )
( Sucursal  25,  244, Cliente  4, 10011.31666194881 )
( Sucursal  25,  245, Cliente  5, 14216.153685742984 )
( Sucursal  25,  246, Cliente  6, 20492.689821611995 )
( Sucursal  25,  247, Cliente  7, 10740.03715299642 )
( Sucursal  25,  248, Cliente  8, 27085.081131399013 )
( Sucursal  25,  249, Cliente  9, 8127.357387142789 )
( Sucursal  25,  250, Cliente 10, 13532.207073747364 )
( Sucursal  26,  251, Cliente  1, 26925.22937738348 )
( Sucursal  26,  252, Cliente  2, 1345.8000776865524 )
( Sucursal  26,  253, Cliente  3, 26744.64715885005 )
( Sucursal  26,  254, Cliente  4, 20130.284528241486 )
( Sucursal  26,  255, Cliente  5, 29088.81763253104 )
( Sucursal  26,  256, Cliente  6, 5901.231908542833 )
( Sucursal  26,  257, Cliente  7, 5505.499181946847 )
( Sucursal  26,  258, Cliente  8, 9325.591270912151 )
( Sucursal  26,  259, Cliente  9, 16234.624045481141 )
( Sucursal  26,  260, Cliente 10, 1014.8806935746449 )
( Sucursal  27,  261, Cliente  1, 15290.973033276501 )
( Sucursal  27,  262, Cliente  2, 21489.710569570332 )
( Sucursal  27,  263, Cliente  3, 1135.9310124003398 )
( Sucursal  27,  264, Cliente  4, 5384.388961128415 )
( Sucursal  27,  265, Cliente  5, 765.5104951603133 )
( Sucursal  27,  266, Cliente  6, 4412.268679532766 )
( Sucursal  27,  267, Cliente  7, 8142.529787132513 )
( Sucursal  27,  268, Cliente  8, 20886.126468207684 )
( Sucursal  27,  269, Cliente  9, 20311.350432702777 )
( Sucursal  27,  270, Cliente 10, 21620.292361816595 )
( Sucursal  28,  271, Cliente  1, 3214.0315773954453 )
( Sucursal  28,  272, Cliente  2, 29615.896546469907 )
( Sucursal  28,  273, Cliente  3, 27151.34685904875 )
( Sucursal  28,  274, Cliente  4, 4516.007631132004 )
( Sucursal  28,  275, Cliente  5, 7988.5114019558605 )
( Sucursal  28,  276, Cliente  6, 15452.149850941869 )
( Sucursal  28,  277, Cliente  7, 28939.94657055542 )
( Sucursal  28,  278, Cliente  8, 23443.214113161008 )
( Sucursal  28,  279, Cliente  9, 16556.192349668963 )
( Sucursal  28,  280, Cliente 10, 26520.05169381569 )
( Sucursal  29,  281, Cliente  1, 21244.94415093164 )
( Sucursal  29,  282, Cliente  2, 26238.333519862495 )
( Sucursal  29,  283, Cliente  3, 20766.903191551057 )
( Sucursal  29,  284, Cliente  4, 12426.649773280726 )
( Sucursal  29,  285, Cliente  5, 354.5224473580589 )
( Sucursal  29,  286, Cliente  6, 29946.60150338116 )
( Sucursal  29,  287, Cliente  7, 5508.180677052403 )
( Sucursal  29,  288, Cliente  8, 6098.591679212678 )
( Sucursal  29,  289, Cliente  9, 4752.484229877669 )
( Sucursal  29,  290, Cliente 10, 18229.462890172355 )
( Sucursal  30,  291, Cliente  1, 23384.856921578063 )
( Sucursal  30,  292, Cliente  2, 5020.770579131767 )
( Sucursal  30,  293, Cliente  3, 7439.430409283392 )
( Sucursal  30,  294, Cliente  4, 21191.04637382873 )
( Sucursal  30,  295, Cliente  5, 23183.075824477284 )
( Sucursal  30,  296, Cliente  6, 6134.524048082928 )
( Sucursal  30,  297, Cliente  7, 1647.3512649549878 )
( Sucursal  30,  298, Cliente  8, 12608.823682306238 )
( Sucursal  30,  299, Cliente  9, 21652.744059529985 )
( Sucursal  30,  300, Cliente 10, 26026.571540554203 )
( Sucursal  31,  301, Cliente  1, 26264.288781418578 )
( Sucursal  31,  302, Cliente  2, 29640.00047834995 )
( Sucursal  31,  303, Cliente  3, 5022.900220932456 )
( Sucursal  31,  304, Cliente  4, 15273.369224487864 )
( Sucursal  31,  305, Cliente  5, 18291.5959552819 )
( Sucursal  31,  306, Cliente  6, 12924.865860811808 )
( Sucursal  31,  307, Cliente  7, 20662.469244061605 )
( Sucursal  31,  308, Cliente  8, 23993.345815915953 )
( Sucursal  31,  309, Cliente  9, 18694.02093059331 )
( Sucursal  31,  310, Cliente 10, 18196.209110493834 )
( Sucursal  32,  311, Cliente  1, 24529.282115795624 )
( Sucursal  32,  312, Cliente  2, 765.6265008169281 )
( Sucursal  32,  313, Cliente  3, 3024.4629235631796 )
( Sucursal  32,  314, Cliente  4, 29437.004732661087 )
( Sucursal  32,  315, Cliente  5, 13789.775319903092 )
( Sucursal  32,  316, Cliente  6, 6474.473363230016 )
( Sucursal  32,  317, Cliente  7, 4101.8953329012 )
( Sucursal  32,  318, Cliente  8, 20315.52157367302 )
( Sucursal  32,  319, Cliente  9, 28764.92018308747 )
( Sucursal  32,  320, Cliente 10, 16225.830550777206 )
( Sucursal  33,  321, Cliente  1, 8187.684893970773 )
( Sucursal  33,  322, Cliente  2, 22164.512987328708 )
( Sucursal  33,  323, Cliente  3, 13330.00469140883 )
( Sucursal  33,  324, Cliente  4, 25779.659363867828 )
( Sucursal  33,  325, Cliente  5, 3035.9430846992404 )
( Sucursal  33,  326, Cliente  6, 22324.749086844997 )
( Sucursal  33,  327, Cliente  7, 22241.782307980277 )
( Sucursal  33,  328, Cliente  8, 13431.511264412311 )
( Sucursal  33,  329, Cliente  9, 7616.807624350468 )
( Sucursal  33,  330, Cliente 10, 27932.501314891364 )
( Sucursal  34,  331, Cliente  1, 3748.8935415650553 )
( Sucursal  34,  332, Cliente  2, 8750.93531778424 )
( Sucursal  34,  333, Cliente  3, 12269.69232831471 )
( Sucursal  34,  334, Cliente  4, 2463.9992951894196 )
( Sucursal  34,  335, Cliente  5, 853.493276954526 )
( Sucursal  34,  336, Cliente  6, 6280.924270803892 )
( Sucursal  34,  337, Cliente  7, 26126.956109695002 )
( Sucursal  34,  338, Cliente  8, 7605.302520606371 )
( Sucursal  34,  339, Cliente  9, 5011.164783390303 )
( Sucursal  34,  340, Cliente 10, 7667.370132691919 )
( Sucursal  35,  341, Cliente  1, 28640.304273986934 )
( Sucursal  35,  342, Cliente  2, 10438.26265666279 )
( Sucursal  35,  343, Cliente  3, 21406.146056480502 )
( Sucursal  35,  344, Cliente  4, 16578.96650662183 )
( Sucursal  35,  345, Cliente  5, 19071.99600190788 )
( Sucursal  35,  346, Cliente  6, 3693.696095934878 )
( Sucursal  35,  347, Cliente  7, 22316.396067775513 )
( Sucursal  35,  348, Cliente  8, 21629.781066599207 )
( Sucursal  35,  349, Cliente  9, 26949.93358101108 )
( Sucursal  35,  350, Cliente 10, 29235.18544332695 )
( Sucursal  36,  351, Cliente  1, 22361.295168824538 )
( Sucursal  36,  352, Cliente  2, 16211.439517863142 )
( Sucursal  36,  353, Cliente  3, 23952.794302270268 )
( Sucursal  36,  354, Cliente  4, 9973.591506120008 )
( Sucursal  36,  355, Cliente  5, 24854.024927491795 )
( Sucursal  36,  356, Cliente  6, 10381.277811208909 )
( Sucursal  36,  357, Cliente  7, 13985.514487873625 )
( Sucursal  36,  358, Cliente  8, 26254.296831143554 )
( Sucursal  36,  359, Cliente  9, 5599.870191509308 )
( Sucursal  36,  360, Cliente 10, 27941.775966829733 )
( Sucursal  37,  361, Cliente  1, 7203.25666320241 )
( Sucursal  37,  362, Cliente  2, 8749.910495937951 )
( Sucursal  37,  363, Cliente  3, 13962.680525245543 )
( Sucursal  37,  364, Cliente  4, 12380.240491656694 )
( Sucursal  37,  365, Cliente  5, 19081.888102711324 )
( Sucursal  37,  366, Cliente  6, 10256.124594354185 )
( Sucursal  37,  367, Cliente  7, 466.8605373924036 )
( Sucursal  37,  368, Cliente  8, 16328.698492213085 )
( Sucursal  37,  369, Cliente  9, 2881.32419193308 )
( Sucursal  37,  370, Cliente 10, 10961.978876543266 )
( Sucursal  38,  371, Cliente  1, 9349.38425837111 )
( Sucursal  38,  372, Cliente  2, 17312.058855112202 )
( Sucursal  38,  373, Cliente  3, 8730.768011123504 )
( Sucursal  38,  374, Cliente  4, 7816.571556451727 )
( Sucursal  38,  375, Cliente  5, 16247.409764669566 )
( Sucursal  38,  376, Cliente  6, 15054.617706039702 )
( Sucursal  38,  377, Cliente  7, 11244.509543213575 )
( Sucursal  38,  378, Cliente  8, 1603.0714366788563 )
( Sucursal  38,  379, Cliente  9, 28704.125396302956 )
( Sucursal  38,  380, Cliente 10, 28116.73364649839 )
( Sucursal  39,  381, Cliente  1, 19219.170528734147 )
( Sucursal  39,  382, Cliente  2, 29950.087536639454 )
( Sucursal  39,  383, Cliente  3, 17296.480598724 )
( Sucursal  39,  384, Cliente  4, 17511.142708105133 )
( Sucursal  39,  385, Cliente  5, 29682.66878307653 )
( Sucursal  39,  386, Cliente  6, 29308.525565038923 )
( Sucursal  39,  387, Cliente  7, 23918.047542889424 )
( Sucursal  39,  388, Cliente  8, 7569.573458826536 )
( Sucursal  39,  389, Cliente  9, 1439.8949483617125 )
( Sucursal  39,  390, Cliente 10, 17338.50203770173 )
( Sucursal  40,  391, Cliente  1, 22320.61354352692 )
( Sucursal  40,  392, Cliente  2, 2180.011569980912 )
( Sucursal  40,  393, Cliente  3, 27844.4734391747 )
( Sucursal  40,  394, Cliente  4, 28628.760320973674 )
( Sucursal  40,  395, Cliente  5, 13694.046975822945 )
( Sucursal  40,  396, Cliente  6, 9939.377585891494 )
( Sucursal  40,  397, Cliente  7, 15714.587015274792 )
( Sucursal  40,  398, Cliente  8, 29182.961548032807 )
( Sucursal  40,  399, Cliente  9, 18177.05296279014 )
( Sucursal  40,  400, Cliente 10, 23313.91494644536 )
( Sucursal  41,  401, Cliente  1, 15175.789244657313 )
( Sucursal  41,  402, Cliente  2, 17499.711862010645 )
( Sucursal  41,  403, Cliente  3, 2000.531799081801 )
( Sucursal  41,  404, Cliente  4, 28308.046407567366 )
( Sucursal  41,  405, Cliente  5, 16616.871648722074 )
( Sucursal  41,  406, Cliente  6, 21252.931579880515 )
( Sucursal  41,  407, Cliente  7, 13943.258830262334 )
( Sucursal  41,  408, Cliente  8, 5890.814251448205 )
( Sucursal  41,  409, Cliente  9, 27656.719530591126 )
( Sucursal  41,  410, Cliente 10, 4271.943574733956 )
( Sucursal  42,  411, Cliente  1, 26809.23026237897 )
( Sucursal  42,  412, Cliente  2, 22529.311394885885 )
( Sucursal  42,  413, Cliente  3, 188.78747488421266 )
( Sucursal  42,  414, Cliente  4, 1410.2039748989207 )
( Sucursal  42,  415, Cliente  5, 373.5778065929684 )
( Sucursal  42,  416, Cliente  6, 27513.338472524672 )
( Sucursal  42,  417, Cliente  7, 17502.22311553628 )
( Sucursal  42,  418, Cliente  8, 22556.417534821805 )
( Sucursal  42,  419, Cliente  9, 3319.3027529338933 )
( Sucursal  42,  420, Cliente 10, 2267.4157946267287 )
( Sucursal  43,  421, Cliente  1, 7693.101392247018 )
( Sucursal  43,  422, Cliente  2, 12833.976950702105 )
( Sucursal  43,  423, Cliente  3, 5943.391173825108 )
( Sucursal  43,  424, Cliente  4, 23562.755491348187 )
( Sucursal  43,  425, Cliente  5, 25774.164424507097 )
( Sucursal  43,  426, Cliente  6, 2005.693439972679 )
( Sucursal  43,  427, Cliente  7, 20064.94469967855 )
( Sucursal  43,  428, Cliente  8, 17131.14632334477 )
( Sucursal  43,  429, Cliente  9, 25730.045313947303 )
( Sucursal  43,  430, Cliente 10, 660.2473056289941 )
( Sucursal  44,  431, Cliente  1, 29547.813953271485 )
( Sucursal  44,  432, Cliente  2, 12235.392850487322 )
( Sucursal  44,  433, Cliente  3, 8707.405908704934 )
( Sucursal  44,  434, Cliente  4, 27841.249438709547 )
( Sucursal  44,  435, Cliente  5, 19544.03690020515 )
( Sucursal  44,  436, Cliente  6, 3095.5516088769136 )
( Sucursal  44,  437, Cliente  7, 9425.755313082207 )
( Sucursal  44,  438, Cliente  8, 13931.676685990611 )
( Sucursal  44,  439, Cliente  9, 26104.96563393389 )
( Sucursal  44,  440, Cliente 10, 29926.125888962353 )
( Sucursal  45,  441, Cliente  1, 11654.098493261648 )
( Sucursal  45,  442, Cliente  2, 24482.183201603493 )
( Sucursal  45,  443, Cliente  3, 15124.928505575377 )
( Sucursal  45,  444, Cliente  4, 9990.232337652255 )
( Sucursal  45,  445, Cliente  5, 23670.040835039414 )
( Sucursal  45,  446, Cliente  6, 6205.27200134025 )
( Sucursal  45,  447, Cliente  7, 9186.581267799545 )
( Sucursal  45,  448, Cliente  8, 21419.684795099864 )
( Sucursal  45,  449, Cliente  9, 16597.883911586898 )
( Sucursal  45,  450, Cliente 10, 29048.29010845125 )
( Sucursal  46,  451, Cliente  1, 123.40939607528489 )
( Sucursal  46,  452, Cliente  2, 26681.851989681127 )
( Sucursal  46,  453, Cliente  3, 26446.681356655026 )
( Sucursal  46,  454, Cliente  4, 670.3514714415771 )
( Sucursal  46,  455, Cliente  5, 13367.289374148831 )
( Sucursal  46,  456, Cliente  6, 26527.510306452754 )
( Sucursal  46,  457, Cliente  7, 22589.45952969084 )
( Sucursal  46,  458, Cliente  8, 15341.274001849173 )
( Sucursal  46,  459, Cliente  9, 28043.45785136631 )
( Sucursal  46,  460, Cliente 10, 3481.2497778943894 )
( Sucursal  47,  461, Cliente  1, 21798.567240191747 )
( Sucursal  47,  462, Cliente  2, 17676.826365517783 )
( Sucursal  47,  463, Cliente  3, 25266.219839787376 )
( Sucursal  47,  464, Cliente  4, 25563.214283597506 )
( Sucursal  47,  465, Cliente  5, 28912.120632959475 )
( Sucursal  47,  466, Cliente  6, 518.390276796993 )
( Sucursal  47,  467, Cliente  7, 23531.91467869575 )
( Sucursal  47,  468, Cliente  8, 20967.50355982439 )
( Sucursal  47,  469, Cliente  9, 1818.7801569527621 )
( Sucursal  47,  470, Cliente 10, 7265.772368002017 )
( Sucursal  48,  471, Cliente  1, 29630.368925667335 )
( Sucursal  48,  472, Cliente  2, 9548.86129818951 )
( Sucursal  48,  473, Cliente  3, 16869.440358157983 )
( Sucursal  48,  474, Cliente  4, 8024.579652872686 )
( Sucursal  48,  475, Cliente  5, 27295.18641087936 )
( Sucursal  48,  476, Cliente  6, 23685.621442200078 )
( Sucursal  48,  477, Cliente  7, 1551.8452001252283 )
( Sucursal  48,  478, Cliente  8, 6868.818626380623 )
( Sucursal  48,  479, Cliente  9, 25278.29503732186 )
( Sucursal  48,  480, Cliente 10, 11302.638378152877 )
( Sucursal  49,  481, Cliente  1, 3661.7868715379846 )
( Sucursal  49,  482, Cliente  2, 6035.086383637343 )
( Sucursal  49,  483, Cliente  3, 969.4062372596495 )
( Sucursal  49,  484, Cliente  4, 9779.116752529475 )
( Sucursal  49,  485, Cliente  5, 152.53602672840637 )
( Sucursal  49,  486, Cliente  6, 4303.037103645911 )
( Sucursal  49,  487, Cliente  7, 22700.855661315363 )
( Sucursal  49,  488, Cliente  8, 20437.225708733127 )
( Sucursal  49,  489, Cliente  9, 10088.744436352146 )
( Sucursal  49,  490, Cliente 10, 7936.919918141854 )
( Sucursal  50,  491, Cliente  1, 29744.870205400184 )
( Sucursal  50,  492, Cliente  2, 20262.6413110359 )
( Sucursal  50,  493, Cliente  3, 7136.759578839633 )
( Sucursal  50,  494, Cliente  4, 10283.553384868186 )
( Sucursal  50,  495, Cliente  5, 12690.265585661617 )
( Sucursal  50,  496, Cliente  6, 11779.332536190444 )
( Sucursal  50,  497, Cliente  7, 593.8453222874948 )
( Sucursal  50,  498, Cliente  8, 20542.45844750782 )
( Sucursal  50,  499, Cliente  9, 3885.2735695132224 )
( Sucursal  50,  500, Cliente 10, 26630.029672029672 )
( Sucursal  51,  501, Cliente  1, 22221.024669986706 )
( Sucursal  51,  502, Cliente  2, 14934.455990982986 )
( Sucursal  51,  503, Cliente  3, 22446.299059137975 )
( Sucursal  51,  504, Cliente  4, 25190.015305621557 )
( Sucursal  51,  505, Cliente  5, 11146.170066270748 )
( Sucursal  51,  506, Cliente  6, 11613.251346462921 )
( Sucursal  51,  507, Cliente  7, 20600.662818389625 )
( Sucursal  51,  508, Cliente  8, 2371.831718626745 )
( Sucursal  51,  509, Cliente  9, 13231.102941956568 )
( Sucursal  51,  510, Cliente 10, 18563.93849313631 )
( Sucursal  52,  511, Cliente  1, 24276.39350698791 )
( Sucursal  52,  512, Cliente  2, 3035.742948018502 )
( Sucursal  52,  513, Cliente  3, 214.72415104126497 )
( Sucursal  52,  514, Cliente  4, 15946.016046704393 )
( Sucursal  52,  515, Cliente  5, 4352.93561046378 )
( Sucursal  52,  516, Cliente  6, 22942.586502672926 )
( Sucursal  52,  517, Cliente  7, 4234.480908488145 )
( Sucursal  52,  518, Cliente  8, 5538.145020155642 )
( Sucursal  52,  519, Cliente  9, 7692.39773063171 )
( Sucursal  52,  520, Cliente 10, 25953.92077863155 )
( Sucursal  53,  521, Cliente  1, 12087.648388168034 )
( Sucursal  53,  522, Cliente  2, 28338.388356962394 )
( Sucursal  53,  523, Cliente  3, 11307.291004949439 )
( Sucursal  53,  524, Cliente  4, 6988.4153821156215 )
( Sucursal  53,  525, Cliente  5, 14719.13899264936 )
( Sucursal  53,  526, Cliente  6, 6668.745209746877 )
( Sucursal  53,  527, Cliente  7, 24871.610401705442 )
( Sucursal  53,  528, Cliente  8, 10299.940817843355 )
( Sucursal  53,  529, Cliente  9, 23338.8784235417 )
( Sucursal  53,  530, Cliente 10, 26940.922880520946 )
( Sucursal  54,  531, Cliente  1, 29964.772241636576 )
( Sucursal  54,  532, Cliente  2, 4846.483560475516 )
( Sucursal  54,  533, Cliente  3, 16724.727090601347 )
( Sucursal  54,  534, Cliente  4, 14296.628577569167 )
( Sucursal  54,  535, Cliente  5, 26924.95467414696 )
( Sucursal  54,  536, Cliente  6, 1279.374229381364 )
( Sucursal  54,  537, Cliente  7, 16843.40552815102 )
( Sucursal  54,  538, Cliente  8, 29468.003213398784 )
( Sucursal  54,  539, Cliente  9, 11124.606908830321 )
( Sucursal  54,  540, Cliente 10, 4264.011867866411 )
( Sucursal  55,  541, Cliente  1, 24506.182147953692 )
( Sucursal  55,  542, Cliente  2, 138.82497320354514 )
( Sucursal  55,  543, Cliente  3, 3604.038957408765 )
( Sucursal  55,  544, Cliente  4, 20500.26767210112 )
( Sucursal  55,  545, Cliente  5, 27901.245403878238 )
( Sucursal  55,  546, Cliente  6, 2513.652558973403 )
( Sucursal  55,  547, Cliente  7, 682.7753904037352 )
( Sucursal  55,  548, Cliente  8, 24795.68766543873 )
( Sucursal  55,  549, Cliente  9, 20176.571316353937 )
( Sucursal  55,  550, Cliente 10, 24335.55023101743 )
( Sucursal  56,  551, Cliente  1, 19635.437867344415 )
( Sucursal  56,  552, Cliente  2, 18887.45859183705 )
( Sucursal  56,  553, Cliente  3, 4207.180756509594 )
( Sucursal  56,  554, Cliente  4, 19804.811793885972 )
( Sucursal  56,  555, Cliente  5, 17043.620228634518 )
( Sucursal  56,  556, Cliente  6, 23988.25426214972 )
( Sucursal  56,  557, Cliente  7, 24263.085458269983 )
( Sucursal  56,  558, Cliente  8, 13000.988808807937 )
( Sucursal  56,  559, Cliente  9, 17451.06188832538 )
( Sucursal  56,  560, Cliente 10, 14966.380828957053 )
( Sucursal  57,  561, Cliente  1, 16592.283251811146 )
( Sucursal  57,  562, Cliente  2, 26178.774507126313 )
( Sucursal  57,  563, Cliente  3, 10110.230635449887 )
( Sucursal  57,  564, Cliente  4, 13053.627502959107 )
( Sucursal  57,  565, Cliente  5, 29573.273473690428 )
( Sucursal  57,  566, Cliente  6, 14981.194477302832 )
( Sucursal  57,  567, Cliente  7, 11073.633945979942 )
( Sucursal  57,  568, Cliente  8, 27589.361533177136 )
( Sucursal  57,  569, Cliente  9, 19411.370136355134 )
( Sucursal  57,  570, Cliente 10, 6775.440477714806 )
( Sucursal  58,  571, Cliente  1, 7089.703427131364 )
( Sucursal  58,  572, Cliente  2, 9791.426268988664 )
( Sucursal  58,  573, Cliente  3, 2653.3509049977542 )
( Sucursal  58,  574, Cliente  4, 21762.844244969256 )
( Sucursal  58,  575, Cliente  5, 17665.645656870845 )
( Sucursal  58,  576, Cliente  6, 17664.59301399812 )
( Sucursal  58,  577, Cliente  7, 11458.707153921583 )
( Sucursal  58,  578, Cliente  8, 22883.181791193903 )
( Sucursal  58,  579, Cliente  9, 19613.725531168417 )
( Sucursal  58,  580, Cliente 10, 2207.75329601866 )
( Sucursal  59,  581, Cliente  1, 15092.565496550433 )
( Sucursal  59,  582, Cliente  2, 26683.510764054132 )
( Sucursal  59,  583, Cliente  3, 7643.9156872631365 )
( Sucursal  59,  584, Cliente  4, 1121.8749488999124 )
( Sucursal  59,  585, Cliente  5, 20540.61905413466 )
( Sucursal  59,  586, Cliente  6, 1960.6819464619423 )
( Sucursal  59,  587, Cliente  7, 11764.475553106508 )
( Sucursal  59,  588, Cliente  8, 14050.422185709784 )
( Sucursal  59,  589, Cliente  9, 6291.348932469033 )
( Sucursal  59,  590, Cliente 10, 20349.489961744115 )
( Sucursal  60,  591, Cliente  1, 12234.017863431725 )
( Sucursal  60,  592, Cliente  2, 24414.80768155652 )
( Sucursal  60,  593, Cliente  3, 122.00885364752739 )
( Sucursal  60,  594, Cliente  4, 14049.043712599703 )
( Sucursal  60,  595, Cliente  5, 26766.78621042614 )
( Sucursal  60,  596, Cliente  6, 12148.766793146693 )
( Sucursal  60,  597, Cliente  7, 2412.5470085661136 )
( Sucursal  60,  598, Cliente  8, 15350.15515734348 )
( Sucursal  60,  599, Cliente  9, 26503.80480731259 )
( Sucursal  60,  600, Cliente 10, 340.24205716474154 )
( Sucursal  61,  601, Cliente  1, 3044.35182484865 )
( Sucursal  61,  602, Cliente  2, 10128.22586444567 )
( Sucursal  61,  603, Cliente  3, 9471.267571843548 )
( Sucursal  61,  604, Cliente  4, 933.3246323319205 )
( Sucursal  61,  605, Cliente  5, 9077.754565816205 )
( Sucursal  61,  606, Cliente  6, 21429.36883993707 )
( Sucursal  61,  607, Cliente  7, 11203.593626063022 )
( Sucursal  61,  608, Cliente  8, 7442.951601102011 )
( Sucursal  61,  609, Cliente  9, 18068.070496270342 )
( Sucursal  61,  610, Cliente 10, 8787.198096042295 )
( Sucursal  62,  611, Cliente  1, 5451.038478490288 )
( Sucursal  62,  612, Cliente  2, 29073.22892378855 )
( Sucursal  62,  613, Cliente  3, 28770.541426331234 )
( Sucursal  62,  614, Cliente  4, 19352.03116462567 )
( Sucursal  62,  615, Cliente  5, 5209.738315450642 )
( Sucursal  62,  616, Cliente  6, 19215.65008737596 )
( Sucursal  62,  617, Cliente  7, 28590.742159178604 )
( Sucursal  62,  618, Cliente  8, 20718.184265666565 )
( Sucursal  62,  619, Cliente  9, 19681.65784261984 )
( Sucursal  62,  620, Cliente 10, 20047.90872308946 )
( Sucursal  63,  621, Cliente  1, 3570.302119765756 )
( Sucursal  63,  622, Cliente  2, 19079.581861307037 )
( Sucursal  63,  623, Cliente  3, 9036.256965074444 )
( Sucursal  63,  624, Cliente  4, 10219.203149265253 )
( Sucursal  63,  625, Cliente  5, 23150.96499166288 )
( Sucursal  63,  626, Cliente  6, 24640.875919931874 )
( Sucursal  63,  627, Cliente  7, 21273.00208641415 )
( Sucursal  63,  628, Cliente  8, 3758.0284128190096 )
( Sucursal  63,  629, Cliente  9, 29526.4163094479 )
( Sucursal  63,  630, Cliente 10, 26238.04775792293 )
( Sucursal  64,  631, Cliente  1, 24968.73820256073 )
( Sucursal  64,  632, Cliente  2, 18295.46923133986 )
( Sucursal  64,  633, Cliente  3, 23709.41892310354 )
( Sucursal  64,  634, Cliente  4, 16731.689592326824 )
( Sucursal  64,  635, Cliente  5, 20085.591778156686 )
( Sucursal  64,  636, Cliente  6, 18129.360427364296 )
( Sucursal  64,  637, Cliente  7, 433.54758229322397 )
( Sucursal  64,  638, Cliente  8, 17442.755508244132 )
( Sucursal  64,  639, Cliente  9, 18937.29385085306 )
( Sucursal  64,  640, Cliente 10, 18625.715639161634 )
( Sucursal  65,  641, Cliente  1, 25770.24980088084 )
( Sucursal  65,  642, Cliente  2, 13605.254056437816 )
( Sucursal  65,  643, Cliente  3, 28936.604148941147 )
( Sucursal  65,  644, Cliente  4, 3659.430290230918 )
( Sucursal  65,  645, Cliente  5, 28987.869516788865 )
( Sucursal  65,  646, Cliente  6, 2618.3801167612683 )
( Sucursal  65,  647, Cliente  7, 25229.48334962323 )
( Sucursal  65,  648, Cliente  8, 11073.5371886642 )
( Sucursal  65,  649, Cliente  9, 20986.419888284832 )
( Sucursal  65,  650, Cliente 10, 15972.884766512465 )
( Sucursal  66,  651, Cliente  1, 1681.3747699592911 )
( Sucursal  66,  652, Cliente  2, 21331.923154966815 )
( Sucursal  66,  653, Cliente  3, 10719.150480311395 )
( Sucursal  66,  654, Cliente  4, 20723.37447008897 )
( Sucursal  66,  655, Cliente  5, 24607.277137699224 )
( Sucursal  66,  656, Cliente  6, 12111.93858311437 )
( Sucursal  66,  657, Cliente  7, 11262.446794962038 )
( Sucursal  66,  658, Cliente  8, 7379.151938302151 )
( Sucursal  66,  659, Cliente  9, 24334.92841518949 )
( Sucursal  66,  660, Cliente 10, 25476.79293438076 )
( Sucursal  67,  661, Cliente  1, 22535.380055091176 )
( Sucursal  67,  662, Cliente  2, 12464.739551386405 )
( Sucursal  67,  663, Cliente  3, 11282.882542545653 )
( Sucursal  67,  664, Cliente  4, 8916.590420284487 )
( Sucursal  67,  665, Cliente  5, 20544.876764957036 )
( Sucursal  67,  666, Cliente  6, 10091.590814544472 )
( Sucursal  67,  667, Cliente  7, 27252.842612306205 )
( Sucursal  67,  668, Cliente  8, 15360.960758593848 )
( Sucursal  67,  669, Cliente  9, 25926.971885739258 )
( Sucursal  67,  670, Cliente 10, 29374.470076690737 )
( Sucursal  68,  671, Cliente  1, 13870.203606452502 )
( Sucursal  68,  672, Cliente  2, 483.63354712450234 )
( Sucursal  68,  673, Cliente  3, 28264.2137553543 )
( Sucursal  68,  674, Cliente  4, 18389.553661942104 )
( Sucursal  68,  675, Cliente  5, 28100.683683855284 )
( Sucursal  68,  676, Cliente  6, 21342.05075269228 )
( Sucursal  68,  677, Cliente  7, 13506.125179319002 )
( Sucursal  68,  678, Cliente  8, 20169.555947911816 )
( Sucursal  68,  679, Cliente  9, 22307.451489385876 )
( Sucursal  68,  680, Cliente 10, 18900.73876846452 )
( Sucursal  69,  681, Cliente  1, 24972.547780033394 )
( Sucursal  69,  682, Cliente  2, 25681.163405617197 )
( Sucursal  69,  683, Cliente  3, 9178.012320987107 )
( Sucursal  69,  684, Cliente  4, 16805.341186223457 )
( Sucursal  69,  685, Cliente  5, 10797.28254697731 )
( Sucursal  69,  686, Cliente  6, 27524.36200865887 )
( Sucursal  69,  687, Cliente  7, 19426.38467534555 )
( Sucursal  69,  688, Cliente  8, 1474.687493186454 )
( Sucursal  69,  689, Cliente  9, 9488.507293195178 )
( Sucursal  69,  690, Cliente 10, 10545.264215138046 )
( Sucursal  70,  691, Cliente  1, 5267.507625642579 )
( Sucursal  70,  692, Cliente  2, 4082.278762526844 )
( Sucursal  70,  693, Cliente  3, 10482.959512035904 )
( Sucursal  70,  694, Cliente  4, 21226.964492656138 )
( Sucursal  70,  695, Cliente  5, 24312.79138942347 )
( Sucursal  70,  696, Cliente  6, 19806.49257712124 )
( Sucursal  70,  697, Cliente  7, 23441.682428824683 )
( Sucursal  70,  698, Cliente  8, 23375.827388659345 )
( Sucursal  70,  699, Cliente  9, 28835.70510404615 )
( Sucursal  70,  700, Cliente 10, 21713.845907313567 )
( Sucursal  71,  701, Cliente  1, 13486.189388531944 )
( Sucursal  71,  702, Cliente  2, 6494.3699925706205 )
( Sucursal  71,  703, Cliente  3, 2276.789665201653 )
( Sucursal  71,  704, Cliente  4, 3952.6198222431694 )
( Sucursal  71,  705, Cliente  5, 27577.832063576327 )
( Sucursal  71,  706, Cliente  6, 14471.20495317396 )
( Sucursal  71,  707, Cliente  7, 5097.790641319131 )
( Sucursal  71,  708, Cliente  8, 7300.8165717606435 )
( Sucursal  71,  709, Cliente  9, 29839.36041454626 )
( Sucursal  71,  710, Cliente 10, 7175.702690644295 )
( Sucursal  72,  711, Cliente  1, 12036.868385748445 )
( Sucursal  72,  712, Cliente  2, 20924.427831979938 )
( Sucursal  72,  713, Cliente  3, 29673.333771972673 )
( Sucursal  72,  714, Cliente  4, 8704.999352374905 )
( Sucursal  72,  715, Cliente  5, 16536.453291702906 )
( Sucursal  72,  716, Cliente  6, 25769.495087847125 )
( Sucursal  72,  717, Cliente  7, 19366.777482690104 )
( Sucursal  72,  718, Cliente  8, 9457.172980674659 )
( Sucursal  72,  719, Cliente  9, 11377.536940662552 )
( Sucursal  72,  720, Cliente 10, 21409.88868720149 )
( Sucursal  73,  721, Cliente  1, 14265.083626428084 )
( Sucursal  73,  722, Cliente  2, 13465.834734043749 )
( Sucursal  73,  723, Cliente  3, 27717.13423589184 )
( Sucursal  73,  724, Cliente  4, 4929.072922867651 )
( Sucursal  73,  725, Cliente  5, 28788.839832582722 )
( Sucursal  73,  726, Cliente  6, 18959.017901049312 )
( Sucursal  73,  727, Cliente  7, 5840.799916341924 )
( Sucursal  73,  728, Cliente  8, 9317.6055832684 )
( Sucursal  73,  729, Cliente  9, 9292.805133765289 )
( Sucursal  73,  730, Cliente 10, 10847.69308459694 )
( Sucursal  74,  731, Cliente  1, 2951.9785271716023 )
( Sucursal  74,  732, Cliente  2, 11409.698093627487 )
( Sucursal  74,  733, Cliente  3, 11915.261478269815 )
( Sucursal  74,  734, Cliente  4, 2881.932968906655 )
( Sucursal  74,  735, Cliente  5, 6562.244289064951 )
( Sucursal  74,  736, Cliente  6, 11486.491452140717 )
( Sucursal  74,  737, Cliente  7, 4313.276711281337 )
( Sucursal  74,  738, Cliente  8, 3839.81342098572 )
( Sucursal  74,  739, Cliente  9, 21213.527646193237 )
( Sucursal  74,  740, Cliente 10, 14503.494983353326 )
( Sucursal  75,  741, Cliente  1, 23093.918829333557 )
( Sucursal  75,  742, Cliente  2, 4645.878037939254 )
( Sucursal  75,  743, Cliente  3, 18352.636602030405 )
( Sucursal  75,  744, Cliente  4, 9795.228051580441 )
( Sucursal  75,  745, Cliente  5, 10532.536771254125 )
( Sucursal  75,  746, Cliente  6, 4038.506371516384 )
( Sucursal  75,  747, Cliente  7, 174.35079778227902 )
( Sucursal  75,  748, Cliente  8, 6544.321970188599 )
( Sucursal  75,  749, Cliente  9, 16427.660966940522 )
( Sucursal  75,  750, Cliente 10, 8324.876547135087 )
( Sucursal  76,  751, Cliente  1, 17495.72628423995 )
( Sucursal  76,  752, Cliente  2, 5380.760411598527 )
( Sucursal  76,  753, Cliente  3, 22166.46891086422 )
( Sucursal  76,  754, Cliente  4, 5381.389707421913 )
( Sucursal  76,  755, Cliente  5, 24151.56254901693 )
( Sucursal  76,  756, Cliente  6, 10410.212407496496 )
( Sucursal  76,  757, Cliente  7, 15677.166365247736 )
( Sucursal  76,  758, Cliente  8, 4773.997689055094 )
( Sucursal  76,  759, Cliente  9, 5810.453260700216 )
( Sucursal  76,  760, Cliente 10, 3442.452135154009 )
( Sucursal  77,  761, Cliente  1, 4922.53719248787 )
( Sucursal  77,  762, Cliente  2, 25780.292478438372 )
( Sucursal  77,  763, Cliente  3, 5764.723628090518 )
( Sucursal  77,  764, Cliente  4, 20517.782132079814 )
( Sucursal  77,  765, Cliente  5, 21914.87906886808 )
( Sucursal  77,  766, Cliente  6, 1205.4339588604057 )
( Sucursal  77,  767, Cliente  7, 25696.748214639134 )
( Sucursal  77,  768, Cliente  8, 13589.65755714029 )
( Sucursal  77,  769, Cliente  9, 14969.968887468842 )
( Sucursal  77,  770, Cliente 10, 6998.231754779254 )
( Sucursal  78,  771, Cliente  1, 19942.9660226641 )
( Sucursal  78,  772, Cliente  2, 20854.85059997859 )
( Sucursal  78,  773, Cliente  3, 20190.005220716477 )
( Sucursal  78,  774, Cliente  4, 22451.767399893764 )
( Sucursal  78,  775, Cliente  5, 28359.237686153858 )
( Sucursal  78,  776, Cliente  6, 18662.636926996678 )
( Sucursal  78,  777, Cliente  7, 21030.049098904172 )
( Sucursal  78,  778, Cliente  8, 28404.216980396537 )
( Sucursal  78,  779, Cliente  9, 25139.54699441351 )
( Sucursal  78,  780, Cliente 10, 21768.45592985577 )
( Sucursal  79,  781, Cliente  1, 5430.708520358802 )
( Sucursal  79,  782, Cliente  2, 10126.636338698143 )
( Sucursal  79,  783, Cliente  3, 3188.526996383683 )
( Sucursal  79,  784, Cliente  4, 21934.862376237463 )
( Sucursal  79,  785, Cliente  5, 26313.737780384483 )
( Sucursal  79,  786, Cliente  6, 11988.982598269235 )
( Sucursal  79,  787, Cliente  7, 26333.966242395032 )
( Sucursal  79,  788, Cliente  8, 4899.416077499088 )
( Sucursal  79,  789, Cliente  9, 15085.982611086192 )
( Sucursal  79,  790, Cliente 10, 11777.793920285472 )
( Sucursal  80,  791, Cliente  1, 6339.283206582639 )
( Sucursal  80,  792, Cliente  2, 20974.54818787209 )
( Sucursal  80,  793, Cliente  3, 18087.357749069044 )
( Sucursal  80,  794, Cliente  4, 17138.296155419142 )
( Sucursal  80,  795, Cliente  5, 7642.157292461971 )
( Sucursal  80,  796, Cliente  6, 2036.3130797969116 )
( Sucursal  80,  797, Cliente  7, 13981.841871935496 )
( Sucursal  80,  798, Cliente  8, 13081.674469298327 )
( Sucursal  80,  799, Cliente  9, 3124.888650640077 )
( Sucursal  80,  800, Cliente 10, 3123.1564706610925 )
( Sucursal  81,  801, Cliente  1, 27637.27869053012 )
( Sucursal  81,  802, Cliente  2, 18491.256137781107 )
( Sucursal  81,  803, Cliente  3, 16351.382667042957 )
( Sucursal  81,  804, Cliente  4, 2926.151923385655 )
( Sucursal  81,  805, Cliente  5, 22552.403043457707 )
( Sucursal  81,  806, Cliente  6, 29428.950745134778 )
( Sucursal  81,  807, Cliente  7, 14434.984354325068 )
( Sucursal  81,  808, Cliente  8, 5222.601284670372 )
( Sucursal  81,  809, Cliente  9, 22768.237956557747 )
( Sucursal  81,  810, Cliente 10, 11225.118945438613 )
( Sucursal  82,  811, Cliente  1, 10256.045471952051 )
( Sucursal  82,  812, Cliente  2, 22466.67298131811 )
( Sucursal  82,  813, Cliente  3, 19964.202950661347 )
( Sucursal  82,  814, Cliente  4, 4304.111706065844 )
( Sucursal  82,  815, Cliente  5, 18336.378112562754 )
( Sucursal  82,  816, Cliente  6, 18592.608336042907 )
( Sucursal  82,  817, Cliente  7, 20258.318475046115 )
( Sucursal  82,  818, Cliente  8, 9857.564580038495 )
( Sucursal  82,  819, Cliente  9, 14564.345840657274 )
( Sucursal  82,  820, Cliente 10, 7367.266231297774 )
( Sucursal  83,  821, Cliente  1, 28244.627648031405 )
( Sucursal  83,  822, Cliente  2, 26156.43204324376 )
( Sucursal  83,  823, Cliente  3, 22312.1340874733 )
( Sucursal  83,  824, Cliente  4, 6144.454846888248 )
( Sucursal  83,  825, Cliente  5, 5852.54217252218 )
( Sucursal  83,  826, Cliente  6, 22442.654044282175 )
( Sucursal  83,  827, Cliente  7, 5898.099550991158 )
( Sucursal  83,  828, Cliente  8, 17355.576223785913 )
( Sucursal  83,  829, Cliente  9, 13584.890898415284 )
( Sucursal  83,  830, Cliente 10, 7507.2610946391105 )
( Sucursal  84,  831, Cliente  1, 11454.41936681215 )
( Sucursal  84,  832, Cliente  2, 6986.445158771078 )
( Sucursal  84,  833, Cliente  3, 4367.175836870584 )
( Sucursal  84,  834, Cliente  4, 29710.675327028017 )
( Sucursal  84,  835, Cliente  5, 24804.7416853091 )
( Sucursal  84,  836, Cliente  6, 17159.82885971047 )
( Sucursal  84,  837, Cliente  7, 25878.741097882637 )
( Sucursal  84,  838, Cliente  8, 10754.519999174514 )
( Sucursal  84,  839, Cliente  9, 23612.62323165799 )
( Sucursal  84,  840, Cliente 10, 12345.64556181511 )
( Sucursal  85,  841, Cliente  1, 22039.427202399722 )
( Sucursal  85,  842, Cliente  2, 6177.237879983875 )
( Sucursal  85,  843, Cliente  3, 9055.331089641368 )
( Sucursal  85,  844, Cliente  4, 28300.284317684876 )
( Sucursal  85,  845, Cliente  5, 18313.43790000296 )
( Sucursal  85,  846, Cliente  6, 20562.414428401393 )
( Sucursal  85,  847, Cliente  7, 11961.427914639655 )
( Sucursal  85,  848, Cliente  8, 21719.931011804732 )
( Sucursal  85,  849, Cliente  9, 9340.7208331676 )
( Sucursal  85,  850, Cliente 10, 27722.10911787191 )
( Sucursal  86,  851, Cliente  1, 13600.887636694524 )
( Sucursal  86,  852, Cliente  2, 21770.741621045163 )
( Sucursal  86,  853, Cliente  3, 22229.276092209875 )
( Sucursal  86,  854, Cliente  4, 3440.3604442839805 )
( Sucursal  86,  855, Cliente  5, 145.44236478852577 )
( Sucursal  86,  856, Cliente  6, 7935.775915597071 )
( Sucursal  86,  857, Cliente  7, 29847.523789523297 )
( Sucursal  86,  858, Cliente  8, 9303.252179714395 )
( Sucursal  86,  859, Cliente  9, 25405.168914398142 )
( Sucursal  86,  860, Cliente 10, 16587.79584296085 )
( Sucursal  87,  861, Cliente  1, 14412.086616077844 )
( Sucursal  87,  862, Cliente  2, 26168.635498750395 )
( Sucursal  87,  863, Cliente  3, 26011.778468638237 )
( Sucursal  87,  864, Cliente  4, 5671.934741145137 )
( Sucursal  87,  865, Cliente  5, 20922.626025383997 )
( Sucursal  87,  866, Cliente  6, 29274.865389204253 )
( Sucursal  87,  867, Cliente  7, 24075.928369809884 )
( Sucursal  87,  868, Cliente  8, 19443.87900934892 )
( Sucursal  87,  869, Cliente  9, 17482.311665764304 )
( Sucursal  87,  870, Cliente 10, 2899.2434352786513 )
( Sucursal  88,  871, Cliente  1, 5329.686367525307 )
( Sucursal  88,  872, Cliente  2, 7273.5430730069775 )
( Sucursal  88,  873, Cliente  3, 4564.338149567925 )
( Sucursal  88,  874, Cliente  4, 21509.575300173616 )
( Sucursal  88,  875, Cliente  5, 19773.242148490583 )
( Sucursal  88,  876, Cliente  6, 16286.683692854738 )
( Sucursal  88,  877, Cliente  7, 24700.174622592996 )
( Sucursal  88,  878, Cliente  8, 23663.20974093716 )
( Sucursal  88,  879, Cliente  9, 13178.72096907702 )
( Sucursal  88,  880, Cliente 10, 14969.494003491453 )
( Sucursal  89,  881, Cliente  1, 29524.405038175097 )
( Sucursal  89,  882, Cliente  2, 16048.083987901013 )
( Sucursal  89,  883, Cliente  3, 16652.870050729663 )
( Sucursal  89,  884, Cliente  4, 24818.498798191544 )
( Sucursal  89,  885, Cliente  5, 5794.830398413176 )
( Sucursal  89,  886, Cliente  6, 11846.296131924479 )
( Sucursal  89,  887, Cliente  7, 23032.66141670743 )
( Sucursal  89,  888, Cliente  8, 8069.112237572864 )
( Sucursal  89,  889, Cliente  9, 388.00572852537147 )
( Sucursal  89,  890, Cliente 10, 23432.726705030276 )
( Sucursal  90,  891, Cliente  1, 7080.728265328701 )
( Sucursal  90,  892, Cliente  2, 15079.956754879133 )
( Sucursal  90,  893, Cliente  3, 18695.740782831203 )
( Sucursal  90,  894, Cliente  4, 7221.251389358285 )
( Sucursal  90,  895, Cliente  5, 4878.752719008881 )
( Sucursal  90,  896, Cliente  6, 9797.681024501948 )
( Sucursal  90,  897, Cliente  7, 5293.34142329802 )
( Sucursal  90,  898, Cliente  8, 10883.539894511263 )
( Sucursal  90,  899, Cliente  9, 19627.93061402718 )
( Sucursal  90,  900, Cliente 10, 21068.024959325743 )
( Sucursal  91,  901, Cliente  1, 11010.640539811406 )
( Sucursal  91,  902, Cliente  2, 16452.482850044944 )
( Sucursal  91,  903, Cliente  3, 5461.193307851463 )
( Sucursal  91,  904, Cliente  4, 27297.14496257584 )
( Sucursal  91,  905, Cliente  5, 27208.672455978707 )
( Sucursal  91,  906, Cliente  6, 7342.189663361021 )
( Sucursal  91,  907, Cliente  7, 12126.190002218533 )
( Sucursal  91,  908, Cliente  8, 26298.238677302485 )
( Sucursal  91,  909, Cliente  9, 8891.844418163439 )
( Sucursal  91,  910, Cliente 10, 24997.17192950771 )
( Sucursal  92,  911, Cliente  1, 20616.538840961955 )
( Sucursal  92,  912, Cliente  2, 4600.654706059319 )
( Sucursal  92,  913, Cliente  3, 24201.808942356864 )
( Sucursal  92,  914, Cliente  4, 23077.07207127389 )
( Sucursal  92,  915, Cliente  5, 6550.52544742218 )
( Sucursal  92,  916, Cliente  6, 21012.502679333385 )
( Sucursal  92,  917, Cliente  7, 22980.16728194111 )
( Sucursal  92,  918, Cliente  8, 24287.01340369146 )
( Sucursal  92,  919, Cliente  9, 15354.640002820188 )
( Sucursal  92,  920, Cliente 10, 25566.560358011233 )
( Sucursal  93,  921, Cliente  1, 26085.2233208147 )
( Sucursal  93,  922, Cliente  2, 15228.820411831572 )
( Sucursal  93,  923, Cliente  3, 2853.9799705462547 )
( Sucursal  93,  924, Cliente  4, 8296.371072776134 )
( Sucursal  93,  925, Cliente  5, 25211.296609205172 )
( Sucursal  93,  926, Cliente  6, 5251.7047227208905 )
( Sucursal  93,  927, Cliente  7, 6304.891080172511 )
( Sucursal  93,  928, Cliente  8, 24512.821582999964 )
( Sucursal  93,  929, Cliente  9, 21897.479926747208 )
( Sucursal  93,  930, Cliente 10, 18548.244875281853 )
( Sucursal  94,  931, Cliente  1, 23670.37623092986 )
( Sucursal  94,  932, Cliente  2, 12950.221241498246 )
( Sucursal  94,  933, Cliente  3, 28838.001817900804 )
( Sucursal  94,  934, Cliente  4, 26223.46040481652 )
( Sucursal  94,  935, Cliente  5, 9020.30461545518 )
( Sucursal  94,  936, Cliente  6, 4002.754812848448 )
( Sucursal  94,  937, Cliente  7, 18168.850472184888 )
( Sucursal  94,  938, Cliente  8, 29843.035983431007 )
( Sucursal  94,  939, Cliente  9, 21363.730116247207 )
( Sucursal  94,  940, Cliente 10, 4930.935589683504 )
( Sucursal  95,  941, Cliente  1, 12490.70875123754 )
( Sucursal  95,  942, Cliente  2, 22227.987808702877 )
( Sucursal  95,  943, Cliente  3, 18914.290028311447 )
( Sucursal  95,  944, Cliente  4, 2572.7782277571605 )
( Sucursal  95,  945, Cliente  5, 27481.52282868412 )
( Sucursal  95,  946, Cliente  6, 19540.344932892862 )
( Sucursal  95,  947, Cliente  7, 14290.647163270913 )
( Sucursal  95,  948, Cliente  8, 15463.010787879519 )
( Sucursal  95,  949, Cliente  9, 4685.525340760158 )
( Sucursal  95,  950, Cliente 10, 16862.285297672857 )
( Sucursal  96,  951, Cliente  1, 22676.54994905738 )
( Sucursal  96,  952, Cliente  2, 19487.16129655903 )
( Sucursal  96,  953, Cliente  3, 23415.35527629474 )
( Sucursal  96,  954, Cliente  4, 2738.4934010384045 )
( Sucursal  96,  955, Cliente  5, 19301.013332280505 )
( Sucursal  96,  956, Cliente  6, 13778.798192863884 )
( Sucursal  96,  957, Cliente  7, 24751.356804455692 )
( Sucursal  96,  958, Cliente  8, 106.6100097073582 )
( Sucursal  96,  959, Cliente  9, 14589.069703735078 )
( Sucursal  96,  960, Cliente 10, 21378.163395575477 )
( Sucursal  97,  961, Cliente  1, 25047.69275051979 )
( Sucursal  97,  962, Cliente  2, 19894.40924262668 )
( Sucursal  97,  963, Cliente  3, 12790.612362748801 )
( Sucursal  97,  964, Cliente  4, 16940.70961993374 )
( Sucursal  97,  965, Cliente  5, 2231.286373127755 )
( Sucursal  97,  966, Cliente  6, 28618.873796269014 )
( Sucursal  97,  967, Cliente  7, 29538.920600690046 )
( Sucursal  97,  968, Cliente  8, 13602.054254887233 )
( Sucursal  97,  969, Cliente  9, 3241.2983639610507 )
( Sucursal  97,  970, Cliente 10, 4370.945755327935 )
( Sucursal  98,  971, Cliente  1, 10591.4836836373 )
( Sucursal  98,  972, Cliente  2, 15655.374985380317 )
( Sucursal  98,  973, Cliente  3, 13592.759234052724 )
( Sucursal  98,  974, Cliente  4, 6212.708974748359 )
( Sucursal  98,  975, Cliente  5, 2695.5473344442503 )
( Sucursal  98,  976, Cliente  6, 17113.69830094401 )
( Sucursal  98,  977, Cliente  7, 26044.009828483697 )
( Sucursal  98,  978, Cliente  8, 29853.586957094176 )
( Sucursal  98,  979, Cliente  9, 5653.746199851563 )
( Sucursal  98,  980, Cliente 10, 24079.302260461856 )
( Sucursal  99,  981, Cliente  1, 16432.85259123081 )
( Sucursal  99,  982, Cliente  2, 15023.775601014295 )
( Sucursal  99,  983, Cliente  3, 20810.36082513215 )
( Sucursal  99,  984, Cliente  4, 8441.705223730347 )
( Sucursal  99,  985, Cliente  5, 21477.88318844368 )
( Sucursal  99,  986, Cliente  6, 2892.3847464160935 )
( Sucursal  99,  987, Cliente  7, 18257.99858653521 )
( Sucursal  99,  988, Cliente  8, 979.316229679127 )
( Sucursal  99,  989, Cliente  9, 3074.8679718087856 )
( Sucursal  99,  990, Cliente 10, 12202.632971016561 )
( Sucursal 100,  991, Cliente  1, 12641.00747760177 )
( Sucursal 100,  992, Cliente  2, 7423.722822437391 )
( Sucursal 100,  993, Cliente  3, 8600.126139175767 )
( Sucursal 100,  994, Cliente  4, 26143.338631164253 )
( Sucursal 100,  995, Cliente  5, 12662.342576552484 )
( Sucursal 100,  996, Cliente  6, 24998.827608551066 )
( Sucursal 100,  997, Cliente  7, 7897.620880798151 )
( Sucursal 100,  998, Cliente  8, 16793.8610928324 )
( Sucursal 100,  999, Cliente  9, 26519.838183439464 )
( Sucursal 100, 1000, Cliente 10, 26426.978245063918 )
