Se crearon 10 clientes en la Sucursal   1
Vuelta: 0.02106561 segundos;	Tiempo: 0.021067993

Se crearon 10 clientes en la Sucursal   2
Vuelta: 0.01877284 segundos;	Tiempo: 0.043943021

Se crearon 10 clientes en la Sucursal   3
Vuelta: 0.019573157 segundos;	Tiempo: 0.063583173

Se crearon 10 clientes en la Sucursal   4
Vuelta: 0.018428862 segundos;	Tiempo: 0.082111197

Se crearon 10 clientes en la Sucursal   5
Vuelta: 0.014341499 segundos;	Tiempo: 0.096523535

Se crearon 10 clientes en la Sucursal   6
Vuelta: 0.017238389 segundos;	Tiempo: 0.113833955

Se crearon 10 clientes en la Sucursal   7
Vuelta: 0.022473382 segundos;	Tiempo: 0.136411935

Se crearon 10 clientes en la Sucursal   8
Vuelta: 0.023777846 segundos;	Tiempo: 0.160253939

Se crearon 10 clientes en la Sucursal   9
Vuelta: 0.033820074 segundos;	Tiempo: 0.194232306

Se crearon 10 clientes en la Sucursal  10
Vuelta: 0.023189382 segundos;	Tiempo: 0.217487999

Se crearon 10 clientes en la Sucursal  11
Vuelta: 0.031388734 segundos;	Tiempo: 0.24893381

Se crearon 10 clientes en la Sucursal  12
Vuelta: 0.036201047 segundos;	Tiempo: 0.285197587

Se crearon 10 clientes en la Sucursal  13
Vuelta: 0.029812763 segundos;	Tiempo: 0.315105656

Se crearon 10 clientes en la Sucursal  14
Vuelta: 0.035327985 segundos;	Tiempo: 0.350490975

Se crearon 10 clientes en la Sucursal  15
Vuelta: 0.03171627 segundos;	Tiempo: 0.382301676

Se crearon 10 clientes en la Sucursal  16
Vuelta: 0.039984105 segundos;	Tiempo: 0.422343606

Se crearon 10 clientes en la Sucursal  17
Vuelta: 0.03904002 segundos;	Tiempo: 0.461461593

Se crearon 10 clientes en la Sucursal  18
Vuelta: 0.039864324 segundos;	Tiempo: 0.501458717

Se crearon 10 clientes en la Sucursal  19
Vuelta: 0.048937962 segundos;	Tiempo: 0.550522313

Se crearon 10 clientes en la Sucursal  20
Vuelta: 0.046394652 segundos;	Tiempo: 0.597014724

Se crearon 10 clientes en la Sucursal  21
Vuelta: 0.045225153 segundos;	Tiempo: 0.642304966

Se crearon 10 clientes en la Sucursal  22
Vuelta: 0.049985716 segundos;	Tiempo: 0.692347783

Se crearon 10 clientes en la Sucursal  23
Vuelta: 0.039281269 segundos;	Tiempo: 0.731708786

Se crearon 10 clientes en la Sucursal  24
Vuelta: 0.053424017 segundos;	Tiempo: 0.785189381

Se crearon 10 clientes en la Sucursal  25
Vuelta: 0.047812492 segundos;	Tiempo: 0.833070127

Se crearon 10 clientes en la Sucursal  26
Vuelta: 0.051146885 segundos;	Tiempo: 0.884274266

Se crearon 10 clientes en la Sucursal  27
Vuelta: 0.071163052 segundos;	Tiempo: 0.955501888

Se crearon 10 clientes en la Sucursal  28
Vuelta: 0.057324517 segundos;	Tiempo: 1.012883457

Se crearon 10 clientes en la Sucursal  29
Vuelta: 0.059529182 segundos;	Tiempo: 1.072484437

Se crearon 10 clientes en la Sucursal  30
Vuelta: 0.067219236 segundos;	Tiempo: 1.139853853

Se crearon 10 clientes en la Sucursal  31
Vuelta: 0.066810747 segundos;	Tiempo: 1.206766358

Se crearon 10 clientes en la Sucursal  32
Vuelta: 0.059763207 segundos;	Tiempo: 1.26658645

Se crearon 10 clientes en la Sucursal  33
Vuelta: 0.063805276 segundos;	Tiempo: 1.332402361

Se crearon 10 clientes en la Sucursal  34
Vuelta: 0.076404831 segundos;	Tiempo: 1.408895654

Se crearon 10 clientes en la Sucursal  35
Vuelta: 0.072701653 segundos;	Tiempo: 1.481659034

Se crearon 10 clientes en la Sucursal  36
Vuelta: 0.074401744 segundos;	Tiempo: 1.556178185

Se crearon 10 clientes en la Sucursal  37
Vuelta: 0.078515954 segundos;	Tiempo: 1.634748357

Se crearon 10 clientes en la Sucursal  38
Vuelta: 0.072658627 segundos;	Tiempo: 1.707504909

Se crearon 10 clientes en la Sucursal  39
Vuelta: 0.080719748 segundos;	Tiempo: 1.788291047

Se crearon 10 clientes en la Sucursal  40
Vuelta: 0.078760893 segundos;	Tiempo: 1.867117367

Se crearon 10 clientes en la Sucursal  41
Vuelta: 0.078469173 segundos;	Tiempo: 1.945649657

Se crearon 10 clientes en la Sucursal  42
Vuelta: 0.078295467 segundos;	Tiempo: 2.024000558

Se crearon 10 clientes en la Sucursal  43
Vuelta: 0.085289186 segundos;	Tiempo: 2.109344224

Se crearon 10 clientes en la Sucursal  44
Vuelta: 0.084194825 segundos;	Tiempo: 2.193605349

Se crearon 10 clientes en la Sucursal  45
Vuelta: 0.094309818 segundos;	Tiempo: 2.287998275

Se crearon 10 clientes en la Sucursal  46
Vuelta: 0.086764029 segundos;	Tiempo: 2.374819298

Se crearon 10 clientes en la Sucursal  47
Vuelta: 0.089547188 segundos;	Tiempo: 2.464422905

Se crearon 10 clientes en la Sucursal  48
Vuelta: 0.093405142 segundos;	Tiempo: 2.557889466

Se crearon 10 clientes en la Sucursal  49
Vuelta: 0.088028763 segundos;	Tiempo: 2.646008892

Se crearon 10 clientes en la Sucursal  50
Vuelta: 0.09358439 segundos;	Tiempo: 2.73964835

Se crearon 10 clientes en la Sucursal  51
Vuelta: 0.100192736 segundos;	Tiempo: 2.839897303

Se crearon 10 clientes en la Sucursal  52
Vuelta: 0.103510805 segundos;	Tiempo: 2.94346901

Se crearon 10 clientes en la Sucursal  53
Vuelta: 0.102690808 segundos;	Tiempo: 3.046220842

Se crearon 10 clientes en la Sucursal  54
Vuelta: 0.099946321 segundos;	Tiempo: 3.146221927

Se crearon 10 clientes en la Sucursal  55
Vuelta: 0.105356236 segundos;	Tiempo: 3.251633156

Se crearon 10 clientes en la Sucursal  56
Vuelta: 0.106723405 segundos;	Tiempo: 3.358437178

Se crearon 10 clientes en la Sucursal  57
Vuelta: 0.112362705 segundos;	Tiempo: 3.47085461

Se crearon 10 clientes en la Sucursal  58
Vuelta: 0.110570127 segundos;	Tiempo: 3.581495133

Se crearon 10 clientes en la Sucursal  59
Vuelta: 0.109021517 segundos;	Tiempo: 3.690569565

Se crearon 10 clientes en la Sucursal  60
Vuelta: 0.126468051 segundos;	Tiempo: 3.817091916

Se crearon 10 clientes en la Sucursal  61
Vuelta: 0.111541527 segundos;	Tiempo: 3.928757189

Se crearon 10 clientes en la Sucursal  62
Vuelta: 0.125638207 segundos;	Tiempo: 4.054542751

Se crearon 10 clientes en la Sucursal  63
Vuelta: 0.12502252 segundos;	Tiempo: 4.179628725

Se crearon 10 clientes en la Sucursal  64
Vuelta: 0.112286272 segundos;	Tiempo: 4.291975982

Se crearon 10 clientes en la Sucursal  65
Vuelta: 0.133074036 segundos;	Tiempo: 4.425403418

Se crearon 10 clientes en la Sucursal  66
Vuelta: 0.142197862 segundos;	Tiempo: 4.567696048

Se crearon 10 clientes en la Sucursal  67
Vuelta: 0.125056176 segundos;	Tiempo: 4.692926006

Se crearon 10 clientes en la Sucursal  68
Vuelta: 0.143326662 segundos;	Tiempo: 4.836413172

Se crearon 10 clientes en la Sucursal  69
Vuelta: 0.12868196 segundos;	Tiempo: 4.96520466

Se crearon 10 clientes en la Sucursal  70
Vuelta: 0.135302011 segundos;	Tiempo: 5.100626183

Se crearon 10 clientes en la Sucursal  71
Vuelta: 0.139175806 segundos;	Tiempo: 5.239953032

Se crearon 10 clientes en la Sucursal  72
Vuelta: 0.12979723 segundos;	Tiempo: 5.36989743

Se crearon 10 clientes en la Sucursal  73
Vuelta: 0.152134241 segundos;	Tiempo: 5.522152767

Se crearon 10 clientes en la Sucursal  74
Vuelta: 0.13871233 segundos;	Tiempo: 5.661007831

Se crearon 10 clientes en la Sucursal  75
Vuelta: 0.141166334 segundos;	Tiempo: 5.802302656

Se crearon 10 clientes en la Sucursal  76
Vuelta: 0.136344588 segundos;	Tiempo: 5.938926588

Se crearon 10 clientes en la Sucursal  77
Vuelta: 0.15238924 segundos;	Tiempo: 6.09147402

Se crearon 10 clientes en la Sucursal  78
Vuelta: 0.148812363 segundos;	Tiempo: 6.240370695

Se crearon 10 clientes en la Sucursal  79
Vuelta: 0.149698109 segundos;	Tiempo: 6.390192642

Se crearon 10 clientes en la Sucursal  80
Vuelta: 0.143562651 segundos;	Tiempo: 6.533878165

Se crearon 10 clientes en la Sucursal  81
Vuelta: 0.167510095 segundos;	Tiempo: 6.701543849

Se crearon 10 clientes en la Sucursal  82
Vuelta: 0.158882508 segundos;	Tiempo: 6.860663033

Se crearon 10 clientes en la Sucursal  83
Vuelta: 0.157537403 segundos;	Tiempo: 7.018270168

Se crearon 10 clientes en la Sucursal  84
Vuelta: 0.157671288 segundos;	Tiempo: 7.176111542

Se crearon 10 clientes en la Sucursal  85
Vuelta: 0.167025069 segundos;	Tiempo: 7.34320967

Se crearon 10 clientes en la Sucursal  86
Vuelta: 0.176070126 segundos;	Tiempo: 7.519488563

Se crearon 10 clientes en la Sucursal  87
Vuelta: 0.168161992 segundos;	Tiempo: 7.687724382

Se crearon 10 clientes en la Sucursal  88
Vuelta: 0.172493727 segundos;	Tiempo: 7.860376609

Se crearon 10 clientes en la Sucursal  89
Vuelta: 0.175241402 segundos;	Tiempo: 8.035731534

Se crearon 10 clientes en la Sucursal  90
Vuelta: 0.173442123 segundos;	Tiempo: 8.209390269

Se crearon 10 clientes en la Sucursal  91
Vuelta: 0.193242557 segundos;	Tiempo: 8.402743067

Se crearon 10 clientes en la Sucursal  92
Vuelta: 0.178426557 segundos;	Tiempo: 8.581322831

Se crearon 10 clientes en la Sucursal  93
Vuelta: 0.173757716 segundos;	Tiempo: 8.755265159

Se crearon 10 clientes en la Sucursal  94
Vuelta: 0.188362452 segundos;	Tiempo: 8.943748535

Se crearon 10 clientes en la Sucursal  95
Vuelta: 0.183786102 segundos;	Tiempo: 9.127654571

Se crearon 10 clientes en la Sucursal  96
Vuelta: 0.194496375 segundos;	Tiempo: 9.322216779

Se crearon 10 clientes en la Sucursal  97
Vuelta: 0.186148608 segundos;	Tiempo: 9.508558227

Se crearon 10 clientes en la Sucursal  98
Vuelta: 0.193169992 segundos;	Tiempo: 9.701867716

Se crearon 10 clientes en la Sucursal  99
Vuelta: 0.192477751 segundos;	Tiempo: 9.894548412

Se crearon 10 clientes en la Sucursal 100
Vuelta: 0.189944044 segundos;	Tiempo: 10.084683599

Tiempo Total: 10.084683599 segundos

Numero de entradas: 10
( Sucursal   1,    0 )
( Sucursal  11,  100 )
( Sucursal  21,  200 )
( Sucursal  31,  300 )
( Sucursal  41,  400 )
( Sucursal  51,  500 )
( Sucursal  61,  600 )
( Sucursal  71,  700 )
( Sucursal  81,  800 )
( Sucursal  91,  900 )
Numero de registros: 1000
( Sucursal   1,    1, Cliente  1, 16866.11313030527 )
( Sucursal   1,    2, Cliente  2, 13389.219010495239 )
( Sucursal   1,    3, Cliente  3, 12003.901420792225 )
( Sucursal   1,    4, Cliente  4, 10476.803405627494 )
( Sucursal   1,    5, Cliente  5, 21119.834535966034 )
( Sucursal   1,    6, Cliente  6, 16106.125111641559 )
( Sucursal   1,    7, Cliente  7, 3776.2997620903566 )
( Sucursal   1,    8, Cliente  8, 15973.534031847668 )
( Sucursal   1,    9, Cliente  9, 20818.574352743348 )
( Sucursal   1,   10, Cliente 10, 23212.85019753077 )
( Sucursal   2,   11, Cliente  1, 7142.3926949910165 )
( Sucursal   2,   12, Cliente  2, 3203.5700105224932 )
( Sucursal   2,   13, Cliente  3, 2181.0676943477833 )
( Sucursal   2,   14, Cliente  4, 4476.442621714625 )
( Sucursal   2,   15, Cliente  5, 18538.009250354724 )
( Sucursal   2,   16, Cliente  6, 16272.590423931953 )
( Sucursal   2,   17, Cliente  7, 6885.0936460041 )
( Sucursal   2,   18, Cliente  8, 5909.979395365576 )
( Sucursal   2,   19, Cliente  9, 21324.368100322423 )
( Sucursal   2,   20, Cliente 10, 831.3593017671747 )
( Sucursal   3,   21, Cliente  1, 14503.28177968344 )
( Sucursal   3,   22, Cliente  2, 3269.6070894280138 )
( Sucursal   3,   23, Cliente  3, 25471.64171238667 )
( Sucursal   3,   24, Cliente  4, 24722.516538452594 )
( Sucursal   3,   25, Cliente  5, 28828.52898592708 )
( Sucursal   3,   26, Cliente  6, 6847.301197137147 )
( Sucursal   3,   27, Cliente  7, 6981.930155550246 )
( Sucursal   3,   28, Cliente  8, 17532.209979021103 )
( Sucursal   3,   29, Cliente  9, 3935.510901242947 )
( Sucursal   3,   30, Cliente 10, 13642.99929228574 )
( Sucursal   4,   31, Cliente  1, 722.2266037055101 )
( Sucursal   4,   32, Cliente  2, 25158.674353078255 )
( Sucursal   4,   33, Cliente  3, 2362.541439514673 )
( Sucursal   4,   34, Cliente  4, 6530.545838789024 )
( Sucursal   4,   35, Cliente  5, 28634.95449858063 )
( Sucursal   4,   36, Cliente  6, 28612.872837131083 )
( Sucursal   4,   37, Cliente  7, 12248.058772013881 )
( Sucursal   4,   38, Cliente  8, 15868.696131924637 )
( Sucursal   4,   39, Cliente  9, 17308.513004176268 )
( Sucursal   4,   40, Cliente 10, 22113.32975229829 )
( Sucursal   5,   41, Cliente  1, 19795.830655100926 )
( Sucursal   5,   42, Cliente  2, 4765.75536516117 )
( Sucursal   5,   43, Cliente  3, 29095.92443902863 )
( Sucursal   5,   44, Cliente  4, 5002.199789802439 )
( Sucursal   5,   45, Cliente  5, 22087.83414592064 )
( Sucursal   5,   46, Cliente  6, 1603.9594836771182 )
( Sucursal   5,   47, Cliente  7, 12646.357089565527 )
( Sucursal   5,   48, Cliente  8, 1176.6099566162084 )
( Sucursal   5,   49, Cliente  9, 21880.99566494235 )
( Sucursal   5,   50, Cliente 10, 717.7887947559763 )
( Sucursal   6,   51, Cliente  1, 28045.3965139485 )
( Sucursal   6,   52, Cliente  2, 25754.941678075524 )
( Sucursal   6,   53, Cliente  3, 26080.518692529167 )
( Sucursal   6,   54, Cliente  4, 3265.4699358491243 )
( Sucursal   6,   55, Cliente  5, 414.662151100029 )
( Sucursal   6,   56, Cliente  6, 28401.44525766143 )
( Sucursal   6,   57, Cliente  7, 1984.9554016122913 )
( Sucursal   6,   58, Cliente  8, 5871.525370329317 )
( Sucursal   6,   59, Cliente  9, 8850.281674235825 )
( Sucursal   6,   60, Cliente 10, 16909.36816190893 )
( Sucursal   7,   61, Cliente  1, 18854.37186522297 )
( Sucursal   7,   62, Cliente  2, 7095.2624826130095 )
( Sucursal   7,   63, Cliente  3, 1323.9281729083277 )
( Sucursal   7,   64, Cliente  4, 25877.21014643463 )
( Sucursal   7,   65, Cliente  5, 11534.63081756176 )
( Sucursal   7,   66, Cliente  6, 25072.208262634766 )
( Sucursal   7,   67, Cliente  7, 12797.456345129483 )
( Sucursal   7,   68, Cliente  8, 18038.284688954212 )
( Sucursal   7,   69, Cliente  9, 6943.4394601730755 )
( Sucursal   7,   70, Cliente 10, 2788.676692447471 )
( Sucursal   8,   71, Cliente  1, 21343.60204868245 )
( Sucursal   8,   72, Cliente  2, 23897.09561676566 )
( Sucursal   8,   73, Cliente  3, 20582.31342982463 )
( Sucursal   8,   74, Cliente  4, 8097.71363162529 )
( Sucursal   8,   75, Cliente  5, 10571.196676618078 )
( Sucursal   8,   76, Cliente  6, 1570.364962690816 )
( Sucursal   8,   77, Cliente  7, 19400.686239242663 )
( Sucursal   8,   78, Cliente  8, 11421.372846603459 )
( Sucursal   8,   79, Cliente  9, 24711.794135736323 )
( Sucursal   8,   80, Cliente 10, 23185.817260688338 )
( Sucursal   9,   81, Cliente  1, 23716.92329311422 )
( Sucursal   9,   82, Cliente  2, 20895.471595285635 )
( Sucursal   9,   83, Cliente  3, 25296.048667740986 )
( Sucursal   9,   84, Cliente  4, 11668.669225692514 )
( Sucursal   9,   85, Cliente  5, 19724.912408067365 )
( Sucursal   9,   86, Cliente  6, 688.8299111806227 )
( Sucursal   9,   87, Cliente  7, 6029.051559467381 )
( Sucursal   9,   88, Cliente  8, 13457.603636090522 )
( Sucursal   9,   89, Cliente  9, 11606.88768381727 )
( Sucursal   9,   90, Cliente 10, 25974.525569837497 )
( Sucursal  10,   91, Cliente  1, 2222.1219111678106 )
( Sucursal  10,   92, Cliente  2, 21500.774131829476 )
( Sucursal  10,   93, Cliente  3, 15888.268307477369 )
( Sucursal  10,   94, Cliente  4, 22555.280178945726 )
( Sucursal  10,   95, Cliente  5, 4107.6515158529655 )
( Sucursal  10,   96, Cliente  6, 14335.757270617938 )
( Sucursal  10,   97, Cliente  7, 4046.9361464968592 )
( Sucursal  10,   98, Cliente  8, 14445.371457538367 )
( Sucursal  10,   99, Cliente  9, 4026.52922145023 )
( Sucursal  10,  100, Cliente 10, 21532.279844863842 )
( Sucursal  11,  101, Cliente  1, 14913.135797798876 )
( Sucursal  11,  102, Cliente  2, 18866.1886472885 )
( Sucursal  11,  103, Cliente  3, 27325.407435533107 )
( Sucursal  11,  104, Cliente  4, 12140.241470486646 )
( Sucursal  11,  105, Cliente  5, 18949.646081509207 )
( Sucursal  11,  106, Cliente  6, 13750.744655339138 )
( Sucursal  11,  107, Cliente  7, 2553.4476406042754 )
( Sucursal  11,  108, Cliente  8, 21733.821251127025 )
( Sucursal  11,  109, Cliente  9, 14133.0886892095 )
( Sucursal  11,  110, Cliente 10, 3778.7388745280923 )
( Sucursal  12,  111, Cliente  1, 17211.14435102953 )
( Sucursal  12,  112, Cliente  2, 2431.477946547235 )
( Sucursal  12,  113, Cliente  3, 8700.732520354324 )
( Sucursal  12,  114, Cliente  4, 10915.90059338123 )
( Sucursal  12,  115, Cliente  5, 10419.838456018328 )
( Sucursal  12,  116, Cliente  6, 16874.046918745218 )
( Sucursal  12,  117, Cliente  7, 19443.59824713999 )
( Sucursal  12,  118, Cliente  8, 23713.530484866824 )
( Sucursal  12,  119, Cliente  9, 14364.750365592801 )
( Sucursal  12,  120, Cliente 10, 26767.1166689983 )
( Sucursal  13,  121, Cliente  1, 12076.42228233984 )
( Sucursal  13,  122, Cliente  2, 18025.673039306937 )
( Sucursal  13,  123, Cliente  3, 17663.18679829725 )
( Sucursal  13,  124, Cliente  4, 1446.7924683244253 )
( Sucursal  13,  125, Cliente  5, 28522.095903120124 )
( Sucursal  13,  126, Cliente  6, 20620.248950320234 )
( Sucursal  13,  127, Cliente  7, 10576.046530287143 )
( Sucursal  13,  128, Cliente  8, 9901.85828477888 )
( Sucursal  13,  129, Cliente  9, 29881.40058975734 )
( Sucursal  13,  130, Cliente 10, 5800.533376903783 )
( Sucursal  14,  131, Cliente  1, 13399.006251227045 )
( Sucursal  14,  132, Cliente  2, 8653.422458072591 )
( Sucursal  14,  133, Cliente  3, 14173.962987267192 )
( Sucursal  14,  134, Cliente  4, 930.6148249115975 )
( Sucursal  14,  135, Cliente  5, 25002.885815010926 )
( Sucursal  14,  136, Cliente  6, 18451.785830723948 )
( Sucursal  14,  137, Cliente  7, 7058.370557927307 )
( Sucursal  14,  138, Cliente  8, 6730.442446692088 )
( Sucursal  14,  139, Cliente  9, 21123.771046461825 )
( Sucursal  14,  140, Cliente 10, 5833.449403346821 )
( Sucursal  15,  141, Cliente  1, 10237.35760782347 )
( Sucursal  15,  142, Cliente  2, 23029.07328223673 )
( Sucursal  15,  143, Cliente  3, 22825.432613912446 )
( Sucursal  15,  144, Cliente  4, 14688.598774792015 )
( Sucursal  15,  145, Cliente  5, 12489.410741213145 )
( Sucursal  15,  146, Cliente  6, 8986.630409702206 )
( Sucursal  15,  147, Cliente  7, 23972.91303237485 )
( Sucursal  15,  148, Cliente  8, 24422.514504114326 )
( Sucursal  15,  149, Cliente  9, 21247.144261181344 )
( Sucursal  15,  150, Cliente 10, 1956.4318000177923 )
( Sucursal  16,  151, Cliente  1, 19883.11809929769 )
( Sucursal  16,  152, Cliente  2, 10540.893420169557 )
( Sucursal  16,  153, Cliente  3, 27470.686522961783 )
( Sucursal  16,  154, Cliente  4, 17321.580404895612 )
( Sucursal  16,  155, Cliente  5, 22525.85467797182 )
( Sucursal  16,  156, Cliente  6, 12973.946051950525 )
( Sucursal  16,  157, Cliente  7, 22744.14810497448 )
( Sucursal  16,  158, Cliente  8, 25250.599936670078 )
( Sucursal  16,  159, Cliente  9, 6661.533335000714 )
( Sucursal  16,  160, Cliente 10, 9424.188719535756 )
( Sucursal  17,  161, Cliente  1, 17142.380703333394 )
( Sucursal  17,  162, Cliente  2, 6829.455248682455 )
( Sucursal  17,  163, Cliente  3, 26716.210177440953 )
( Sucursal  17,  164, Cliente  4, 15577.464718461535 )
( Sucursal  17,  165, Cliente  5, 27585.082769411405 )
( Sucursal  17,  166, Cliente  6, 27466.54773179697 )
( Sucursal  17,  167, Cliente  7, 20185.45702275114 )
( Sucursal  17,  168, Cliente  8, 28014.541311515477 )
( Sucursal  17,  169, Cliente  9, 9811.705533505725 )
( Sucursal  17,  170, Cliente 10, 11224.549853071527 )
( Sucursal  18,  171, Cliente  1, 184.62836678332877 )
( Sucursal  18,  172, Cliente  2, 29658.55592951438 )
( Sucursal  18,  173, Cliente  3, 21680.086337709243 )
( Sucursal  18,  174, Cliente  4, 10639.537789521199 )
( Sucursal  18,  175, Cliente  5, 12135.569321998413 )
( Sucursal  18,  176, Cliente  6, 19146.148603827063 )
( Sucursal  18,  177, Cliente  7, 6283.7729118340685 )
( Sucursal  18,  178, Cliente  8, 26659.102595930755 )
( Sucursal  18,  179, Cliente  9, 22091.703057569845 )
( Sucursal  18,  180, Cliente 10, 10939.38810656581 )
( Sucursal  19,  181, Cliente  1, 28568.915039134485 )
( Sucursal  19,  182, Cliente  2, 2090.6339871808077 )
( Sucursal  19,  183, Cliente  3, 6198.358641684643 )
( Sucursal  19,  184, Cliente  4, 2898.083046822458 )
( Sucursal  19,  185, Cliente  5, 27199.86783663633 )
( Sucursal  19,  186, Cliente  6, 17588.947651563783 )
( Sucursal  19,  187, Cliente  7, 11964.938088654939 )
( Sucursal  19,  188, Cliente  8, 22407.69007339124 )
( Sucursal  19,  189, Cliente  9, 1610.6148050145214 )
( Sucursal  19,  190, Cliente 10, 24870.258576560438 )
( Sucursal  20,  191, Cliente  1, 28513.470839434223 )
( Sucursal  20,  192, Cliente  2, 2796.053971381062 )
( Sucursal  20,  193, Cliente  3, 15845.810073926981 )
( Sucursal  20,  194, Cliente  4, 19664.645302286805 )
( Sucursal  20,  195, Cliente  5, 15161.883121489731 )
( Sucursal  20,  196, Cliente  6, 23304.95905786947 )
( Sucursal  20,  197, Cliente  7, 27452.24005836472 )
( Sucursal  20,  198, Cliente  8, 4803.490595228842 )
( Sucursal  20,  199, Cliente  9, 20172.300820570304 )
( Sucursal  20,  200, Cliente 10, 19442.846595382904 )
( Sucursal  21,  201, Cliente  1, 9082.054258636424 )
( Sucursal  21,  202, Cliente  2, 13194.272016434354 )
( Sucursal  21,  203, Cliente  3, 20765.91834601468 )
( Sucursal  21,  204, Cliente  4, 27545.12706761847 )
( Sucursal  21,  205, Cliente  5, 16290.925407000865 )
( Sucursal  21,  206, Cliente  6, 23985.575795715376 )
( Sucursal  21,  207, Cliente  7, 7997.985106276354 )
( Sucursal  21,  208, Cliente  8, 12260.830339962811 )
( Sucursal  21,  209, Cliente  9, 9802.505144896857 )
( Sucursal  21,  210, Cliente 10, 25614.798179628266 )
( Sucursal  22,  211, Cliente  1, 25441.128851002624 )
( Sucursal  22,  212, Cliente  2, 22922.95016305632 )
( Sucursal  22,  213, Cliente  3, 5457.7825068804505 )
( Sucursal  22,  214, Cliente  4, 22424.8545994832 )
( Sucursal  22,  215, Cliente  5, 9995.890684999471 )
( Sucursal  22,  216, Cliente  6, 17008.084500333254 )
( Sucursal  22,  217, Cliente  7, 18424.596664493405 )
( Sucursal  22,  218, Cliente  8, 1965.5519730007163 )
( Sucursal  22,  219, Cliente  9, 17726.826553140672 )
( Sucursal  22,  220, Cliente 10, 6765.741500600785 )
( Sucursal  23,  221, Cliente  1, 27583.434671624425 )
( Sucursal  23,  222, Cliente  2, 544.4602385085445 )
( Sucursal  23,  223, Cliente  3, 26456.259830297786 )
( Sucursal  23,  224, Cliente  4, 25894.634526261798 )
( Sucursal  23,  225, Cliente  5, 674.5228706798363 )
( Sucursal  23,  226, Cliente  6, 6452.78726024817 )
( Sucursal  23,  227, Cliente  7, 13236.461107052297 )
( Sucursal  23,  228, Cliente  8, 22747.62581341449 )
( Sucursal  23,  229, Cliente  9, 27010.750578898227 )
( Sucursal  23,  230, Cliente 10, 18593.904507488493 )
( Sucursal  24,  231, Cliente  1, 26656.805085344517 )
( Sucursal  24,  232, Cliente  2, 12115.451189750589 )
( Sucursal  24,  233, Cliente  3, 24915.65761928568 )
( Sucursal  24,  234, Cliente  4, 10043.144843357197 )
( Sucursal  24,  235, Cliente  5, 9595.39261659585 )
( Sucursal  24,  236, Cliente  6, 1358.8310785423223 )
( Sucursal  24,  237, Cliente  7, 16589.50145677567 )
( Sucursal  24,  238, Cliente  8, 14111.201284495193 )
( Sucursal  24,  239, Cliente  9, 27991.81610228245 )
( Sucursal  24,  240, Cliente 10, 9682.402107797607 )
( Sucursal  25,  241, Cliente  1, 2427.155742627569 )
( Sucursal  25,  242, Cliente  2, 21528.94611267776 )
( Sucursal  25,  243, Cliente  3, 6532.553534700413 )
( Sucursal  25,  244, Cliente  4, 21313.8867951051 )
( Sucursal  25,  245, Cliente  5, 16649.591739146144 )
( Sucursal  25,  246, Cliente  6, 4262.147693644024 )
( Sucursal  25,  247, Cliente  7, 13022.269640542638 )
( Sucursal  25,  248, Cliente  8, 17409.50589279575 )
( Sucursal  25,  249, Cliente  9, 26346.078583125916 )
( Sucursal  25,  250, Cliente 10, 11356.993970691046 )
( Sucursal  26,  251, Cliente  1, 4811.374131513029 )
( Sucursal  26,  252, Cliente  2, 2025.3555384608678 )
( Sucursal  26,  253, Cliente  3, 13138.493588263194 )
( Sucursal  26,  254, Cliente  4, 21433.905715958306 )
( Sucursal  26,  255, Cliente  5, 5528.005080651572 )
( Sucursal  26,  256, Cliente  6, 11691.182631209254 )
( Sucursal  26,  257, Cliente  7, 10115.32260719952 )
( Sucursal  26,  258, Cliente  8, 11906.31849570958 )
( Sucursal  26,  259, Cliente  9, 24762.9076064147 )
( Sucursal  26,  260, Cliente 10, 27488.665655560097 )
( Sucursal  27,  261, Cliente  1, 29880.641288469324 )
( Sucursal  27,  262, Cliente  2, 5052.606126989494 )
( Sucursal  27,  263, Cliente  3, 6205.562772615034 )
( Sucursal  27,  264, Cliente  4, 1381.1476214309455 )
( Sucursal  27,  265, Cliente  5, 24808.804882403914 )
( Sucursal  27,  266, Cliente  6, 7959.854923136026 )
( Sucursal  27,  267, Cliente  7, 13255.620535382726 )
( Sucursal  27,  268, Cliente  8, 27648.96753364635 )
( Sucursal  27,  269, Cliente  9, 28683.898309825425 )
( Sucursal  27,  270, Cliente 10, 29572.832938976746 )
( Sucursal  28,  271, Cliente  1, 4440.640669321145 )
( Sucursal  28,  272, Cliente  2, 5753.54541311238 )
( Sucursal  28,  273, Cliente  3, 21225.8865889311 )
( Sucursal  28,  274, Cliente  4, 16005.777821131818 )
( Sucursal  28,  275, Cliente  5, 23721.684060926313 )
( Sucursal  28,  276, Cliente  6, 2645.27930253719 )
( Sucursal  28,  277, Cliente  7, 16306.571536156713 )
( Sucursal  28,  278, Cliente  8, 236.78237900104824 )
( Sucursal  28,  279, Cliente  9, 20953.862776844708 )
( Sucursal  28,  280, Cliente 10, 23406.670856093566 )
( Sucursal  29,  281, Cliente  1, 22170.17520460351 )
( Sucursal  29,  282, Cliente  2, 10964.386389957353 )
( Sucursal  29,  283, Cliente  3, 14813.744659906006 )
( Sucursal  29,  284, Cliente  4, 9362.753982040582 )
( Sucursal  29,  285, Cliente  5, 27159.178550161738 )
( Sucursal  29,  286, Cliente  6, 18817.477081377576 )
( Sucursal  29,  287, Cliente  7, 23991.32667926739 )
( Sucursal  29,  288, Cliente  8, 7643.566849588821 )
( Sucursal  29,  289, Cliente  9, 23965.799232759313 )
( Sucursal  29,  290, Cliente 10, 24224.763647950767 )
( Sucursal  30,  291, Cliente  1, 26069.490514879642 )
( Sucursal  30,  292, Cliente  2, 4316.426583106287 )
( Sucursal  30,  293, Cliente  3, 16897.534672907343 )
( Sucursal  30,  294, Cliente  4, 27683.322174106186 )
( Sucursal  30,  295, Cliente  5, 17715.519882689645 )
( Sucursal  30,  296, Cliente  6, 20841.955079159205 )
( Sucursal  30,  297, Cliente  7, 19862.788760526295 )
( Sucursal  30,  298, Cliente  8, 26736.203765076563 )
( Sucursal  30,  299, Cliente  9, 1406.505913672048 )
( Sucursal  30,  300, Cliente 10, 3172.1729514905037 )
( Sucursal  31,  301, Cliente  1, 8544.879239742757 )
( Sucursal  31,  302, Cliente  2, 9149.881041524844 )
( Sucursal  31,  303, Cliente  3, 10915.359983323367 )
( Sucursal  31,  304, Cliente  4, 286.0901004586403 )
( Sucursal  31,  305, Cliente  5, 27247.559949641305 )
( Sucursal  31,  306, Cliente  6, 25690.730529787903 )
( Sucursal  31,  307, Cliente  7, 3874.4299255879546 )
( Sucursal  31,  308, Cliente  8, 8065.343986400443 )
( Sucursal  31,  309, Cliente  9, 3039.1000127666375 )
( Sucursal  31,  310, Cliente 10, 21219.66434906757 )
( Sucursal  32,  311, Cliente  1, 237.66867703264998 )
( Sucursal  32,  312, Cliente  2, 10637.077685682772 )
( Sucursal  32,  313, Cliente  3, 8049.636524535732 )
( Sucursal  32,  314, Cliente  4, 3491.9996506960324 )
( Sucursal  32,  315, Cliente  5, 17735.400417347057 )
( Sucursal  32,  316, Cliente  6, 28470.099671261705 )
( Sucursal  32,  317, Cliente  7, 10793.074097996128 )
( Sucursal  32,  318, Cliente  8, 16099.097859546233 )
( Sucursal  32,  319, Cliente  9, 19915.719243610372 )
( Sucursal  32,  320, Cliente 10, 11856.168509952922 )
( Sucursal  33,  321, Cliente  1, 27719.900344869424 )
( Sucursal  33,  322, Cliente  2, 22894.813002657756 )
( Sucursal  33,  323, Cliente  3, 6548.309682118065 )
( Sucursal  33,  324, Cliente  4, 20537.414346264155 )
( Sucursal  33,  325, Cliente  5, 219.89072789980102 )
( Sucursal  33,  326, Cliente  6, 23269.581562888117 )
( Sucursal  33,  327, Cliente  7, 18439.67131036415 )
( Sucursal  33,  328, Cliente  8, 2807.2545041776016 )
( Sucursal  33,  329, Cliente  9, 18911.011478869117 )
( Sucursal  33,  330, Cliente 10, 22358.42883047805 )
( Sucursal  34,  331, Cliente  1, 6389.55608638303 )
( Sucursal  34,  332, Cliente  2, 25803.870753747447 )
( Sucursal  34,  333, Cliente  3, 15158.864252486148 )
( Sucursal  34,  334, Cliente  4, 638.8858216108621 )
( Sucursal  34,  335, Cliente  5, 17802.63854327368 )
( Sucursal  34,  336, Cliente  6, 2911.781402168971 )
( Sucursal  34,  337, Cliente  7, 18495.787414108447 )
( Sucursal  34,  338, Cliente  8, 29156.004708135086 )
( Sucursal  34,  339, Cliente  9, 10917.503527514968 )
( Sucursal  34,  340, Cliente 10, 20232.92074660999 )
( Sucursal  35,  341, Cliente  1, 2999.0145067815856 )
( Sucursal  35,  342, Cliente  2, 10301.309752245963 )
( Sucursal  35,  343, Cliente  3, 1810.8930453357766 )
( Sucursal  35,  344, Cliente  4, 29418.20948687025 )
( Sucursal  35,  345, Cliente  5, 19799.682490416228 )
( Sucursal  35,  346, Cliente  6, 327.05481617964404 )
( Sucursal  35,  347, Cliente  7, 10475.043577310998 )
( Sucursal  35,  348, Cliente  8, 8645.827740257357 )
( Sucursal  35,  349, Cliente  9, 9094.016882915153 )
( Sucursal  35,  350, Cliente 10, 7482.5459855546105 )
( Sucursal  36,  351, Cliente  1, 4042.2612442091217 )
( Sucursal  36,  352, Cliente  2, 26019.12871183601 )
( Sucursal  36,  353, Cliente  3, 24627.450731022018 )
( Sucursal  36,  354, Cliente  4, 4064.952765795467 )
( Sucursal  36,  355, Cliente  5, 16688.977673784768 )
( Sucursal  36,  356, Cliente  6, 10056.66189219216 )
( Sucursal  36,  357, Cliente  7, 25110.192368562144 )
( Sucursal  36,  358, Cliente  8, 3849.768783004388 )
( Sucursal  36,  359, Cliente  9, 6394.511707122518 )
( Sucursal  36,  360, Cliente 10, 5030.269336671326 )
( Sucursal  37,  361, Cliente  1, 20021.844072690215 )
( Sucursal  37,  362, Cliente  2, 26377.868883807827 )
( Sucursal  37,  363, Cliente  3, 1201.8921815542137 )
( Sucursal  37,  364, Cliente  4, 5509.273560272482 )
( Sucursal  37,  365, Cliente  5, 12348.855251565137 )
( Sucursal  37,  366, Cliente  6, 28315.601459522517 )
( Sucursal  37,  367, Cliente  7, 14155.683650184328 )
( Sucursal  37,  368, Cliente  8, 15007.603782060884 )
( Sucursal  37,  369, Cliente  9, 875.1244926383513 )
( Sucursal  37,  370, Cliente 10, 10963.068063259872 )
( Sucursal  38,  371, Cliente  1, 13553.972866893204 )
( Sucursal  38,  372, Cliente  2, 17191.113127642053 )
( Sucursal  38,  373, Cliente  3, 646.8791730809719 )
( Sucursal  38,  374, Cliente  4, 3653.5709561442623 )
( Sucursal  38,  375, Cliente  5, 23190.26615946057 )
( Sucursal  38,  376, Cliente  6, 1662.8886402829323 )
( Sucursal  38,  377, Cliente  7, 17486.335572462754 )
( Sucursal  38,  378, Cliente  8, 194.66444547936135 )
( Sucursal  38,  379, Cliente  9, 3192.3099984305863 )
( Sucursal  38,  380, Cliente 10, 16664.31806704582 )
( Sucursal  39,  381, Cliente  1, 21431.49321409774 )
( Sucursal  39,  382, Cliente  2, 23525.011973100136 )
( Sucursal  39,  383, Cliente  3, 20918.674885967852 )
( Sucursal  39,  384, Cliente  4, 26120.942769615976 )
( Sucursal  39,  385, Cliente  5, 25328.220239609967 )
( Sucursal  39,  386, Cliente  6, 13395.247231083367 )
( Sucursal  39,  387, Cliente  7, 14283.2457434322 )
( Sucursal  39,  388, Cliente  8, 25342.841347508518 )
( Sucursal  39,  389, Cliente  9, 29688.28540593255 )
( Sucursal  39,  390, Cliente 10, 26962.52204643248 )
( Sucursal  40,  391, Cliente  1, 20739.629771420558 )
( Sucursal  40,  392, Cliente  2, 26311.299938022214 )
( Sucursal  40,  393, Cliente  3, 9476.630449393864 )
( Sucursal  40,  394, Cliente  4, 23651.383465247272 )
( Sucursal  40,  395, Cliente  5, 24150.221531177554 )
( Sucursal  40,  396, Cliente  6, 403.93693222283713 )
( Sucursal  40,  397, Cliente  7, 6977.112651274878 )
( Sucursal  40,  398, Cliente  8, 27673.43376589125 )
( Sucursal  40,  399, Cliente  9, 17417.78569074557 )
( Sucursal  40,  400, Cliente 10, 19096.249989438787 )
( Sucursal  41,  401, Cliente  1, 26413.611315337123 )
( Sucursal  41,  402, Cliente  2, 13200.312317462422 )
( Sucursal  41,  403, Cliente  3, 19261.168365070316 )
( Sucursal  41,  404, Cliente  4, 3815.4775845088993 )
( Sucursal  41,  405, Cliente  5, 26497.39288694838 )
( Sucursal  41,  406, Cliente  6, 29761.10930440556 )
( Sucursal  41,  407, Cliente  7, 27539.521573195438 )
( Sucursal  41,  408, Cliente  8, 3679.3902897985727 )
( Sucursal  41,  409, Cliente  9, 22694.700772523578 )
( Sucursal  41,  410, Cliente 10, 5188.525785044126 )
( Sucursal  42,  411, Cliente  1, 13146.605997736977 )
( Sucursal  42,  412, Cliente  2, 23412.925854558725 )
( Sucursal  42,  413, Cliente  3, 8878.19161878904 )
( Sucursal  42,  414, Cliente  4, 24762.21387747723 )
( Sucursal  42,  415, Cliente  5, 27807.73699197435 )
( Sucursal  42,  416, Cliente  6, 437.4056588713485 )
( Sucursal  42,  417, Cliente  7, 15060.544435556008 )
( Sucursal  42,  418, Cliente  8, 6978.665712215649 )
( Sucursal  42,  419, Cliente  9, 17110.785708010233 )
( Sucursal  42,  420, Cliente 10, 18458.930122175014 )
( Sucursal  43,  421, Cliente  1, 11165.865070425827 )
( Sucursal  43,  422, Cliente  2, 23864.281545535556 )
( Sucursal  43,  423, Cliente  3, 129.45576923362498 )
( Sucursal  43,  424, Cliente  4, 8979.708570004494 )
( Sucursal  43,  425, Cliente  5, 28024.046463114344 )
( Sucursal  43,  426, Cliente  6, 16960.520692411512 )
( Sucursal  43,  427, Cliente  7, 11973.949500133085 )
( Sucursal  43,  428, Cliente  8, 22078.660553243426 )
( Sucursal  43,  429, Cliente  9, 15219.376754675177 )
( Sucursal  43,  430, Cliente 10, 26841.82797260807 )
( Sucursal  44,  431, Cliente  1, 919.1978390765684 )
( Sucursal  44,  432, Cliente  2, 5622.343343360028 )
( Sucursal  44,  433, Cliente  3, 29656.269680095473 )
( Sucursal  44,  434, Cliente  4, 15092.256532831894 )
( Sucursal  44,  435, Cliente  5, 6459.534449105793 )
( Sucursal  44,  436, Cliente  6, 20836.764642336806 )
( Sucursal  44,  437, Cliente  7, 13135.15616986359 )
( Sucursal  44,  438, Cliente  8, 16128.018876033138 )
( Sucursal  44,  439, Cliente  9, 112.61379156233414 )
( Sucursal  44,  440, Cliente 10, 18235.896139684504 )
( Sucursal  45,  441, Cliente  1, 24067.60109101625 )
( Sucursal  45,  442, Cliente  2, 14376.166299436556 )
( Sucursal  45,  443, Cliente  3, 6209.902364147151 )
( Sucursal  45,  444, Cliente  4, 26910.757421967326 )
( Sucursal  45,  445, Cliente  5, 28675.101503741993 )
( Sucursal  45,  446, Cliente  6, 12112.856577758077 )
( Sucursal  45,  447, Cliente  7, 20275.63866203532 )
( Sucursal  45,  448, Cliente  8, 24896.3106930025 )
( Sucursal  45,  449, Cliente  9, 18046.89269400835 )
( Sucursal  45,  450, Cliente 10, 18743.566269774703 )
( Sucursal  46,  451, Cliente  1, 23895.317033664076 )
( Sucursal  46,  452, Cliente  2, 18275.82266923257 )
( Sucursal  46,  453, Cliente  3, 20152.514428890372 )
( Sucursal  46,  454, Cliente  4, 23929.790050296375 )
( Sucursal  46,  455, Cliente  5, 7347.361839314698 )
( Sucursal  46,  456, Cliente  6, 28254.64958427868 )
( Sucursal  46,  457, Cliente  7, 5404.805536258648 )
( Sucursal  46,  458, Cliente  8, 9404.032945689267 )
( Sucursal  46,  459, Cliente  9, 29151.248555370523 )
( Sucursal  46,  460, Cliente 10, 27803.139076487365 )
( Sucursal  47,  461, Cliente  1, 6413.65038179949 )
( Sucursal  47,  462, Cliente  2, 6573.203070698527 )
( Sucursal  47,  463, Cliente  3, 8252.775226491518 )
( Sucursal  47,  464, Cliente  4, 7203.8065638600265 )
( Sucursal  47,  465, Cliente  5, 440.34753863952267 )
( Sucursal  47,  466, Cliente  6, 29388.104111639495 )
( Sucursal  47,  467, Cliente  7, 13659.635257692402 )
( Sucursal  47,  468, Cliente  8, 11835.80615734956 )
( Sucursal  47,  469, Cliente  9, 17512.781988931813 )
( Sucursal  47,  470, Cliente 10, 2465.601692764972 )
( Sucursal  48,  471, Cliente  1, 12172.092740661757 )
( Sucursal  48,  472, Cliente  2, 23006.705491983317 )
( Sucursal  48,  473, Cliente  3, 9921.75463973525 )
( Sucursal  48,  474, Cliente  4, 24879.332184598654 )
( Sucursal  48,  475, Cliente  5, 25258.276701125113 )
( Sucursal  48,  476, Cliente  6, 3398.997444058219 )
( Sucursal  48,  477, Cliente  7, 17364.56727469124 )
( Sucursal  48,  478, Cliente  8, 25155.845625898404 )
( Sucursal  48,  479, Cliente  9, 15752.494151492823 )
( Sucursal  48,  480, Cliente 10, 17010.69251904368 )
( Sucursal  49,  481, Cliente  1, 19851.58996985399 )
( Sucursal  49,  482, Cliente  2, 6424.723311781763 )
( Sucursal  49,  483, Cliente  3, 2537.084924027963 )
( Sucursal  49,  484, Cliente  4, 16155.099039230181 )
( Sucursal  49,  485, Cliente  5, 12933.893358607247 )
( Sucursal  49,  486, Cliente  6, 27720.538715849474 )
( Sucursal  49,  487, Cliente  7, 12905.906617643312 )
( Sucursal  49,  488, Cliente  8, 10671.356406578814 )
( Sucursal  49,  489, Cliente  9, 20959.914392437626 )
( Sucursal  49,  490, Cliente 10, 24166.147120507678 )
( Sucursal  50,  491, Cliente  1, 26270.671654281774 )
( Sucursal  50,  492, Cliente  2, 9906.565756346843 )
( Sucursal  50,  493, Cliente  3, 3887.117351535169 )
( Sucursal  50,  494, Cliente  4, 6909.838932908031 )
( Sucursal  50,  495, Cliente  5, 6019.358430456692 )
( Sucursal  50,  496, Cliente  6, 20755.985170102475 )
( Sucursal  50,  497, Cliente  7, 14642.712702862671 )
( Sucursal  50,  498, Cliente  8, 26821.84634369065 )
( Sucursal  50,  499, Cliente  9, 26780.105557375748 )
( Sucursal  50,  500, Cliente 10, 26620.15759033056 )
( Sucursal  51,  501, Cliente  1, 2215.1624598988838 )
( Sucursal  51,  502, Cliente  2, 2548.0908100683832 )
( Sucursal  51,  503, Cliente  3, 23277.224338923188 )
( Sucursal  51,  504, Cliente  4, 26692.39327641135 )
( Sucursal  51,  505, Cliente  5, 8339.110331567555 )
( Sucursal  51,  506, Cliente  6, 10528.934121364546 )
( Sucursal  51,  507, Cliente  7, 27032.601425194913 )
( Sucursal  51,  508, Cliente  8, 15409.38630199744 )
( Sucursal  51,  509, Cliente  9, 29907.484547249525 )
( Sucursal  51,  510, Cliente 10, 28280.24541503409 )
( Sucursal  52,  511, Cliente  1, 14667.402980304785 )
( Sucursal  52,  512, Cliente  2, 5597.423789292771 )
( Sucursal  52,  513, Cliente  3, 16816.08244086916 )
( Sucursal  52,  514, Cliente  4, 4015.5097611725773 )
( Sucursal  52,  515, Cliente  5, 5422.890302121846 )
( Sucursal  52,  516, Cliente  6, 8609.936862737331 )
( Sucursal  52,  517, Cliente  7, 10231.075850462961 )
( Sucursal  52,  518, Cliente  8, 7130.771021367553 )
( Sucursal  52,  519, Cliente  9, 15028.833537692142 )
( Sucursal  52,  520, Cliente 10, 28093.97239453683 )
( Sucursal  53,  521, Cliente  1, 3602.6842474294276 )
( Sucursal  53,  522, Cliente  2, 12157.580981002628 )
( Sucursal  53,  523, Cliente  3, 24486.32242776669 )
( Sucursal  53,  524, Cliente  4, 2931.584854911462 )
( Sucursal  53,  525, Cliente  5, 13854.623104840975 )
( Sucursal  53,  526, Cliente  6, 2121.113993229297 )
( Sucursal  53,  527, Cliente  7, 13153.707520489505 )
( Sucursal  53,  528, Cliente  8, 26792.716979934965 )
( Sucursal  53,  529, Cliente  9, 3296.9962169922596 )
( Sucursal  53,  530, Cliente 10, 17550.519183941222 )
( Sucursal  54,  531, Cliente  1, 23443.755780145206 )
( Sucursal  54,  532, Cliente  2, 13467.485044829484 )
( Sucursal  54,  533, Cliente  3, 12906.675413820705 )
( Sucursal  54,  534, Cliente  4, 23046.5244106304 )
( Sucursal  54,  535, Cliente  5, 19953.86741749517 )
( Sucursal  54,  536, Cliente  6, 22913.316854984583 )
( Sucursal  54,  537, Cliente  7, 15130.926998291778 )
( Sucursal  54,  538, Cliente  8, 27597.53868482498 )
( Sucursal  54,  539, Cliente  9, 25480.387668039646 )
( Sucursal  54,  540, Cliente 10, 28301.84709992933 )
( Sucursal  55,  541, Cliente  1, 7866.052706943825 )
( Sucursal  55,  542, Cliente  2, 13614.594142471062 )
( Sucursal  55,  543, Cliente  3, 28859.85769797729 )
( Sucursal  55,  544, Cliente  4, 19263.162835436757 )
( Sucursal  55,  545, Cliente  5, 13168.15994556314 )
( Sucursal  55,  546, Cliente  6, 12589.825770232206 )
( Sucursal  55,  547, Cliente  7, 23105.867675868252 )
( Sucursal  55,  548, Cliente  8, 17540.57656312045 )
( Sucursal  55,  549, Cliente  9, 24230.2387601717 )
( Sucursal  55,  550, Cliente 10, 2710.426572602152 )
( Sucursal  56,  551, Cliente  1, 17605.219242082057 )
( Sucursal  56,  552, Cliente  2, 1191.53492577101 )
( Sucursal  56,  553, Cliente  3, 7377.28097268988 )
( Sucursal  56,  554, Cliente  4, 6336.510961738477 )
( Sucursal  56,  555, Cliente  5, 8442.167009167735 )
( Sucursal  56,  556, Cliente  6, 8561.594159814953 )
( Sucursal  56,  557, Cliente  7, 21593.497864940782 )
( Sucursal  56,  558, Cliente  8, 22320.69125560351 )
( Sucursal  56,  559, Cliente  9, 28421.387552106968 )
( Sucursal  56,  560, Cliente 10, 16202.552611940371 )
( Sucursal  57,  561, Cliente  1, 7595.488068912917 )
( Sucursal  57,  562, Cliente  2, 20465.20880484116 )
( Sucursal  57,  563, Cliente  3, 24748.827172413257 )
( Sucursal  57,  564, Cliente  4, 7551.907317847578 )
( Sucursal  57,  565, Cliente  5, 4446.3548872846 )
( Sucursal  57,  566, Cliente  6, 135.97000923655014 )
( Sucursal  57,  567, Cliente  7, 12336.490504289672 )
( Sucursal  57,  568, Cliente  8, 11379.47694801596 )
( Sucursal  57,  569, Cliente  9, 18978.808411963248 )
( Sucursal  57,  570, Cliente 10, 29001.012538402265 )
( Sucursal  58,  571, Cliente  1, 3367.9739433449777 )
( Sucursal  58,  572, Cliente  2, 3382.663684071175 )
( Sucursal  58,  573, Cliente  3, 3570.6766895324986 )
( Sucursal  58,  574, Cliente  4, 21729.562646312435 )
( Sucursal  58,  575, Cliente  5, 27764.504878760923 )
( Sucursal  58,  576, Cliente  6, 12266.046552975346 )
( Sucursal  58,  577, Cliente  7, 25606.324076873858 )
( Sucursal  58,  578, Cliente  8, 18201.580665293855 )
( Sucursal  58,  579, Cliente  9, 24864.014897212168 )
( Sucursal  58,  580, Cliente 10, 28243.13712626146 )
( Sucursal  59,  581, Cliente  1, 22988.098888671313 )
( Sucursal  59,  582, Cliente  2, 19159.043926885915 )
( Sucursal  59,  583, Cliente  3, 15618.769877857247 )
( Sucursal  59,  584, Cliente  4, 8401.109151809136 )
( Sucursal  59,  585, Cliente  5, 16082.838736861077 )
( Sucursal  59,  586, Cliente  6, 14399.29097192348 )
( Sucursal  59,  587, Cliente  7, 6075.102657897957 )
( Sucursal  59,  588, Cliente  8, 17724.993603487404 )
( Sucursal  59,  589, Cliente  9, 24994.132582227623 )
( Sucursal  59,  590, Cliente 10, 13453.452631795317 )
( Sucursal  60,  591, Cliente  1, 25192.004172162586 )
( Sucursal  60,  592, Cliente  2, 24500.12788109131 )
( Sucursal  60,  593, Cliente  3, 22757.781676217364 )
( Sucursal  60,  594, Cliente  4, 10076.603695637275 )
( Sucursal  60,  595, Cliente  5, 5012.39349095397 )
( Sucursal  60,  596, Cliente  6, 27839.484497482103 )
( Sucursal  60,  597, Cliente  7, 3384.798802962861 )
( Sucursal  60,  598, Cliente  8, 12683.299660145367 )
( Sucursal  60,  599, Cliente  9, 8384.748076041677 )
( Sucursal  60,  600, Cliente 10, 26535.523770410793 )
( Sucursal  61,  601, Cliente  1, 4150.2812888289645 )
( Sucursal  61,  602, Cliente  2, 14881.91362043793 )
( Sucursal  61,  603, Cliente  3, 10771.47071722861 )
( Sucursal  61,  604, Cliente  4, 28398.405208766882 )
( Sucursal  61,  605, Cliente  5, 23054.215308281626 )
( Sucursal  61,  606, Cliente  6, 20312.767809010606 )
( Sucursal  61,  607, Cliente  7, 11673.45622823551 )
( Sucursal  61,  608, Cliente  8, 7156.737852569624 )
( Sucursal  61,  609, Cliente  9, 5657.507278359235 )
( Sucursal  61,  610, Cliente 10, 17259.321883950517 )
( Sucursal  62,  611, Cliente  1, 6733.869468200058 )
( Sucursal  62,  612, Cliente  2, 24595.37841723545 )
( Sucursal  62,  613, Cliente  3, 21914.9015105687 )
( Sucursal  62,  614, Cliente  4, 17996.609073986692 )
( Sucursal  62,  615, Cliente  5, 17952.867503148773 )
( Sucursal  62,  616, Cliente  6, 4354.070526739151 )
( Sucursal  62,  617, Cliente  7, 24478.111728719578 )
( Sucursal  62,  618, Cliente  8, 8648.119083245383 )
( Sucursal  62,  619, Cliente  9, 26390.17426668909 )
( Sucursal  62,  620, Cliente 10, 10273.99156820809 )
( Sucursal  63,  621, Cliente  1, 15784.505436109861 )
( Sucursal  63,  622, Cliente  2, 3763.5900739610947 )
( Sucursal  63,  623, Cliente  3, 13488.788890017995 )
( Sucursal  63,  624, Cliente  4, 24049.683186917347 )
( Sucursal  63,  625, Cliente  5, 28778.16625587732 )
( Sucursal  63,  626, Cliente  6, 20378.70533858399 )
( Sucursal  63,  627, Cliente  7, 18293.11459244453 )
( Sucursal  63,  628, Cliente  8, 11359.456226405538 )
( Sucursal  63,  629, Cliente  9, 8830.833444859698 )
( Sucursal  63,  630, Cliente 10, 24500.510820314736 )
( Sucursal  64,  631, Cliente  1, 25475.802020666946 )
( Sucursal  64,  632, Cliente  2, 24177.9177348872 )
( Sucursal  64,  633, Cliente  3, 20490.729642382237 )
( Sucursal  64,  634, Cliente  4, 11264.434224383504 )
( Sucursal  64,  635, Cliente  5, 1937.4484067533397 )
( Sucursal  64,  636, Cliente  6, 6996.006606126774 )
( Sucursal  64,  637, Cliente  7, 25964.38459372001 )
( Sucursal  64,  638, Cliente  8, 29523.53339898582 )
( Sucursal  64,  639, Cliente  9, 2771.9457913003553 )
( Sucursal  64,  640, Cliente 10, 5689.823222779113 )
( Sucursal  65,  641, Cliente  1, 8714.74338843791 )
( Sucursal  65,  642, Cliente  2, 19475.41536031599 )
( Sucursal  65,  643, Cliente  3, 17118.741641752204 )
( Sucursal  65,  644, Cliente  4, 1817.0185094670073 )
( Sucursal  65,  645, Cliente  5, 3328.9581228662796 )
( Sucursal  65,  646, Cliente  6, 7411.350463920736 )
( Sucursal  65,  647, Cliente  7, 17869.57239742414 )
( Sucursal  65,  648, Cliente  8, 24187.140120570115 )
( Sucursal  65,  649, Cliente  9, 7358.884457032523 )
( Sucursal  65,  650, Cliente 10, 13035.655665756358 )
( Sucursal  66,  651, Cliente  1, 4710.939198013392 )
( Sucursal  66,  652, Cliente  2, 21939.75595590283 )
( Sucursal  66,  653, Cliente  3, 28031.055774923774 )
( Sucursal  66,  654, Cliente  4, 8632.437461978776 )
( Sucursal  66,  655, Cliente  5, 19811.53223233472 )
( Sucursal  66,  656, Cliente  6, 3167.3352408289506 )
( Sucursal  66,  657, Cliente  7, 28648.17376083941 )
( Sucursal  66,  658, Cliente  8, 16982.87830325465 )
( Sucursal  66,  659, Cliente  9, 3482.5428077171537 )
( Sucursal  66,  660, Cliente 10, 24056.03319560882 )
( Sucursal  67,  661, Cliente  1, 20395.728936053863 )
( Sucursal  67,  662, Cliente  2, 22781.00356176789 )
( Sucursal  67,  663, Cliente  3, 19769.994102115535 )
( Sucursal  67,  664, Cliente  4, 14752.03536549473 )
( Sucursal  67,  665, Cliente  5, 21685.67657448372 )
( Sucursal  67,  666, Cliente  6, 26283.89552704064 )
( Sucursal  67,  667, Cliente  7, 8525.380836472375 )
( Sucursal  67,  668, Cliente  8, 13471.193374858109 )
( Sucursal  67,  669, Cliente  9, 22653.10500703131 )
( Sucursal  67,  670, Cliente 10, 15618.00146918682 )
( Sucursal  68,  671, Cliente  1, 13748.542172643147 )
( Sucursal  68,  672, Cliente  2, 26812.75505754333 )
( Sucursal  68,  673, Cliente  3, 11742.785622696445 )
( Sucursal  68,  674, Cliente  4, 28389.777358335294 )
( Sucursal  68,  675, Cliente  5, 10468.487831642942 )
( Sucursal  68,  676, Cliente  6, 16605.79577863107 )
( Sucursal  68,  677, Cliente  7, 22889.936978398848 )
( Sucursal  68,  678, Cliente  8, 19980.295284995867 )
( Sucursal  68,  679, Cliente  9, 864.3630076227709 )
( Sucursal  68,  680, Cliente 10, 6620.766033998692 )
( Sucursal  69,  681, Cliente  1, 15712.925924050973 )
( Sucursal  69,  682, Cliente  2, 18281.1916351464 )
( Sucursal  69,  683, Cliente  3, 24510.384459662244 )
( Sucursal  69,  684, Cliente  4, 9458.515369329732 )
( Sucursal  69,  685, Cliente  5, 14711.111286110217 )
( Sucursal  69,  686, Cliente  6, 2692.6592854710248 )
( Sucursal  69,  687, Cliente  7, 14633.470128129962 )
( Sucursal  69,  688, Cliente  8, 22797.89801372254 )
( Sucursal  69,  689, Cliente  9, 4352.471472472937 )
( Sucursal  69,  690, Cliente 10, 15931.858026653457 )
( Sucursal  70,  691, Cliente  1, 15479.97408075548 )
( Sucursal  70,  692, Cliente  2, 705.736967318339 )
( Sucursal  70,  693, Cliente  3, 13811.3594811858 )
( Sucursal  70,  694, Cliente  4, 14508.003885364864 )
( Sucursal  70,  695, Cliente  5, 2455.2676455063715 )
( Sucursal  70,  696, Cliente  6, 24720.82933250431 )
( Sucursal  70,  697, Cliente  7, 10004.214395656281 )
( Sucursal  70,  698, Cliente  8, 13891.386435992132 )
( Sucursal  70,  699, Cliente  9, 21319.234796380184 )
( Sucursal  70,  700, Cliente 10, 27079.46049046704 )
( Sucursal  71,  701, Cliente  1, 29238.004111478593 )
( Sucursal  71,  702, Cliente  2, 1353.5934214862416 )
( Sucursal  71,  703, Cliente  3, 23880.507304167993 )
( Sucursal  71,  704, Cliente  4, 2626.951223910308 )
( Sucursal  71,  705, Cliente  5, 7564.275558692238 )
( Sucursal  71,  706, Cliente  6, 29368.7510698396 )
( Sucursal  71,  707, Cliente  7, 7440.443044942519 )
( Sucursal  71,  708, Cliente  8, 5543.887345693433 )
( Sucursal  71,  709, Cliente  9, 24501.297047353946 )
( Sucursal  71,  710, Cliente 10, 8163.161149972237 )
( Sucursal  72,  711, Cliente  1, 19797.240708950678 )
( Sucursal  72,  712, Cliente  2, 13220.456261225014 )
( Sucursal  72,  713, Cliente  3, 11244.697474820898 )
( Sucursal  72,  714, Cliente  4, 24064.365029190452 )
( Sucursal  72,  715, Cliente  5, 8506.193546159484 )
( Sucursal  72,  716, Cliente  6, 22178.81129576068 )
( Sucursal  72,  717, Cliente  7, 865.8630500113453 )
( Sucursal  72,  718, Cliente  8, 19019.987655002144 )
( Sucursal  72,  719, Cliente  9, 26776.91862300616 )
( Sucursal  72,  720, Cliente 10, 11561.452458312973 )
( Sucursal  73,  721, Cliente  1, 29842.906486620628 )
( Sucursal  73,  722, Cliente  2, 684.7060313939028 )
( Sucursal  73,  723, Cliente  3, 15333.451001294045 )
( Sucursal  73,  724, Cliente  4, 620.0885726403935 )
( Sucursal  73,  725, Cliente  5, 13725.316393655155 )
( Sucursal  73,  726, Cliente  6, 437.5362548550564 )
( Sucursal  73,  727, Cliente  7, 13963.741561418567 )
( Sucursal  73,  728, Cliente  8, 5607.435925364634 )
( Sucursal  73,  729, Cliente  9, 9113.988866751182 )
( Sucursal  73,  730, Cliente 10, 24437.161905048128 )
( Sucursal  74,  731, Cliente  1, 28917.212830127344 )
( Sucursal  74,  732, Cliente  2, 2728.7974168659935 )
( Sucursal  74,  733, Cliente  3, 238.46757300256633 )
( Sucursal  74,  734, Cliente  4, 4465.022073571758 )
( Sucursal  74,  735, Cliente  5, 22395.50755158017 )
( Sucursal  74,  736, Cliente  6, 10730.637166741328 )
( Sucursal  74,  737, Cliente  7, 16919.265351020495 )
( Sucursal  74,  738, Cliente  8, 14979.741789509091 )
( Sucursal  74,  739, Cliente  9, 23330.698524757092 )
( Sucursal  74,  740, Cliente 10, 29587.867829159113 )
( Sucursal  75,  741, Cliente  1, 21495.079219039213 )
( Sucursal  75,  742, Cliente  2, 16376.8112602213 )
( Sucursal  75,  743, Cliente  3, 8393.572647114755 )
( Sucursal  75,  744, Cliente  4, 6624.266119693556 )
( Sucursal  75,  745, Cliente  5, 7381.2112034362735 )
( Sucursal  75,  746, Cliente  6, 28892.83036890595 )
( Sucursal  75,  747, Cliente  7, 15243.159381580184 )
( Sucursal  75,  748, Cliente  8, 22336.70129315857 )
( Sucursal  75,  749, Cliente  9, 5023.6907050557875 )
( Sucursal  75,  750, Cliente 10, 16595.30719689513 )
( Sucursal  76,  751, Cliente  1, 26059.259150322643 )
( Sucursal  76,  752, Cliente  2, 16784.06946173003 )
( Sucursal  76,  753, Cliente  3, 2779.901202145217 )
( Sucursal  76,  754, Cliente  4, 25980.51480971189 )
( Sucursal  76,  755, Cliente  5, 26663.119958789062 )
( Sucursal  76,  756, Cliente  6, 22314.448557255033 )
( Sucursal  76,  757, Cliente  7, 24468.174353082333 )
( Sucursal  76,  758, Cliente  8, 16357.74847008651 )
( Sucursal  76,  759, Cliente  9, 15961.630917141856 )
( Sucursal  76,  760, Cliente 10, 19618.334864815333 )
( Sucursal  77,  761, Cliente  1, 14470.728650912435 )
( Sucursal  77,  762, Cliente  2, 3921.980222239336 )
( Sucursal  77,  763, Cliente  3, 4095.442570194544 )
( Sucursal  77,  764, Cliente  4, 8948.766793798763 )
( Sucursal  77,  765, Cliente  5, 7891.6384899936775 )
( Sucursal  77,  766, Cliente  6, 13516.054282779272 )
( Sucursal  77,  767, Cliente  7, 29407.872704590987 )
( Sucursal  77,  768, Cliente  8, 5726.645699216274 )
( Sucursal  77,  769, Cliente  9, 18298.083374464706 )
( Sucursal  77,  770, Cliente 10, 17840.99418125836 )
( Sucursal  78,  771, Cliente  1, 3980.5303954644555 )
( Sucursal  78,  772, Cliente  2, 17723.629793104352 )
( Sucursal  78,  773, Cliente  3, 16186.442713947856 )
( Sucursal  78,  774, Cliente  4, 1737.6467602171094 )
( Sucursal  78,  775, Cliente  5, 20828.490484143043 )
( Sucursal  78,  776, Cliente  6, 24953.226434595563 )
( Sucursal  78,  777, Cliente  7, 8448.834906251312 )
( Sucursal  78,  778, Cliente  8, 27445.074566669475 )
( Sucursal  78,  779, Cliente  9, 4939.955393723807 )
( Sucursal  78,  780, Cliente 10, 11812.11005997465 )
( Sucursal  79,  781, Cliente  1, 27899.838169885905 )
( Sucursal  79,  782, Cliente  2, 24347.293178312742 )
( Sucursal  79,  783, Cliente  3, 22718.27257709469 )
( Sucursal  79,  784, Cliente  4, 14494.679345074084 )
( Sucursal  79,  785, Cliente  5, 11661.596247542388 )
( Sucursal  79,  786, Cliente  6, 270.6628188673442 )
( Sucursal  79,  787, Cliente  7, 553.7321700264474 )
( Sucursal  79,  788, Cliente  8, 5055.605801837317 )
( Sucursal  79,  789, Cliente  9, 28097.100645299895 )
( Sucursal  79,  790, Cliente 10, 2419.786651603597 )
( Sucursal  80,  791, Cliente  1, 118.52118374476194 )
( Sucursal  80,  792, Cliente  2, 14133.256107512861 )
( Sucursal  80,  793, Cliente  3, 10984.128441358853 )
( Sucursal  80,  794, Cliente  4, 19331.9993202718 )
( Sucursal  80,  795, Cliente  5, 17249.219748884258 )
( Sucursal  80,  796, Cliente  6, 14527.531453439384 )
( Sucursal  80,  797, Cliente  7, 10335.16861666718 )
( Sucursal  80,  798, Cliente  8, 1127.0205624389434 )
( Sucursal  80,  799, Cliente  9, 4727.605969618403 )
( Sucursal  80,  800, Cliente 10, 6714.360221422514 )
( Sucursal  81,  801, Cliente  1, 4851.756216286763 )
( Sucursal  81,  802, Cliente  2, 1443.52232933222 )
( Sucursal  81,  803, Cliente  3, 8362.7775282309 )
( Sucursal  81,  804, Cliente  4, 26406.645395523763 )
( Sucursal  81,  805, Cliente  5, 16605.154726088218 )
( Sucursal  81,  806, Cliente  6, 21086.36390668674 )
( Sucursal  81,  807, Cliente  7, 376.838810039759 )
( Sucursal  81,  808, Cliente  8, 4889.730300279454 )
( Sucursal  81,  809, Cliente  9, 16126.448037588383 )
( Sucursal  81,  810, Cliente 10, 15388.387401258427 )
( Sucursal  82,  811, Cliente  1, 1518.847343048816 )
( Sucursal  82,  812, Cliente  2, 16857.33284410257 )
( Sucursal  82,  813, Cliente  3, 18670.63992242709 )
( Sucursal  82,  814, Cliente  4, 23564.797070405035 )
( Sucursal  82,  815, Cliente  5, 24809.624252388356 )
( Sucursal  82,  816, Cliente  6, 25903.092365467484 )
( Sucursal  82,  817, Cliente  7, 22714.346192264144 )
( Sucursal  82,  818, Cliente  8, 13837.020924595148 )
( Sucursal  82,  819, Cliente  9, 16828.89704588649 )
( Sucursal  82,  820, Cliente 10, 17288.119127188984 )
( Sucursal  83,  821, Cliente  1, 19815.21986037631 )
( Sucursal  83,  822, Cliente  2, 8850.418554418495 )
( Sucursal  83,  823, Cliente  3, 14649.989921209151 )
( Sucursal  83,  824, Cliente  4, 22278.637653152164 )
( Sucursal  83,  825, Cliente  5, 28059.482646108172 )
( Sucursal  83,  826, Cliente  6, 13039.217851726178 )
( Sucursal  83,  827, Cliente  7, 28402.799538486237 )
( Sucursal  83,  828, Cliente  8, 11530.63199393308 )
( Sucursal  83,  829, Cliente  9, 15972.91791561206 )
( Sucursal  83,  830, Cliente 10, 4478.6774829315345 )
( Sucursal  84,  831, Cliente  1, 3349.3445194296837 )
( Sucursal  84,  832, Cliente  2, 23151.410723654153 )
( Sucursal  84,  833, Cliente  3, 18876.97632436892 )
( Sucursal  84,  834, Cliente  4, 27553.591237450848 )
( Sucursal  84,  835, Cliente  5, 9935.573082345723 )
( Sucursal  84,  836, Cliente  6, 28067.781712495238 )
( Sucursal  84,  837, Cliente  7, 901.0270578260753 )
( Sucursal  84,  838, Cliente  8, 6879.446200324745 )
( Sucursal  84,  839, Cliente  9, 4047.2705469531093 )
( Sucursal  84,  840, Cliente 10, 938.864606405697 )
( Sucursal  85,  841, Cliente  1, 13473.151786817363 )
( Sucursal  85,  842, Cliente  2, 1671.9749754225543 )
( Sucursal  85,  843, Cliente  3, 22905.76283740799 )
( Sucursal  85,  844, Cliente  4, 20499.486289898887 )
( Sucursal  85,  845, Cliente  5, 28126.495608130863 )
( Sucursal  85,  846, Cliente  6, 17187.984005059938 )
( Sucursal  85,  847, Cliente  7, 3079.5005037646592 )
( Sucursal  85,  848, Cliente  8, 2148.371111708982 )
( Sucursal  85,  849, Cliente  9, 22767.361805001314 )
( Sucursal  85,  850, Cliente 10, 16572.10628262259 )
( Sucursal  86,  851, Cliente  1, 14390.887897265296 )
( Sucursal  86,  852, Cliente  2, 4026.805000775556 )
( Sucursal  86,  853, Cliente  3, 20965.5287020281 )
( Sucursal  86,  854, Cliente  4, 20432.006547617388 )
( Sucursal  86,  855, Cliente  5, 18931.779020506932 )
( Sucursal  86,  856, Cliente  6, 12169.037918513355 )
( Sucursal  86,  857, Cliente  7, 22710.861164123708 )
( Sucursal  86,  858, Cliente  8, 13186.070385628394 )
( Sucursal  86,  859, Cliente  9, 15600.933992848428 )
( Sucursal  86,  860, Cliente 10, 26192.511345449984 )
( Sucursal  87,  861, Cliente  1, 16111.007786157574 )
( Sucursal  87,  862, Cliente  2, 3987.018401918603 )
( Sucursal  87,  863, Cliente  3, 9509.869263065202 )
( Sucursal  87,  864, Cliente  4, 18091.122574421635 )
( Sucursal  87,  865, Cliente  5, 14372.622440066109 )
( Sucursal  87,  866, Cliente  6, 12481.946657128748 )
( Sucursal  87,  867, Cliente  7, 4477.218583531965 )
( Sucursal  87,  868, Cliente  8, 6100.2648370722245 )
( Sucursal  87,  869, Cliente  9, 8826.904202776384 )
( Sucursal  87,  870, Cliente 10, 28965.415539969195 )
( Sucursal  88,  871, Cliente  1, 16083.097811375457 )
( Sucursal  88,  872, Cliente  2, 23457.0961310267 )
( Sucursal  88,  873, Cliente  3, 16232.323029072091 )
( Sucursal  88,  874, Cliente  4, 28295.233087024422 )
( Sucursal  88,  875, Cliente  5, 18805.50561152821 )
( Sucursal  88,  876, Cliente  6, 22020.51028769933 )
( Sucursal  88,  877, Cliente  7, 10492.79654182102 )
( Sucursal  88,  878, Cliente  8, 16872.81633305934 )
( Sucursal  88,  879, Cliente  9, 12815.391235129278 )
( Sucursal  88,  880, Cliente 10, 15528.35078354828 )
( Sucursal  89,  881, Cliente  1, 20099.505987783727 )
( Sucursal  89,  882, Cliente  2, 11544.587222682509 )
( Sucursal  89,  883, Cliente  3, 7445.1950790626315 )
( Sucursal  89,  884, Cliente  4, 20133.978473527513 )
( Sucursal  89,  885, Cliente  5, 9798.156007330146 )
( Sucursal  89,  886, Cliente  6, 27662.432933123422 )
( Sucursal  89,  887, Cliente  7, 14694.516611511463 )
( Sucursal  89,  888, Cliente  8, 12729.088866269929 )
( Sucursal  89,  889, Cliente  9, 9354.249530566543 )
( Sucursal  89,  890, Cliente 10, 22638.5655865501 )
( Sucursal  90,  891, Cliente  1, 21073.768956963213 )
( Sucursal  90,  892, Cliente  2, 17680.796130932216 )
( Sucursal  90,  893, Cliente  3, 14770.81816637704 )
( Sucursal  90,  894, Cliente  4, 18757.437424836666 )
( Sucursal  90,  895, Cliente  5, 17425.564281596933 )
( Sucursal  90,  896, Cliente  6, 28398.107399883942 )
( Sucursal  90,  897, Cliente  7, 26077.428360232036 )
( Sucursal  90,  898, Cliente  8, 29038.994581828472 )
( Sucursal  90,  899, Cliente  9, 5793.817470272395 )
( Sucursal  90,  900, Cliente 10, 27421.19498067181 )
( Sucursal  91,  901, Cliente  1, 1492.0037678517062 )
( Sucursal  91,  902, Cliente  2, 25625.43393371981 )
( Sucursal  91,  903, Cliente  3, 8143.0839766586905 )
( Sucursal  91,  904, Cliente  4, 3758.5019528575654 )
( Sucursal  91,  905, Cliente  5, 12008.421506230903 )
( Sucursal  91,  906, Cliente  6, 18147.56046383411 )
( Sucursal  91,  907, Cliente  7, 25256.32170009331 )
( Sucursal  91,  908, Cliente  8, 14210.52349915272 )
( Sucursal  91,  909, Cliente  9, 21433.8000931599 )
( Sucursal  91,  910, Cliente 10, 7630.095759143082 )
( Sucursal  92,  911, Cliente  1, 24166.0275370609 )
( Sucursal  92,  912, Cliente  2, 9695.308245688038 )
( Sucursal  92,  913, Cliente  3, 22860.639375915158 )
( Sucursal  92,  914, Cliente  4, 16835.14180834415 )
( Sucursal  92,  915, Cliente  5, 10194.228800004581 )
( Sucursal  92,  916, Cliente  6, 22562.84110915425 )
( Sucursal  92,  917, Cliente  7, 9215.777333351034 )
( Sucursal  92,  918, Cliente  8, 15688.374484740723 )
( Sucursal  92,  919, Cliente  9, 5289.991755619361 )
( Sucursal  92,  920, Cliente 10, 7785.8090473659295 )
( Sucursal  93,  921, Cliente  1, 17672.223579058053 )
( Sucursal  93,  922, Cliente  2, 5116.384307278145 )
( Sucursal  93,  923, Cliente  3, 25473.282176868808 )
( Sucursal  93,  924, Cliente  4, 23540.52011826345 )
( Sucursal  93,  925, Cliente  5, 6175.940984231215 )
( Sucursal  93,  926, Cliente  6, 209.8372390285587 )
( Sucursal  93,  927, Cliente  7, 29803.22682082909 )
( Sucursal  93,  928, Cliente  8, 23333.61432240331 )
( Sucursal  93,  929, Cliente  9, 17076.20359284833 )
( Sucursal  93,  930, Cliente 10, 17953.134416931993 )
( Sucursal  94,  931, Cliente  1, 19001.4502860044 )
( Sucursal  94,  932, Cliente  2, 23502.212576958493 )
( Sucursal  94,  933, Cliente  3, 27596.401214501482 )
( Sucursal  94,  934, Cliente  4, 20498.64774703225 )
( Sucursal  94,  935, Cliente  5, 6957.396985759504 )
( Sucursal  94,  936, Cliente  6, 5900.953984918158 )
( Sucursal  94,  937, Cliente  7, 26521.349792607525 )
( Sucursal  94,  938, Cliente  8, 19031.127901909906 )
( Sucursal  94,  939, Cliente  9, 27653.61705887629 )
( Sucursal  94,  940, Cliente 10, 27897.52008287014 )
( Sucursal  95,  941, Cliente  1, 4923.257747932339 )
( Sucursal  95,  942, Cliente  2, 9641.444449619892 )
( Sucursal  95,  943, Cliente  3, 29041.86406188407 )
( Sucursal  95,  944, Cliente  4, 5835.786094264523 )
( Sucursal  95,  945, Cliente  5, 24968.110702652768 )
( Sucursal  95,  946, Cliente  6, 4946.858042712899 )
( Sucursal  95,  947, Cliente  7, 28807.37248940822 )
( Sucursal  95,  948, Cliente  8, 28883.22392593668 )
( Sucursal  95,  949, Cliente  9, 2590.578318515804 )
( Sucursal  95,  950, Cliente 10, 20514.924870818548 )
( Sucursal  96,  951, Cliente  1, 22233.77479422411 )
( Sucursal  96,  952, Cliente  2, 17039.657843708337 )
( Sucursal  96,  953, Cliente  3, 28053.184908618627 )
( Sucursal  96,  954, Cliente  4, 28301.117545138193 )
( Sucursal  96,  955, Cliente  5, 8988.473748707445 )
( Sucursal  96,  956, Cliente  6, 13607.50268491718 )
( Sucursal  96,  957, Cliente  7, 19515.47926456355 )
( Sucursal  96,  958, Cliente  8, 2284.2941881218044 )
( Sucursal  96,  959, Cliente  9, 4024.8282864944304 )
( Sucursal  96,  960, Cliente 10, 9820.821508307907 )
( Sucursal  97,  961, Cliente  1, 2986.599668505526 )
( Sucursal  97,  962, Cliente  2, 15074.43468668832 )
( Sucursal  97,  963, Cliente  3, 21283.50532934719 )
( Sucursal  97,  964, Cliente  4, 27384.30915047243 )
( Sucursal  97,  965, Cliente  5, 8432.869612429988 )
( Sucursal  97,  966, Cliente  6, 18076.091418827746 )
( Sucursal  97,  967, Cliente  7, 19955.704309853558 )
( Sucursal  97,  968, Cliente  8, 27339.052728456303 )
( Sucursal  97,  969, Cliente  9, 17932.354460957184 )
( Sucursal  97,  970, Cliente 10, 6649.7966242601005 )
( Sucursal  98,  971, Cliente  1, 10652.422178384386 )
( Sucursal  98,  972, Cliente  2, 4548.626779196681 )
( Sucursal  98,  973, Cliente  3, 6198.585706305797 )
( Sucursal  98,  974, Cliente  4, 27948.044271332627 )
( Sucursal  98,  975, Cliente  5, 5987.715520113393 )
( Sucursal  98,  976, Cliente  6, 17319.561933626424 )
( Sucursal  98,  977, Cliente  7, 29379.006186348164 )
( Sucursal  98,  978, Cliente  8, 29094.39487880626 )
( Sucursal  98,  979, Cliente  9, 1064.9885031030594 )
( Sucursal  98,  980, Cliente 10, 14177.072875496096 )
( Sucursal  99,  981, Cliente  1, 6559.367709803455 )
( Sucursal  99,  982, Cliente  2, 13286.768970518473 )
( Sucursal  99,  983, Cliente  3, 9719.990481900062 )
( Sucursal  99,  984, Cliente  4, 5107.146505552744 )
( Sucursal  99,  985, Cliente  5, 4207.542897565626 )
( Sucursal  99,  986, Cliente  6, 25711.864757441028 )
( Sucursal  99,  987, Cliente  7, 19935.70801583288 )
( Sucursal  99,  988, Cliente  8, 20502.276502886096 )
( Sucursal  99,  989, Cliente  9, 21679.49723859112 )
( Sucursal  99,  990, Cliente 10, 314.66722004409996 )
( Sucursal 100,  991, Cliente  1, 15111.624459731715 )
( Sucursal 100,  992, Cliente  2, 25582.884955901438 )
( Sucursal 100,  993, Cliente  3, 4217.432355469989 )
( Sucursal 100,  994, Cliente  4, 27246.267318069047 )
( Sucursal 100,  995, Cliente  5, 9924.35718794911 )
( Sucursal 100,  996, Cliente  6, 29459.99631661205 )
( Sucursal 100,  997, Cliente  7, 8773.468613595362 )
( Sucursal 100,  998, Cliente  8, 26272.131932364224 )
( Sucursal 100,  999, Cliente  9, 28171.618018338075 )
( Sucursal 100, 1000, Cliente 10, 16356.411138259375 )
