Se crearon 10 clientes en la Sucursal   1
Vuelta: 0.038940488 segundos;	Tiempo: 0.038944031

Se crearon 10 clientes en la Sucursal   2
Vuelta: 0.023560459 segundos;	Tiempo: 0.066735161

Se crearon 10 clientes en la Sucursal   3
Vuelta: 0.034728772 segundos;	Tiempo: 0.101563414

Se crearon 10 clientes en la Sucursal   4
Vuelta: 0.023613274 segundos;	Tiempo: 0.125269976

Se crearon 10 clientes en la Sucursal   5
Vuelta: 0.024890337 segundos;	Tiempo: 0.150257923

Se crearon 10 clientes en la Sucursal   6
Vuelta: 0.029166928 segundos;	Tiempo: 0.179530971

Se crearon 10 clientes en la Sucursal   7
Vuelta: 0.03506201 segundos;	Tiempo: 0.214714872

Se crearon 10 clientes en la Sucursal   8
Vuelta: 0.036895529 segundos;	Tiempo: 0.251712051

Se crearon 10 clientes en la Sucursal   9
Vuelta: 0.038751714 segundos;	Tiempo: 0.290588496

Se crearon 10 clientes en la Sucursal  10
Vuelta: 0.03508961 segundos;	Tiempo: 0.3258061

Se crearon 10 clientes en la Sucursal  11
Vuelta: 0.040252452 segundos;	Tiempo: 0.366157746

Se crearon 10 clientes en la Sucursal  12
Vuelta: 0.04304929 segundos;	Tiempo: 0.409311291

Se crearon 10 clientes en la Sucursal  13
Vuelta: 0.043133024 segundos;	Tiempo: 0.45254509

Se crearon 10 clientes en la Sucursal  14
Vuelta: 0.043777802 segundos;	Tiempo: 0.496430322

Se crearon 10 clientes en la Sucursal  15
Vuelta: 0.045373956 segundos;	Tiempo: 0.54190681

Se crearon 10 clientes en la Sucursal  16
Vuelta: 0.048328541 segundos;	Tiempo: 0.590324785

Se crearon 10 clientes en la Sucursal  17
Vuelta: 0.05195605 segundos;	Tiempo: 0.642382622

Se crearon 10 clientes en la Sucursal  18
Vuelta: 0.053841239 segundos;	Tiempo: 0.696366003

Se crearon 10 clientes en la Sucursal  19
Vuelta: 0.063468481 segundos;	Tiempo: 0.759938321

Se crearon 10 clientes en la Sucursal  20
Vuelta: 0.05963182 segundos;	Tiempo: 0.819669585

Se crearon 10 clientes en la Sucursal  21
Vuelta: 0.062339152 segundos;	Tiempo: 0.882100335

Se crearon 10 clientes en la Sucursal  22
Vuelta: 0.06656585 segundos;	Tiempo: 0.94874636

Se crearon 10 clientes en la Sucursal  23
Vuelta: 0.069114901 segundos;	Tiempo: 1.017949565

Se crearon 10 clientes en la Sucursal  24
Vuelta: 0.071387845 segundos;	Tiempo: 1.089433869

Se crearon 10 clientes en la Sucursal  25
Vuelta: 0.073657416 segundos;	Tiempo: 1.163176978

Se crearon 10 clientes en la Sucursal  26
Vuelta: 0.051482091 segundos;	Tiempo: 1.214717014

Se crearon 10 clientes en la Sucursal  27
Vuelta: 0.059368793 segundos;	Tiempo: 1.274184658

Se crearon 10 clientes en la Sucursal  28
Vuelta: 0.054757003 segundos;	Tiempo: 1.329011215

Se crearon 10 clientes en la Sucursal  29
Vuelta: 0.062963862 segundos;	Tiempo: 1.392033124

Se crearon 10 clientes en la Sucursal  30
Vuelta: 0.062203216 segundos;	Tiempo: 1.454304839

Se crearon 10 clientes en la Sucursal  31
Vuelta: 0.068879033 segundos;	Tiempo: 1.523284375

Se crearon 10 clientes en la Sucursal  32
Vuelta: 0.06352936 segundos;	Tiempo: 1.586883276

Se crearon 10 clientes en la Sucursal  33
Vuelta: 0.069330102 segundos;	Tiempo: 1.656351203

Se crearon 10 clientes en la Sucursal  34
Vuelta: 0.067381957 segundos;	Tiempo: 1.723823312

Se crearon 10 clientes en la Sucursal  35
Vuelta: 0.072242023 segundos;	Tiempo: 1.796126362

Se crearon 10 clientes en la Sucursal  36
Vuelta: 0.068287699 segundos;	Tiempo: 1.864478615

Se crearon 10 clientes en la Sucursal  37
Vuelta: 0.068794477 segundos;	Tiempo: 1.93332718

Se crearon 10 clientes en la Sucursal  38
Vuelta: 0.072987085 segundos;	Tiempo: 2.006417067

Se crearon 10 clientes en la Sucursal  39
Vuelta: 0.082408877 segundos;	Tiempo: 2.088883837

Se crearon 10 clientes en la Sucursal  40
Vuelta: 0.077013565 segundos;	Tiempo: 2.16595125

Se crearon 10 clientes en la Sucursal  41
Vuelta: 0.073874545 segundos;	Tiempo: 2.23988157

Se crearon 10 clientes en la Sucursal  42
Vuelta: 0.075084387 segundos;	Tiempo: 2.315022067

Se crearon 10 clientes en la Sucursal  43
Vuelta: 0.117245476 segundos;	Tiempo: 2.432323159

Se crearon 10 clientes en la Sucursal  44
Vuelta: 0.12473129 segundos;	Tiempo: 2.557180163

Se crearon 10 clientes en la Sucursal  45
Vuelta: 0.127098776 segundos;	Tiempo: 2.684363675

Se crearon 10 clientes en la Sucursal  46
Vuelta: 0.129792502 segundos;	Tiempo: 2.814242175

Se crearon 10 clientes en la Sucursal  47
Vuelta: 0.138760494 segundos;	Tiempo: 2.953087365

Se crearon 10 clientes en la Sucursal  48
Vuelta: 0.137912545 segundos;	Tiempo: 3.09108321

Se crearon 10 clientes en la Sucursal  49
Vuelta: 0.137819371 segundos;	Tiempo: 3.229021571

Se crearon 10 clientes en la Sucursal  50
Vuelta: 0.140923198 segundos;	Tiempo: 3.370027279

Se crearon 10 clientes en la Sucursal  51
Vuelta: 0.146746376 segundos;	Tiempo: 3.51686039

Se crearon 10 clientes en la Sucursal  52
Vuelta: 0.147623564 segundos;	Tiempo: 3.664566824

Se crearon 10 clientes en la Sucursal  53
Vuelta: 0.149792579 segundos;	Tiempo: 3.814445001

Se crearon 10 clientes en la Sucursal  54
Vuelta: 0.102983605 segundos;	Tiempo: 3.917511689

Se crearon 10 clientes en la Sucursal  55
Vuelta: 0.098132822 segundos;	Tiempo: 4.015760971

Se crearon 10 clientes en la Sucursal  56
Vuelta: 0.106658487 segundos;	Tiempo: 4.122511861

Se crearon 10 clientes en la Sucursal  57
Vuelta: 0.111213065 segundos;	Tiempo: 4.233781299

Se crearon 10 clientes en la Sucursal  58
Vuelta: 0.097083598 segundos;	Tiempo: 4.33095235

Se crearon 10 clientes en la Sucursal  59
Vuelta: 0.116246896 segundos;	Tiempo: 4.44725502

Se crearon 10 clientes en la Sucursal  60
Vuelta: 0.10671995 segundos;	Tiempo: 4.554067031

Se crearon 10 clientes en la Sucursal  61
Vuelta: 0.122379928 segundos;	Tiempo: 4.676510659

Se crearon 10 clientes en la Sucursal  62
Vuelta: 0.120114616 segundos;	Tiempo: 4.796737639

Se crearon 10 clientes en la Sucursal  63
Vuelta: 0.126854917 segundos;	Tiempo: 4.9237194

Se crearon 10 clientes en la Sucursal  64
Vuelta: 0.122435405 segundos;	Tiempo: 5.046215117

Se crearon 10 clientes en la Sucursal  65
Vuelta: 0.121744009 segundos;	Tiempo: 5.168281223

Se crearon 10 clientes en la Sucursal  66
Vuelta: 0.119128232 segundos;	Tiempo: 5.287507495

Se crearon 10 clientes en la Sucursal  67
Vuelta: 0.125304985 segundos;	Tiempo: 5.4128706

Se crearon 10 clientes en la Sucursal  68
Vuelta: 0.17854757 segundos;	Tiempo: 5.591494683

Se crearon 10 clientes en la Sucursal  69
Vuelta: 0.137537836 segundos;	Tiempo: 5.729117557

Se crearon 10 clientes en la Sucursal  70
Vuelta: 0.136351054 segundos;	Tiempo: 5.865519492

Se crearon 10 clientes en la Sucursal  71
Vuelta: 0.134215504 segundos;	Tiempo: 5.999793108

Se crearon 10 clientes en la Sucursal  72
Vuelta: 0.144171298 segundos;	Tiempo: 6.144069922

Se crearon 10 clientes en la Sucursal  73
Vuelta: 0.135295722 segundos;	Tiempo: 6.279417373

Se crearon 10 clientes en la Sucursal  74
Vuelta: 0.141267935 segundos;	Tiempo: 6.420734772

Se crearon 10 clientes en la Sucursal  75
Vuelta: 0.135860611 segundos;	Tiempo: 6.556661632

Se crearon 10 clientes en la Sucursal  76
Vuelta: 0.135948276 segundos;	Tiempo: 6.692660031

Se crearon 10 clientes en la Sucursal  77
Vuelta: 0.1540829 segundos;	Tiempo: 6.846849028

Se crearon 10 clientes en la Sucursal  78
Vuelta: 0.145939759 segundos;	Tiempo: 6.992849475

Se crearon 10 clientes en la Sucursal  79
Vuelta: 0.150904434 segundos;	Tiempo: 7.143813396

Se crearon 10 clientes en la Sucursal  80
Vuelta: 0.155539983 segundos;	Tiempo: 7.299444522

Se crearon 10 clientes en la Sucursal  81
Vuelta: 0.148719593 segundos;	Tiempo: 7.448215882

Se crearon 10 clientes en la Sucursal  82
Vuelta: 0.159009565 segundos;	Tiempo: 7.607310275

Se crearon 10 clientes en la Sucursal  83
Vuelta: 0.148071731 segundos;	Tiempo: 7.755458999

Se crearon 10 clientes en la Sucursal  84
Vuelta: 0.162803763 segundos;	Tiempo: 7.91831276

Se crearon 10 clientes en la Sucursal  85
Vuelta: 0.161872707 segundos;	Tiempo: 8.080246109

Se crearon 10 clientes en la Sucursal  86
Vuelta: 0.167557324 segundos;	Tiempo: 8.24788837

Se crearon 10 clientes en la Sucursal  87
Vuelta: 0.170976367 segundos;	Tiempo: 8.418950384

Se crearon 10 clientes en la Sucursal  88
Vuelta: 0.168389296 segundos;	Tiempo: 8.587425697

Se crearon 10 clientes en la Sucursal  89
Vuelta: 0.175622681 segundos;	Tiempo: 8.763100115

Se crearon 10 clientes en la Sucursal  90
Vuelta: 0.170936674 segundos;	Tiempo: 8.93409714

Se crearon 10 clientes en la Sucursal  91
Vuelta: 0.165118696 segundos;	Tiempo: 9.099272548

Se crearon 10 clientes en la Sucursal  92
Vuelta: 0.171421993 segundos;	Tiempo: 9.270744516

Se crearon 10 clientes en la Sucursal  93
Vuelta: 0.170480861 segundos;	Tiempo: 9.44127703

Se crearon 10 clientes en la Sucursal  94
Vuelta: 0.188530414 segundos;	Tiempo: 9.629899403

Se crearon 10 clientes en la Sucursal  95
Vuelta: 0.182885442 segundos;	Tiempo: 9.812980315

Se crearon 10 clientes en la Sucursal  96
Vuelta: 0.178755467 segundos;	Tiempo: 9.991786154

Se crearon 10 clientes en la Sucursal  97
Vuelta: 0.188444822 segundos;	Tiempo: 10.180362231

Se crearon 10 clientes en la Sucursal  98
Vuelta: 0.198475147 segundos;	Tiempo: 10.378927771

Se crearon 10 clientes en la Sucursal  99
Vuelta: 0.2021657 segundos;	Tiempo: 10.58119005

Se crearon 10 clientes en la Sucursal 100
Vuelta: 0.191658033 segundos;	Tiempo: 10.772928205

Tiempo Total: 10.772928205 segundos

Numero de entradas: 10
( Sucursal   1,    0 )
( Sucursal  11,  100 )
( Sucursal  21,  200 )
( Sucursal  31,  300 )
( Sucursal  41,  400 )
( Sucursal  51,  500 )
( Sucursal  61,  600 )
( Sucursal  71,  700 )
( Sucursal  81,  800 )
( Sucursal  91,  900 )
Numero de registros: 1000
( Sucursal   1,    1, Cliente  1, 22738.205716892135 )
( Sucursal   1,    2, Cliente  2, 6470.019052058505 )
( Sucursal   1,    3, Cliente  3, 11522.534906709016 )
( Sucursal   1,    4, Cliente  4, 7898.672054989486 )
( Sucursal   1,    5, Cliente  5, 3346.5988347350526 )
( Sucursal   1,    6, Cliente  6, 13358.19839116368 )
( Sucursal   1,    7, Cliente  7, 26728.821064272717 )
( Sucursal   1,    8, Cliente  8, 18149.081465607072 )
( Sucursal   1,    9, Cliente  9, 5454.639143564546 )
( Sucursal   1,   10, Cliente 10, 21455.525751745758 )
( Sucursal   2,   11, Cliente  1, 4071.07336440532 )
( Sucursal   2,   12, Cliente  2, 1905.2962819569623 )
( Sucursal   2,   13, Cliente  3, 18587.184071423475 )
( Sucursal   2,   14, Cliente  4, 2574.1863180660002 )
( Sucursal   2,   15, Cliente  5, 13706.296922002572 )
( Sucursal   2,   16, Cliente  6, 18238.344160214063 )
( Sucursal   2,   17, Cliente  7, 11282.145082365074 )
( Sucursal   2,   18, Cliente  8, 13060.081678869883 )
( Sucursal   2,   19, Cliente  9, 27879.429692359114 )
( Sucursal   2,   20, Cliente 10, 4794.2728619435 )
( Sucursal   3,   21, Cliente  1, 11856.863547701789 )
( Sucursal   3,   22, Cliente  2, 7966.907400142917 )
( Sucursal   3,   23, Cliente  3, 18832.527460099678 )
( Sucursal   3,   24, Cliente  4, 8045.725006619638 )
( Sucursal   3,   25, Cliente  5, 9695.860611505688 )
( Sucursal   3,   26, Cliente  6, 23402.383649175605 )
( Sucursal   3,   27, Cliente  7, 17413.092713338094 )
( Sucursal   3,   28, Cliente  8, 29857.65114900985 )
( Sucursal   3,   29, Cliente  9, 23939.959374369606 )
( Sucursal   3,   30, Cliente 10, 7761.460242500163 )
( Sucursal   4,   31, Cliente  1, 15349.64456625594 )
( Sucursal   4,   32, Cliente  2, 1809.9536599120024 )
( Sucursal   4,   33, Cliente  3, 16759.24258710967 )
( Sucursal   4,   34, Cliente  4, 10811.372216456712 )
( Sucursal   4,   35, Cliente  5, 12566.623250177088 )
( Sucursal   4,   36, Cliente  6, 3500.496446582996 )
( Sucursal   4,   37, Cliente  7, 5156.198142417037 )
( Sucursal   4,   38, Cliente  8, 5795.400737821776 )
( Sucursal   4,   39, Cliente  9, 18280.822114954957 )
( Sucursal   4,   40, Cliente 10, 20683.40014444687 )
( Sucursal   5,   41, Cliente  1, 27516.05782770427 )
( Sucursal   5,   42, Cliente  2, 4990.14054734541 )
( Sucursal   5,   43, Cliente  3, 25590.133212459303 )
( Sucursal   5,   44, Cliente  4, 14534.480183167027 )
( Sucursal   5,   45, Cliente  5, 748.0135429457384 )
( Sucursal   5,   46, Cliente  6, 11178.139704739338 )
( Sucursal   5,   47, Cliente  7, 26715.060213341087 )
( Sucursal   5,   48, Cliente  8, 680.8555824393059 )
( Sucursal   5,   49, Cliente  9, 4024.419739076131 )
( Sucursal   5,   50, Cliente 10, 2069.8136460758124 )
( Sucursal   6,   51, Cliente  1, 19984.24543018532 )
( Sucursal   6,   52, Cliente  2, 13261.37149585992 )
( Sucursal   6,   53, Cliente  3, 22882.778376099457 )
( Sucursal   6,   54, Cliente  4, 373.8851061663898 )
( Sucursal   6,   55, Cliente  5, 8973.717717102318 )
( Sucursal   6,   56, Cliente  6, 29273.94819712515 )
( Sucursal   6,   57, Cliente  7, 5113.906202764674 )
( Sucursal   6,   58, Cliente  8, 26688.131577894077 )
( Sucursal   6,   59, Cliente  9, 29512.135978695413 )
( Sucursal   6,   60, Cliente 10, 2312.2706683915703 )
( Sucursal   7,   61, Cliente  1, 27995.150654191646 )
( Sucursal   7,   62, Cliente  2, 23475.04445804643 )
( Sucursal   7,   63, Cliente  3, 22346.16068247664 )
( Sucursal   7,   64, Cliente  4, 12795.584919119894 )
( Sucursal   7,   65, Cliente  5, 13211.127622925296 )
( Sucursal   7,   66, Cliente  6, 18287.038718876043 )
( Sucursal   7,   67, Cliente  7, 4443.430900413825 )
( Sucursal   7,   68, Cliente  8, 4548.154486318532 )
( Sucursal   7,   69, Cliente  9, 7061.493566611166 )
( Sucursal   7,   70, Cliente 10, 25896.154487012314 )
( Sucursal   8,   71, Cliente  1, 28346.281067280157 )
( Sucursal   8,   72, Cliente  2, 7236.583095888753 )
( Sucursal   8,   73, Cliente  3, 7774.071266541222 )
( Sucursal   8,   74, Cliente  4, 13614.908893618827 )
( Sucursal   8,   75, Cliente  5, 26140.859290457334 )
( Sucursal   8,   76, Cliente  6, 27721.067050009064 )
( Sucursal   8,   77, Cliente  7, 24469.862699989986 )
( Sucursal   8,   78, Cliente  8, 10714.558325718845 )
( Sucursal   8,   79, Cliente  9, 18437.753569843506 )
( Sucursal   8,   80, Cliente 10, 642.5939945741561 )
( Sucursal   9,   81, Cliente  1, 5133.892796707307 )
( Sucursal   9,   82, Cliente  2, 28472.61711686358 )
( Sucursal   9,   83, Cliente  3, 13645.135320007279 )
( Sucursal   9,   84, Cliente  4, 13865.642816316142 )
( Sucursal   9,   85, Cliente  5, 18723.61070181031 )
( Sucursal   9,   86, Cliente  6, 8235.797527123223 )
( Sucursal   9,   87, Cliente  7, 26130.089597068138 )
( Sucursal   9,   88, Cliente  8, 5935.98014754925 )
( Sucursal   9,   89, Cliente  9, 1322.1858122780616 )
( Sucursal   9,   90, Cliente 10, 6036.979557773146 )
( Sucursal  10,   91, Cliente  1, 26828.268268388576 )
( Sucursal  10,   92, Cliente  2, 8070.583602400139 )
( Sucursal  10,   93, Cliente  3, 22908.609687016706 )
( Sucursal  10,   94, Cliente  4, 14550.635399269055 )
( Sucursal  10,   95, Cliente  5, 27431.051572175726 )
( Sucursal  10,   96, Cliente  6, 14836.03731487892 )
( Sucursal  10,   97, Cliente  7, 1141.6951697361249 )
( Sucursal  10,   98, Cliente  8, 27166.677566788952 )
( Sucursal  10,   99, Cliente  9, 5715.073806085375 )
( Sucursal  10,  100, Cliente 10, 11339.272980946296 )
( Sucursal  11,  101, Cliente  1, 5199.842689694794 )
( Sucursal  11,  102, Cliente  2, 8524.58228350099 )
( Sucursal  11,  103, Cliente  3, 8221.584122817112 )
( Sucursal  11,  104, Cliente  4, 28839.334920229005 )
( Sucursal  11,  105, Cliente  5, 25207.60556890395 )
( Sucursal  11,  106, Cliente  6, 28751.68894322861 )
( Sucursal  11,  107, Cliente  7, 5692.19250571859 )
( Sucursal  11,  108, Cliente  8, 6344.262944071691 )
( Sucursal  11,  109, Cliente  9, 2287.6544344247936 )
( Sucursal  11,  110, Cliente 10, 14632.935936013288 )
( Sucursal  12,  111, Cliente  1, 6184.934493963987 )
( Sucursal  12,  112, Cliente  2, 1989.2681849502792 )
( Sucursal  12,  113, Cliente  3, 24062.275856668348 )
( Sucursal  12,  114, Cliente  4, 17877.231813037637 )
( Sucursal  12,  115, Cliente  5, 22359.47434272108 )
( Sucursal  12,  116, Cliente  6, 24442.904012441213 )
( Sucursal  12,  117, Cliente  7, 154.52409098973496 )
( Sucursal  12,  118, Cliente  8, 7125.913205080091 )
( Sucursal  12,  119, Cliente  9, 2198.010483507094 )
( Sucursal  12,  120, Cliente 10, 16048.676880847337 )
( Sucursal  13,  121, Cliente  1, 24649.242733151572 )
( Sucursal  13,  122, Cliente  2, 12912.959220904297 )
( Sucursal  13,  123, Cliente  3, 2283.751870997947 )
( Sucursal  13,  124, Cliente  4, 10194.162800737215 )
( Sucursal  13,  125, Cliente  5, 10828.149173162556 )
( Sucursal  13,  126, Cliente  6, 26594.981040003644 )
( Sucursal  13,  127, Cliente  7, 21977.74980442193 )
( Sucursal  13,  128, Cliente  8, 29444.748209033438 )
( Sucursal  13,  129, Cliente  9, 4690.673448348658 )
( Sucursal  13,  130, Cliente 10, 26534.897998979035 )
( Sucursal  14,  131, Cliente  1, 15477.549028135603 )
( Sucursal  14,  132, Cliente  2, 24507.390418813317 )
( Sucursal  14,  133, Cliente  3, 23796.19054697251 )
( Sucursal  14,  134, Cliente  4, 20369.263246905066 )
( Sucursal  14,  135, Cliente  5, 8934.254295292876 )
( Sucursal  14,  136, Cliente  6, 13959.945135994814 )
( Sucursal  14,  137, Cliente  7, 14607.981594261035 )
( Sucursal  14,  138, Cliente  8, 24454.97380361366 )
( Sucursal  14,  139, Cliente  9, 4789.051597099732 )
( Sucursal  14,  140, Cliente 10, 19402.588170222203 )
( Sucursal  15,  141, Cliente  1, 26553.38441743743 )
( Sucursal  15,  142, Cliente  2, 2067.6352601536732 )
( Sucursal  15,  143, Cliente  3, 23377.356868082225 )
( Sucursal  15,  144, Cliente  4, 14892.072124844726 )
( Sucursal  15,  145, Cliente  5, 27579.49337773513 )
( Sucursal  15,  146, Cliente  6, 10412.320560675034 )
( Sucursal  15,  147, Cliente  7, 29894.787392869814 )
( Sucursal  15,  148, Cliente  8, 9568.641279083286 )
( Sucursal  15,  149, Cliente  9, 27121.46346197317 )
( Sucursal  15,  150, Cliente 10, 26785.07866624599 )
( Sucursal  16,  151, Cliente  1, 15072.073055497258 )
( Sucursal  16,  152, Cliente  2, 6788.33362783109 )
( Sucursal  16,  153, Cliente  3, 22424.575582937156 )
( Sucursal  16,  154, Cliente  4, 6747.908413659513 )
( Sucursal  16,  155, Cliente  5, 17423.24197817352 )
( Sucursal  16,  156, Cliente  6, 8251.752180932326 )
( Sucursal  16,  157, Cliente  7, 18857.489192260655 )
( Sucursal  16,  158, Cliente  8, 24077.811536136676 )
( Sucursal  16,  159, Cliente  9, 8345.316408460281 )
( Sucursal  16,  160, Cliente 10, 22345.39349087182 )
( Sucursal  17,  161, Cliente  1, 4162.6079303594815 )
( Sucursal  17,  162, Cliente  2, 6365.192647922622 )
( Sucursal  17,  163, Cliente  3, 9652.35998176016 )
( Sucursal  17,  164, Cliente  4, 29400.062153442323 )
( Sucursal  17,  165, Cliente  5, 14744.94328220269 )
( Sucursal  17,  166, Cliente  6, 16796.461178965284 )
( Sucursal  17,  167, Cliente  7, 21490.816016647987 )
( Sucursal  17,  168, Cliente  8, 22922.18462120735 )
( Sucursal  17,  169, Cliente  9, 3476.9232940153393 )
( Sucursal  17,  170, Cliente 10, 9255.217462473334 )
( Sucursal  18,  171, Cliente  1, 27961.250026187427 )
( Sucursal  18,  172, Cliente  2, 16956.57655994904 )
( Sucursal  18,  173, Cliente  3, 16731.682839849625 )
( Sucursal  18,  174, Cliente  4, 5466.500942601862 )
( Sucursal  18,  175, Cliente  5, 6513.521417579503 )
( Sucursal  18,  176, Cliente  6, 3207.7764006139328 )
( Sucursal  18,  177, Cliente  7, 14087.184448776987 )
( Sucursal  18,  178, Cliente  8, 25034.976394317044 )
( Sucursal  18,  179, Cliente  9, 20218.5502446423 )
( Sucursal  18,  180, Cliente 10, 18176.690724413187 )
( Sucursal  19,  181, Cliente  1, 2458.2013459517325 )
( Sucursal  19,  182, Cliente  2, 1414.3187878395756 )
( Sucursal  19,  183, Cliente  3, 13028.138736640336 )
( Sucursal  19,  184, Cliente  4, 22745.558329117215 )
( Sucursal  19,  185, Cliente  5, 13912.426824488544 )
( Sucursal  19,  186, Cliente  6, 20124.763935126986 )
( Sucursal  19,  187, Cliente  7, 9957.874398761885 )
( Sucursal  19,  188, Cliente  8, 28303.73237908319 )
( Sucursal  19,  189, Cliente  9, 19194.794222042903 )
( Sucursal  19,  190, Cliente 10, 11598.627454485164 )
( Sucursal  20,  191, Cliente  1, 10185.97151634948 )
( Sucursal  20,  192, Cliente  2, 13993.145376658285 )
( Sucursal  20,  193, Cliente  3, 14077.94418155124 )
( Sucursal  20,  194, Cliente  4, 4969.619922451432 )
( Sucursal  20,  195, Cliente  5, 4554.4922353226 )
( Sucursal  20,  196, Cliente  6, 17832.71302517708 )
( Sucursal  20,  197, Cliente  7, 3871.7879045294676 )
( Sucursal  20,  198, Cliente  8, 24786.89887222322 )
( Sucursal  20,  199, Cliente  9, 4003.4152011239853 )
( Sucursal  20,  200, Cliente 10, 1488.1535026942424 )
( Sucursal  21,  201, Cliente  1, 27493.128639689174 )
( Sucursal  21,  202, Cliente  2, 15676.101913566888 )
( Sucursal  21,  203, Cliente  3, 4508.1549599133805 )
( Sucursal  21,  204, Cliente  4, 3254.410608375522 )
( Sucursal  21,  205, Cliente  5, 2083.121362731398 )
( Sucursal  21,  206, Cliente  6, 26291.025282869603 )
( Sucursal  21,  207, Cliente  7, 18518.987424144732 )
( Sucursal  21,  208, Cliente  8, 28638.159063928262 )
( Sucursal  21,  209, Cliente  9, 5705.555563979866 )
( Sucursal  21,  210, Cliente 10, 21016.180218102876 )
( Sucursal  22,  211, Cliente  1, 14903.138401491979 )
( Sucursal  22,  212, Cliente  2, 29647.068497809105 )
( Sucursal  22,  213, Cliente  3, 1289.3338134825867 )
( Sucursal  22,  214, Cliente  4, 16150.3868307912 )
( Sucursal  22,  215, Cliente  5, 24991.131700959282 )
( Sucursal  22,  216, Cliente  6, 23046.895248464632 )
( Sucursal  22,  217, Cliente  7, 9515.927190402814 )
( Sucursal  22,  218, Cliente  8, 2529.4070602571514 )
( Sucursal  22,  219, Cliente  9, 27392.90204766062 )
( Sucursal  22,  220, Cliente 10, 759.3374030917395 )
( Sucursal  23,  221, Cliente  1, 6249.358040748507 )
( Sucursal  23,  222, Cliente  2, 13125.639895279372 )
( Sucursal  23,  223, Cliente  3, 525.9755625413711 )
( Sucursal  23,  224, Cliente  4, 18167.485667197074 )
( Sucursal  23,  225, Cliente  5, 19196.25190560384 )
( Sucursal  23,  226, Cliente  6, 14420.63650180368 )
( Sucursal  23,  227, Cliente  7, 8333.136301783294 )
( Sucursal  23,  228, Cliente  8, 17317.64410419907 )
( Sucursal  23,  229, Cliente  9, 5465.866612339794 )
( Sucursal  23,  230, Cliente 10, 4441.086540070037 )
( Sucursal  24,  231, Cliente  1, 5993.388529632088 )
( Sucursal  24,  232, Cliente  2, 20325.881830112456 )
( Sucursal  24,  233, Cliente  3, 23553.380860317357 )
( Sucursal  24,  234, Cliente  4, 7525.157067223222 )
( Sucursal  24,  235, Cliente  5, 25863.901265648055 )
( Sucursal  24,  236, Cliente  6, 8028.517415949884 )
( Sucursal  24,  237, Cliente  7, 23114.87196161798 )
( Sucursal  24,  238, Cliente  8, 17992.85828982834 )
( Sucursal  24,  239, Cliente  9, 1161.2247482883347 )
( Sucursal  24,  240, Cliente 10, 13656.795950021891 )
( Sucursal  25,  241, Cliente  1, 17934.78484611876 )
( Sucursal  25,  242, Cliente  2, 16404.410360506445 )
( Sucursal  25,  243, Cliente  3, 28304.127393805138 )
( Sucursal  25,  244, Cliente  4, 16673.14969246867 )
( Sucursal  25,  245, Cliente  5, 9896.428294602354 )
( Sucursal  25,  246, Cliente  6, 22805.668148262725 )
( Sucursal  25,  247, Cliente  7, 19470.780762415998 )
( Sucursal  25,  248, Cliente  8, 4957.596469731769 )
( Sucursal  25,  249, Cliente  9, 27158.18219888448 )
( Sucursal  25,  250, Cliente 10, 484.259619950834 )
( Sucursal  26,  251, Cliente  1, 19621.481100507397 )
( Sucursal  26,  252, Cliente  2, 4516.222733949547 )
( Sucursal  26,  253, Cliente  3, 21432.235622043616 )
( Sucursal  26,  254, Cliente  4, 28809.256716051023 )
( Sucursal  26,  255, Cliente  5, 16725.25925818784 )
( Sucursal  26,  256, Cliente  6, 17940.7659979094 )
( Sucursal  26,  257, Cliente  7, 7716.40489139163 )
( Sucursal  26,  258, Cliente  8, 13050.480386617224 )
( Sucursal  26,  259, Cliente  9, 9788.164105946064 )
( Sucursal  26,  260, Cliente 10, 8165.786426056959 )
( Sucursal  27,  261, Cliente  1, 4088.296772972256 )
( Sucursal  27,  262, Cliente  2, 16965.796348200693 )
( Sucursal  27,  263, Cliente  3, 1163.9810632955757 )
( Sucursal  27,  264, Cliente  4, 13641.876351376603 )
( Sucursal  27,  265, Cliente  5, 29294.818702301865 )
( Sucursal  27,  266, Cliente  6, 3963.732554453736 )
( Sucursal  27,  267, Cliente  7, 22326.352498807202 )
( Sucursal  27,  268, Cliente  8, 5466.11028598708 )
( Sucursal  27,  269, Cliente  9, 10605.918555437149 )
( Sucursal  27,  270, Cliente 10, 25968.47631292703 )
( Sucursal  28,  271, Cliente  1, 13349.221309888466 )
( Sucursal  28,  272, Cliente  2, 20221.19130515052 )
( Sucursal  28,  273, Cliente  3, 6890.974153450355 )
( Sucursal  28,  274, Cliente  4, 4660.197784924948 )
( Sucursal  28,  275, Cliente  5, 313.142296850301 )
( Sucursal  28,  276, Cliente  6, 15603.996913855817 )
( Sucursal  28,  277, Cliente  7, 965.9188370069951 )
( Sucursal  28,  278, Cliente  8, 11592.229104465416 )
( Sucursal  28,  279, Cliente  9, 10177.313158032119 )
( Sucursal  28,  280, Cliente 10, 15357.147069651535 )
( Sucursal  29,  281, Cliente  1, 26436.71368208825 )
( Sucursal  29,  282, Cliente  2, 16250.428855874816 )
( Sucursal  29,  283, Cliente  3, 27701.41082418683 )
( Sucursal  29,  284, Cliente  4, 10264.982201750689 )
( Sucursal  29,  285, Cliente  5, 6018.4291513123835 )
( Sucursal  29,  286, Cliente  6, 29171.323768000166 )
( Sucursal  29,  287, Cliente  7, 13806.807241265411 )
( Sucursal  29,  288, Cliente  8, 8923.116863637857 )
( Sucursal  29,  289, Cliente  9, 11951.908398347048 )
( Sucursal  29,  290, Cliente 10, 5425.701833542851 )
( Sucursal  30,  291, Cliente  1, 4562.354226432221 )
( Sucursal  30,  292, Cliente  2, 27467.205284138156 )
( Sucursal  30,  293, Cliente  3, 3657.042350475322 )
( Sucursal  30,  294, Cliente  4, 11427.890621885823 )
( Sucursal  30,  295, Cliente  5, 26654.216196148936 )
( Sucursal  30,  296, Cliente  6, 3698.418290583029 )
( Sucursal  30,  297, Cliente  7, 1384.5461073670826 )
( Sucursal  30,  298, Cliente  8, 1747.916078024276 )
( Sucursal  30,  299, Cliente  9, 15372.614229615068 )
( Sucursal  30,  300, Cliente 10, 20058.478651384416 )
( Sucursal  31,  301, Cliente  1, 1014.0142912882866 )
( Sucursal  31,  302, Cliente  2, 6082.39321038613 )
( Sucursal  31,  303, Cliente  3, 28399.239343464702 )
( Sucursal  31,  304, Cliente  4, 27649.868773171733 )
( Sucursal  31,  305, Cliente  5, 3420.851297994029 )
( Sucursal  31,  306, Cliente  6, 28268.833639424167 )
( Sucursal  31,  307, Cliente  7, 5691.257360115957 )
( Sucursal  31,  308, Cliente  8, 24858.240741750695 )
( Sucursal  31,  309, Cliente  9, 16312.155485603042 )
( Sucursal  31,  310, Cliente 10, 10917.4205604029 )
( Sucursal  32,  311, Cliente  1, 19609.302006827478 )
( Sucursal  32,  312, Cliente  2, 20186.9377286728 )
( Sucursal  32,  313, Cliente  3, 29656.651425850217 )
( Sucursal  32,  314, Cliente  4, 23508.001050004845 )
( Sucursal  32,  315, Cliente  5, 21299.81906318914 )
( Sucursal  32,  316, Cliente  6, 19976.61274532474 )
( Sucursal  32,  317, Cliente  7, 20291.41880669243 )
( Sucursal  32,  318, Cliente  8, 16570.713570428514 )
( Sucursal  32,  319, Cliente  9, 24267.18649144431 )
( Sucursal  32,  320, Cliente 10, 20081.910764822176 )
( Sucursal  33,  321, Cliente  1, 6978.377098766339 )
( Sucursal  33,  322, Cliente  2, 9995.64841122891 )
( Sucursal  33,  323, Cliente  3, 28808.76457572107 )
( Sucursal  33,  324, Cliente  4, 11441.35329686781 )
( Sucursal  33,  325, Cliente  5, 24205.734999200307 )
( Sucursal  33,  326, Cliente  6, 7691.095709095481 )
( Sucursal  33,  327, Cliente  7, 861.3108181351564 )
( Sucursal  33,  328, Cliente  8, 3899.412573983248 )
( Sucursal  33,  329, Cliente  9, 29992.20314074496 )
( Sucursal  33,  330, Cliente 10, 24547.005439344804 )
( Sucursal  34,  331, Cliente  1, 18642.495699041414 )
( Sucursal  34,  332, Cliente  2, 720.6339049231084 )
( Sucursal  34,  333, Cliente  3, 550.590722824592 )
( Sucursal  34,  334, Cliente  4, 9472.723410994644 )
( Sucursal  34,  335, Cliente  5, 7881.121764840126 )
( Sucursal  34,  336, Cliente  6, 16980.602245779533 )
( Sucursal  34,  337, Cliente  7, 15486.824157415938 )
( Sucursal  34,  338, Cliente  8, 20623.429591194134 )
( Sucursal  34,  339, Cliente  9, 22368.547084697762 )
( Sucursal  34,  340, Cliente 10, 514.9094125806741 )
( Sucursal  35,  341, Cliente  1, 17870.79709014234 )
( Sucursal  35,  342, Cliente  2, 4952.827461019571 )
( Sucursal  35,  343, Cliente  3, 20216.052741305495 )
( Sucursal  35,  344, Cliente  4, 20577.887007636557 )
( Sucursal  35,  345, Cliente  5, 11134.27358414647 )
( Sucursal  35,  346, Cliente  6, 20412.08972109365 )
( Sucursal  35,  347, Cliente  7, 12718.39961957182 )
( Sucursal  35,  348, Cliente  8, 4560.9346299020635 )
( Sucursal  35,  349, Cliente  9, 21653.852562571985 )
( Sucursal  35,  350, Cliente 10, 4442.2632054538535 )
( Sucursal  36,  351, Cliente  1, 26356.228420775267 )
( Sucursal  36,  352, Cliente  2, 22433.9719006341 )
( Sucursal  36,  353, Cliente  3, 26060.36268595003 )
( Sucursal  36,  354, Cliente  4, 24315.497048818735 )
( Sucursal  36,  355, Cliente  5, 20929.659647115444 )
( Sucursal  36,  356, Cliente  6, 4069.679378493782 )
( Sucursal  36,  357, Cliente  7, 16415.849724319414 )
( Sucursal  36,  358, Cliente  8, 17722.531301655177 )
( Sucursal  36,  359, Cliente  9, 27147.848163903618 )
( Sucursal  36,  360, Cliente 10, 19053.185830684877 )
( Sucursal  37,  361, Cliente  1, 22526.876783014424 )
( Sucursal  37,  362, Cliente  2, 333.52755787187033 )
( Sucursal  37,  363, Cliente  3, 6198.322477234259 )
( Sucursal  37,  364, Cliente  4, 1392.0950932241515 )
( Sucursal  37,  365, Cliente  5, 6233.818436684617 )
( Sucursal  37,  366, Cliente  6, 16024.698651724859 )
( Sucursal  37,  367, Cliente  7, 12840.345975869845 )
( Sucursal  37,  368, Cliente  8, 3002.604844093249 )
( Sucursal  37,  369, Cliente  9, 27728.984007194187 )
( Sucursal  37,  370, Cliente 10, 14190.322480195635 )
( Sucursal  38,  371, Cliente  1, 6224.783402091149 )
( Sucursal  38,  372, Cliente  2, 8882.407722032436 )
( Sucursal  38,  373, Cliente  3, 15272.760907550111 )
( Sucursal  38,  374, Cliente  4, 8181.372543720362 )
( Sucursal  38,  375, Cliente  5, 2637.5543535977395 )
( Sucursal  38,  376, Cliente  6, 26950.21640916252 )
( Sucursal  38,  377, Cliente  7, 3279.893640510821 )
( Sucursal  38,  378, Cliente  8, 422.226803668803 )
( Sucursal  38,  379, Cliente  9, 28890.80152652442 )
( Sucursal  38,  380, Cliente 10, 28403.756875077303 )
( Sucursal  39,  381, Cliente  1, 9020.575856741267 )
( Sucursal  39,  382, Cliente  2, 4010.8632152202176 )
( Sucursal  39,  383, Cliente  3, 29136.0601846574 )
( Sucursal  39,  384, Cliente  4, 24616.53686460802 )
( Sucursal  39,  385, Cliente  5, 14447.932484839144 )
( Sucursal  39,  386, Cliente  6, 27645.035304729183 )
( Sucursal  39,  387, Cliente  7, 19697.183417559027 )
( Sucursal  39,  388, Cliente  8, 14396.176236864885 )
( Sucursal  39,  389, Cliente  9, 22828.820851551594 )
( Sucursal  39,  390, Cliente 10, 4274.984521146431 )
( Sucursal  40,  391, Cliente  1, 17310.293644137906 )
( Sucursal  40,  392, Cliente  2, 23209.834504740913 )
( Sucursal  40,  393, Cliente  3, 22761.770298848693 )
( Sucursal  40,  394, Cliente  4, 5055.606710792129 )
( Sucursal  40,  395, Cliente  5, 7862.300124448342 )
( Sucursal  40,  396, Cliente  6, 10305.639425363308 )
( Sucursal  40,  397, Cliente  7, 4516.214225882974 )
( Sucursal  40,  398, Cliente  8, 14524.128588984266 )
( Sucursal  40,  399, Cliente  9, 23489.234018309206 )
( Sucursal  40,  400, Cliente 10, 13962.664001651852 )
( Sucursal  41,  401, Cliente  1, 8502.25629085045 )
( Sucursal  41,  402, Cliente  2, 27243.033985285387 )
( Sucursal  41,  403, Cliente  3, 3245.8883110163197 )
( Sucursal  41,  404, Cliente  4, 27735.446484606167 )
( Sucursal  41,  405, Cliente  5, 21489.718751212153 )
( Sucursal  41,  406, Cliente  6, 27817.16436608135 )
( Sucursal  41,  407, Cliente  7, 21518.967386387143 )
( Sucursal  41,  408, Cliente  8, 10687.77109488751 )
( Sucursal  41,  409, Cliente  9, 851.7059463605603 )
( Sucursal  41,  410, Cliente 10, 20308.711512831258 )
( Sucursal  42,  411, Cliente  1, 1153.362195570479 )
( Sucursal  42,  412, Cliente  2, 22571.99279416125 )
( Sucursal  42,  413, Cliente  3, 25183.816715576137 )
( Sucursal  42,  414, Cliente  4, 18480.69661049645 )
( Sucursal  42,  415, Cliente  5, 15512.285658640814 )
( Sucursal  42,  416, Cliente  6, 26430.36456055269 )
( Sucursal  42,  417, Cliente  7, 19554.99728293249 )
( Sucursal  42,  418, Cliente  8, 20923.194083478527 )
( Sucursal  42,  419, Cliente  9, 11041.985035164069 )
( Sucursal  42,  420, Cliente 10, 905.4922403146561 )
( Sucursal  43,  421, Cliente  1, 17626.7179104574 )
( Sucursal  43,  422, Cliente  2, 26447.937680625007 )
( Sucursal  43,  423, Cliente  3, 10236.464352701254 )
( Sucursal  43,  424, Cliente  4, 4774.922187520166 )
( Sucursal  43,  425, Cliente  5, 29123.815142738833 )
( Sucursal  43,  426, Cliente  6, 5474.288676291927 )
( Sucursal  43,  427, Cliente  7, 2724.8226167180974 )
( Sucursal  43,  428, Cliente  8, 25935.98596183551 )
( Sucursal  43,  429, Cliente  9, 7288.0014934650635 )
( Sucursal  43,  430, Cliente 10, 584.2177590071342 )
( Sucursal  44,  431, Cliente  1, 5578.104373550851 )
( Sucursal  44,  432, Cliente  2, 18945.22754990404 )
( Sucursal  44,  433, Cliente  3, 14090.505511552956 )
( Sucursal  44,  434, Cliente  4, 17872.576391746705 )
( Sucursal  44,  435, Cliente  5, 29950.73217009502 )
( Sucursal  44,  436, Cliente  6, 24132.522104558135 )
( Sucursal  44,  437, Cliente  7, 15954.742806096772 )
( Sucursal  44,  438, Cliente  8, 3799.901682700019 )
( Sucursal  44,  439, Cliente  9, 9595.468272970833 )
( Sucursal  44,  440, Cliente 10, 12790.496060736172 )
( Sucursal  45,  441, Cliente  1, 22187.772459637326 )
( Sucursal  45,  442, Cliente  2, 6528.702637137347 )
( Sucursal  45,  443, Cliente  3, 21298.19958623105 )
( Sucursal  45,  444, Cliente  4, 14002.93054601142 )
( Sucursal  45,  445, Cliente  5, 17150.52232727123 )
( Sucursal  45,  446, Cliente  6, 14799.029772877839 )
( Sucursal  45,  447, Cliente  7, 12342.715189956705 )
( Sucursal  45,  448, Cliente  8, 9758.598903173319 )
( Sucursal  45,  449, Cliente  9, 29805.58838148508 )
( Sucursal  45,  450, Cliente 10, 14416.532691671111 )
( Sucursal  46,  451, Cliente  1, 21521.792835912867 )
( Sucursal  46,  452, Cliente  2, 12879.180920431067 )
( Sucursal  46,  453, Cliente  3, 22993.465836924646 )
( Sucursal  46,  454, Cliente  4, 4015.9434844056295 )
( Sucursal  46,  455, Cliente  5, 19628.54779406312 )
( Sucursal  46,  456, Cliente  6, 19098.329734788014 )
( Sucursal  46,  457, Cliente  7, 29762.639213856968 )
( Sucursal  46,  458, Cliente  8, 28084.40830491033 )
( Sucursal  46,  459, Cliente  9, 29432.139793992243 )
( Sucursal  46,  460, Cliente 10, 20821.244118178387 )
( Sucursal  47,  461, Cliente  1, 5653.820321996571 )
( Sucursal  47,  462, Cliente  2, 11948.126857436904 )
( Sucursal  47,  463, Cliente  3, 14142.180111501462 )
( Sucursal  47,  464, Cliente  4, 12230.636796211105 )
( Sucursal  47,  465, Cliente  5, 1389.7871162322706 )
( Sucursal  47,  466, Cliente  6, 24876.512034637846 )
( Sucursal  47,  467, Cliente  7, 21094.283884130396 )
( Sucursal  47,  468, Cliente  8, 9807.94670378535 )
( Sucursal  47,  469, Cliente  9, 4859.903337479818 )
( Sucursal  47,  470, Cliente 10, 25369.824369004655 )
( Sucursal  48,  471, Cliente  1, 17860.647353140685 )
( Sucursal  48,  472, Cliente  2, 20797.257968043516 )
( Sucursal  48,  473, Cliente  3, 28410.166278141376 )
( Sucursal  48,  474, Cliente  4, 17586.465398405835 )
( Sucursal  48,  475, Cliente  5, 7089.446467110816 )
( Sucursal  48,  476, Cliente  6, 3361.4466693924305 )
( Sucursal  48,  477, Cliente  7, 2960.8381520491935 )
( Sucursal  48,  478, Cliente  8, 22497.547230624918 )
( Sucursal  48,  479, Cliente  9, 18518.249024865094 )
( Sucursal  48,  480, Cliente 10, 26662.577620099135 )
( Sucursal  49,  481, Cliente  1, 358.8865403095672 )
( Sucursal  49,  482, Cliente  2, 22842.868213172806 )
( Sucursal  49,  483, Cliente  3, 9960.94159062331 )
( Sucursal  49,  484, Cliente  4, 10320.507269519547 )
( Sucursal  49,  485, Cliente  5, 23647.016178149832 )
( Sucursal  49,  486, Cliente  6, 27442.951230342387 )
( Sucursal  49,  487, Cliente  7, 8803.668494345859 )
( Sucursal  49,  488, Cliente  8, 9333.452376300014 )
( Sucursal  49,  489, Cliente  9, 15194.08076677128 )
( Sucursal  49,  490, Cliente 10, 6604.0098756025845 )
( Sucursal  50,  491, Cliente  1, 4943.164671922603 )
( Sucursal  50,  492, Cliente  2, 2561.3002500354173 )
( Sucursal  50,  493, Cliente  3, 20886.384090012067 )
( Sucursal  50,  494, Cliente  4, 21763.688585833625 )
( Sucursal  50,  495, Cliente  5, 5717.645814185889 )
( Sucursal  50,  496, Cliente  6, 15426.715950989459 )
( Sucursal  50,  497, Cliente  7, 6873.951718853783 )
( Sucursal  50,  498, Cliente  8, 17117.16018020682 )
( Sucursal  50,  499, Cliente  9, 24050.70986511426 )
( Sucursal  50,  500, Cliente 10, 14337.227024437685 )
( Sucursal  51,  501, Cliente  1, 29127.81472884344 )
( Sucursal  51,  502, Cliente  2, 16907.01133757653 )
( Sucursal  51,  503, Cliente  3, 14701.0454160571 )
( Sucursal  51,  504, Cliente  4, 2686.81708606589 )
( Sucursal  51,  505, Cliente  5, 29507.856818734675 )
( Sucursal  51,  506, Cliente  6, 5558.56619514507 )
( Sucursal  51,  507, Cliente  7, 3167.238352801831 )
( Sucursal  51,  508, Cliente  8, 29775.97552092246 )
( Sucursal  51,  509, Cliente  9, 6776.949173707268 )
( Sucursal  51,  510, Cliente 10, 804.0445658565646 )
( Sucursal  52,  511, Cliente  1, 320.106391854424 )
( Sucursal  52,  512, Cliente  2, 25847.394284175003 )
( Sucursal  52,  513, Cliente  3, 5911.799697305144 )
( Sucursal  52,  514, Cliente  4, 8168.860342318824 )
( Sucursal  52,  515, Cliente  5, 5769.843625551537 )
( Sucursal  52,  516, Cliente  6, 20261.001921686115 )
( Sucursal  52,  517, Cliente  7, 8449.0697456689 )
( Sucursal  52,  518, Cliente  8, 17558.58624237323 )
( Sucursal  52,  519, Cliente  9, 22472.610070403756 )
( Sucursal  52,  520, Cliente 10, 23479.34827344485 )
( Sucursal  53,  521, Cliente  1, 28319.45466131773 )
( Sucursal  53,  522, Cliente  2, 25646.717117638294 )
( Sucursal  53,  523, Cliente  3, 29171.03843945354 )
( Sucursal  53,  524, Cliente  4, 22490.164151788034 )
( Sucursal  53,  525, Cliente  5, 13352.290655388673 )
( Sucursal  53,  526, Cliente  6, 18736.86959958684 )
( Sucursal  53,  527, Cliente  7, 16840.051491864135 )
( Sucursal  53,  528, Cliente  8, 27274.306319597654 )
( Sucursal  53,  529, Cliente  9, 4128.796316202981 )
( Sucursal  53,  530, Cliente 10, 19460.354018694605 )
( Sucursal  54,  531, Cliente  1, 11963.826223498414 )
( Sucursal  54,  532, Cliente  2, 5976.393888472038 )
( Sucursal  54,  533, Cliente  3, 454.73118560963474 )
( Sucursal  54,  534, Cliente  4, 29257.83836804103 )
( Sucursal  54,  535, Cliente  5, 21412.45372112106 )
( Sucursal  54,  536, Cliente  6, 8055.1533558632555 )
( Sucursal  54,  537, Cliente  7, 18491.156246773924 )
( Sucursal  54,  538, Cliente  8, 3702.616120707565 )
( Sucursal  54,  539, Cliente  9, 11017.251997729401 )
( Sucursal  54,  540, Cliente 10, 3844.823923317781 )
( Sucursal  55,  541, Cliente  1, 1447.0574503886944 )
( Sucursal  55,  542, Cliente  2, 12235.264304272958 )
( Sucursal  55,  543, Cliente  3, 13854.607815105153 )
( Sucursal  55,  544, Cliente  4, 15509.209566034102 )
( Sucursal  55,  545, Cliente  5, 12268.8890171602 )
( Sucursal  55,  546, Cliente  6, 9286.343209634304 )
( Sucursal  55,  547, Cliente  7, 15534.815846580655 )
( Sucursal  55,  548, Cliente  8, 1536.1649997552818 )
( Sucursal  55,  549, Cliente  9, 19489.94804311551 )
( Sucursal  55,  550, Cliente 10, 20622.172285594275 )
( Sucursal  56,  551, Cliente  1, 26987.680281431873 )
( Sucursal  56,  552, Cliente  2, 20289.635406061087 )
( Sucursal  56,  553, Cliente  3, 12615.766496091928 )
( Sucursal  56,  554, Cliente  4, 3757.8537894417036 )
( Sucursal  56,  555, Cliente  5, 9386.044676692543 )
( Sucursal  56,  556, Cliente  6, 12419.858983271211 )
( Sucursal  56,  557, Cliente  7, 8217.181422339785 )
( Sucursal  56,  558, Cliente  8, 5058.586577199847 )
( Sucursal  56,  559, Cliente  9, 21111.270174965975 )
( Sucursal  56,  560, Cliente 10, 10828.551496719148 )
( Sucursal  57,  561, Cliente  1, 8066.16784282747 )
( Sucursal  57,  562, Cliente  2, 6984.548214080432 )
( Sucursal  57,  563, Cliente  3, 3378.695278656797 )
( Sucursal  57,  564, Cliente  4, 29280.682659702226 )
( Sucursal  57,  565, Cliente  5, 23238.396114691477 )
( Sucursal  57,  566, Cliente  6, 325.77223618374126 )
( Sucursal  57,  567, Cliente  7, 15986.553436946664 )
( Sucursal  57,  568, Cliente  8, 7662.536327818702 )
( Sucursal  57,  569, Cliente  9, 2723.106660305152 )
( Sucursal  57,  570, Cliente 10, 22535.16860281596 )
( Sucursal  58,  571, Cliente  1, 5818.9904369570595 )
( Sucursal  58,  572, Cliente  2, 26527.240826115998 )
( Sucursal  58,  573, Cliente  3, 8047.519133369513 )
( Sucursal  58,  574, Cliente  4, 14957.086817357205 )
( Sucursal  58,  575, Cliente  5, 6056.504866019834 )
( Sucursal  58,  576, Cliente  6, 24353.508142522456 )
( Sucursal  58,  577, Cliente  7, 14194.651734748311 )
( Sucursal  58,  578, Cliente  8, 10058.407764496993 )
( Sucursal  58,  579, Cliente  9, 26784.854647029544 )
( Sucursal  58,  580, Cliente 10, 16042.323638005628 )
( Sucursal  59,  581, Cliente  1, 29245.01391426035 )
( Sucursal  59,  582, Cliente  2, 2551.709439366461 )
( Sucursal  59,  583, Cliente  3, 27171.132429714595 )
( Sucursal  59,  584, Cliente  4, 11563.142580625272 )
( Sucursal  59,  585, Cliente  5, 26608.279526651306 )
( Sucursal  59,  586, Cliente  6, 11838.313477713034 )
( Sucursal  59,  587, Cliente  7, 9708.06700086426 )
( Sucursal  59,  588, Cliente  8, 17567.262198984812 )
( Sucursal  59,  589, Cliente  9, 19321.8500742436 )
( Sucursal  59,  590, Cliente 10, 1806.6679454257503 )
( Sucursal  60,  591, Cliente  1, 3045.8029440920955 )
( Sucursal  60,  592, Cliente  2, 7717.732672133458 )
( Sucursal  60,  593, Cliente  3, 7209.617282921045 )
( Sucursal  60,  594, Cliente  4, 15969.279238537478 )
( Sucursal  60,  595, Cliente  5, 9944.778418487278 )
( Sucursal  60,  596, Cliente  6, 21291.759807254417 )
( Sucursal  60,  597, Cliente  7, 6366.637159896155 )
( Sucursal  60,  598, Cliente  8, 1546.9283210647295 )
( Sucursal  60,  599, Cliente  9, 23776.31009281243 )
( Sucursal  60,  600, Cliente 10, 9561.1523394049 )
( Sucursal  61,  601, Cliente  1, 12825.42095007598 )
( Sucursal  61,  602, Cliente  2, 13185.963590048093 )
( Sucursal  61,  603, Cliente  3, 20570.421257255584 )
( Sucursal  61,  604, Cliente  4, 27795.831731143793 )
( Sucursal  61,  605, Cliente  5, 23496.52936946541 )
( Sucursal  61,  606, Cliente  6, 21427.068217089767 )
( Sucursal  61,  607, Cliente  7, 11875.263590570876 )
( Sucursal  61,  608, Cliente  8, 10287.315518692376 )
( Sucursal  61,  609, Cliente  9, 1337.3438621784396 )
( Sucursal  61,  610, Cliente 10, 24144.83605140297 )
( Sucursal  62,  611, Cliente  1, 19233.560926850063 )
( Sucursal  62,  612, Cliente  2, 18760.8320418816 )
( Sucursal  62,  613, Cliente  3, 4609.845421314495 )
( Sucursal  62,  614, Cliente  4, 9435.201636256976 )
( Sucursal  62,  615, Cliente  5, 11215.131526118641 )
( Sucursal  62,  616, Cliente  6, 2605.5052031845275 )
( Sucursal  62,  617, Cliente  7, 17309.228576230187 )
( Sucursal  62,  618, Cliente  8, 1031.5808445992682 )
( Sucursal  62,  619, Cliente  9, 10062.203506957885 )
( Sucursal  62,  620, Cliente 10, 18347.699707568936 )
( Sucursal  63,  621, Cliente  1, 10434.100526752716 )
( Sucursal  63,  622, Cliente  2, 2021.769280221239 )
( Sucursal  63,  623, Cliente  3, 9491.634962510898 )
( Sucursal  63,  624, Cliente  4, 20672.457612305043 )
( Sucursal  63,  625, Cliente  5, 23057.60077472055 )
( Sucursal  63,  626, Cliente  6, 23153.968689418383 )
( Sucursal  63,  627, Cliente  7, 21494.832832650653 )
( Sucursal  63,  628, Cliente  8, 23907.907154823093 )
( Sucursal  63,  629, Cliente  9, 29996.111348716444 )
( Sucursal  63,  630, Cliente 10, 13431.167184679773 )
( Sucursal  64,  631, Cliente  1, 6332.318587054616 )
( Sucursal  64,  632, Cliente  2, 3294.2737843730847 )
( Sucursal  64,  633, Cliente  3, 29357.773770936314 )
( Sucursal  64,  634, Cliente  4, 17630.922295264132 )
( Sucursal  64,  635, Cliente  5, 28383.56631622143 )
( Sucursal  64,  636, Cliente  6, 10776.128130463332 )
( Sucursal  64,  637, Cliente  7, 15444.156423719676 )
( Sucursal  64,  638, Cliente  8, 25307.3292531586 )
( Sucursal  64,  639, Cliente  9, 129.29047362448802 )
( Sucursal  64,  640, Cliente 10, 15791.353822342828 )
( Sucursal  65,  641, Cliente  1, 21329.75879943115 )
( Sucursal  65,  642, Cliente  2, 7899.080250976868 )
( Sucursal  65,  643, Cliente  3, 13396.812104337081 )
( Sucursal  65,  644, Cliente  4, 14064.628342398582 )
( Sucursal  65,  645, Cliente  5, 8311.154933530928 )
( Sucursal  65,  646, Cliente  6, 6610.531193493444 )
( Sucursal  65,  647, Cliente  7, 22659.27502251109 )
( Sucursal  65,  648, Cliente  8, 29867.714728106854 )
( Sucursal  65,  649, Cliente  9, 19740.088513379756 )
( Sucursal  65,  650, Cliente 10, 16495.49986737768 )
( Sucursal  66,  651, Cliente  1, 1516.131765316627 )
( Sucursal  66,  652, Cliente  2, 28749.087023792115 )
( Sucursal  66,  653, Cliente  3, 13478.759893382401 )
( Sucursal  66,  654, Cliente  4, 20960.23659132045 )
( Sucursal  66,  655, Cliente  5, 29122.644738919396 )
( Sucursal  66,  656, Cliente  6, 23132.391287841034 )
( Sucursal  66,  657, Cliente  7, 27418.833945166807 )
( Sucursal  66,  658, Cliente  8, 11875.483846487734 )
( Sucursal  66,  659, Cliente  9, 28499.56504050292 )
( Sucursal  66,  660, Cliente 10, 15021.545993581349 )
( Sucursal  67,  661, Cliente  1, 2191.804806047177 )
( Sucursal  67,  662, Cliente  2, 7584.350174083164 )
( Sucursal  67,  663, Cliente  3, 26819.69518797335 )
( Sucursal  67,  664, Cliente  4, 1272.3851766353719 )
( Sucursal  67,  665, Cliente  5, 6674.041287966472 )
( Sucursal  67,  666, Cliente  6, 27394.290713761206 )
( Sucursal  67,  667, Cliente  7, 11658.833998371321 )
( Sucursal  67,  668, Cliente  8, 4355.3017090631665 )
( Sucursal  67,  669, Cliente  9, 14339.322349050293 )
( Sucursal  67,  670, Cliente 10, 25554.39387600411 )
( Sucursal  68,  671, Cliente  1, 25841.32099015555 )
( Sucursal  68,  672, Cliente  2, 1860.7548388067623 )
( Sucursal  68,  673, Cliente  3, 11160.359620812522 )
( Sucursal  68,  674, Cliente  4, 19945.199406782747 )
( Sucursal  68,  675, Cliente  5, 7083.191813639121 )
( Sucursal  68,  676, Cliente  6, 10195.739334168147 )
( Sucursal  68,  677, Cliente  7, 8786.863228284741 )
( Sucursal  68,  678, Cliente  8, 24226.485683574876 )
( Sucursal  68,  679, Cliente  9, 638.458308921934 )
( Sucursal  68,  680, Cliente 10, 26656.21643600519 )
( Sucursal  69,  681, Cliente  1, 5121.78482103066 )
( Sucursal  69,  682, Cliente  2, 29941.393971742455 )
( Sucursal  69,  683, Cliente  3, 29291.416801757005 )
( Sucursal  69,  684, Cliente  4, 22777.62097748155 )
( Sucursal  69,  685, Cliente  5, 15038.031760306763 )
( Sucursal  69,  686, Cliente  6, 4319.120163750919 )
( Sucursal  69,  687, Cliente  7, 28909.155036072967 )
( Sucursal  69,  688, Cliente  8, 6228.7468600715765 )
( Sucursal  69,  689, Cliente  9, 16725.793682631953 )
( Sucursal  69,  690, Cliente 10, 15780.24566722106 )
( Sucursal  70,  691, Cliente  1, 22096.826510450115 )
( Sucursal  70,  692, Cliente  2, 16237.321554213715 )
( Sucursal  70,  693, Cliente  3, 10755.477678199877 )
( Sucursal  70,  694, Cliente  4, 6305.136223825765 )
( Sucursal  70,  695, Cliente  5, 4301.721428341837 )
( Sucursal  70,  696, Cliente  6, 27823.254869998884 )
( Sucursal  70,  697, Cliente  7, 23856.09192510104 )
( Sucursal  70,  698, Cliente  8, 29129.539045013957 )
( Sucursal  70,  699, Cliente  9, 8833.911830359488 )
( Sucursal  70,  700, Cliente 10, 23266.03489668879 )
( Sucursal  71,  701, Cliente  1, 3667.74223280501 )
( Sucursal  71,  702, Cliente  2, 28083.58013902073 )
( Sucursal  71,  703, Cliente  3, 1341.1444556874017 )
( Sucursal  71,  704, Cliente  4, 18327.519592697587 )
( Sucursal  71,  705, Cliente  5, 24727.352116169583 )
( Sucursal  71,  706, Cliente  6, 29422.73958021844 )
( Sucursal  71,  707, Cliente  7, 9061.359020369582 )
( Sucursal  71,  708, Cliente  8, 11118.535324811648 )
( Sucursal  71,  709, Cliente  9, 26447.91835689782 )
( Sucursal  71,  710, Cliente 10, 11272.935807378295 )
( Sucursal  72,  711, Cliente  1, 16313.697896507225 )
( Sucursal  72,  712, Cliente  2, 25224.757768603566 )
( Sucursal  72,  713, Cliente  3, 5645.463633570843 )
( Sucursal  72,  714, Cliente  4, 18853.13984090899 )
( Sucursal  72,  715, Cliente  5, 4045.1754268278146 )
( Sucursal  72,  716, Cliente  6, 17881.621088288084 )
( Sucursal  72,  717, Cliente  7, 29730.612493599503 )
( Sucursal  72,  718, Cliente  8, 13041.738510737969 )
( Sucursal  72,  719, Cliente  9, 27964.24146521571 )
( Sucursal  72,  720, Cliente 10, 3341.3169768380544 )
( Sucursal  73,  721, Cliente  1, 4121.572248803531 )
( Sucursal  73,  722, Cliente  2, 20508.48422017019 )
( Sucursal  73,  723, Cliente  3, 1595.9678562111137 )
( Sucursal  73,  724, Cliente  4, 28661.72912481791 )
( Sucursal  73,  725, Cliente  5, 24716.060504966772 )
( Sucursal  73,  726, Cliente  6, 153.93768085465823 )
( Sucursal  73,  727, Cliente  7, 13709.438111303933 )
( Sucursal  73,  728, Cliente  8, 26015.35822594928 )
( Sucursal  73,  729, Cliente  9, 24514.326779587485 )
( Sucursal  73,  730, Cliente 10, 27774.803205837678 )
( Sucursal  74,  731, Cliente  1, 19104.800296510046 )
( Sucursal  74,  732, Cliente  2, 5744.9344022030655 )
( Sucursal  74,  733, Cliente  3, 26969.205980292558 )
( Sucursal  74,  734, Cliente  4, 25007.935865503085 )
( Sucursal  74,  735, Cliente  5, 13054.28700808596 )
( Sucursal  74,  736, Cliente  6, 22850.93026881237 )
( Sucursal  74,  737, Cliente  7, 19358.914181245455 )
( Sucursal  74,  738, Cliente  8, 812.1658990130035 )
( Sucursal  74,  739, Cliente  9, 20401.378833001552 )
( Sucursal  74,  740, Cliente 10, 15848.131531333003 )
( Sucursal  75,  741, Cliente  1, 18309.87130515683 )
( Sucursal  75,  742, Cliente  2, 25992.75981422455 )
( Sucursal  75,  743, Cliente  3, 8467.895355273802 )
( Sucursal  75,  744, Cliente  4, 7534.186774991625 )
( Sucursal  75,  745, Cliente  5, 7513.604756453216 )
( Sucursal  75,  746, Cliente  6, 23280.781533926085 )
( Sucursal  75,  747, Cliente  7, 28937.088894242876 )
( Sucursal  75,  748, Cliente  8, 16347.523725161594 )
( Sucursal  75,  749, Cliente  9, 1662.3434001458893 )
( Sucursal  75,  750, Cliente 10, 26890.591546890133 )
( Sucursal  76,  751, Cliente  1, 29362.188964130975 )
( Sucursal  76,  752, Cliente  2, 2528.263199635624 )
( Sucursal  76,  753, Cliente  3, 19021.880165295992 )
( Sucursal  76,  754, Cliente  4, 22356.646011931767 )
( Sucursal  76,  755, Cliente  5, 19357.935124502903 )
( Sucursal  76,  756, Cliente  6, 6068.495626838876 )
( Sucursal  76,  757, Cliente  7, 21903.602930841556 )
( Sucursal  76,  758, Cliente  8, 22500.018220835333 )
( Sucursal  76,  759, Cliente  9, 25174.988982106534 )
( Sucursal  76,  760, Cliente 10, 11161.254011698287 )
( Sucursal  77,  761, Cliente  1, 12572.371038940524 )
( Sucursal  77,  762, Cliente  2, 17382.280019369115 )
( Sucursal  77,  763, Cliente  3, 4323.801221274481 )
( Sucursal  77,  764, Cliente  4, 27771.49976042529 )
( Sucursal  77,  765, Cliente  5, 3324.0111008096437 )
( Sucursal  77,  766, Cliente  6, 11252.929328070766 )
( Sucursal  77,  767, Cliente  7, 17853.2438096349 )
( Sucursal  77,  768, Cliente  8, 6389.110462208802 )
( Sucursal  77,  769, Cliente  9, 8615.77576497652 )
( Sucursal  77,  770, Cliente 10, 16136.049172649156 )
( Sucursal  78,  771, Cliente  1, 23291.191395702197 )
( Sucursal  78,  772, Cliente  2, 25253.946716738425 )
( Sucursal  78,  773, Cliente  3, 9304.392854146476 )
( Sucursal  78,  774, Cliente  4, 15160.520706654484 )
( Sucursal  78,  775, Cliente  5, 4986.3584920509875 )
( Sucursal  78,  776, Cliente  6, 2692.200223713989 )
( Sucursal  78,  777, Cliente  7, 959.2861338527665 )
( Sucursal  78,  778, Cliente  8, 805.1062997717207 )
( Sucursal  78,  779, Cliente  9, 16557.164334041205 )
( Sucursal  78,  780, Cliente 10, 13972.221921678178 )
( Sucursal  79,  781, Cliente  1, 12358.025029892064 )
( Sucursal  79,  782, Cliente  2, 24600.82610054137 )
( Sucursal  79,  783, Cliente  3, 19233.29883213392 )
( Sucursal  79,  784, Cliente  4, 15934.048413285589 )
( Sucursal  79,  785, Cliente  5, 24450.39609277502 )
( Sucursal  79,  786, Cliente  6, 4713.1554354870395 )
( Sucursal  79,  787, Cliente  7, 23846.320204097312 )
( Sucursal  79,  788, Cliente  8, 14942.706401301002 )
( Sucursal  79,  789, Cliente  9, 4395.967626538273 )
( Sucursal  79,  790, Cliente 10, 22239.546668059873 )
( Sucursal  80,  791, Cliente  1, 9647.312729005684 )
( Sucursal  80,  792, Cliente  2, 22491.902444100142 )
( Sucursal  80,  793, Cliente  3, 16322.111944855582 )
( Sucursal  80,  794, Cliente  4, 19223.97474320399 )
( Sucursal  80,  795, Cliente  5, 17975.055371970142 )
( Sucursal  80,  796, Cliente  6, 16472.040208144077 )
( Sucursal  80,  797, Cliente  7, 28724.149615039292 )
( Sucursal  80,  798, Cliente  8, 8646.288702820579 )
( Sucursal  80,  799, Cliente  9, 25293.45957828464 )
( Sucursal  80,  800, Cliente 10, 6543.335094116879 )
( Sucursal  81,  801, Cliente  1, 13264.743581534114 )
( Sucursal  81,  802, Cliente  2, 15927.592371439945 )
( Sucursal  81,  803, Cliente  3, 7228.841140289751 )
( Sucursal  81,  804, Cliente  4, 26437.806145846997 )
( Sucursal  81,  805, Cliente  5, 21761.749909097947 )
( Sucursal  81,  806, Cliente  6, 19444.69221993252 )
( Sucursal  81,  807, Cliente  7, 22905.869520975077 )
( Sucursal  81,  808, Cliente  8, 12464.64182624794 )
( Sucursal  81,  809, Cliente  9, 7840.003774355969 )
( Sucursal  81,  810, Cliente 10, 17883.959809549393 )
( Sucursal  82,  811, Cliente  1, 1042.447633796568 )
( Sucursal  82,  812, Cliente  2, 16210.55842163137 )
( Sucursal  82,  813, Cliente  3, 17758.773569516805 )
( Sucursal  82,  814, Cliente  4, 11707.648864159666 )
( Sucursal  82,  815, Cliente  5, 3234.4409753622494 )
( Sucursal  82,  816, Cliente  6, 7169.52513919378 )
( Sucursal  82,  817, Cliente  7, 21252.875286989773 )
( Sucursal  82,  818, Cliente  8, 11671.118755517882 )
( Sucursal  82,  819, Cliente  9, 9159.5631284807 )
( Sucursal  82,  820, Cliente 10, 13292.287898626337 )
( Sucursal  83,  821, Cliente  1, 21440.677886327896 )
( Sucursal  83,  822, Cliente  2, 13094.195580099635 )
( Sucursal  83,  823, Cliente  3, 22082.389551097735 )
( Sucursal  83,  824, Cliente  4, 22504.940919368662 )
( Sucursal  83,  825, Cliente  5, 152.69087849365087 )
( Sucursal  83,  826, Cliente  6, 7770.194253386381 )
( Sucursal  83,  827, Cliente  7, 12718.629281799896 )
( Sucursal  83,  828, Cliente  8, 9209.543008179631 )
( Sucursal  83,  829, Cliente  9, 27106.440618300974 )
( Sucursal  83,  830, Cliente 10, 7781.189407098887 )
( Sucursal  84,  831, Cliente  1, 18219.057893628742 )
( Sucursal  84,  832, Cliente  2, 8775.093558114711 )
( Sucursal  84,  833, Cliente  3, 19727.382171505862 )
( Sucursal  84,  834, Cliente  4, 26083.918355835358 )
( Sucursal  84,  835, Cliente  5, 2689.8494662740236 )
( Sucursal  84,  836, Cliente  6, 14487.79331582868 )
( Sucursal  84,  837, Cliente  7, 12368.423028552656 )
( Sucursal  84,  838, Cliente  8, 27437.835358492353 )
( Sucursal  84,  839, Cliente  9, 5839.502899808583 )
( Sucursal  84,  840, Cliente 10, 4063.1505718695885 )
( Sucursal  85,  841, Cliente  1, 27004.831094750796 )
( Sucursal  85,  842, Cliente  2, 164.7213022534253 )
( Sucursal  85,  843, Cliente  3, 9159.885540108176 )
( Sucursal  85,  844, Cliente  4, 1996.7666082434766 )
( Sucursal  85,  845, Cliente  5, 11302.932248582 )
( Sucursal  85,  846, Cliente  6, 25948.28945614409 )
( Sucursal  85,  847, Cliente  7, 20594.162946760247 )
( Sucursal  85,  848, Cliente  8, 5570.77084112172 )
( Sucursal  85,  849, Cliente  9, 10283.39836401304 )
( Sucursal  85,  850, Cliente 10, 19811.983106201496 )
( Sucursal  86,  851, Cliente  1, 22535.298252150867 )
( Sucursal  86,  852, Cliente  2, 25642.435578750956 )
( Sucursal  86,  853, Cliente  3, 20448.317118977993 )
( Sucursal  86,  854, Cliente  4, 21080.697518258574 )
( Sucursal  86,  855, Cliente  5, 23003.23026312669 )
( Sucursal  86,  856, Cliente  6, 13092.309408629062 )
( Sucursal  86,  857, Cliente  7, 22959.445557154537 )
( Sucursal  86,  858, Cliente  8, 23546.793013108396 )
( Sucursal  86,  859, Cliente  9, 14216.952629813813 )
( Sucursal  86,  860, Cliente 10, 1540.2869837441096 )
( Sucursal  87,  861, Cliente  1, 6872.814291850171 )
( Sucursal  87,  862, Cliente  2, 7056.394221984332 )
( Sucursal  87,  863, Cliente  3, 446.1241786980148 )
( Sucursal  87,  864, Cliente  4, 4601.296739941407 )
( Sucursal  87,  865, Cliente  5, 5805.038836714192 )
( Sucursal  87,  866, Cliente  6, 3486.701479366075 )
( Sucursal  87,  867, Cliente  7, 2667.3406511609387 )
( Sucursal  87,  868, Cliente  8, 21707.25937254295 )
( Sucursal  87,  869, Cliente  9, 25904.082084880236 )
( Sucursal  87,  870, Cliente 10, 16565.525934878362 )
( Sucursal  88,  871, Cliente  1, 8081.394614308869 )
( Sucursal  88,  872, Cliente  2, 109.75828280110044 )
( Sucursal  88,  873, Cliente  3, 17037.339514046616 )
( Sucursal  88,  874, Cliente  4, 28482.718594188438 )
( Sucursal  88,  875, Cliente  5, 28566.137871479747 )
( Sucursal  88,  876, Cliente  6, 14643.46466364095 )
( Sucursal  88,  877, Cliente  7, 15078.527955981273 )
( Sucursal  88,  878, Cliente  8, 636.1144851175916 )
( Sucursal  88,  879, Cliente  9, 16129.946869682939 )
( Sucursal  88,  880, Cliente 10, 18628.8724512389 )
( Sucursal  89,  881, Cliente  1, 21866.97418685277 )
( Sucursal  89,  882, Cliente  2, 26768.543372625205 )
( Sucursal  89,  883, Cliente  3, 29826.85766716096 )
( Sucursal  89,  884, Cliente  4, 26499.192368183398 )
( Sucursal  89,  885, Cliente  5, 4467.07043011491 )
( Sucursal  89,  886, Cliente  6, 9554.939399466137 )
( Sucursal  89,  887, Cliente  7, 6541.024868306818 )
( Sucursal  89,  888, Cliente  8, 9640.020172660594 )
( Sucursal  89,  889, Cliente  9, 15320.196995694614 )
( Sucursal  89,  890, Cliente 10, 24362.16603392272 )
( Sucursal  90,  891, Cliente  1, 3430.406623366614 )
( Sucursal  90,  892, Cliente  2, 11949.813738602728 )
( Sucursal  90,  893, Cliente  3, 25879.746916673645 )
( Sucursal  90,  894, Cliente  4, 29290.941298390673 )
( Sucursal  90,  895, Cliente  5, 22020.536565374718 )
( Sucursal  90,  896, Cliente  6, 27364.040386449684 )
( Sucursal  90,  897, Cliente  7, 3779.624478620847 )
( Sucursal  90,  898, Cliente  8, 18004.547075207352 )
( Sucursal  90,  899, Cliente  9, 11289.715198823535 )
( Sucursal  90,  900, Cliente 10, 4815.9737271926615 )
( Sucursal  91,  901, Cliente  1, 27547.104461772724 )
( Sucursal  91,  902, Cliente  2, 1470.428210092487 )
( Sucursal  91,  903, Cliente  3, 27379.459346216925 )
( Sucursal  91,  904, Cliente  4, 26573.639508514647 )
( Sucursal  91,  905, Cliente  5, 6076.060693362988 )
( Sucursal  91,  906, Cliente  6, 14422.203447511509 )
( Sucursal  91,  907, Cliente  7, 13443.139842586987 )
( Sucursal  91,  908, Cliente  8, 21010.99493862792 )
( Sucursal  91,  909, Cliente  9, 18649.68197775996 )
( Sucursal  91,  910, Cliente 10, 24217.693953376467 )
( Sucursal  92,  911, Cliente  1, 18746.61157179843 )
( Sucursal  92,  912, Cliente  2, 11696.062344224434 )
( Sucursal  92,  913, Cliente  3, 3234.2955367739487 )
( Sucursal  92,  914, Cliente  4, 27660.700965804324 )
( Sucursal  92,  915, Cliente  5, 27659.71671108584 )
( Sucursal  92,  916, Cliente  6, 10691.78034732714 )
( Sucursal  92,  917, Cliente  7, 17728.825672601197 )
( Sucursal  92,  918, Cliente  8, 21035.420771722052 )
( Sucursal  92,  919, Cliente  9, 16349.032777014141 )
( Sucursal  92,  920, Cliente 10, 22603.083380225224 )
( Sucursal  93,  921, Cliente  1, 12655.69103486959 )
( Sucursal  93,  922, Cliente  2, 13114.798186094762 )
( Sucursal  93,  923, Cliente  3, 15692.258927534232 )
( Sucursal  93,  924, Cliente  4, 4561.040968657313 )
( Sucursal  93,  925, Cliente  5, 14399.845553119469 )
( Sucursal  93,  926, Cliente  6, 26211.584056772695 )
( Sucursal  93,  927, Cliente  7, 2646.746871195232 )
( Sucursal  93,  928, Cliente  8, 16071.916358178543 )
( Sucursal  93,  929, Cliente  9, 21486.538310368567 )
( Sucursal  93,  930, Cliente 10, 23362.128182989905 )
( Sucursal  94,  931, Cliente  1, 10211.675081476016 )
( Sucursal  94,  932, Cliente  2, 8731.830576563905 )
( Sucursal  94,  933, Cliente  3, 11760.648709771129 )
( Sucursal  94,  934, Cliente  4, 169.7253286344437 )
( Sucursal  94,  935, Cliente  5, 24586.86220817112 )
( Sucursal  94,  936, Cliente  6, 8381.80752144185 )
( Sucursal  94,  937, Cliente  7, 29706.50378829712 )
( Sucursal  94,  938, Cliente  8, 11265.064574660186 )
( Sucursal  94,  939, Cliente  9, 17211.214945487194 )
( Sucursal  94,  940, Cliente 10, 17356.718334938378 )
( Sucursal  95,  941, Cliente  1, 15059.969064108855 )
( Sucursal  95,  942, Cliente  2, 9293.01153397706 )
( Sucursal  95,  943, Cliente  3, 28403.873741451782 )
( Sucursal  95,  944, Cliente  4, 14769.405313864449 )
( Sucursal  95,  945, Cliente  5, 12437.640440472289 )
( Sucursal  95,  946, Cliente  6, 28906.97003576646 )
( Sucursal  95,  947, Cliente  7, 13560.098943003808 )
( Sucursal  95,  948, Cliente  8, 11388.879875869528 )
( Sucursal  95,  949, Cliente  9, 19068.018370550268 )
( Sucursal  95,  950, Cliente 10, 27495.849725427066 )
( Sucursal  96,  951, Cliente  1, 19488.625810188318 )
( Sucursal  96,  952, Cliente  2, 16654.978827801726 )
( Sucursal  96,  953, Cliente  3, 7157.390426619333 )
( Sucursal  96,  954, Cliente  4, 23572.95560037738 )
( Sucursal  96,  955, Cliente  5, 8053.952715901755 )
( Sucursal  96,  956, Cliente  6, 28621.73167711589 )
( Sucursal  96,  957, Cliente  7, 24166.979713039873 )
( Sucursal  96,  958, Cliente  8, 29620.17807934487 )
( Sucursal  96,  959, Cliente  9, 11100.710796433728 )
( Sucursal  96,  960, Cliente 10, 15623.071765546114 )
( Sucursal  97,  961, Cliente  1, 763.3489179624302 )
( Sucursal  97,  962, Cliente  2, 24192.2661492479 )
( Sucursal  97,  963, Cliente  3, 22182.200875250852 )
( Sucursal  97,  964, Cliente  4, 8921.101970224981 )
( Sucursal  97,  965, Cliente  5, 28952.076085412034 )
( Sucursal  97,  966, Cliente  6, 7687.691399410787 )
( Sucursal  97,  967, Cliente  7, 10589.833015597169 )
( Sucursal  97,  968, Cliente  8, 1411.5644340545289 )
( Sucursal  97,  969, Cliente  9, 16527.118802696812 )
( Sucursal  97,  970, Cliente 10, 24104.507685208046 )
( Sucursal  98,  971, Cliente  1, 3810.7361600025793 )
( Sucursal  98,  972, Cliente  2, 23057.054788893878 )
( Sucursal  98,  973, Cliente  3, 14410.32660774638 )
( Sucursal  98,  974, Cliente  4, 26924.030305854743 )
( Sucursal  98,  975, Cliente  5, 260.8480565759239 )
( Sucursal  98,  976, Cliente  6, 27445.433433269598 )
( Sucursal  98,  977, Cliente  7, 1133.5244997436819 )
( Sucursal  98,  978, Cliente  8, 9709.936469346221 )
( Sucursal  98,  979, Cliente  9, 23359.92187423984 )
( Sucursal  98,  980, Cliente 10, 5987.656601790823 )
( Sucursal  99,  981, Cliente  1, 2020.4276458367635 )
( Sucursal  99,  982, Cliente  2, 27337.699163836223 )
( Sucursal  99,  983, Cliente  3, 26995.28621521318 )
( Sucursal  99,  984, Cliente  4, 26815.27955292289 )
( Sucursal  99,  985, Cliente  5, 16494.61302075821 )
( Sucursal  99,  986, Cliente  6, 23927.732973371567 )
( Sucursal  99,  987, Cliente  7, 3210.9444960787782 )
( Sucursal  99,  988, Cliente  8, 6659.910382175059 )
( Sucursal  99,  989, Cliente  9, 6486.9684899663935 )
( Sucursal  99,  990, Cliente 10, 11030.222569225089 )
( Sucursal 100,  991, Cliente  1, 13907.168678128028 )
( Sucursal 100,  992, Cliente  2, 25696.219998645483 )
( Sucursal 100,  993, Cliente  3, 22578.420977302998 )
( Sucursal 100,  994, Cliente  4, 11358.362230362754 )
( Sucursal 100,  995, Cliente  5, 2684.0732149667347 )
( Sucursal 100,  996, Cliente  6, 428.6436624357772 )
( Sucursal 100,  997, Cliente  7, 10303.321310655383 )
( Sucursal 100,  998, Cliente  8, 7064.019034676342 )
( Sucursal 100,  999, Cliente  9, 21108.23958105972 )
( Sucursal 100, 1000, Cliente 10, 13349.699199565637 )
